[0.969s] Invoking command in 'C:\Users\SSAFY\Desktop\S10P22A209\catkin_ws\build\ssafy_msgs': CL=/MP CMAKE_PREFIX_PATH=%CMAKE_PREFIX_PATH%;C:\Users\SSAFY\Desktop\S10P22A209\catkin_ws\install\test_209;C:\Users\SSAFY\Desktop\S10P22A209\catkin_ws\install\ssafy_bridge;C:\Users\SSAFY\Desktop\S10P22A209\catkin_ws\install\my_package installDir=%installDir%
IntelliJ IDEA=C:\Program Files\JetBrains\IntelliJ IDEA 2023.3.3\bin; C:\Program Files\Microsoft Visual Studio\2022\Community\Common7\IDE\CommonExtensions\Microsoft\CMake\CMake\bin\cmake.EXE --build C:\Users\SSAFY\Desktop\S10P22A209\catkin_ws\build\ssafy_msgs --config Release
[3.063s] CMake is re-running because C:/Users/SSAFY/Desktop/S10P22A209/catkin_ws/build/ssafy_msgs/CMakeFiles/generate.stamp is out-of-date.
[3.078s]   the file 'C:/Program Files/CMake/share/cmake-3.28/Modules/CMakeCCompiler.cmake.in'
[3.078s]   is newer than 'C:/Users/SSAFY/Desktop/S10P22A209/catkin_ws/build/ssafy_msgs/CMakeFiles/generate.stamp.depend'
[3.078s]   result='0'
[3.078s] -- Selecting Windows SDK version 10.0.22621.0 to target Windows 10.0.19045.
[3.078s] -- Configuring incomplete, errors occurred!
[3.078s] CMake Error: File C:/Program Files/CMake/share/cmake-3.28/Modules/CMakeSystem.cmake.in does not exist.
[3.078s] CMake Error at C:/Program Files/Microsoft Visual Studio/2022/Community/Common7/IDE/CommonExtensions/Microsoft/CMake/CMake/share/cmake-3.27/Modules/CMakeDetermineSystem.cmake:224 (configure_file):
[3.078s]   configure_file Problem configuring file
[3.078s] Call Stack (most recent call first):
[3.078s]   CMakeLists.txt:2 (project)
[3.078s] 
[3.078s] 
[3.078s] CMake Error at C:/Program Files/Microsoft Visual Studio/2022/Community/Common7/IDE/CommonExtensions/Microsoft/CMake/CMake/share/cmake-3.27/Modules/CMakeDetermineCCompiler.cmake:24 (include):
[3.078s]   include could not find requested file:
[3.078s] 
[3.078s]     C:/Program Files/CMake/share/cmake-3.28/Modules/CMakeDetermineCompiler.cmake
[3.078s] Call Stack (most recent call first):
[3.078s]   CMakeLists.txt:2 (project)
[3.078s] 
[3.078s] 
[3.078s] CMake Error at C:/Program Files/Microsoft Visual Studio/2022/Community/Common7/IDE/CommonExtensions/Microsoft/CMake/CMake/share/cmake-3.27/Modules/CMakeDetermineCCompiler.cmake:105 (file):
[3.078s]   file failed to open for reading (No such file or directory):
[3.078s] 
[3.078s]     C:/Program Files/CMake/share/cmake-3.28/Modules/CMakePlatformId.h.in
[3.078s] Call Stack (most recent call first):
[3.078s]   CMakeLists.txt:2 (project)
[3.078s] 
[3.078s] 
[3.078s] CMake Error at C:/Program Files/Microsoft Visual Studio/2022/Community/Common7/IDE/CommonExtensions/Microsoft/CMake/CMake/share/cmake-3.27/Modules/CMakeDetermineCCompiler.cmake:122 (include):
[3.078s]   include could not find requested file:
[3.078s] 
[3.078s]     C:/Program Files/CMake/share/cmake-3.28/Modules/CMakeDetermineCompilerId.cmake
[3.078s] Call Stack (most recent call first):
[3.078s]   CMakeLists.txt:2 (project)
[3.078s] 
[3.078s] 
[3.078s] CMake Error at C:/Program Files/Microsoft Visual Studio/2022/Community/Common7/IDE/CommonExtensions/Microsoft/CMake/CMake/share/cmake-3.27/Modules/CMakeDetermineCCompiler.cmake:123 (CMAKE_DETERMINE_COMPILER_ID):
[3.078s]   Unknown CMake command "CMAKE_DETERMINE_COMPILER_ID".
[3.078s] Call Stack (most recent call first):
[3.078s]   CMakeLists.txt:2 (project)
[3.078s] 
[3.078s] 
[3.078s] CMake Configure step failed.  Build files cannot be regenerated correctly.
[3.750s] Invoked command in 'C:\Users\SSAFY\Desktop\S10P22A209\catkin_ws\build\ssafy_msgs' returned '4294967295': CL=/MP CMAKE_PREFIX_PATH=%CMAKE_PREFIX_PATH%;C:\Users\SSAFY\Desktop\S10P22A209\catkin_ws\install\test_209;C:\Users\SSAFY\Desktop\S10P22A209\catkin_ws\install\ssafy_bridge;C:\Users\SSAFY\Desktop\S10P22A209\catkin_ws\install\my_package installDir=%installDir%
IntelliJ IDEA=C:\Program Files\JetBrains\IntelliJ IDEA 2023.3.3\bin; C:\Program Files\Microsoft Visual Studio\2022\Community\Common7\IDE\CommonExtensions\Microsoft\CMake\CMake\bin\cmake.EXE --build C:\Users\SSAFY\Desktop\S10P22A209\catkin_ws\build\ssafy_msgs --config Release
