running egg_info
creating ..\..\build\yolo_package\yolo_package.egg-info
writing ..\..\build\yolo_package\yolo_package.egg-info\PKG-INFO
writing dependency_links to ..\..\build\yolo_package\yolo_package.egg-info\dependency_links.txt
writing entry points to ..\..\build\yolo_package\yolo_package.egg-info\entry_points.txt
writing requirements to ..\..\build\yolo_package\yolo_package.egg-info\requires.txt
writing top-level names to ..\..\build\yolo_package\yolo_package.egg-info\top_level.txt
writing manifest file '..\..\build\yolo_package\yolo_package.egg-info\SOURCES.txt'
reading manifest file '..\..\build\yolo_package\yolo_package.egg-info\SOURCES.txt'
writing manifest file '..\..\build\yolo_package\yolo_package.egg-info\SOURCES.txt'
running build
running build_py
creating C:\Users\SSAFY\Desktop\S10P22A209\catkin_ws\build\yolo_package\build
creating C:\Users\SSAFY\Desktop\S10P22A209\catkin_ws\build\yolo_package\build\lib
creating C:\Users\SSAFY\Desktop\S10P22A209\catkin_ws\build\yolo_package\build\lib\yolo_package
copying yolo_package\save_camera.py -> C:\Users\SSAFY\Desktop\S10P22A209\catkin_ws\build\yolo_package\build\lib\yolo_package
copying yolo_package\yolo.py -> C:\Users\SSAFY\Desktop\S10P22A209\catkin_ws\build\yolo_package\build\lib\yolo_package
copying yolo_package\__init__.py -> C:\Users\SSAFY\Desktop\S10P22A209\catkin_ws\build\yolo_package\build\lib\yolo_package
running install
running install_lib
creating C:\Users\SSAFY\Desktop\S10P22A209\catkin_ws\install\yolo_package\Lib\site-packages\yolo_package
copying C:\Users\SSAFY\Desktop\S10P22A209\catkin_ws\build\yolo_package\build\lib\yolo_package\save_camera.py -> C:\Users\SSAFY\Desktop\S10P22A209\catkin_ws\install\yolo_package\Lib\site-packages\yolo_package
copying C:\Users\SSAFY\Desktop\S10P22A209\catkin_ws\build\yolo_package\build\lib\yolo_package\yolo.py -> C:\Users\SSAFY\Desktop\S10P22A209\catkin_ws\install\yolo_package\Lib\site-packages\yolo_package
copying C:\Users\SSAFY\Desktop\S10P22A209\catkin_ws\build\yolo_package\build\lib\yolo_package\__init__.py -> C:\Users\SSAFY\Desktop\S10P22A209\catkin_ws\install\yolo_package\Lib\site-packages\yolo_package
byte-compiling C:\Users\SSAFY\Desktop\S10P22A209\catkin_ws\install\yolo_package\Lib\site-packages\yolo_package\save_camera.py to save_camera.cpython-37.pyc
byte-compiling C:\Users\SSAFY\Desktop\S10P22A209\catkin_ws\install\yolo_package\Lib\site-packages\yolo_package\yolo.py to yolo.cpython-37.pyc
byte-compiling C:\Users\SSAFY\Desktop\S10P22A209\catkin_ws\install\yolo_package\Lib\site-packages\yolo_package\__init__.py to __init__.cpython-37.pyc
running install_data
creating C:\Users\SSAFY\Desktop\S10P22A209\catkin_ws\install\yolo_package\share\ament_index
creating C:\Users\SSAFY\Desktop\S10P22A209\catkin_ws\install\yolo_package\share\ament_index\resource_index
creating C:\Users\SSAFY\Desktop\S10P22A209\catkin_ws\install\yolo_package\share\ament_index\resource_index\packages
error: can't copy 'resource\yolo_package': doesn't exist or not a regular file
