[4.000s] Invoking command in 'C:\Users\SSAFY\Desktop\S10P22A209\catkin_ws\src\yolo_package': PYTHONPATH=C:\Users\SSAFY\Desktop\S10P22A209\catkin_ws\build\yolo_package\prefix_override;C:\Users\SSAFY\Desktop\S10P22A209\catkin_ws\install\yolo_package\Lib\site-packages;%PYTHONPATH% installDir=%installDir%
IntelliJ IDEA=C:\Program Files\JetBrains\IntelliJ IDEA 2023.3.3\bin; c:\python37\python.exe setup.py egg_info --egg-base ..\..\build\yolo_package build --build-base C:\Users\SSAFY\Desktop\S10P22A209\catkin_ws\build\yolo_package\build install --record C:\Users\SSAFY\Desktop\S10P22A209\catkin_ws\build\yolo_package\install.log --install-scripts $base/lib/yolo_package --single-version-externally-managed
[4.469s] running egg_info
[4.469s] creating ..\..\build\yolo_package\yolo_package.egg-info
[4.469s] writing ..\..\build\yolo_package\yolo_package.egg-info\PKG-INFO
[4.469s] writing dependency_links to ..\..\build\yolo_package\yolo_package.egg-info\dependency_links.txt
[4.485s] writing entry points to ..\..\build\yolo_package\yolo_package.egg-info\entry_points.txt
[4.485s] writing requirements to ..\..\build\yolo_package\yolo_package.egg-info\requires.txt
[4.485s] writing top-level names to ..\..\build\yolo_package\yolo_package.egg-info\top_level.txt
[4.485s] writing manifest file '..\..\build\yolo_package\yolo_package.egg-info\SOURCES.txt'
[4.516s] reading manifest file '..\..\build\yolo_package\yolo_package.egg-info\SOURCES.txt'
[4.516s] writing manifest file '..\..\build\yolo_package\yolo_package.egg-info\SOURCES.txt'
[4.516s] running build
[4.516s] running build_py
[4.516s] creating C:\Users\SSAFY\Desktop\S10P22A209\catkin_ws\build\yolo_package\build
[4.516s] creating C:\Users\SSAFY\Desktop\S10P22A209\catkin_ws\build\yolo_package\build\lib
[4.516s] creating C:\Users\SSAFY\Desktop\S10P22A209\catkin_ws\build\yolo_package\build\lib\yolo_package
[4.516s] copying yolo_package\save_camera.py -> C:\Users\SSAFY\Desktop\S10P22A209\catkin_ws\build\yolo_package\build\lib\yolo_package
[4.516s] copying yolo_package\yolo.py -> C:\Users\SSAFY\Desktop\S10P22A209\catkin_ws\build\yolo_package\build\lib\yolo_package
[4.516s] copying yolo_package\__init__.py -> C:\Users\SSAFY\Desktop\S10P22A209\catkin_ws\build\yolo_package\build\lib\yolo_package
[4.516s] running install
[4.516s] running install_lib
[4.516s] creating C:\Users\SSAFY\Desktop\S10P22A209\catkin_ws\install\yolo_package\Lib\site-packages\yolo_package
[4.516s] copying C:\Users\SSAFY\Desktop\S10P22A209\catkin_ws\build\yolo_package\build\lib\yolo_package\save_camera.py -> C:\Users\SSAFY\Desktop\S10P22A209\catkin_ws\install\yolo_package\Lib\site-packages\yolo_package
[4.531s] copying C:\Users\SSAFY\Desktop\S10P22A209\catkin_ws\build\yolo_package\build\lib\yolo_package\yolo.py -> C:\Users\SSAFY\Desktop\S10P22A209\catkin_ws\install\yolo_package\Lib\site-packages\yolo_package
[4.531s] copying C:\Users\SSAFY\Desktop\S10P22A209\catkin_ws\build\yolo_package\build\lib\yolo_package\__init__.py -> C:\Users\SSAFY\Desktop\S10P22A209\catkin_ws\install\yolo_package\Lib\site-packages\yolo_package
[4.531s] byte-compiling C:\Users\SSAFY\Desktop\S10P22A209\catkin_ws\install\yolo_package\Lib\site-packages\yolo_package\save_camera.py to save_camera.cpython-37.pyc
[4.531s] byte-compiling C:\Users\SSAFY\Desktop\S10P22A209\catkin_ws\install\yolo_package\Lib\site-packages\yolo_package\yolo.py to yolo.cpython-37.pyc
[4.547s] byte-compiling C:\Users\SSAFY\Desktop\S10P22A209\catkin_ws\install\yolo_package\Lib\site-packages\yolo_package\__init__.py to __init__.cpython-37.pyc
[4.547s] running install_data
[4.547s] creating C:\Users\SSAFY\Desktop\S10P22A209\catkin_ws\install\yolo_package\share\ament_index
[4.547s] creating C:\Users\SSAFY\Desktop\S10P22A209\catkin_ws\install\yolo_package\share\ament_index\resource_index
[4.547s] creating C:\Users\SSAFY\Desktop\S10P22A209\catkin_ws\install\yolo_package\share\ament_index\resource_index\packages
[4.547s] error: can't copy 'resource\yolo_package': doesn't exist or not a regular file
