[3.734s] Invoking command in 'C:\Users\SSAFY\Desktop\S10P22A209\catkin_ws\src\yolo_package': PYTHONPATH=C:\Users\SSAFY\Desktop\S10P22A209\catkin_ws\build\yolo_package\prefix_override;C:\Users\SSAFY\Desktop\S10P22A209\catkin_ws\install\yolo_package\Lib\site-packages;%PYTHONPATH% installDir=%installDir%
IntelliJ IDEA=C:\Program Files\JetBrains\IntelliJ IDEA 2023.3.3\bin; c:\python37\python.exe setup.py egg_info --egg-base ..\..\build\yolo_package build --build-base C:\Users\SSAFY\Desktop\S10P22A209\catkin_ws\build\yolo_package\build install --record C:\Users\SSAFY\Desktop\S10P22A209\catkin_ws\build\yolo_package\install.log --install-scripts $base/lib/yolo_package --single-version-externally-managed
[4.203s] running egg_info
[4.203s] writing ..\..\build\yolo_package\yolo_package.egg-info\PKG-INFO
[4.203s] writing dependency_links to ..\..\build\yolo_package\yolo_package.egg-info\dependency_links.txt
[4.203s] writing entry points to ..\..\build\yolo_package\yolo_package.egg-info\entry_points.txt
[4.203s] writing requirements to ..\..\build\yolo_package\yolo_package.egg-info\requires.txt
[4.203s] writing top-level names to ..\..\build\yolo_package\yolo_package.egg-info\top_level.txt
[4.234s] reading manifest file '..\..\build\yolo_package\yolo_package.egg-info\SOURCES.txt'
[4.234s] writing manifest file '..\..\build\yolo_package\yolo_package.egg-info\SOURCES.txt'
[4.234s] running build
[4.234s] running build_py
[4.234s] running install
[4.234s] running install_lib
[4.234s] running install_data
[4.234s] copying resource\yolo_package -> C:\Users\SSAFY\Desktop\S10P22A209\catkin_ws\install\yolo_package\share\ament_index\resource_index\packages
[4.250s] copying package.xml -> C:\Users\SSAFY\Desktop\S10P22A209\catkin_ws\install\yolo_package\share\yolo_package
[4.250s] running install_egg_info
[4.250s] Copying ..\..\build\yolo_package\yolo_package.egg-info to C:\Users\SSAFY\Desktop\S10P22A209\catkin_ws\install\yolo_package\Lib\site-packages\yolo_package-0.0.0-py3.7.egg-info
[4.266s] running install_scripts
[4.391s] Installing save_camera-script.py script to C:\Users\SSAFY\Desktop\S10P22A209\catkin_ws\install\yolo_package\lib\yolo_package
[4.391s] Installing save_camera.exe script to C:\Users\SSAFY\Desktop\S10P22A209\catkin_ws\install\yolo_package\lib\yolo_package
[4.391s] Installing yolo-script.py script to C:\Users\SSAFY\Desktop\S10P22A209\catkin_ws\install\yolo_package\lib\yolo_package
[4.391s] Installing yolo.exe script to C:\Users\SSAFY\Desktop\S10P22A209\catkin_ws\install\yolo_package\lib\yolo_package
[4.391s] writing list of installed files to 'C:\Users\SSAFY\Desktop\S10P22A209\catkin_ws\build\yolo_package\install.log'
[4.609s] Invoked command in 'C:\Users\SSAFY\Desktop\S10P22A209\catkin_ws\src\yolo_package' returned '0': PYTHONPATH=C:\Users\SSAFY\Desktop\S10P22A209\catkin_ws\build\yolo_package\prefix_override;C:\Users\SSAFY\Desktop\S10P22A209\catkin_ws\install\yolo_package\Lib\site-packages;%PYTHONPATH% installDir=%installDir%
IntelliJ IDEA=C:\Program Files\JetBrains\IntelliJ IDEA 2023.3.3\bin; c:\python37\python.exe setup.py egg_info --egg-base ..\..\build\yolo_package build --build-base C:\Users\SSAFY\Desktop\S10P22A209\catkin_ws\build\yolo_package\build install --record C:\Users\SSAFY\Desktop\S10P22A209\catkin_ws\build\yolo_package\install.log --install-scripts $base/lib/yolo_package --single-version-externally-managed
