running egg_info
creating ..\..\build\my_package\my_package.egg-info
writing ..\..\build\my_package\my_package.egg-info\PKG-INFO
writing dependency_links to ..\..\build\my_package\my_package.egg-info\dependency_links.txt
writing entry points to ..\..\build\my_package\my_package.egg-info\entry_points.txt
writing requirements to ..\..\build\my_package\my_package.egg-info\requires.txt
writing top-level names to ..\..\build\my_package\my_package.egg-info\top_level.txt
writing manifest file '..\..\build\my_package\my_package.egg-info\SOURCES.txt'
reading manifest file '..\..\build\my_package\my_package.egg-info\SOURCES.txt'
writing manifest file '..\..\build\my_package\my_package.egg-info\SOURCES.txt'
running build
running build_py
creating C:\Users\SSAFY\Desktop\S10P22A209\catkin_ws\build\my_package\build
creating C:\Users\SSAFY\Desktop\S10P22A209\catkin_ws\build\my_package\build\lib
creating C:\Users\SSAFY\Desktop\S10P22A209\catkin_ws\build\my_package\build\lib\my_package
copying my_package\communication.py -> C:\Users\SSAFY\Desktop\S10P22A209\catkin_ws\build\my_package\build\lib\my_package
copying my_package\my_node.py -> C:\Users\SSAFY\Desktop\S10P22A209\catkin_ws\build\my_package\build\lib\my_package
copying my_package\odo.py -> C:\Users\SSAFY\Desktop\S10P22A209\catkin_ws\build\my_package\build\lib\my_package
copying my_package\path.py -> C:\Users\SSAFY\Desktop\S10P22A209\catkin_ws\build\my_package\build\lib\my_package
copying my_package\publisher_member_function.py -> C:\Users\SSAFY\Desktop\S10P22A209\catkin_ws\build\my_package\build\lib\my_package
copying my_package\subscriber_memeber_function.py -> C:\Users\SSAFY\Desktop\S10P22A209\catkin_ws\build\my_package\build\lib\my_package
copying my_package\__init__.py -> C:\Users\SSAFY\Desktop\S10P22A209\catkin_ws\build\my_package\build\lib\my_package
running install
running install_lib
running install_data
running install_egg_info
removing 'C:\Users\SSAFY\Desktop\S10P22A209\catkin_ws\install\my_package\Lib\site-packages\my_package-0.0.0-py3.7.egg-info' (and everything under it)
Copying ..\..\build\my_package\my_package.egg-info to C:\Users\SSAFY\Desktop\S10P22A209\catkin_ws\install\my_package\Lib\site-packages\my_package-0.0.0-py3.7.egg-info
running install_scripts
Installing communication-script.py script to C:\Users\SSAFY\Desktop\S10P22A209\catkin_ws\install\my_package\lib\my_package
Installing communication.exe script to C:\Users\SSAFY\Desktop\S10P22A209\catkin_ws\install\my_package\lib\my_package
Installing listener-script.py script to C:\Users\SSAFY\Desktop\S10P22A209\catkin_ws\install\my_package\lib\my_package
Installing listener.exe script to C:\Users\SSAFY\Desktop\S10P22A209\catkin_ws\install\my_package\lib\my_package
Installing my_node-script.py script to C:\Users\SSAFY\Desktop\S10P22A209\catkin_ws\install\my_package\lib\my_package
Installing my_node.exe script to C:\Users\SSAFY\Desktop\S10P22A209\catkin_ws\install\my_package\lib\my_package
Installing odom-script.py script to C:\Users\SSAFY\Desktop\S10P22A209\catkin_ws\install\my_package\lib\my_package
Installing odom.exe script to C:\Users\SSAFY\Desktop\S10P22A209\catkin_ws\install\my_package\lib\my_package
Installing path-script.py script to C:\Users\SSAFY\Desktop\S10P22A209\catkin_ws\install\my_package\lib\my_package
Installing path.exe script to C:\Users\SSAFY\Desktop\S10P22A209\catkin_ws\install\my_package\lib\my_package
Installing talker-script.py script to C:\Users\SSAFY\Desktop\S10P22A209\catkin_ws\install\my_package\lib\my_package
Installing talker.exe script to C:\Users\SSAFY\Desktop\S10P22A209\catkin_ws\install\my_package\lib\my_package
writing list of installed files to 'C:\Users\SSAFY\Desktop\S10P22A209\catkin_ws\build\my_package\install.log'
