[4.453s] Invoking command in 'C:\Users\SSAFY\Desktop\S10P22A209\catkin_ws\src\my_package': PYTHONPATH=C:\Users\SSAFY\Desktop\S10P22A209\catkin_ws\build\my_package\prefix_override;C:\Users\SSAFY\Desktop\S10P22A209\catkin_ws\install\my_package\Lib\site-packages;%PYTHONPATH% c:\python37\python.exe setup.py egg_info --egg-base ..\..\build\my_package build --build-base C:\Users\SSAFY\Desktop\S10P22A209\catkin_ws\build\my_package\build install --record C:\Users\SSAFY\Desktop\S10P22A209\catkin_ws\build\my_package\install.log --install-scripts $base/lib/my_package --single-version-externally-managed
[5.234s] running egg_info
[5.234s] creating ..\..\build\my_package\my_package.egg-info
[5.234s] writing ..\..\build\my_package\my_package.egg-info\PKG-INFO
[5.234s] writing dependency_links to ..\..\build\my_package\my_package.egg-info\dependency_links.txt
[5.234s] writing entry points to ..\..\build\my_package\my_package.egg-info\entry_points.txt
[5.234s] writing requirements to ..\..\build\my_package\my_package.egg-info\requires.txt
[5.234s] writing top-level names to ..\..\build\my_package\my_package.egg-info\top_level.txt
[5.234s] writing manifest file '..\..\build\my_package\my_package.egg-info\SOURCES.txt'
[5.281s] reading manifest file '..\..\build\my_package\my_package.egg-info\SOURCES.txt'
[5.281s] writing manifest file '..\..\build\my_package\my_package.egg-info\SOURCES.txt'
[5.281s] running build
[5.281s] running build_py
[5.281s] creating C:\Users\SSAFY\Desktop\S10P22A209\catkin_ws\build\my_package\build
[5.281s] creating C:\Users\SSAFY\Desktop\S10P22A209\catkin_ws\build\my_package\build\lib
[5.281s] creating C:\Users\SSAFY\Desktop\S10P22A209\catkin_ws\build\my_package\build\lib\my_package
[5.281s] copying my_package\communication.py -> C:\Users\SSAFY\Desktop\S10P22A209\catkin_ws\build\my_package\build\lib\my_package
[5.297s] copying my_package\my_node.py -> C:\Users\SSAFY\Desktop\S10P22A209\catkin_ws\build\my_package\build\lib\my_package
[5.297s] copying my_package\odo.py -> C:\Users\SSAFY\Desktop\S10P22A209\catkin_ws\build\my_package\build\lib\my_package
[5.297s] copying my_package\path.py -> C:\Users\SSAFY\Desktop\S10P22A209\catkin_ws\build\my_package\build\lib\my_package
[5.297s] copying my_package\publisher_member_function.py -> C:\Users\SSAFY\Desktop\S10P22A209\catkin_ws\build\my_package\build\lib\my_package
[5.312s] copying my_package\subscriber_memeber_function.py -> C:\Users\SSAFY\Desktop\S10P22A209\catkin_ws\build\my_package\build\lib\my_package
[5.312s] copying my_package\__init__.py -> C:\Users\SSAFY\Desktop\S10P22A209\catkin_ws\build\my_package\build\lib\my_package
[5.312s] running install
[5.312s] running install_lib
[5.328s] running install_data
[5.328s] running install_egg_info
[5.328s] removing 'C:\Users\SSAFY\Desktop\S10P22A209\catkin_ws\install\my_package\Lib\site-packages\my_package-0.0.0-py3.7.egg-info' (and everything under it)
[5.328s] Copying ..\..\build\my_package\my_package.egg-info to C:\Users\SSAFY\Desktop\S10P22A209\catkin_ws\install\my_package\Lib\site-packages\my_package-0.0.0-py3.7.egg-info
[5.359s] running install_scripts
[5.390s] Installing communication-script.py script to C:\Users\SSAFY\Desktop\S10P22A209\catkin_ws\install\my_package\lib\my_package
[5.390s] Installing communication.exe script to C:\Users\SSAFY\Desktop\S10P22A209\catkin_ws\install\my_package\lib\my_package
[5.406s] Installing listener-script.py script to C:\Users\SSAFY\Desktop\S10P22A209\catkin_ws\install\my_package\lib\my_package
[5.406s] Installing listener.exe script to C:\Users\SSAFY\Desktop\S10P22A209\catkin_ws\install\my_package\lib\my_package
[5.406s] Installing my_node-script.py script to C:\Users\SSAFY\Desktop\S10P22A209\catkin_ws\install\my_package\lib\my_package
[5.406s] Installing my_node.exe script to C:\Users\SSAFY\Desktop\S10P22A209\catkin_ws\install\my_package\lib\my_package
[5.406s] Installing odom-script.py script to C:\Users\SSAFY\Desktop\S10P22A209\catkin_ws\install\my_package\lib\my_package
[5.406s] Installing odom.exe script to C:\Users\SSAFY\Desktop\S10P22A209\catkin_ws\install\my_package\lib\my_package
[5.406s] Installing path-script.py script to C:\Users\SSAFY\Desktop\S10P22A209\catkin_ws\install\my_package\lib\my_package
[5.406s] Installing path.exe script to C:\Users\SSAFY\Desktop\S10P22A209\catkin_ws\install\my_package\lib\my_package
[5.406s] Installing talker-script.py script to C:\Users\SSAFY\Desktop\S10P22A209\catkin_ws\install\my_package\lib\my_package
[5.406s] Installing talker.exe script to C:\Users\SSAFY\Desktop\S10P22A209\catkin_ws\install\my_package\lib\my_package
[5.406s] writing list of installed files to 'C:\Users\SSAFY\Desktop\S10P22A209\catkin_ws\build\my_package\install.log'
[5.437s] Invoked command in 'C:\Users\SSAFY\Desktop\S10P22A209\catkin_ws\src\my_package' returned '0': PYTHONPATH=C:\Users\SSAFY\Desktop\S10P22A209\catkin_ws\build\my_package\prefix_override;C:\Users\SSAFY\Desktop\S10P22A209\catkin_ws\install\my_package\Lib\site-packages;%PYTHONPATH% c:\python37\python.exe setup.py egg_info --egg-base ..\..\build\my_package build --build-base C:\Users\SSAFY\Desktop\S10P22A209\catkin_ws\build\my_package\build install --record C:\Users\SSAFY\Desktop\S10P22A209\catkin_ws\build\my_package\install.log --install-scripts $base/lib/my_package --single-version-externally-managed
