[0.656s] Invoking command in 'C:\Users\SSAFY\Desktop\S10P22A209\catkin_ws\build\ssafy_msgs': CL=/MP CMAKE_PREFIX_PATH=%CMAKE_PREFIX_PATH%;C:\Users\SSAFY\Desktop\catkin_ws\install\test_209;C:\Users\SSAFY\Desktop\catkin_ws\install\ssafy_bridge;C:\Users\SSAFY\Desktop\catkin_ws\install\my_package C:\Program Files\CMake\bin\cmake.EXE --build C:\Users\SSAFY\Desktop\S10P22A209\catkin_ws\build\ssafy_msgs --config Release
[2.234s] msbuild ¹öÀü 17.8.3+195e7f5a3(.NET Framework¿ë)
[2.234s] 
[2.234s]   1>Checking Build System
[2.234s]   Building Custom Rule C:/Users/SSAFY/Desktop/S10P22A209/catkin_ws/src/ssafy_msgs/CMakeLists.txt
[2.234s]   Building Custom Rule C:/Users/SSAFY/Desktop/S10P22A209/catkin_ws/src/ssafy_msgs/CMakeLists.txt
[2.234s]   ssafy_msgs__rosidl_generator_c.vcxproj -> C:\Users\SSAFY\Desktop\S10P22A209\catkin_ws\build\ssafy_msgs\Release\ssafy_msgs__rosidl_generator_c.dll
[2.234s]   Building Custom Rule C:/Users/SSAFY/Desktop/S10P22A209/catkin_ws/src/ssafy_msgs/CMakeLists.txt
[2.234s]   ssafy_msgs__rosidl_typesupport_c.vcxproj -> C:\Users\SSAFY\Desktop\S10P22A209\catkin_ws\build\ssafy_msgs\Release\ssafy_msgs__rosidl_typesupport_c.dll
[2.234s]   Building Custom Rule C:/Users/SSAFY/Desktop/S10P22A209/catkin_ws/src/ssafy_msgs/CMakeLists.txt
[3.094s]   Building Custom Rule C:/Users/SSAFY/Desktop/S10P22A209/catkin_ws/src/ssafy_msgs/CMakeLists.txt
[3.094s]   ssafy_msgs__rosidl_typesupport_connext_cpp.vcxproj -> C:\Users\SSAFY\Desktop\S10P22A209\catkin_ws\build\ssafy_msgs\Release\ssafy_msgs__rosidl_typesupport_connext_cpp.dll
[3.094s]   Building Custom Rule C:/Users/SSAFY/Desktop/S10P22A209/catkin_ws/src/ssafy_msgs/CMakeLists.txt
[3.094s]   ssafy_msgs__rosidl_typesupport_connext_c.vcxproj -> C:\Users\SSAFY\Desktop\S10P22A209\catkin_ws\build\ssafy_msgs\Release\ssafy_msgs__rosidl_typesupport_connext_c.dll
[3.094s]   Building Custom Rule C:/Users/SSAFY/Desktop/S10P22A209/catkin_ws/src/ssafy_msgs/CMakeLists.txt
[3.109s]   ssafy_msgs__rosidl_typesupport_cpp.vcxproj -> C:\Users\SSAFY\Desktop\S10P22A209\catkin_ws\build\ssafy_msgs\Release\ssafy_msgs__rosidl_typesupport_cpp.dll
[3.109s]   Building Custom Rule C:/Users/SSAFY/Desktop/S10P22A209/catkin_ws/src/ssafy_msgs/CMakeLists.txt
[3.125s]   ssafy_msgs__rosidl_typesupport_fastrtps_cpp.vcxproj -> C:\Users\SSAFY\Desktop\S10P22A209\catkin_ws\build\ssafy_msgs\Release\ssafy_msgs__rosidl_typesupport_fastrtps_cpp.dll
[3.203s]   Building Custom Rule C:/Users/SSAFY/Desktop/S10P22A209/catkin_ws/src/ssafy_msgs/CMakeLists.txt
[3.313s]   ssafy_msgs__rosidl_typesupport_fastrtps_c.vcxproj -> C:\Users\SSAFY\Desktop\S10P22A209\catkin_ws\build\ssafy_msgs\Release\ssafy_msgs__rosidl_typesupport_fastrtps_c.dll
[3.453s]   Building Custom Rule C:/Users/SSAFY/Desktop/S10P22A209/catkin_ws/src/ssafy_msgs/CMakeLists.txt
[3.563s]   ssafy_msgs__rosidl_typesupport_introspection_c.vcxproj -> C:\Users\SSAFY\Desktop\S10P22A209\catkin_ws\build\ssafy_msgs\Release\ssafy_msgs__rosidl_typesupport_introspection_c.dll
[3.734s]   Building Custom Rule C:/Users/SSAFY/Desktop/S10P22A209/catkin_ws/src/ssafy_msgs/CMakeLists.txt
[3.891s]   ssafy_msgs__rosidl_typesupport_introspection_cpp.vcxproj -> C:\Users\SSAFY\Desktop\S10P22A209\catkin_ws\build\ssafy_msgs\Release\ssafy_msgs__rosidl_typesupport_introspection_cpp.dll
[4.141s]   Building Custom Rule C:/Users/SSAFY/Desktop/S10P22A209/catkin_ws/src/ssafy_msgs/CMakeLists.txt
[4.344s]   Building Custom Rule C:/Users/SSAFY/Desktop/S10P22A209/catkin_ws/src/ssafy_msgs/CMakeLists.txt
[4.516s]   ssafy_msgs__rosidl_typesupport_opensplice_cpp.vcxproj -> C:\Users\SSAFY\Desktop\S10P22A209\catkin_ws\build\ssafy_msgs\Release\ssafy_msgs__rosidl_typesupport_opensplice_cpp.dll
[4.641s]   Building Custom Rule C:/Users/SSAFY/Desktop/S10P22A209/catkin_ws/src/ssafy_msgs/CMakeLists.txt
[4.828s]   ssafy_msgs__rosidl_typesupport_opensplice_c.vcxproj -> C:\Users\SSAFY\Desktop\S10P22A209\catkin_ws\build\ssafy_msgs\Release\ssafy_msgs__rosidl_typesupport_opensplice_c.dll
[5.078s]   Building Custom Rule C:/Users/SSAFY/Desktop/S10P22A209/catkin_ws/src/ssafy_msgs/CMakeLists.txt
[5.359s]   Building Custom Rule C:/Users/SSAFY/Desktop/S10P22A209/catkin_ws/src/ssafy_msgs/CMakeLists.txt
[5.391s]   ssafy_msgs__python.vcxproj -> C:\Users\SSAFY\Desktop\S10P22A209\catkin_ws\build\ssafy_msgs\rosidl_generator_py\ssafy_msgs\ssafy_msgs__python.dll
[5.516s]   Building Custom Rule C:/Users/SSAFY/Desktop/S10P22A209/catkin_ws/src/ssafy_msgs/CMakeLists.txt
[5.594s]   ssafy_msgs__rosidl_typesupport_c__pyext.vcxproj -> C:\Users\SSAFY\Desktop\S10P22A209\catkin_ws\build\ssafy_msgs\rosidl_generator_py\ssafy_msgs\ssafy_msgs_s__rosidl_typesupport_c.pyd
[5.703s]   Building Custom Rule C:/Users/SSAFY/Desktop/S10P22A209/catkin_ws/src/ssafy_msgs/CMakeLists.txt
[5.781s]   ssafy_msgs__rosidl_typesupport_connext_c__pyext.vcxproj -> C:\Users\SSAFY\Desktop\S10P22A209\catkin_ws\build\ssafy_msgs\rosidl_generator_py\ssafy_msgs\ssafy_msgs_s__rosidl_typesupport_connext_c.pyd
[5.891s]   Building Custom Rule C:/Users/SSAFY/Desktop/S10P22A209/catkin_ws/src/ssafy_msgs/CMakeLists.txt
[5.969s]   ssafy_msgs__rosidl_typesupport_fastrtps_c__pyext.vcxproj -> C:\Users\SSAFY\Desktop\S10P22A209\catkin_ws\build\ssafy_msgs\rosidl_generator_py\ssafy_msgs\ssafy_msgs_s__rosidl_typesupport_fastrtps_c.pyd
[6.063s]   Building Custom Rule C:/Users/SSAFY/Desktop/S10P22A209/catkin_ws/src/ssafy_msgs/CMakeLists.txt
[6.141s]   ssafy_msgs__rosidl_typesupport_introspection_c__pyext.vcxproj -> C:\Users\SSAFY\Desktop\S10P22A209\catkin_ws\build\ssafy_msgs\rosidl_generator_py\ssafy_msgs\ssafy_msgs_s__rosidl_typesupport_introspection_c.pyd
[6.266s]   Building Custom Rule C:/Users/SSAFY/Desktop/S10P22A209/catkin_ws/src/ssafy_msgs/CMakeLists.txt
[6.344s]   ssafy_msgs__rosidl_typesupport_opensplice_c__pyext.vcxproj -> C:\Users\SSAFY\Desktop\S10P22A209\catkin_ws\build\ssafy_msgs\rosidl_generator_py\ssafy_msgs\ssafy_msgs_s__rosidl_typesupport_opensplice_c.pyd
[6.422s]   Building Custom Rule C:/Users/SSAFY/Desktop/S10P22A209/catkin_ws/src/ssafy_msgs/CMakeLists.txt
[6.531s] Invoked command in 'C:\Users\SSAFY\Desktop\S10P22A209\catkin_ws\build\ssafy_msgs' returned '0': CL=/MP CMAKE_PREFIX_PATH=%CMAKE_PREFIX_PATH%;C:\Users\SSAFY\Desktop\catkin_ws\install\test_209;C:\Users\SSAFY\Desktop\catkin_ws\install\ssafy_bridge;C:\Users\SSAFY\Desktop\catkin_ws\install\my_package C:\Program Files\CMake\bin\cmake.EXE --build C:\Users\SSAFY\Desktop\S10P22A209\catkin_ws\build\ssafy_msgs --config Release
[6.578s] Invoking command in 'C:\Users\SSAFY\Desktop\S10P22A209\catkin_ws\build\ssafy_msgs': CMAKE_PREFIX_PATH=%CMAKE_PREFIX_PATH%;C:\Users\SSAFY\Desktop\catkin_ws\install\test_209;C:\Users\SSAFY\Desktop\catkin_ws\install\ssafy_bridge;C:\Users\SSAFY\Desktop\catkin_ws\install\my_package C:\Program Files\CMake\bin\cmake.EXE --install C:\Users\SSAFY\Desktop\S10P22A209\catkin_ws\build\ssafy_msgs --config Release
[6.594s] -- Up-to-date: C:/Users/SSAFY/Desktop/S10P22A209/catkin_ws/install/ssafy_msgs/share/ament_index/resource_index/rosidl_interfaces/ssafy_msgs
[6.594s] -- Up-to-date: C:/Users/SSAFY/Desktop/S10P22A209/catkin_ws/install/ssafy_msgs/lib/ssafy_msgs__rosidl_typesupport_c.lib
[6.609s] -- Up-to-date: C:/Users/SSAFY/Desktop/S10P22A209/catkin_ws/install/ssafy_msgs/bin/ssafy_msgs__rosidl_typesupport_c.dll
[6.609s] -- Up-to-date: C:/Users/SSAFY/Desktop/S10P22A209/catkin_ws/install/ssafy_msgs/lib/ssafy_msgs__rosidl_typesupport_cpp.lib
[6.609s] -- Up-to-date: C:/Users/SSAFY/Desktop/S10P22A209/catkin_ws/install/ssafy_msgs/bin/ssafy_msgs__rosidl_typesupport_cpp.dll
[6.609s] -- Up-to-date: C:/Users/SSAFY/Desktop/S10P22A209/catkin_ws/install/ssafy_msgs/include/ssafy_msgs
[6.609s] -- Up-to-date: C:/Users/SSAFY/Desktop/S10P22A209/catkin_ws/install/ssafy_msgs/include/ssafy_msgs/msg
[6.609s] -- Up-to-date: C:/Users/SSAFY/Desktop/S10P22A209/catkin_ws/install/ssafy_msgs/include/ssafy_msgs/msg/b_box__rosidl_typesupport_connext_c.h
[6.609s] -- Up-to-date: C:/Users/SSAFY/Desktop/S10P22A209/catkin_ws/install/ssafy_msgs/include/ssafy_msgs/msg/custom_object_info__rosidl_typesupport_connext_c.h
[6.609s] -- Up-to-date: C:/Users/SSAFY/Desktop/S10P22A209/catkin_ws/install/ssafy_msgs/include/ssafy_msgs/msg/dds_connext
[6.609s] -- Up-to-date: C:/Users/SSAFY/Desktop/S10P22A209/catkin_ws/install/ssafy_msgs/include/ssafy_msgs/msg/enviroment_status__rosidl_typesupport_connext_c.h
[6.609s] -- Up-to-date: C:/Users/SSAFY/Desktop/S10P22A209/catkin_ws/install/ssafy_msgs/include/ssafy_msgs/msg/hand_control__rosidl_typesupport_connext_c.h
[6.609s] -- Up-to-date: C:/Users/SSAFY/Desktop/S10P22A209/catkin_ws/install/ssafy_msgs/include/ssafy_msgs/msg/num__rosidl_typesupport_connext_c.h
[6.609s] -- Up-to-date: C:/Users/SSAFY/Desktop/S10P22A209/catkin_ws/install/ssafy_msgs/include/ssafy_msgs/msg/object_info__rosidl_typesupport_connext_c.h
[6.609s] -- Up-to-date: C:/Users/SSAFY/Desktop/S10P22A209/catkin_ws/install/ssafy_msgs/include/ssafy_msgs/msg/rosidl_typesupport_connext_c__visibility_control.h
[6.609s] -- Up-to-date: C:/Users/SSAFY/Desktop/S10P22A209/catkin_ws/install/ssafy_msgs/include/ssafy_msgs/msg/turtlebot_status__rosidl_typesupport_connext_c.h
[6.609s] -- Up-to-date: C:/Users/SSAFY/Desktop/S10P22A209/catkin_ws/install/ssafy_msgs/lib/ssafy_msgs__rosidl_typesupport_connext_c.lib
[6.609s] -- Up-to-date: C:/Users/SSAFY/Desktop/S10P22A209/catkin_ws/install/ssafy_msgs/bin/ssafy_msgs__rosidl_typesupport_connext_c.dll
[6.609s] -- Up-to-date: C:/Users/SSAFY/Desktop/S10P22A209/catkin_ws/install/ssafy_msgs/include/ssafy_msgs
[6.609s] -- Up-to-date: C:/Users/SSAFY/Desktop/S10P22A209/catkin_ws/install/ssafy_msgs/include/ssafy_msgs/msg
[6.609s] -- Up-to-date: C:/Users/SSAFY/Desktop/S10P22A209/catkin_ws/install/ssafy_msgs/include/ssafy_msgs/msg/b_box.h
[6.609s] -- Up-to-date: C:/Users/SSAFY/Desktop/S10P22A209/catkin_ws/install/ssafy_msgs/include/ssafy_msgs/msg/b_box__functions.c
[6.609s] -- Up-to-date: C:/Users/SSAFY/Desktop/S10P22A209/catkin_ws/install/ssafy_msgs/include/ssafy_msgs/msg/b_box__functions.h
[6.609s] -- Up-to-date: C:/Users/SSAFY/Desktop/S10P22A209/catkin_ws/install/ssafy_msgs/include/ssafy_msgs/msg/b_box__struct.h
[6.609s] -- Up-to-date: C:/Users/SSAFY/Desktop/S10P22A209/catkin_ws/install/ssafy_msgs/include/ssafy_msgs/msg/b_box__type_support.h
[6.609s] -- Up-to-date: C:/Users/SSAFY/Desktop/S10P22A209/catkin_ws/install/ssafy_msgs/include/ssafy_msgs/msg/custom_object_info.h
[6.609s] -- Up-to-date: C:/Users/SSAFY/Desktop/S10P22A209/catkin_ws/install/ssafy_msgs/include/ssafy_msgs/msg/custom_object_info__functions.c
[6.609s] -- Up-to-date: C:/Users/SSAFY/Desktop/S10P22A209/catkin_ws/install/ssafy_msgs/include/ssafy_msgs/msg/custom_object_info__functions.h
[6.609s] -- Up-to-date: C:/Users/SSAFY/Desktop/S10P22A209/catkin_ws/install/ssafy_msgs/include/ssafy_msgs/msg/custom_object_info__struct.h
[6.625s] -- Up-to-date: C:/Users/SSAFY/Desktop/S10P22A209/catkin_ws/install/ssafy_msgs/include/ssafy_msgs/msg/custom_object_info__type_support.h
[6.625s] -- Up-to-date: C:/Users/SSAFY/Desktop/S10P22A209/catkin_ws/install/ssafy_msgs/include/ssafy_msgs/msg/enviroment_status.h
[6.625s] -- Up-to-date: C:/Users/SSAFY/Desktop/S10P22A209/catkin_ws/install/ssafy_msgs/include/ssafy_msgs/msg/enviroment_status__functions.c
[6.625s] -- Up-to-date: C:/Users/SSAFY/Desktop/S10P22A209/catkin_ws/install/ssafy_msgs/include/ssafy_msgs/msg/enviroment_status__functions.h
[6.625s] -- Up-to-date: C:/Users/SSAFY/Desktop/S10P22A209/catkin_ws/install/ssafy_msgs/include/ssafy_msgs/msg/enviroment_status__struct.h
[6.625s] -- Up-to-date: C:/Users/SSAFY/Desktop/S10P22A209/catkin_ws/install/ssafy_msgs/include/ssafy_msgs/msg/enviroment_status__type_support.h
[6.625s] -- Up-to-date: C:/Users/SSAFY/Desktop/S10P22A209/catkin_ws/install/ssafy_msgs/include/ssafy_msgs/msg/hand_control.h
[6.625s] -- Up-to-date: C:/Users/SSAFY/Desktop/S10P22A209/catkin_ws/install/ssafy_msgs/include/ssafy_msgs/msg/hand_control__functions.c
[6.625s] -- Up-to-date: C:/Users/SSAFY/Desktop/S10P22A209/catkin_ws/install/ssafy_msgs/include/ssafy_msgs/msg/hand_control__functions.h
[6.625s] -- Up-to-date: C:/Users/SSAFY/Desktop/S10P22A209/catkin_ws/install/ssafy_msgs/include/ssafy_msgs/msg/hand_control__struct.h
[6.625s] -- Up-to-date: C:/Users/SSAFY/Desktop/S10P22A209/catkin_ws/install/ssafy_msgs/include/ssafy_msgs/msg/hand_control__type_support.h
[6.625s] -- Up-to-date: C:/Users/SSAFY/Desktop/S10P22A209/catkin_ws/install/ssafy_msgs/include/ssafy_msgs/msg/num.h
[6.625s] -- Up-to-date: C:/Users/SSAFY/Desktop/S10P22A209/catkin_ws/install/ssafy_msgs/include/ssafy_msgs/msg/num__functions.c
[6.625s] -- Up-to-date: C:/Users/SSAFY/Desktop/S10P22A209/catkin_ws/install/ssafy_msgs/include/ssafy_msgs/msg/num__functions.h
[6.625s] -- Up-to-date: C:/Users/SSAFY/Desktop/S10P22A209/catkin_ws/install/ssafy_msgs/include/ssafy_msgs/msg/num__struct.h
[6.625s] -- Up-to-date: C:/Users/SSAFY/Desktop/S10P22A209/catkin_ws/install/ssafy_msgs/include/ssafy_msgs/msg/num__type_support.h
[6.625s] -- Up-to-date: C:/Users/SSAFY/Desktop/S10P22A209/catkin_ws/install/ssafy_msgs/include/ssafy_msgs/msg/object_info.h
[6.625s] -- Up-to-date: C:/Users/SSAFY/Desktop/S10P22A209/catkin_ws/install/ssafy_msgs/include/ssafy_msgs/msg/object_info__functions.c
[6.625s] -- Up-to-date: C:/Users/SSAFY/Desktop/S10P22A209/catkin_ws/install/ssafy_msgs/include/ssafy_msgs/msg/object_info__functions.h
[6.625s] -- Up-to-date: C:/Users/SSAFY/Desktop/S10P22A209/catkin_ws/install/ssafy_msgs/include/ssafy_msgs/msg/object_info__struct.h
[6.625s] -- Up-to-date: C:/Users/SSAFY/Desktop/S10P22A209/catkin_ws/install/ssafy_msgs/include/ssafy_msgs/msg/object_info__type_support.h
[6.625s] -- Up-to-date: C:/Users/SSAFY/Desktop/S10P22A209/catkin_ws/install/ssafy_msgs/include/ssafy_msgs/msg/rosidl_generator_c__visibility_control.h
[6.625s] -- Up-to-date: C:/Users/SSAFY/Desktop/S10P22A209/catkin_ws/install/ssafy_msgs/include/ssafy_msgs/msg/turtlebot_status.h
[6.625s] -- Up-to-date: C:/Users/SSAFY/Desktop/S10P22A209/catkin_ws/install/ssafy_msgs/include/ssafy_msgs/msg/turtlebot_status__functions.c
[6.625s] -- Up-to-date: C:/Users/SSAFY/Desktop/S10P22A209/catkin_ws/install/ssafy_msgs/include/ssafy_msgs/msg/turtlebot_status__functions.h
[6.625s] -- Up-to-date: C:/Users/SSAFY/Desktop/S10P22A209/catkin_ws/install/ssafy_msgs/include/ssafy_msgs/msg/turtlebot_status__struct.h
[6.625s] -- Up-to-date: C:/Users/SSAFY/Desktop/S10P22A209/catkin_ws/install/ssafy_msgs/include/ssafy_msgs/msg/turtlebot_status__type_support.h
[6.625s] -- Up-to-date: C:/Users/SSAFY/Desktop/S10P22A209/catkin_ws/install/ssafy_msgs/lib/ssafy_msgs__rosidl_generator_c.lib
[6.625s] -- Up-to-date: C:/Users/SSAFY/Desktop/S10P22A209/catkin_ws/install/ssafy_msgs/bin/ssafy_msgs__rosidl_generator_c.dll
[6.625s] -- Up-to-date: C:/Users/SSAFY/Desktop/S10P22A209/catkin_ws/install/ssafy_msgs/share/ssafy_msgs/msg/dds_connext
[6.625s] -- Up-to-date: C:/Users/SSAFY/Desktop/S10P22A209/catkin_ws/install/ssafy_msgs/share/ssafy_msgs/msg/dds_connext/BBox_.idl
[6.641s] -- Up-to-date: C:/Users/SSAFY/Desktop/S10P22A209/catkin_ws/install/ssafy_msgs/share/ssafy_msgs/msg/dds_connext/CustomObjectInfo_.idl
[6.641s] -- Up-to-date: C:/Users/SSAFY/Desktop/S10P22A209/catkin_ws/install/ssafy_msgs/share/ssafy_msgs/msg/dds_connext/EnviromentStatus_.idl
[6.641s] -- Up-to-date: C:/Users/SSAFY/Desktop/S10P22A209/catkin_ws/install/ssafy_msgs/share/ssafy_msgs/msg/dds_connext/HandControl_.idl
[6.641s] -- Up-to-date: C:/Users/SSAFY/Desktop/S10P22A209/catkin_ws/install/ssafy_msgs/share/ssafy_msgs/msg/dds_connext/Num_.idl
[6.641s] -- Up-to-date: C:/Users/SSAFY/Desktop/S10P22A209/catkin_ws/install/ssafy_msgs/share/ssafy_msgs/msg/dds_connext/ObjectInfo_.idl
[6.641s] -- Up-to-date: C:/Users/SSAFY/Desktop/S10P22A209/catkin_ws/install/ssafy_msgs/share/ssafy_msgs/msg/dds_connext/TurtlebotStatus_.idl
[6.641s] -- Up-to-date: C:/Users/SSAFY/Desktop/S10P22A209/catkin_ws/install/ssafy_msgs/include/ssafy_msgs
[6.641s] -- Up-to-date: C:/Users/SSAFY/Desktop/S10P22A209/catkin_ws/install/ssafy_msgs/include/ssafy_msgs/msg
[6.641s] -- Up-to-date: C:/Users/SSAFY/Desktop/S10P22A209/catkin_ws/install/ssafy_msgs/include/ssafy_msgs/msg/b_box__rosidl_typesupport_connext_cpp.hpp
[6.641s] -- Up-to-date: C:/Users/SSAFY/Desktop/S10P22A209/catkin_ws/install/ssafy_msgs/include/ssafy_msgs/msg/custom_object_info__rosidl_typesupport_connext_cpp.hpp
[6.641s] -- Up-to-date: C:/Users/SSAFY/Desktop/S10P22A209/catkin_ws/install/ssafy_msgs/include/ssafy_msgs/msg/dds_connext
[6.641s] -- Up-to-date: C:/Users/SSAFY/Desktop/S10P22A209/catkin_ws/install/ssafy_msgs/include/ssafy_msgs/msg/dds_connext/BBox_.cxx
[6.641s] -- Up-to-date: C:/Users/SSAFY/Desktop/S10P22A209/catkin_ws/install/ssafy_msgs/include/ssafy_msgs/msg/dds_connext/BBox_.h
[6.641s] -- Up-to-date: C:/Users/SSAFY/Desktop/S10P22A209/catkin_ws/install/ssafy_msgs/include/ssafy_msgs/msg/dds_connext/BBox_Plugin.cxx
[6.641s] -- Up-to-date: C:/Users/SSAFY/Desktop/S10P22A209/catkin_ws/install/ssafy_msgs/include/ssafy_msgs/msg/dds_connext/BBox_Plugin.h
[6.641s] -- Up-to-date: C:/Users/SSAFY/Desktop/S10P22A209/catkin_ws/install/ssafy_msgs/include/ssafy_msgs/msg/dds_connext/BBox_Support.cxx
[6.641s] -- Up-to-date: C:/Users/SSAFY/Desktop/S10P22A209/catkin_ws/install/ssafy_msgs/include/ssafy_msgs/msg/dds_connext/BBox_Support.h
[6.641s] -- Up-to-date: C:/Users/SSAFY/Desktop/S10P22A209/catkin_ws/install/ssafy_msgs/include/ssafy_msgs/msg/dds_connext/CustomObjectInfo_.cxx
[6.641s] -- Up-to-date: C:/Users/SSAFY/Desktop/S10P22A209/catkin_ws/install/ssafy_msgs/include/ssafy_msgs/msg/dds_connext/CustomObjectInfo_.h
[6.641s] -- Up-to-date: C:/Users/SSAFY/Desktop/S10P22A209/catkin_ws/install/ssafy_msgs/include/ssafy_msgs/msg/dds_connext/CustomObjectInfo_Plugin.cxx
[6.641s] -- Up-to-date: C:/Users/SSAFY/Desktop/S10P22A209/catkin_ws/install/ssafy_msgs/include/ssafy_msgs/msg/dds_connext/CustomObjectInfo_Plugin.h
[6.641s] -- Up-to-date: C:/Users/SSAFY/Desktop/S10P22A209/catkin_ws/install/ssafy_msgs/include/ssafy_msgs/msg/dds_connext/CustomObjectInfo_Support.cxx
[6.641s] -- Up-to-date: C:/Users/SSAFY/Desktop/S10P22A209/catkin_ws/install/ssafy_msgs/include/ssafy_msgs/msg/dds_connext/CustomObjectInfo_Support.h
[6.641s] -- Up-to-date: C:/Users/SSAFY/Desktop/S10P22A209/catkin_ws/install/ssafy_msgs/include/ssafy_msgs/msg/dds_connext/EnviromentStatus_.cxx
[6.656s] -- Up-to-date: C:/Users/SSAFY/Desktop/S10P22A209/catkin_ws/install/ssafy_msgs/include/ssafy_msgs/msg/dds_connext/EnviromentStatus_.h
[6.656s] -- Up-to-date: C:/Users/SSAFY/Desktop/S10P22A209/catkin_ws/install/ssafy_msgs/include/ssafy_msgs/msg/dds_connext/EnviromentStatus_Plugin.cxx
[6.656s] -- Up-to-date: C:/Users/SSAFY/Desktop/S10P22A209/catkin_ws/install/ssafy_msgs/include/ssafy_msgs/msg/dds_connext/EnviromentStatus_Plugin.h
[6.656s] -- Up-to-date: C:/Users/SSAFY/Desktop/S10P22A209/catkin_ws/install/ssafy_msgs/include/ssafy_msgs/msg/dds_connext/EnviromentStatus_Support.cxx
[6.656s] -- Up-to-date: C:/Users/SSAFY/Desktop/S10P22A209/catkin_ws/install/ssafy_msgs/include/ssafy_msgs/msg/dds_connext/EnviromentStatus_Support.h
[6.656s] -- Up-to-date: C:/Users/SSAFY/Desktop/S10P22A209/catkin_ws/install/ssafy_msgs/include/ssafy_msgs/msg/dds_connext/HandControl_.cxx
[6.656s] -- Up-to-date: C:/Users/SSAFY/Desktop/S10P22A209/catkin_ws/install/ssafy_msgs/include/ssafy_msgs/msg/dds_connext/HandControl_.h
[6.656s] -- Up-to-date: C:/Users/SSAFY/Desktop/S10P22A209/catkin_ws/install/ssafy_msgs/include/ssafy_msgs/msg/dds_connext/HandControl_Plugin.cxx
[6.656s] -- Up-to-date: C:/Users/SSAFY/Desktop/S10P22A209/catkin_ws/install/ssafy_msgs/include/ssafy_msgs/msg/dds_connext/HandControl_Plugin.h
[6.656s] -- Up-to-date: C:/Users/SSAFY/Desktop/S10P22A209/catkin_ws/install/ssafy_msgs/include/ssafy_msgs/msg/dds_connext/HandControl_Support.cxx
[6.656s] -- Up-to-date: C:/Users/SSAFY/Desktop/S10P22A209/catkin_ws/install/ssafy_msgs/include/ssafy_msgs/msg/dds_connext/HandControl_Support.h
[6.656s] -- Up-to-date: C:/Users/SSAFY/Desktop/S10P22A209/catkin_ws/install/ssafy_msgs/include/ssafy_msgs/msg/dds_connext/Num_.cxx
[6.656s] -- Up-to-date: C:/Users/SSAFY/Desktop/S10P22A209/catkin_ws/install/ssafy_msgs/include/ssafy_msgs/msg/dds_connext/Num_.h
[6.656s] -- Up-to-date: C:/Users/SSAFY/Desktop/S10P22A209/catkin_ws/install/ssafy_msgs/include/ssafy_msgs/msg/dds_connext/Num_Plugin.cxx
[6.656s] -- Up-to-date: C:/Users/SSAFY/Desktop/S10P22A209/catkin_ws/install/ssafy_msgs/include/ssafy_msgs/msg/dds_connext/Num_Plugin.h
[6.656s] -- Up-to-date: C:/Users/SSAFY/Desktop/S10P22A209/catkin_ws/install/ssafy_msgs/include/ssafy_msgs/msg/dds_connext/Num_Support.cxx
[6.656s] -- Up-to-date: C:/Users/SSAFY/Desktop/S10P22A209/catkin_ws/install/ssafy_msgs/include/ssafy_msgs/msg/dds_connext/Num_Support.h
[6.656s] -- Up-to-date: C:/Users/SSAFY/Desktop/S10P22A209/catkin_ws/install/ssafy_msgs/include/ssafy_msgs/msg/dds_connext/ObjectInfo_.cxx
[6.656s] -- Up-to-date: C:/Users/SSAFY/Desktop/S10P22A209/catkin_ws/install/ssafy_msgs/include/ssafy_msgs/msg/dds_connext/ObjectInfo_.h
[6.656s] -- Up-to-date: C:/Users/SSAFY/Desktop/S10P22A209/catkin_ws/install/ssafy_msgs/include/ssafy_msgs/msg/dds_connext/ObjectInfo_Plugin.cxx
[6.656s] -- Up-to-date: C:/Users/SSAFY/Desktop/S10P22A209/catkin_ws/install/ssafy_msgs/include/ssafy_msgs/msg/dds_connext/ObjectInfo_Plugin.h
[6.656s] -- Up-to-date: C:/Users/SSAFY/Desktop/S10P22A209/catkin_ws/install/ssafy_msgs/include/ssafy_msgs/msg/dds_connext/ObjectInfo_Support.cxx
[6.656s] -- Up-to-date: C:/Users/SSAFY/Desktop/S10P22A209/catkin_ws/install/ssafy_msgs/include/ssafy_msgs/msg/dds_connext/ObjectInfo_Support.h
[6.656s] -- Up-to-date: C:/Users/SSAFY/Desktop/S10P22A209/catkin_ws/install/ssafy_msgs/include/ssafy_msgs/msg/dds_connext/TurtlebotStatus_.cxx
[6.656s] -- Up-to-date: C:/Users/SSAFY/Desktop/S10P22A209/catkin_ws/install/ssafy_msgs/include/ssafy_msgs/msg/dds_connext/TurtlebotStatus_.h
[6.672s] -- Up-to-date: C:/Users/SSAFY/Desktop/S10P22A209/catkin_ws/install/ssafy_msgs/include/ssafy_msgs/msg/dds_connext/TurtlebotStatus_Plugin.cxx
[6.672s] -- Up-to-date: C:/Users/SSAFY/Desktop/S10P22A209/catkin_ws/install/ssafy_msgs/include/ssafy_msgs/msg/dds_connext/TurtlebotStatus_Plugin.h
[6.672s] -- Up-to-date: C:/Users/SSAFY/Desktop/S10P22A209/catkin_ws/install/ssafy_msgs/include/ssafy_msgs/msg/dds_connext/TurtlebotStatus_Support.cxx
[6.672s] -- Up-to-date: C:/Users/SSAFY/Desktop/S10P22A209/catkin_ws/install/ssafy_msgs/include/ssafy_msgs/msg/dds_connext/TurtlebotStatus_Support.h
[6.672s] -- Up-to-date: C:/Users/SSAFY/Desktop/S10P22A209/catkin_ws/install/ssafy_msgs/include/ssafy_msgs/msg/enviroment_status__rosidl_typesupport_connext_cpp.hpp
[6.672s] -- Up-to-date: C:/Users/SSAFY/Desktop/S10P22A209/catkin_ws/install/ssafy_msgs/include/ssafy_msgs/msg/hand_control__rosidl_typesupport_connext_cpp.hpp
[6.672s] -- Up-to-date: C:/Users/SSAFY/Desktop/S10P22A209/catkin_ws/install/ssafy_msgs/include/ssafy_msgs/msg/num__rosidl_typesupport_connext_cpp.hpp
[6.672s] -- Up-to-date: C:/Users/SSAFY/Desktop/S10P22A209/catkin_ws/install/ssafy_msgs/include/ssafy_msgs/msg/object_info__rosidl_typesupport_connext_cpp.hpp
[6.672s] -- Up-to-date: C:/Users/SSAFY/Desktop/S10P22A209/catkin_ws/install/ssafy_msgs/include/ssafy_msgs/msg/rosidl_typesupport_connext_cpp__visibility_control.h
[6.672s] -- Up-to-date: C:/Users/SSAFY/Desktop/S10P22A209/catkin_ws/install/ssafy_msgs/include/ssafy_msgs/msg/turtlebot_status__rosidl_typesupport_connext_cpp.hpp
[6.672s] -- Up-to-date: C:/Users/SSAFY/Desktop/S10P22A209/catkin_ws/install/ssafy_msgs/lib/ssafy_msgs__rosidl_typesupport_connext_cpp.lib
[6.672s] -- Up-to-date: C:/Users/SSAFY/Desktop/S10P22A209/catkin_ws/install/ssafy_msgs/bin/ssafy_msgs__rosidl_typesupport_connext_cpp.dll
[6.672s] -- Up-to-date: C:/Users/SSAFY/Desktop/S10P22A209/catkin_ws/install/ssafy_msgs/include/ssafy_msgs
[6.672s] -- Up-to-date: C:/Users/SSAFY/Desktop/S10P22A209/catkin_ws/install/ssafy_msgs/include/ssafy_msgs/msg
[6.672s] -- Up-to-date: C:/Users/SSAFY/Desktop/S10P22A209/catkin_ws/install/ssafy_msgs/include/ssafy_msgs/msg/b_box.hpp
[6.672s] -- Up-to-date: C:/Users/SSAFY/Desktop/S10P22A209/catkin_ws/install/ssafy_msgs/include/ssafy_msgs/msg/b_box__struct.hpp
[6.672s] -- Up-to-date: C:/Users/SSAFY/Desktop/S10P22A209/catkin_ws/install/ssafy_msgs/include/ssafy_msgs/msg/b_box__traits.hpp
[6.672s] -- Up-to-date: C:/Users/SSAFY/Desktop/S10P22A209/catkin_ws/install/ssafy_msgs/include/ssafy_msgs/msg/custom_object_info.hpp
[6.672s] -- Up-to-date: C:/Users/SSAFY/Desktop/S10P22A209/catkin_ws/install/ssafy_msgs/include/ssafy_msgs/msg/custom_object_info__struct.hpp
[6.672s] -- Up-to-date: C:/Users/SSAFY/Desktop/S10P22A209/catkin_ws/install/ssafy_msgs/include/ssafy_msgs/msg/custom_object_info__traits.hpp
[6.672s] -- Up-to-date: C:/Users/SSAFY/Desktop/S10P22A209/catkin_ws/install/ssafy_msgs/include/ssafy_msgs/msg/enviroment_status.hpp
[6.672s] -- Up-to-date: C:/Users/SSAFY/Desktop/S10P22A209/catkin_ws/install/ssafy_msgs/include/ssafy_msgs/msg/enviroment_status__struct.hpp
[6.688s] -- Up-to-date: C:/Users/SSAFY/Desktop/S10P22A209/catkin_ws/install/ssafy_msgs/include/ssafy_msgs/msg/enviroment_status__traits.hpp
[6.688s] -- Up-to-date: C:/Users/SSAFY/Desktop/S10P22A209/catkin_ws/install/ssafy_msgs/include/ssafy_msgs/msg/hand_control.hpp
[6.688s] -- Up-to-date: C:/Users/SSAFY/Desktop/S10P22A209/catkin_ws/install/ssafy_msgs/include/ssafy_msgs/msg/hand_control__struct.hpp
[6.688s] -- Up-to-date: C:/Users/SSAFY/Desktop/S10P22A209/catkin_ws/install/ssafy_msgs/include/ssafy_msgs/msg/hand_control__traits.hpp
[6.688s] -- Up-to-date: C:/Users/SSAFY/Desktop/S10P22A209/catkin_ws/install/ssafy_msgs/include/ssafy_msgs/msg/num.hpp
[6.688s] -- Up-to-date: C:/Users/SSAFY/Desktop/S10P22A209/catkin_ws/install/ssafy_msgs/include/ssafy_msgs/msg/num__struct.hpp
[6.688s] -- Up-to-date: C:/Users/SSAFY/Desktop/S10P22A209/catkin_ws/install/ssafy_msgs/include/ssafy_msgs/msg/num__traits.hpp
[6.688s] -- Up-to-date: C:/Users/SSAFY/Desktop/S10P22A209/catkin_ws/install/ssafy_msgs/include/ssafy_msgs/msg/object_info.hpp
[6.688s] -- Up-to-date: C:/Users/SSAFY/Desktop/S10P22A209/catkin_ws/install/ssafy_msgs/include/ssafy_msgs/msg/object_info__struct.hpp
[6.688s] -- Up-to-date: C:/Users/SSAFY/Desktop/S10P22A209/catkin_ws/install/ssafy_msgs/include/ssafy_msgs/msg/object_info__traits.hpp
[6.688s] -- Up-to-date: C:/Users/SSAFY/Desktop/S10P22A209/catkin_ws/install/ssafy_msgs/include/ssafy_msgs/msg/turtlebot_status.hpp
[6.688s] -- Up-to-date: C:/Users/SSAFY/Desktop/S10P22A209/catkin_ws/install/ssafy_msgs/include/ssafy_msgs/msg/turtlebot_status__struct.hpp
[6.688s] -- Up-to-date: C:/Users/SSAFY/Desktop/S10P22A209/catkin_ws/install/ssafy_msgs/include/ssafy_msgs/msg/turtlebot_status__traits.hpp
[6.688s] -- Up-to-date: C:/Users/SSAFY/Desktop/S10P22A209/catkin_ws/install/ssafy_msgs/include/ssafy_msgs
[6.688s] -- Up-to-date: C:/Users/SSAFY/Desktop/S10P22A209/catkin_ws/install/ssafy_msgs/include/ssafy_msgs/msg
[6.688s] -- Up-to-date: C:/Users/SSAFY/Desktop/S10P22A209/catkin_ws/install/ssafy_msgs/include/ssafy_msgs/msg/b_box__rosidl_typesupport_fastrtps_c.h
[6.688s] -- Up-to-date: C:/Users/SSAFY/Desktop/S10P22A209/catkin_ws/install/ssafy_msgs/include/ssafy_msgs/msg/custom_object_info__rosidl_typesupport_fastrtps_c.h
[6.688s] -- Up-to-date: C:/Users/SSAFY/Desktop/S10P22A209/catkin_ws/install/ssafy_msgs/include/ssafy_msgs/msg/enviroment_status__rosidl_typesupport_fastrtps_c.h
[6.688s] -- Up-to-date: C:/Users/SSAFY/Desktop/S10P22A209/catkin_ws/install/ssafy_msgs/include/ssafy_msgs/msg/hand_control__rosidl_typesupport_fastrtps_c.h
[6.688s] -- Up-to-date: C:/Users/SSAFY/Desktop/S10P22A209/catkin_ws/install/ssafy_msgs/include/ssafy_msgs/msg/num__rosidl_typesupport_fastrtps_c.h
[6.688s] -- Up-to-date: C:/Users/SSAFY/Desktop/S10P22A209/catkin_ws/install/ssafy_msgs/include/ssafy_msgs/msg/object_info__rosidl_typesupport_fastrtps_c.h
[6.688s] -- Up-to-date: C:/Users/SSAFY/Desktop/S10P22A209/catkin_ws/install/ssafy_msgs/include/ssafy_msgs/msg/rosidl_typesupport_fastrtps_c__visibility_control.h
[6.688s] -- Up-to-date: C:/Users/SSAFY/Desktop/S10P22A209/catkin_ws/install/ssafy_msgs/include/ssafy_msgs/msg/turtlebot_status__rosidl_typesupport_fastrtps_c.h
[6.688s] -- Up-to-date: C:/Users/SSAFY/Desktop/S10P22A209/catkin_ws/install/ssafy_msgs/lib/ssafy_msgs__rosidl_typesupport_fastrtps_c.lib
[6.688s] -- Up-to-date: C:/Users/SSAFY/Desktop/S10P22A209/catkin_ws/install/ssafy_msgs/bin/ssafy_msgs__rosidl_typesupport_fastrtps_c.dll
[6.688s] -- Up-to-date: C:/Users/SSAFY/Desktop/S10P22A209/catkin_ws/install/ssafy_msgs/include/ssafy_msgs
[6.688s] -- Up-to-date: C:/Users/SSAFY/Desktop/S10P22A209/catkin_ws/install/ssafy_msgs/include/ssafy_msgs/msg
[6.688s] -- Up-to-date: C:/Users/SSAFY/Desktop/S10P22A209/catkin_ws/install/ssafy_msgs/include/ssafy_msgs/msg/b_box__rosidl_typesupport_fastrtps_cpp.hpp
[6.688s] -- Up-to-date: C:/Users/SSAFY/Desktop/S10P22A209/catkin_ws/install/ssafy_msgs/include/ssafy_msgs/msg/custom_object_info__rosidl_typesupport_fastrtps_cpp.hpp
[6.703s] -- Up-to-date: C:/Users/SSAFY/Desktop/S10P22A209/catkin_ws/install/ssafy_msgs/include/ssafy_msgs/msg/dds_fastrtps
[6.703s] -- Up-to-date: C:/Users/SSAFY/Desktop/S10P22A209/catkin_ws/install/ssafy_msgs/include/ssafy_msgs/msg/enviroment_status__rosidl_typesupport_fastrtps_cpp.hpp
[6.703s] -- Up-to-date: C:/Users/SSAFY/Desktop/S10P22A209/catkin_ws/install/ssafy_msgs/include/ssafy_msgs/msg/hand_control__rosidl_typesupport_fastrtps_cpp.hpp
[6.703s] -- Up-to-date: C:/Users/SSAFY/Desktop/S10P22A209/catkin_ws/install/ssafy_msgs/include/ssafy_msgs/msg/num__rosidl_typesupport_fastrtps_cpp.hpp
[6.703s] -- Up-to-date: C:/Users/SSAFY/Desktop/S10P22A209/catkin_ws/install/ssafy_msgs/include/ssafy_msgs/msg/object_info__rosidl_typesupport_fastrtps_cpp.hpp
[6.703s] -- Up-to-date: C:/Users/SSAFY/Desktop/S10P22A209/catkin_ws/install/ssafy_msgs/include/ssafy_msgs/msg/rosidl_typesupport_fastrtps_cpp__visibility_control.h
[6.703s] -- Up-to-date: C:/Users/SSAFY/Desktop/S10P22A209/catkin_ws/install/ssafy_msgs/include/ssafy_msgs/msg/turtlebot_status__rosidl_typesupport_fastrtps_cpp.hpp
[6.703s] -- Up-to-date: C:/Users/SSAFY/Desktop/S10P22A209/catkin_ws/install/ssafy_msgs/lib/ssafy_msgs__rosidl_typesupport_fastrtps_cpp.lib
[6.703s] -- Up-to-date: C:/Users/SSAFY/Desktop/S10P22A209/catkin_ws/install/ssafy_msgs/bin/ssafy_msgs__rosidl_typesupport_fastrtps_cpp.dll
[6.703s] -- Up-to-date: C:/Users/SSAFY/Desktop/S10P22A209/catkin_ws/install/ssafy_msgs/include/ssafy_msgs
[6.703s] -- Up-to-date: C:/Users/SSAFY/Desktop/S10P22A209/catkin_ws/install/ssafy_msgs/include/ssafy_msgs/msg
[6.703s] -- Up-to-date: C:/Users/SSAFY/Desktop/S10P22A209/catkin_ws/install/ssafy_msgs/include/ssafy_msgs/msg/b_box__rosidl_typesupport_introspection_c.h
[6.703s] -- Up-to-date: C:/Users/SSAFY/Desktop/S10P22A209/catkin_ws/install/ssafy_msgs/include/ssafy_msgs/msg/b_box__type_support.c
[6.703s] -- Up-to-date: C:/Users/SSAFY/Desktop/S10P22A209/catkin_ws/install/ssafy_msgs/include/ssafy_msgs/msg/custom_object_info__rosidl_typesupport_introspection_c.h
[6.703s] -- Up-to-date: C:/Users/SSAFY/Desktop/S10P22A209/catkin_ws/install/ssafy_msgs/include/ssafy_msgs/msg/custom_object_info__type_support.c
[6.703s] -- Up-to-date: C:/Users/SSAFY/Desktop/S10P22A209/catkin_ws/install/ssafy_msgs/include/ssafy_msgs/msg/enviroment_status__rosidl_typesupport_introspection_c.h
[6.703s] -- Up-to-date: C:/Users/SSAFY/Desktop/S10P22A209/catkin_ws/install/ssafy_msgs/include/ssafy_msgs/msg/enviroment_status__type_support.c
[6.703s] -- Up-to-date: C:/Users/SSAFY/Desktop/S10P22A209/catkin_ws/install/ssafy_msgs/include/ssafy_msgs/msg/hand_control__rosidl_typesupport_introspection_c.h
[6.703s] -- Up-to-date: C:/Users/SSAFY/Desktop/S10P22A209/catkin_ws/install/ssafy_msgs/include/ssafy_msgs/msg/hand_control__type_support.c
[6.703s] -- Up-to-date: C:/Users/SSAFY/Desktop/S10P22A209/catkin_ws/install/ssafy_msgs/include/ssafy_msgs/msg/num__rosidl_typesupport_introspection_c.h
[6.703s] -- Up-to-date: C:/Users/SSAFY/Desktop/S10P22A209/catkin_ws/install/ssafy_msgs/include/ssafy_msgs/msg/num__type_support.c
[6.703s] -- Up-to-date: C:/Users/SSAFY/Desktop/S10P22A209/catkin_ws/install/ssafy_msgs/include/ssafy_msgs/msg/object_info__rosidl_typesupport_introspection_c.h
[6.703s] -- Up-to-date: C:/Users/SSAFY/Desktop/S10P22A209/catkin_ws/install/ssafy_msgs/include/ssafy_msgs/msg/object_info__type_support.c
[6.703s] -- Up-to-date: C:/Users/SSAFY/Desktop/S10P22A209/catkin_ws/install/ssafy_msgs/include/ssafy_msgs/msg/rosidl_typesupport_introspection_c__visibility_control.h
[6.703s] -- Up-to-date: C:/Users/SSAFY/Desktop/S10P22A209/catkin_ws/install/ssafy_msgs/include/ssafy_msgs/msg/turtlebot_status__rosidl_typesupport_introspection_c.h
[6.703s] -- Up-to-date: C:/Users/SSAFY/Desktop/S10P22A209/catkin_ws/install/ssafy_msgs/include/ssafy_msgs/msg/turtlebot_status__type_support.c
[6.703s] -- Up-to-date: C:/Users/SSAFY/Desktop/S10P22A209/catkin_ws/install/ssafy_msgs/lib/ssafy_msgs__rosidl_typesupport_introspection_c.lib
[6.719s] -- Up-to-date: C:/Users/SSAFY/Desktop/S10P22A209/catkin_ws/install/ssafy_msgs/bin/ssafy_msgs__rosidl_typesupport_introspection_c.dll
[6.719s] -- Up-to-date: C:/Users/SSAFY/Desktop/S10P22A209/catkin_ws/install/ssafy_msgs/include/ssafy_msgs
[6.719s] -- Up-to-date: C:/Users/SSAFY/Desktop/S10P22A209/catkin_ws/install/ssafy_msgs/include/ssafy_msgs/msg
[6.719s] -- Up-to-date: C:/Users/SSAFY/Desktop/S10P22A209/catkin_ws/install/ssafy_msgs/include/ssafy_msgs/msg/b_box__rosidl_typesupport_opensplice_c.h
[6.719s] -- Up-to-date: C:/Users/SSAFY/Desktop/S10P22A209/catkin_ws/install/ssafy_msgs/include/ssafy_msgs/msg/custom_object_info__rosidl_typesupport_opensplice_c.h
[6.719s] -- Up-to-date: C:/Users/SSAFY/Desktop/S10P22A209/catkin_ws/install/ssafy_msgs/include/ssafy_msgs/msg/dds_opensplice_c
[6.719s] -- Up-to-date: C:/Users/SSAFY/Desktop/S10P22A209/catkin_ws/install/ssafy_msgs/include/ssafy_msgs/msg/enviroment_status__rosidl_typesupport_opensplice_c.h
[6.719s] -- Up-to-date: C:/Users/SSAFY/Desktop/S10P22A209/catkin_ws/install/ssafy_msgs/include/ssafy_msgs/msg/hand_control__rosidl_typesupport_opensplice_c.h
[6.719s] -- Up-to-date: C:/Users/SSAFY/Desktop/S10P22A209/catkin_ws/install/ssafy_msgs/include/ssafy_msgs/msg/num__rosidl_typesupport_opensplice_c.h
[6.719s] -- Up-to-date: C:/Users/SSAFY/Desktop/S10P22A209/catkin_ws/install/ssafy_msgs/include/ssafy_msgs/msg/object_info__rosidl_typesupport_opensplice_c.h
[6.719s] -- Up-to-date: C:/Users/SSAFY/Desktop/S10P22A209/catkin_ws/install/ssafy_msgs/include/ssafy_msgs/msg/rosidl_typesupport_opensplice_c__visibility_control.h
[6.719s] -- Up-to-date: C:/Users/SSAFY/Desktop/S10P22A209/catkin_ws/install/ssafy_msgs/include/ssafy_msgs/msg/turtlebot_status__rosidl_typesupport_opensplice_c.h
[6.719s] -- Up-to-date: C:/Users/SSAFY/Desktop/S10P22A209/catkin_ws/install/ssafy_msgs/lib/ssafy_msgs__rosidl_typesupport_opensplice_c.lib
[6.719s] -- Up-to-date: C:/Users/SSAFY/Desktop/S10P22A209/catkin_ws/install/ssafy_msgs/bin/ssafy_msgs__rosidl_typesupport_opensplice_c.dll
[6.719s] -- Up-to-date: C:/Users/SSAFY/Desktop/S10P22A209/catkin_ws/install/ssafy_msgs/share/ssafy_msgs/msg/dds_opensplice
[6.719s] -- Up-to-date: C:/Users/SSAFY/Desktop/S10P22A209/catkin_ws/install/ssafy_msgs/share/ssafy_msgs/msg/dds_opensplice/BBox_.idl
[6.719s] -- Up-to-date: C:/Users/SSAFY/Desktop/S10P22A209/catkin_ws/install/ssafy_msgs/share/ssafy_msgs/msg/dds_opensplice/CustomObjectInfo_.idl
[6.719s] -- Up-to-date: C:/Users/SSAFY/Desktop/S10P22A209/catkin_ws/install/ssafy_msgs/share/ssafy_msgs/msg/dds_opensplice/EnviromentStatus_.idl
[6.719s] -- Up-to-date: C:/Users/SSAFY/Desktop/S10P22A209/catkin_ws/install/ssafy_msgs/share/ssafy_msgs/msg/dds_opensplice/HandControl_.idl
[6.719s] -- Up-to-date: C:/Users/SSAFY/Desktop/S10P22A209/catkin_ws/install/ssafy_msgs/share/ssafy_msgs/msg/dds_opensplice/Num_.idl
[6.719s] -- Up-to-date: C:/Users/SSAFY/Desktop/S10P22A209/catkin_ws/install/ssafy_msgs/share/ssafy_msgs/msg/dds_opensplice/ObjectInfo_.idl
[6.719s] -- Up-to-date: C:/Users/SSAFY/Desktop/S10P22A209/catkin_ws/install/ssafy_msgs/share/ssafy_msgs/msg/dds_opensplice/TurtlebotStatus_.idl
[6.719s] -- Up-to-date: C:/Users/SSAFY/Desktop/S10P22A209/catkin_ws/install/ssafy_msgs/include/ssafy_msgs
[6.719s] -- Up-to-date: C:/Users/SSAFY/Desktop/S10P22A209/catkin_ws/install/ssafy_msgs/include/ssafy_msgs/msg
[6.719s] -- Up-to-date: C:/Users/SSAFY/Desktop/S10P22A209/catkin_ws/install/ssafy_msgs/include/ssafy_msgs/msg/b_box__rosidl_typesupport_opensplice_cpp.hpp
[6.719s] -- Up-to-date: C:/Users/SSAFY/Desktop/S10P22A209/catkin_ws/install/ssafy_msgs/include/ssafy_msgs/msg/custom_object_info__rosidl_typesupport_opensplice_cpp.hpp
[6.719s] -- Up-to-date: C:/Users/SSAFY/Desktop/S10P22A209/catkin_ws/install/ssafy_msgs/include/ssafy_msgs/msg/dds_opensplice
[6.719s] -- Up-to-date: C:/Users/SSAFY/Desktop/S10P22A209/catkin_ws/install/ssafy_msgs/include/ssafy_msgs/msg/dds_opensplice/BBox_.h
[6.719s] -- Up-to-date: C:/Users/SSAFY/Desktop/S10P22A209/catkin_ws/install/ssafy_msgs/include/ssafy_msgs/msg/dds_opensplice/BBox_Dcps.h
[6.719s] -- Up-to-date: C:/Users/SSAFY/Desktop/S10P22A209/catkin_ws/install/ssafy_msgs/include/ssafy_msgs/msg/dds_opensplice/BBox_Dcps_impl.h
[6.719s] -- Up-to-date: C:/Users/SSAFY/Desktop/S10P22A209/catkin_ws/install/ssafy_msgs/include/ssafy_msgs/msg/dds_opensplice/BBox_SplDcps.h
[6.719s] -- Up-to-date: C:/Users/SSAFY/Desktop/S10P22A209/catkin_ws/install/ssafy_msgs/include/ssafy_msgs/msg/dds_opensplice/ccpp_BBox_.h
[6.719s] -- Up-to-date: C:/Users/SSAFY/Desktop/S10P22A209/catkin_ws/install/ssafy_msgs/include/ssafy_msgs/msg/dds_opensplice/ccpp_CustomObjectInfo_.h
[6.734s] -- Up-to-date: C:/Users/SSAFY/Desktop/S10P22A209/catkin_ws/install/ssafy_msgs/include/ssafy_msgs/msg/dds_opensplice/ccpp_EnviromentStatus_.h
[6.734s] -- Up-to-date: C:/Users/SSAFY/Desktop/S10P22A209/catkin_ws/install/ssafy_msgs/include/ssafy_msgs/msg/dds_opensplice/ccpp_HandControl_.h
[6.734s] -- Up-to-date: C:/Users/SSAFY/Desktop/S10P22A209/catkin_ws/install/ssafy_msgs/include/ssafy_msgs/msg/dds_opensplice/ccpp_Num_.h
[6.734s] -- Up-to-date: C:/Users/SSAFY/Desktop/S10P22A209/catkin_ws/install/ssafy_msgs/include/ssafy_msgs/msg/dds_opensplice/ccpp_ObjectInfo_.h
[6.734s] -- Up-to-date: C:/Users/SSAFY/Desktop/S10P22A209/catkin_ws/install/ssafy_msgs/include/ssafy_msgs/msg/dds_opensplice/ccpp_TurtlebotStatus_.h
[6.734s] -- Up-to-date: C:/Users/SSAFY/Desktop/S10P22A209/catkin_ws/install/ssafy_msgs/include/ssafy_msgs/msg/dds_opensplice/CustomObjectInfo_.h
[6.734s] -- Up-to-date: C:/Users/SSAFY/Desktop/S10P22A209/catkin_ws/install/ssafy_msgs/include/ssafy_msgs/msg/dds_opensplice/CustomObjectInfo_Dcps.h
[6.734s] -- Up-to-date: C:/Users/SSAFY/Desktop/S10P22A209/catkin_ws/install/ssafy_msgs/include/ssafy_msgs/msg/dds_opensplice/CustomObjectInfo_Dcps_impl.h
[6.734s] -- Up-to-date: C:/Users/SSAFY/Desktop/S10P22A209/catkin_ws/install/ssafy_msgs/include/ssafy_msgs/msg/dds_opensplice/CustomObjectInfo_SplDcps.h
[6.734s] -- Up-to-date: C:/Users/SSAFY/Desktop/S10P22A209/catkin_ws/install/ssafy_msgs/include/ssafy_msgs/msg/dds_opensplice/EnviromentStatus_.h
[6.734s] -- Up-to-date: C:/Users/SSAFY/Desktop/S10P22A209/catkin_ws/install/ssafy_msgs/include/ssafy_msgs/msg/dds_opensplice/EnviromentStatus_Dcps.h
[6.734s] -- Up-to-date: C:/Users/SSAFY/Desktop/S10P22A209/catkin_ws/install/ssafy_msgs/include/ssafy_msgs/msg/dds_opensplice/EnviromentStatus_Dcps_impl.h
[6.734s] -- Up-to-date: C:/Users/SSAFY/Desktop/S10P22A209/catkin_ws/install/ssafy_msgs/include/ssafy_msgs/msg/dds_opensplice/EnviromentStatus_SplDcps.h
[6.734s] -- Up-to-date: C:/Users/SSAFY/Desktop/S10P22A209/catkin_ws/install/ssafy_msgs/include/ssafy_msgs/msg/dds_opensplice/HandControl_.h
[6.734s] -- Up-to-date: C:/Users/SSAFY/Desktop/S10P22A209/catkin_ws/install/ssafy_msgs/include/ssafy_msgs/msg/dds_opensplice/HandControl_Dcps.h
[6.734s] -- Up-to-date: C:/Users/SSAFY/Desktop/S10P22A209/catkin_ws/install/ssafy_msgs/include/ssafy_msgs/msg/dds_opensplice/HandControl_Dcps_impl.h
[6.734s] -- Up-to-date: C:/Users/SSAFY/Desktop/S10P22A209/catkin_ws/install/ssafy_msgs/include/ssafy_msgs/msg/dds_opensplice/HandControl_SplDcps.h
[6.734s] -- Up-to-date: C:/Users/SSAFY/Desktop/S10P22A209/catkin_ws/install/ssafy_msgs/include/ssafy_msgs/msg/dds_opensplice/Num_.h
[6.734s] -- Up-to-date: C:/Users/SSAFY/Desktop/S10P22A209/catkin_ws/install/ssafy_msgs/include/ssafy_msgs/msg/dds_opensplice/Num_Dcps.h
[6.734s] -- Up-to-date: C:/Users/SSAFY/Desktop/S10P22A209/catkin_ws/install/ssafy_msgs/include/ssafy_msgs/msg/dds_opensplice/Num_Dcps_impl.h
[6.734s] -- Up-to-date: C:/Users/SSAFY/Desktop/S10P22A209/catkin_ws/install/ssafy_msgs/include/ssafy_msgs/msg/dds_opensplice/Num_SplDcps.h
[6.734s] -- Up-to-date: C:/Users/SSAFY/Desktop/S10P22A209/catkin_ws/install/ssafy_msgs/include/ssafy_msgs/msg/dds_opensplice/ObjectInfo_.h
[6.734s] -- Up-to-date: C:/Users/SSAFY/Desktop/S10P22A209/catkin_ws/install/ssafy_msgs/include/ssafy_msgs/msg/dds_opensplice/ObjectInfo_Dcps.h
[6.734s] -- Up-to-date: C:/Users/SSAFY/Desktop/S10P22A209/catkin_ws/install/ssafy_msgs/include/ssafy_msgs/msg/dds_opensplice/ObjectInfo_Dcps_impl.h
[6.734s] -- Up-to-date: C:/Users/SSAFY/Desktop/S10P22A209/catkin_ws/install/ssafy_msgs/include/ssafy_msgs/msg/dds_opensplice/ObjectInfo_SplDcps.h
[6.734s] -- Up-to-date: C:/Users/SSAFY/Desktop/S10P22A209/catkin_ws/install/ssafy_msgs/include/ssafy_msgs/msg/dds_opensplice/TurtlebotStatus_.h
[6.734s] -- Up-to-date: C:/Users/SSAFY/Desktop/S10P22A209/catkin_ws/install/ssafy_msgs/include/ssafy_msgs/msg/dds_opensplice/TurtlebotStatus_Dcps.h
[6.734s] -- Up-to-date: C:/Users/SSAFY/Desktop/S10P22A209/catkin_ws/install/ssafy_msgs/include/ssafy_msgs/msg/dds_opensplice/TurtlebotStatus_Dcps_impl.h
[6.734s] -- Up-to-date: C:/Users/SSAFY/Desktop/S10P22A209/catkin_ws/install/ssafy_msgs/include/ssafy_msgs/msg/dds_opensplice/TurtlebotStatus_SplDcps.h
[6.734s] -- Up-to-date: C:/Users/SSAFY/Desktop/S10P22A209/catkin_ws/install/ssafy_msgs/include/ssafy_msgs/msg/enviroment_status__rosidl_typesupport_opensplice_cpp.hpp
[6.734s] -- Up-to-date: C:/Users/SSAFY/Desktop/S10P22A209/catkin_ws/install/ssafy_msgs/include/ssafy_msgs/msg/hand_control__rosidl_typesupport_opensplice_cpp.hpp
[6.734s] -- Up-to-date: C:/Users/SSAFY/Desktop/S10P22A209/catkin_ws/install/ssafy_msgs/include/ssafy_msgs/msg/num__rosidl_typesupport_opensplice_cpp.hpp
[6.734s] -- Up-to-date: C:/Users/SSAFY/Desktop/S10P22A209/catkin_ws/install/ssafy_msgs/include/ssafy_msgs/msg/object_info__rosidl_typesupport_opensplice_cpp.hpp
[6.734s] -- Up-to-date: C:/Users/SSAFY/Desktop/S10P22A209/catkin_ws/install/ssafy_msgs/include/ssafy_msgs/msg/rosidl_typesupport_opensplice_cpp__visibility_control.h
[6.734s] -- Up-to-date: C:/Users/SSAFY/Desktop/S10P22A209/catkin_ws/install/ssafy_msgs/include/ssafy_msgs/msg/turtlebot_status__rosidl_typesupport_opensplice_cpp.hpp
[6.750s] -- Up-to-date: C:/Users/SSAFY/Desktop/S10P22A209/catkin_ws/install/ssafy_msgs/lib/ssafy_msgs__rosidl_typesupport_opensplice_cpp.lib
[6.750s] -- Up-to-date: C:/Users/SSAFY/Desktop/S10P22A209/catkin_ws/install/ssafy_msgs/bin/ssafy_msgs__rosidl_typesupport_opensplice_cpp.dll
[6.750s] -- Up-to-date: C:/Users/SSAFY/Desktop/S10P22A209/catkin_ws/install/ssafy_msgs/include/ssafy_msgs
[6.750s] -- Up-to-date: C:/Users/SSAFY/Desktop/S10P22A209/catkin_ws/install/ssafy_msgs/include/ssafy_msgs/msg
[6.750s] -- Up-to-date: C:/Users/SSAFY/Desktop/S10P22A209/catkin_ws/install/ssafy_msgs/include/ssafy_msgs/msg/b_box__rosidl_typesupport_introspection_cpp.hpp
[6.750s] -- Up-to-date: C:/Users/SSAFY/Desktop/S10P22A209/catkin_ws/install/ssafy_msgs/include/ssafy_msgs/msg/b_box__type_support.cpp
[6.750s] -- Up-to-date: C:/Users/SSAFY/Desktop/S10P22A209/catkin_ws/install/ssafy_msgs/include/ssafy_msgs/msg/custom_object_info__rosidl_typesupport_introspection_cpp.hpp
[6.750s] -- Up-to-date: C:/Users/SSAFY/Desktop/S10P22A209/catkin_ws/install/ssafy_msgs/include/ssafy_msgs/msg/custom_object_info__type_support.cpp
[6.750s] -- Up-to-date: C:/Users/SSAFY/Desktop/S10P22A209/catkin_ws/install/ssafy_msgs/include/ssafy_msgs/msg/enviroment_status__rosidl_typesupport_introspection_cpp.hpp
[6.750s] -- Up-to-date: C:/Users/SSAFY/Desktop/S10P22A209/catkin_ws/install/ssafy_msgs/include/ssafy_msgs/msg/enviroment_status__type_support.cpp
[6.750s] -- Up-to-date: C:/Users/SSAFY/Desktop/S10P22A209/catkin_ws/install/ssafy_msgs/include/ssafy_msgs/msg/hand_control__rosidl_typesupport_introspection_cpp.hpp
[6.750s] -- Up-to-date: C:/Users/SSAFY/Desktop/S10P22A209/catkin_ws/install/ssafy_msgs/include/ssafy_msgs/msg/hand_control__type_support.cpp
[6.750s] -- Up-to-date: C:/Users/SSAFY/Desktop/S10P22A209/catkin_ws/install/ssafy_msgs/include/ssafy_msgs/msg/num__rosidl_typesupport_introspection_cpp.hpp
[6.750s] -- Up-to-date: C:/Users/SSAFY/Desktop/S10P22A209/catkin_ws/install/ssafy_msgs/include/ssafy_msgs/msg/num__type_support.cpp
[6.750s] -- Up-to-date: C:/Users/SSAFY/Desktop/S10P22A209/catkin_ws/install/ssafy_msgs/include/ssafy_msgs/msg/object_info__rosidl_typesupport_introspection_cpp.hpp
[6.750s] -- Up-to-date: C:/Users/SSAFY/Desktop/S10P22A209/catkin_ws/install/ssafy_msgs/include/ssafy_msgs/msg/object_info__type_support.cpp
[6.750s] -- Up-to-date: C:/Users/SSAFY/Desktop/S10P22A209/catkin_ws/install/ssafy_msgs/include/ssafy_msgs/msg/turtlebot_status__rosidl_typesupport_introspection_cpp.hpp
[6.750s] -- Up-to-date: C:/Users/SSAFY/Desktop/S10P22A209/catkin_ws/install/ssafy_msgs/include/ssafy_msgs/msg/turtlebot_status__type_support.cpp
[6.750s] -- Up-to-date: C:/Users/SSAFY/Desktop/S10P22A209/catkin_ws/install/ssafy_msgs/lib/ssafy_msgs__rosidl_typesupport_introspection_cpp.lib
[6.750s] -- Up-to-date: C:/Users/SSAFY/Desktop/S10P22A209/catkin_ws/install/ssafy_msgs/bin/ssafy_msgs__rosidl_typesupport_introspection_cpp.dll
[6.750s] -- Up-to-date: C:/Users/SSAFY/Desktop/S10P22A209/catkin_ws/install/ssafy_msgs/share/ssafy_msgs/environment/pythonpath.bat
[6.750s] -- Up-to-date: C:/Users/SSAFY/Desktop/S10P22A209/catkin_ws/install/ssafy_msgs/share/ssafy_msgs/environment/pythonpath.dsv
[6.750s] -- Up-to-date: C:/Users/SSAFY/Desktop/S10P22A209/catkin_ws/install/ssafy_msgs/Lib/site-packages/ssafy_msgs/__init__.py
[6.844s] -- Up-to-date: C:/Users/SSAFY/Desktop/S10P22A209/catkin_ws/install/ssafy_msgs/Lib/site-packages/ssafy_msgs/msg
[6.844s] -- Up-to-date: C:/Users/SSAFY/Desktop/S10P22A209/catkin_ws/install/ssafy_msgs/Lib/site-packages/ssafy_msgs/msg/_b_box.py
[6.844s] -- Up-to-date: C:/Users/SSAFY/Desktop/S10P22A209/catkin_ws/install/ssafy_msgs/Lib/site-packages/ssafy_msgs/msg/_b_box_s.c
[6.844s] -- Up-to-date: C:/Users/SSAFY/Desktop/S10P22A209/catkin_ws/install/ssafy_msgs/Lib/site-packages/ssafy_msgs/msg/_custom_object_info.py
[6.844s] -- Up-to-date: C:/Users/SSAFY/Desktop/S10P22A209/catkin_ws/install/ssafy_msgs/Lib/site-packages/ssafy_msgs/msg/_custom_object_info_s.c
[6.844s] -- Up-to-date: C:/Users/SSAFY/Desktop/S10P22A209/catkin_ws/install/ssafy_msgs/Lib/site-packages/ssafy_msgs/msg/_enviroment_status.py
[6.844s] -- Up-to-date: C:/Users/SSAFY/Desktop/S10P22A209/catkin_ws/install/ssafy_msgs/Lib/site-packages/ssafy_msgs/msg/_enviroment_status_s.c
[6.844s] -- Up-to-date: C:/Users/SSAFY/Desktop/S10P22A209/catkin_ws/install/ssafy_msgs/Lib/site-packages/ssafy_msgs/msg/_hand_control.py
[6.844s] -- Up-to-date: C:/Users/SSAFY/Desktop/S10P22A209/catkin_ws/install/ssafy_msgs/Lib/site-packages/ssafy_msgs/msg/_hand_control_s.c
[6.844s] -- Up-to-date: C:/Users/SSAFY/Desktop/S10P22A209/catkin_ws/install/ssafy_msgs/Lib/site-packages/ssafy_msgs/msg/_num.py
[6.844s] -- Up-to-date: C:/Users/SSAFY/Desktop/S10P22A209/catkin_ws/install/ssafy_msgs/Lib/site-packages/ssafy_msgs/msg/_num_s.c
[6.844s] -- Up-to-date: C:/Users/SSAFY/Desktop/S10P22A209/catkin_ws/install/ssafy_msgs/Lib/site-packages/ssafy_msgs/msg/_object_info.py
[6.844s] -- Up-to-date: C:/Users/SSAFY/Desktop/S10P22A209/catkin_ws/install/ssafy_msgs/Lib/site-packages/ssafy_msgs/msg/_object_info_s.c
[6.844s] -- Up-to-date: C:/Users/SSAFY/Desktop/S10P22A209/catkin_ws/install/ssafy_msgs/Lib/site-packages/ssafy_msgs/msg/_turtlebot_status.py
[6.844s] -- Up-to-date: C:/Users/SSAFY/Desktop/S10P22A209/catkin_ws/install/ssafy_msgs/Lib/site-packages/ssafy_msgs/msg/_turtlebot_status_s.c
[6.844s] -- Up-to-date: C:/Users/SSAFY/Desktop/S10P22A209/catkin_ws/install/ssafy_msgs/Lib/site-packages/ssafy_msgs/msg/__init__.py
[6.844s] -- Up-to-date: C:/Users/SSAFY/Desktop/S10P22A209/catkin_ws/install/ssafy_msgs/Lib/site-packages/ssafy_msgs/ssafy_msgs_s__rosidl_typesupport_c.lib
[6.844s] -- Up-to-date: C:/Users/SSAFY/Desktop/S10P22A209/catkin_ws/install/ssafy_msgs/Lib/site-packages/ssafy_msgs/ssafy_msgs_s__rosidl_typesupport_c.pyd
[6.859s] -- Up-to-date: C:/Users/SSAFY/Desktop/S10P22A209/catkin_ws/install/ssafy_msgs/Lib/site-packages/ssafy_msgs/ssafy_msgs_s__rosidl_typesupport_connext_c.lib
[6.859s] -- Up-to-date: C:/Users/SSAFY/Desktop/S10P22A209/catkin_ws/install/ssafy_msgs/Lib/site-packages/ssafy_msgs/ssafy_msgs_s__rosidl_typesupport_connext_c.pyd
[6.859s] -- Up-to-date: C:/Users/SSAFY/Desktop/S10P22A209/catkin_ws/install/ssafy_msgs/Lib/site-packages/ssafy_msgs/ssafy_msgs_s__rosidl_typesupport_introspection_c.lib
[6.859s] -- Up-to-date: C:/Users/SSAFY/Desktop/S10P22A209/catkin_ws/install/ssafy_msgs/Lib/site-packages/ssafy_msgs/ssafy_msgs_s__rosidl_typesupport_introspection_c.pyd
[6.859s] -- Up-to-date: C:/Users/SSAFY/Desktop/S10P22A209/catkin_ws/install/ssafy_msgs/Lib/site-packages/ssafy_msgs/ssafy_msgs_s__rosidl_typesupport_fastrtps_c.lib
[6.859s] -- Up-to-date: C:/Users/SSAFY/Desktop/S10P22A209/catkin_ws/install/ssafy_msgs/Lib/site-packages/ssafy_msgs/ssafy_msgs_s__rosidl_typesupport_fastrtps_c.pyd
[6.859s] -- Up-to-date: C:/Users/SSAFY/Desktop/S10P22A209/catkin_ws/install/ssafy_msgs/Lib/site-packages/ssafy_msgs/ssafy_msgs_s__rosidl_typesupport_opensplice_c.lib
[6.859s] -- Up-to-date: C:/Users/SSAFY/Desktop/S10P22A209/catkin_ws/install/ssafy_msgs/Lib/site-packages/ssafy_msgs/ssafy_msgs_s__rosidl_typesupport_opensplice_c.pyd
[6.859s] -- Up-to-date: C:/Users/SSAFY/Desktop/S10P22A209/catkin_ws/install/ssafy_msgs/lib/ssafy_msgs__python.lib
[6.859s] -- Up-to-date: C:/Users/SSAFY/Desktop/S10P22A209/catkin_ws/install/ssafy_msgs/bin/ssafy_msgs__python.dll
[6.859s] -- Up-to-date: C:/Users/SSAFY/Desktop/S10P22A209/catkin_ws/install/ssafy_msgs/share/ssafy_msgs/msg/Num.idl
[6.859s] -- Up-to-date: C:/Users/SSAFY/Desktop/S10P22A209/catkin_ws/install/ssafy_msgs/share/ssafy_msgs/msg/EnviromentStatus.idl
[6.859s] -- Up-to-date: C:/Users/SSAFY/Desktop/S10P22A209/catkin_ws/install/ssafy_msgs/share/ssafy_msgs/msg/TurtlebotStatus.idl
[6.859s] -- Up-to-date: C:/Users/SSAFY/Desktop/S10P22A209/catkin_ws/install/ssafy_msgs/share/ssafy_msgs/msg/BBox.idl
[6.859s] -- Up-to-date: C:/Users/SSAFY/Desktop/S10P22A209/catkin_ws/install/ssafy_msgs/share/ssafy_msgs/msg/ObjectInfo.idl
[6.859s] -- Up-to-date: C:/Users/SSAFY/Desktop/S10P22A209/catkin_ws/install/ssafy_msgs/share/ssafy_msgs/msg/HandControl.idl
[6.859s] -- Up-to-date: C:/Users/SSAFY/Desktop/S10P22A209/catkin_ws/install/ssafy_msgs/share/ssafy_msgs/msg/CustomObjectInfo.idl
[6.859s] -- Up-to-date: C:/Users/SSAFY/Desktop/S10P22A209/catkin_ws/install/ssafy_msgs/share/ssafy_msgs/msg/Num.msg
[6.859s] -- Up-to-date: C:/Users/SSAFY/Desktop/S10P22A209/catkin_ws/install/ssafy_msgs/share/ssafy_msgs/msg/EnviromentStatus.msg
[6.859s] -- Up-to-date: C:/Users/SSAFY/Desktop/S10P22A209/catkin_ws/install/ssafy_msgs/share/ssafy_msgs/msg/TurtlebotStatus.msg
[6.859s] -- Up-to-date: C:/Users/SSAFY/Desktop/S10P22A209/catkin_ws/install/ssafy_msgs/share/ssafy_msgs/msg/BBox.msg
[6.859s] -- Up-to-date: C:/Users/SSAFY/Desktop/S10P22A209/catkin_ws/install/ssafy_msgs/share/ssafy_msgs/msg/ObjectInfo.msg
[6.859s] -- Up-to-date: C:/Users/SSAFY/Desktop/S10P22A209/catkin_ws/install/ssafy_msgs/share/ssafy_msgs/msg/HandControl.msg
[6.875s] -- Up-to-date: C:/Users/SSAFY/Desktop/S10P22A209/catkin_ws/install/ssafy_msgs/share/ssafy_msgs/msg/CustomObjectInfo.msg
[6.875s] -- Up-to-date: C:/Users/SSAFY/Desktop/S10P22A209/catkin_ws/install/ssafy_msgs/share/ament_index/resource_index/package_run_dependencies/ssafy_msgs
[6.875s] -- Up-to-date: C:/Users/SSAFY/Desktop/S10P22A209/catkin_ws/install/ssafy_msgs/share/ament_index/resource_index/parent_prefix_path/ssafy_msgs
[6.875s] -- Up-to-date: C:/Users/SSAFY/Desktop/S10P22A209/catkin_ws/install/ssafy_msgs/share/ssafy_msgs/environment/ament_prefix_path.bat
[6.875s] -- Up-to-date: C:/Users/SSAFY/Desktop/S10P22A209/catkin_ws/install/ssafy_msgs/share/ssafy_msgs/environment/ament_prefix_path.dsv
[6.875s] -- Up-to-date: C:/Users/SSAFY/Desktop/S10P22A209/catkin_ws/install/ssafy_msgs/share/ssafy_msgs/environment/path.bat
[6.875s] -- Up-to-date: C:/Users/SSAFY/Desktop/S10P22A209/catkin_ws/install/ssafy_msgs/share/ssafy_msgs/environment/path.dsv
[6.875s] -- Up-to-date: C:/Users/SSAFY/Desktop/S10P22A209/catkin_ws/install/ssafy_msgs/share/ssafy_msgs/local_setup.bat
[6.875s] -- Up-to-date: C:/Users/SSAFY/Desktop/S10P22A209/catkin_ws/install/ssafy_msgs/share/ssafy_msgs/local_setup.dsv
[6.875s] -- Installing: C:/Users/SSAFY/Desktop/S10P22A209/catkin_ws/install/ssafy_msgs/share/ssafy_msgs/package.dsv
[6.875s] -- Up-to-date: C:/Users/SSAFY/Desktop/S10P22A209/catkin_ws/install/ssafy_msgs/share/ament_index/resource_index/packages/ssafy_msgs
[6.875s] -- Up-to-date: C:/Users/SSAFY/Desktop/S10P22A209/catkin_ws/install/ssafy_msgs/share/ssafy_msgs/cmake/rosidl_cmake-extras.cmake
[6.875s] -- Up-to-date: C:/Users/SSAFY/Desktop/S10P22A209/catkin_ws/install/ssafy_msgs/share/ssafy_msgs/cmake/ament_cmake_export_dependencies-extras.cmake
[6.875s] -- Up-to-date: C:/Users/SSAFY/Desktop/S10P22A209/catkin_ws/install/ssafy_msgs/share/ssafy_msgs/cmake/ament_cmake_export_libraries-extras.cmake
[6.875s] -- Up-to-date: C:/Users/SSAFY/Desktop/S10P22A209/catkin_ws/install/ssafy_msgs/share/ssafy_msgs/cmake/ament_cmake_export_include_directories-extras.cmake
[6.875s] -- Up-to-date: C:/Users/SSAFY/Desktop/S10P22A209/catkin_ws/install/ssafy_msgs/share/ssafy_msgs/cmake/rosidl_cmake_export_typesupport_libraries-extras.cmake
[6.875s] -- Up-to-date: C:/Users/SSAFY/Desktop/S10P22A209/catkin_ws/install/ssafy_msgs/share/ssafy_msgs/cmake/ssafy_msgsConfig.cmake
[6.875s] -- Up-to-date: C:/Users/SSAFY/Desktop/S10P22A209/catkin_ws/install/ssafy_msgs/share/ssafy_msgs/cmake/ssafy_msgsConfig-version.cmake
[6.875s] -- Up-to-date: C:/Users/SSAFY/Desktop/S10P22A209/catkin_ws/install/ssafy_msgs/share/ssafy_msgs/package.xml
[6.891s] Invoked command in 'C:\Users\SSAFY\Desktop\S10P22A209\catkin_ws\build\ssafy_msgs' returned '0': CMAKE_PREFIX_PATH=%CMAKE_PREFIX_PATH%;C:\Users\SSAFY\Desktop\catkin_ws\install\test_209;C:\Users\SSAFY\Desktop\catkin_ws\install\ssafy_bridge;C:\Users\SSAFY\Desktop\catkin_ws\install\my_package C:\Program Files\CMake\bin\cmake.EXE --install C:\Users\SSAFY\Desktop\S10P22A209\catkin_ws\build\ssafy_msgs --config Release
