[4.203s] Invoking command in 'C:\Users\SSAFY\Desktop\S10P22A209\catkin_ws\src\yolo_package': PYTHONPATH=C:\Users\SSAFY\Desktop\S10P22A209\catkin_ws\build\yolo_package\prefix_override;C:\Users\SSAFY\Desktop\S10P22A209\catkin_ws\install\yolo_package\Lib\site-packages;%PYTHONPATH% installDir=%installDir%
IntelliJ IDEA=C:\Program Files\JetBrains\IntelliJ IDEA 2023.3.3\bin; c:\python37\python.exe setup.py egg_info --egg-base ..\..\build\yolo_package build --build-base C:\Users\SSAFY\Desktop\S10P22A209\catkin_ws\build\yolo_package\build install --record C:\Users\SSAFY\Desktop\S10P22A209\catkin_ws\build\yolo_package\install.log --install-scripts $base/lib/yolo_package --single-version-externally-managed
[4.672s] running egg_info
[4.672s] writing ..\..\build\yolo_package\yolo_package.egg-info\PKG-INFO
[4.672s] writing dependency_links to ..\..\build\yolo_package\yolo_package.egg-info\dependency_links.txt
[4.672s] writing entry points to ..\..\build\yolo_package\yolo_package.egg-info\entry_points.txt
[4.672s] writing requirements to ..\..\build\yolo_package\yolo_package.egg-info\requires.txt
[4.672s] writing top-level names to ..\..\build\yolo_package\yolo_package.egg-info\top_level.txt
[4.688s] reading manifest file '..\..\build\yolo_package\yolo_package.egg-info\SOURCES.txt'
[4.703s] writing manifest file '..\..\build\yolo_package\yolo_package.egg-info\SOURCES.txt'
[4.703s] running build
[4.703s] running build_py
[4.703s] running install
[4.703s] running install_lib
[4.703s] running install_data
[4.703s] running install_egg_info
[4.703s] removing 'C:\Users\SSAFY\Desktop\S10P22A209\catkin_ws\install\yolo_package\Lib\site-packages\yolo_package-0.0.0-py3.7.egg-info' (and everything under it)
[4.703s] Copying ..\..\build\yolo_package\yolo_package.egg-info to C:\Users\SSAFY\Desktop\S10P22A209\catkin_ws\install\yolo_package\Lib\site-packages\yolo_package-0.0.0-py3.7.egg-info
[4.719s] running install_scripts
[4.750s] Installing save_camera-script.py script to C:\Users\SSAFY\Desktop\S10P22A209\catkin_ws\install\yolo_package\lib\yolo_package
[4.750s] Installing save_camera.exe script to C:\Users\SSAFY\Desktop\S10P22A209\catkin_ws\install\yolo_package\lib\yolo_package
[4.750s] Installing yolo-script.py script to C:\Users\SSAFY\Desktop\S10P22A209\catkin_ws\install\yolo_package\lib\yolo_package
[4.750s] Installing yolo.exe script to C:\Users\SSAFY\Desktop\S10P22A209\catkin_ws\install\yolo_package\lib\yolo_package
[4.750s] writing list of installed files to 'C:\Users\SSAFY\Desktop\S10P22A209\catkin_ws\build\yolo_package\install.log'
[4.766s] Invoked command in 'C:\Users\SSAFY\Desktop\S10P22A209\catkin_ws\src\yolo_package' returned '0': PYTHONPATH=C:\Users\SSAFY\Desktop\S10P22A209\catkin_ws\build\yolo_package\prefix_override;C:\Users\SSAFY\Desktop\S10P22A209\catkin_ws\install\yolo_package\Lib\site-packages;%PYTHONPATH% installDir=%installDir%
IntelliJ IDEA=C:\Program Files\JetBrains\IntelliJ IDEA 2023.3.3\bin; c:\python37\python.exe setup.py egg_info --egg-base ..\..\build\yolo_package build --build-base C:\Users\SSAFY\Desktop\S10P22A209\catkin_ws\build\yolo_package\build install --record C:\Users\SSAFY\Desktop\S10P22A209\catkin_ws\build\yolo_package\install.log --install-scripts $base/lib/yolo_package --single-version-externally-managed
