CMake Warning (dev) at C:/dev/ros2-eloquent/share/ament_cmake_core/cmake/core/python.cmake:22 (find_package):
  Policy CMP0148 is not set: The FindPythonInterp and FindPythonLibs modules
  are removed.  Run "cmake --help-policy CMP0148" for policy details.  Use
  the cmake_policy command to set the policy and suppress this warning.

Call Stack (most recent call first):
  C:/dev/ros2-eloquent/share/ament_cmake_core/cmake/core/all.cmake:53 (include)
  C:/dev/ros2-eloquent/share/ament_cmake_core/cmake/ament_cmake_core-extras.cmake:17 (include)
  C:/dev/ros2-eloquent/share/ament_cmake_core/cmake/ament_cmake_coreConfig.cmake:38 (include)
  C:/dev/ros2-eloquent/share/ament_cmake/cmake/ament_cmake_export_dependencies-extras.cmake:15 (find_package)
  C:/dev/ros2-eloquent/share/ament_cmake/cmake/ament_cmakeConfig.cmake:38 (include)
  CMakeLists.txt:19 (find_package)
This warning is for project developers.  Use -Wno-dev to suppress it.

CMake Warning (dev) at C:/dev/ros2-eloquent/share/connext_cmake_module/cmake/Modules/FindConnext.cmake:163 (list):
  Policy CMP0121 is not set: The list() command now validates parsing of
  index arguments.  Run "cmake --help-policy CMP0121" for policy details.
  Use the cmake_policy command to set the policy and suppress this warning.
  Invalid list index "nddsc.lib".
Call Stack (most recent call first):
  C:/dev/ros2-eloquent/share/connext_cmake_module/cmake/Modules/FindConnext.cmake:195 (_count_found_libraries)
  C:/dev/ros2-eloquent/share/rosidl_typesupport_connext_c/cmake/rosidl_typesupport_connext_c-extras.cmake:5 (find_package)
  C:/dev/ros2-eloquent/share/rosidl_typesupport_connext_c/cmake/rosidl_typesupport_connext_cConfig.cmake:38 (include)
  C:/dev/ros2-eloquent/share/rosidl_default_generators/cmake/rosidl_default_generators-extras.cmake:21 (find_package)
  C:/dev/ros2-eloquent/share/rosidl_default_generators/cmake/rosidl_default_generatorsConfig.cmake:38 (include)
  CMakeLists.txt:20 (find_package)
This warning is for project developers.  Use -Wno-dev to suppress it.

CMake Warning (dev) at C:/dev/ros2-eloquent/share/connext_cmake_module/cmake/Modules/FindConnext.cmake:163 (list):
  Policy CMP0121 is not set: The list() command now validates parsing of
  index arguments.  Run "cmake --help-policy CMP0121" for policy details.
  Use the cmake_policy command to set the policy and suppress this warning.
  Invalid list index "nddscore.lib".
Call Stack (most recent call first):
  C:/dev/ros2-eloquent/share/connext_cmake_module/cmake/Modules/FindConnext.cmake:195 (_count_found_libraries)
  C:/dev/ros2-eloquent/share/rosidl_typesupport_connext_c/cmake/rosidl_typesupport_connext_c-extras.cmake:5 (find_package)
  C:/dev/ros2-eloquent/share/rosidl_typesupport_connext_c/cmake/rosidl_typesupport_connext_cConfig.cmake:38 (include)
  C:/dev/ros2-eloquent/share/rosidl_default_generators/cmake/rosidl_default_generators-extras.cmake:21 (find_package)
  C:/dev/ros2-eloquent/share/rosidl_default_generators/cmake/rosidl_default_generatorsConfig.cmake:38 (include)
  CMakeLists.txt:20 (find_package)
This warning is for project developers.  Use -Wno-dev to suppress it.

CMake Warning (dev) at C:/dev/ros2-eloquent/share/connext_cmake_module/cmake/Modules/FindConnext.cmake:163 (list):
  Policy CMP0121 is not set: The list() command now validates parsing of
  index arguments.  Run "cmake --help-policy CMP0121" for policy details.
  Use the cmake_policy command to set the policy and suppress this warning.
  Invalid list index "nddscpp.lib".
Call Stack (most recent call first):
  C:/dev/ros2-eloquent/share/connext_cmake_module/cmake/Modules/FindConnext.cmake:195 (_count_found_libraries)
  C:/dev/ros2-eloquent/share/rosidl_typesupport_connext_c/cmake/rosidl_typesupport_connext_c-extras.cmake:5 (find_package)
  C:/dev/ros2-eloquent/share/rosidl_typesupport_connext_c/cmake/rosidl_typesupport_connext_cConfig.cmake:38 (include)
  C:/dev/ros2-eloquent/share/rosidl_default_generators/cmake/rosidl_default_generators-extras.cmake:21 (find_package)
  C:/dev/ros2-eloquent/share/rosidl_default_generators/cmake/rosidl_default_generatorsConfig.cmake:38 (include)
  CMakeLists.txt:20 (find_package)
This warning is for project developers.  Use -Wno-dev to suppress it.

CMake Warning (dev) at C:/dev/ros2-eloquent/share/connext_cmake_module/cmake/Modules/FindConnext.cmake:163 (list):
  Policy CMP0121 is not set: The list() command now validates parsing of
  index arguments.  Run "cmake --help-policy CMP0121" for policy details.
  Use the cmake_policy command to set the policy and suppress this warning.
  Invalid list index "rticonnextmsgcpp.lib".
Call Stack (most recent call first):
  C:/dev/ros2-eloquent/share/connext_cmake_module/cmake/Modules/FindConnext.cmake:195 (_count_found_libraries)
  C:/dev/ros2-eloquent/share/rosidl_typesupport_connext_c/cmake/rosidl_typesupport_connext_c-extras.cmake:5 (find_package)
  C:/dev/ros2-eloquent/share/rosidl_typesupport_connext_c/cmake/rosidl_typesupport_connext_cConfig.cmake:38 (include)
  C:/dev/ros2-eloquent/share/rosidl_default_generators/cmake/rosidl_default_generators-extras.cmake:21 (find_package)
  C:/dev/ros2-eloquent/share/rosidl_default_generators/cmake/rosidl_default_generatorsConfig.cmake:38 (include)
  CMakeLists.txt:20 (find_package)
This warning is for project developers.  Use -Wno-dev to suppress it.

CMake Warning (dev) at C:/dev/ros2-eloquent/share/connext_cmake_module/cmake/Modules/FindConnext.cmake:163 (list):
  Policy CMP0121 is not set: The list() command now validates parsing of
  index arguments.  Run "cmake --help-policy CMP0121" for policy details.
  Use the cmake_policy command to set the policy and suppress this warning.
  Invalid list index "nddscd.lib".
Call Stack (most recent call first):
  C:/dev/ros2-eloquent/share/connext_cmake_module/cmake/Modules/FindConnext.cmake:196 (_count_found_libraries)
  C:/dev/ros2-eloquent/share/rosidl_typesupport_connext_c/cmake/rosidl_typesupport_connext_c-extras.cmake:5 (find_package)
  C:/dev/ros2-eloquent/share/rosidl_typesupport_connext_c/cmake/rosidl_typesupport_connext_cConfig.cmake:38 (include)
  C:/dev/ros2-eloquent/share/rosidl_default_generators/cmake/rosidl_default_generators-extras.cmake:21 (find_package)
  C:/dev/ros2-eloquent/share/rosidl_default_generators/cmake/rosidl_default_generatorsConfig.cmake:38 (include)
  CMakeLists.txt:20 (find_package)
This warning is for project developers.  Use -Wno-dev to suppress it.

CMake Warning (dev) at C:/dev/ros2-eloquent/share/connext_cmake_module/cmake/Modules/FindConnext.cmake:163 (list):
  Policy CMP0121 is not set: The list() command now validates parsing of
  index arguments.  Run "cmake --help-policy CMP0121" for policy details.
  Use the cmake_policy command to set the policy and suppress this warning.
  Invalid list index "nddscored.lib".
Call Stack (most recent call first):
  C:/dev/ros2-eloquent/share/connext_cmake_module/cmake/Modules/FindConnext.cmake:196 (_count_found_libraries)
  C:/dev/ros2-eloquent/share/rosidl_typesupport_connext_c/cmake/rosidl_typesupport_connext_c-extras.cmake:5 (find_package)
  C:/dev/ros2-eloquent/share/rosidl_typesupport_connext_c/cmake/rosidl_typesupport_connext_cConfig.cmake:38 (include)
  C:/dev/ros2-eloquent/share/rosidl_default_generators/cmake/rosidl_default_generators-extras.cmake:21 (find_package)
  C:/dev/ros2-eloquent/share/rosidl_default_generators/cmake/rosidl_default_generatorsConfig.cmake:38 (include)
  CMakeLists.txt:20 (find_package)
This warning is for project developers.  Use -Wno-dev to suppress it.

CMake Warning (dev) at C:/dev/ros2-eloquent/share/connext_cmake_module/cmake/Modules/FindConnext.cmake:163 (list):
  Policy CMP0121 is not set: The list() command now validates parsing of
  index arguments.  Run "cmake --help-policy CMP0121" for policy details.
  Use the cmake_policy command to set the policy and suppress this warning.
  Invalid list index "nddscppd.lib".
Call Stack (most recent call first):
  C:/dev/ros2-eloquent/share/connext_cmake_module/cmake/Modules/FindConnext.cmake:196 (_count_found_libraries)
  C:/dev/ros2-eloquent/share/rosidl_typesupport_connext_c/cmake/rosidl_typesupport_connext_c-extras.cmake:5 (find_package)
  C:/dev/ros2-eloquent/share/rosidl_typesupport_connext_c/cmake/rosidl_typesupport_connext_cConfig.cmake:38 (include)
  C:/dev/ros2-eloquent/share/rosidl_default_generators/cmake/rosidl_default_generators-extras.cmake:21 (find_package)
  C:/dev/ros2-eloquent/share/rosidl_default_generators/cmake/rosidl_default_generatorsConfig.cmake:38 (include)
  CMakeLists.txt:20 (find_package)
This warning is for project developers.  Use -Wno-dev to suppress it.

CMake Warning (dev) at C:/dev/ros2-eloquent/share/connext_cmake_module/cmake/Modules/FindConnext.cmake:163 (list):
  Policy CMP0121 is not set: The list() command now validates parsing of
  index arguments.  Run "cmake --help-policy CMP0121" for policy details.
  Use the cmake_policy command to set the policy and suppress this warning.
  Invalid list index "rticonnextmsgcppd.lib".
Call Stack (most recent call first):
  C:/dev/ros2-eloquent/share/connext_cmake_module/cmake/Modules/FindConnext.cmake:196 (_count_found_libraries)
  C:/dev/ros2-eloquent/share/rosidl_typesupport_connext_c/cmake/rosidl_typesupport_connext_c-extras.cmake:5 (find_package)
  C:/dev/ros2-eloquent/share/rosidl_typesupport_connext_c/cmake/rosidl_typesupport_connext_cConfig.cmake:38 (include)
  C:/dev/ros2-eloquent/share/rosidl_default_generators/cmake/rosidl_default_generators-extras.cmake:21 (find_package)
  C:/dev/ros2-eloquent/share/rosidl_default_generators/cmake/rosidl_default_generatorsConfig.cmake:38 (include)
  CMakeLists.txt:20 (find_package)
This warning is for project developers.  Use -Wno-dev to suppress it.

CMake Warning (dev) at C:/dev/ros2-eloquent/share/rosidl_adapter/cmake/rosidl_adapt_interfaces.cmake:40 (find_package):
  Policy CMP0148 is not set: The FindPythonInterp and FindPythonLibs modules
  are removed.  Run "cmake --help-policy CMP0148" for policy details.  Use
  the cmake_policy command to set the policy and suppress this warning.

Call Stack (most recent call first):
  C:/dev/ros2-eloquent/share/rosidl_cmake/cmake/rosidl_generate_interfaces.cmake:130 (rosidl_adapt_interfaces)
  CMakeLists.txt:24 (rosidl_generate_interfaces)
This warning is for project developers.  Use -Wno-dev to suppress it.

CMake Warning (dev) at C:/dev/ros2-eloquent/share/rosidl_generator_py/cmake/rosidl_generator_py_generate_interfaces.cmake:21 (find_package):
  Policy CMP0148 is not set: The FindPythonInterp and FindPythonLibs modules
  are removed.  Run "cmake --help-policy CMP0148" for policy details.  Use
  the cmake_policy command to set the policy and suppress this warning.

Call Stack (most recent call first):
  C:/dev/ros2-eloquent/share/ament_cmake_core/cmake/core/ament_execute_extensions.cmake:48 (include)
  C:/dev/ros2-eloquent/share/rosidl_cmake/cmake/rosidl_generate_interfaces.cmake:286 (ament_execute_extensions)
  CMakeLists.txt:24 (rosidl_generate_interfaces)
This warning is for project developers.  Use -Wno-dev to suppress it.

CMake Warning (dev) at C:/dev/ros2-eloquent/share/python_cmake_module/cmake/Modules/FindPythonExtra.cmake:45 (find_package):
  Policy CMP0148 is not set: The FindPythonInterp and FindPythonLibs modules
  are removed.  Run "cmake --help-policy CMP0148" for policy details.  Use
  the cmake_policy command to set the policy and suppress this warning.

Call Stack (most recent call first):
  C:/dev/ros2-eloquent/share/rosidl_generator_py/cmake/rosidl_generator_py_generate_interfaces.cmake:24 (find_package)
  C:/dev/ros2-eloquent/share/ament_cmake_core/cmake/core/ament_execute_extensions.cmake:48 (include)
  C:/dev/ros2-eloquent/share/rosidl_cmake/cmake/rosidl_generate_interfaces.cmake:286 (ament_execute_extensions)
  CMakeLists.txt:24 (rosidl_generate_interfaces)
This warning is for project developers.  Use -Wno-dev to suppress it.

CMake Warning (dev) at C:/dev/ros2-eloquent/share/python_cmake_module/cmake/Modules/FindPythonExtra.cmake:133 (find_package):
  Policy CMP0148 is not set: The FindPythonInterp and FindPythonLibs modules
  are removed.  Run "cmake --help-policy CMP0148" for policy details.  Use
  the cmake_policy command to set the policy and suppress this warning.

Call Stack (most recent call first):
  C:/dev/ros2-eloquent/share/rosidl_generator_py/cmake/rosidl_generator_py_generate_interfaces.cmake:24 (find_package)
  C:/dev/ros2-eloquent/share/ament_cmake_core/cmake/core/ament_execute_extensions.cmake:48 (include)
  C:/dev/ros2-eloquent/share/rosidl_cmake/cmake/rosidl_generate_interfaces.cmake:286 (ament_execute_extensions)
  CMakeLists.txt:24 (rosidl_generate_interfaces)
This warning is for project developers.  Use -Wno-dev to suppress it.

