-- Selecting Windows SDK version 10.0.22621.0 to target Windows 10.0.19045.
-- The C compiler identification is MSVC 19.38.33133.0
-- The CXX compiler identification is MSVC 19.38.33133.0
-- Detecting C compiler ABI info
-- Detecting C compiler ABI info - done
-- Check for working C compiler: C:/Program Files/Microsoft Visual Studio/2022/Community/VC/Tools/MSVC/14.38.33130/bin/Hostx64/x64/cl.exe - skipped
-- Detecting C compile features
-- Detecting C compile features - done
-- Detecting CXX compiler ABI info
-- Detecting CXX compiler ABI info - done
-- Check for working CXX compiler: C:/Program Files/Microsoft Visual Studio/2022/Community/VC/Tools/MSVC/14.38.33130/bin/Hostx64/x64/cl.exe - skipped
-- Detecting CXX compile features
-- Detecting CXX compile features - done
-- Found ament_cmake: 0.8.2 (C:/dev/ros2-eloquent/share/ament_cmake/cmake)
-- Found PythonInterp: C:/Python37/python.exe (found suitable version "3.7.5", minimum required is "3") 
-- Using PYTHON_EXECUTABLE: C:/Python37/python.exe
-- Found rosidl_default_generators: 0.8.0 (C:/dev/ros2-eloquent/share/rosidl_default_generators/cmake)
-- Found RTI Connext: C:/Program Files/rti_connext_dds-5.3.1
-- Found rosidl_adapter: 0.8.2 (C:/dev/ros2-eloquent/share/rosidl_adapter/cmake)
-- Found OpenSSL: optimized;C:/OpenSSL-Win64/lib/VC/libeay32MD.lib;debug;C:/OpenSSL-Win64/lib/VC/libeay32MDd.lib (found version "1.0.2u")  
-- Found FastRTPS: C:/dev/ros2-eloquent/include  
-- Found PrismTech OpenSplice: C:/dev/opensplice/HDE/x86_64.win64
-- Found std_msgs: 0.8.1 (C:/dev/ros2-eloquent/share/std_msgs/cmake)
-- Found geometry_msgs: 0.8.1 (C:/dev/ros2-eloquent/share/geometry_msgs/cmake)
-- Found PythonInterp: C:/Python37/python.exe (found version "3.7.5") 
-- Using all available rosidl_typesupport_c: rosidl_typesupport_connext_c;rosidl_typesupport_fastrtps_c;rosidl_typesupport_introspection_c;rosidl_typesupport_opensplice_c
-- Using all available rosidl_typesupport_cpp: rosidl_typesupport_connext_cpp;rosidl_typesupport_fastrtps_cpp;rosidl_typesupport_introspection_cpp;rosidl_typesupport_opensplice_cpp
-- Found rmw_implementation_cmake: 0.8.1 (C:/dev/ros2-eloquent/share/rmw_implementation_cmake/cmake)
-- Found PythonInterp: C:/Python37/python.exe (found suitable version "3.7.5", minimum required is "3.5") 
-- Found python_cmake_module: 0.8.0 (C:/dev/ros2-eloquent/share/python_cmake_module/cmake)
-- Found PythonLibs: C:/Python37/libs/python37.lib (found suitable version "3.7.5", minimum required is "3.5") 
-- Using PYTHON_EXECUTABLE: C:/Python37/python.exe
-- Using PYTHON_INCLUDE_DIRS: C:/Python37/include
-- Using PYTHON_LIBRARIES: C:/Python37/libs/python37.lib
-- Found PythonExtra: .pyd  
-- Using numpy include directory: C:\Python37\lib\site-packages\numpy\core\include
-- Found ament_lint_auto: 0.8.1 (C:/dev/ros2-eloquent/share/ament_lint_auto/cmake)
-- Added test 'lint_cmake' to check CMake code style
-- Added test 'xmllint' to check XML markup files
-- Configuring done (11.8s)
-- Generating done (1.1s)
-- Build files have been written to: C:/Users/SSAFY/Desktop/S10P22A209/catkin_ws/build/ssafy_msgs
msbuild 버전 17.8.3+195e7f5a3(.NET Framework용)

  1>Checking Build System
  Generating C++ code for ROS interfaces
  Building Custom Rule C:/Users/SSAFY/Desktop/S10P22A209/catkin_ws/src/ssafy_msgs/CMakeLists.txt
  Generating C code for ROS interfaces
  Building Custom Rule C:/Users/SSAFY/Desktop/S10P22A209/catkin_ws/src/ssafy_msgs/CMakeLists.txt
  num__functions.c
  enviroment_status__functions.c
  turtlebot_status__functions.c
  b_box__functions.c
  object_info__functions.c
  hand_control__functions.c
  custom_object_info__functions.c
     C:/Users/SSAFY/Desktop/S10P22A209/catkin_ws/build/ssafy_msgs/Release/ssafy_msgs__rosidl_generator_c.lib 라이브러리 및 C:/Users/SSAFY/Desktop/S10P22A209/catkin_ws/build/ssafy_msgs/Release/ssafy_msgs__rosidl_generator_c.exp 개체를 생성하고 있습니다.
  ssafy_msgs__rosidl_generator_c.vcxproj -> C:\Users\SSAFY\Desktop\S10P22A209\catkin_ws\build\ssafy_msgs\Release\ssafy_msgs__rosidl_generator_c.dll
  Generating C type support dispatch for ROS interfaces
  Building Custom Rule C:/Users/SSAFY/Desktop/S10P22A209/catkin_ws/src/ssafy_msgs/CMakeLists.txt
  num__type_support.cpp
  enviroment_status__type_support.cpp
  turtlebot_status__type_support.cpp
  b_box__type_support.cpp
  object_info__type_support.cpp
  hand_control__type_support.cpp
  custom_object_info__type_support.cpp
     C:/Users/SSAFY/Desktop/S10P22A209/catkin_ws/build/ssafy_msgs/Release/ssafy_msgs__rosidl_typesupport_c.lib 라이브러리 및 C:/Users/SSAFY/Desktop/S10P22A209/catkin_ws/build/ssafy_msgs/Release/ssafy_msgs__rosidl_typesupport_c.exp 개체를 생성하고 있습니다.
  ssafy_msgs__rosidl_typesupport_c.vcxproj -> C:\Users\SSAFY\Desktop\S10P22A209\catkin_ws\build\ssafy_msgs\Release\ssafy_msgs__rosidl_typesupport_c.dll
  Generating DDS interfaces
  Building Custom Rule C:/Users/SSAFY/Desktop/S10P22A209/catkin_ws/src/ssafy_msgs/CMakeLists.txt
  Generating C++ type support for RTI Connext (using 'rtiddsgen_server.bat')
  INFO com.rti.ndds.nddsgen.Main Running rtiddsgen version 2.5.2, please wait ...
  
  INFO com.rti.ndds.nddsgen.Main Done
  
  INFO com.rti.ndds.nddsgen.Main Running rtiddsgen version 2.5.2, please wait ...
  
  INFO com.rti.ndds.nddsgen.Main Done
  
  INFO com.rti.ndds.nddsgen.Main Running rtiddsgen version 2.5.2, please wait ...
  
  INFO com.rti.ndds.nddsgen.Main Done
  
  INFO com.rti.ndds.nddsgen.Main Running rtiddsgen version 2.5.2, please wait ...
  
  INFO com.rti.ndds.nddsgen.Main Done
  
  INFO com.rti.ndds.nddsgen.Main Running rtiddsgen version 2.5.2, please wait ...
  
  INFO com.rti.ndds.nddsgen.Main Done
  
  INFO com.rti.ndds.nddsgen.Main Running rtiddsgen version 2.5.2, please wait ...
  
  INFO com.rti.ndds.nddsgen.Main Done
  
  INFO com.rti.ndds.nddsgen.Main Running rtiddsgen version 2.5.2, please wait ...
  
  INFO com.rti.ndds.nddsgen.Main Done
  
  Building Custom Rule C:/Users/SSAFY/Desktop/S10P22A209/catkin_ws/src/ssafy_msgs/CMakeLists.txt
  num__type_support.cpp
  enviroment_status__type_support.cpp
  turtlebot_status__type_support.cpp
  b_box__type_support.cpp
  object_info__type_support.cpp
  hand_control__type_support.cpp
  custom_object_info__type_support.cpp
  Num_.cxx
  Num_Plugin.cxx
  Num_Support.cxx
  EnviromentStatus_.cxx
  EnviromentStatus_Plugin.cxx
  EnviromentStatus_Support.cxx
  TurtlebotStatus_.cxx
  TurtlebotStatus_Plugin.cxx
  TurtlebotStatus_Support.cxx
  BBox_.cxx
  BBox_Plugin.cxx
  BBox_Support.cxx
  ObjectInfo_.cxx
  ObjectInfo_Plugin.cxx
  ObjectInfo_Support.cxx
  HandControl_.cxx
  HandControl_Plugin.cxx
  HandControl_Support.cxx
  CustomObjectInfo_.cxx
  CustomObjectInfo_Plugin.cxx
  CustomObjectInfo_Support.cxx
     C:/Users/SSAFY/Desktop/S10P22A209/catkin_ws/build/ssafy_msgs/Release/ssafy_msgs__rosidl_typesupport_connext_cpp.lib 라이브러리 및 C:/Users/SSAFY/Desktop/S10P22A209/catkin_ws/build/ssafy_msgs/Release/ssafy_msgs__rosidl_typesupport_connext_cpp.exp 개체를 생성하고 있습니다.
  ssafy_msgs__rosidl_typesupport_connext_cpp.vcxproj -> C:\Users\SSAFY\Desktop\S10P22A209\catkin_ws\build\ssafy_msgs\Release\ssafy_msgs__rosidl_typesupport_connext_cpp.dll
  Generating C type support for RTI Connext
  Building Custom Rule C:/Users/SSAFY/Desktop/S10P22A209/catkin_ws/src/ssafy_msgs/CMakeLists.txt
  num__type_support_c.cpp
  enviroment_status__type_support_c.cpp
  turtlebot_status__type_support_c.cpp
  b_box__type_support_c.cpp
  object_info__type_support_c.cpp
  hand_control__type_support_c.cpp
  custom_object_info__type_support_c.cpp
  Num_.cxx
  Num_Plugin.cxx
  Num_Support.cxx
  EnviromentStatus_.cxx
  EnviromentStatus_Plugin.cxx
  EnviromentStatus_Support.cxx
  TurtlebotStatus_.cxx
  TurtlebotStatus_Plugin.cxx
  TurtlebotStatus_Support.cxx
  BBox_.cxx
  BBox_Plugin.cxx
  BBox_Support.cxx
  ObjectInfo_.cxx
  ObjectInfo_Plugin.cxx
  ObjectInfo_Support.cxx
  HandControl_.cxx
  HandControl_Plugin.cxx
  HandControl_Support.cxx
  CustomObjectInfo_.cxx
  CustomObjectInfo_Plugin.cxx
  CustomObjectInfo_Support.cxx
     C:/Users/SSAFY/Desktop/S10P22A209/catkin_ws/build/ssafy_msgs/Release/ssafy_msgs__rosidl_typesupport_connext_c.lib 라이브러리 및 C:/Users/SSAFY/Desktop/S10P22A209/catkin_ws/build/ssafy_msgs/Release/ssafy_msgs__rosidl_typesupport_connext_c.exp 개체를 생성하고 있습니다.
  ssafy_msgs__rosidl_typesupport_connext_c.vcxproj -> C:\Users\SSAFY\Desktop\S10P22A209\catkin_ws\build\ssafy_msgs\Release\ssafy_msgs__rosidl_typesupport_connext_c.dll
  Generating C++ type support dispatch for ROS interfaces
  Building Custom Rule C:/Users/SSAFY/Desktop/S10P22A209/catkin_ws/src/ssafy_msgs/CMakeLists.txt
  num__type_support.cpp
  enviroment_status__type_support.cpp
  turtlebot_status__type_support.cpp
  b_box__type_support.cpp
  object_info__type_support.cpp
  hand_control__type_support.cpp
  custom_object_info__type_support.cpp
     C:/Users/SSAFY/Desktop/S10P22A209/catkin_ws/build/ssafy_msgs/Release/ssafy_msgs__rosidl_typesupport_cpp.lib 라이브러리 및 C:/Users/SSAFY/Desktop/S10P22A209/catkin_ws/build/ssafy_msgs/Release/ssafy_msgs__rosidl_typesupport_cpp.exp 개체를 생성하고 있습니다.
  ssafy_msgs__rosidl_typesupport_cpp.vcxproj -> C:\Users\SSAFY\Desktop\S10P22A209\catkin_ws\build\ssafy_msgs\Release\ssafy_msgs__rosidl_typesupport_cpp.dll
  Generating C++ type support for eProsima Fast-RTPS
  Building Custom Rule C:/Users/SSAFY/Desktop/S10P22A209/catkin_ws/src/ssafy_msgs/CMakeLists.txt
  num__type_support.cpp
  enviroment_status__type_support.cpp
  turtlebot_status__type_support.cpp
  b_box__type_support.cpp
  object_info__type_support.cpp
  hand_control__type_support.cpp
  custom_object_info__type_support.cpp
     C:/Users/SSAFY/Desktop/S10P22A209/catkin_ws/build/ssafy_msgs/Release/ssafy_msgs__rosidl_typesupport_fastrtps_cpp.lib 라이브러리 및 C:/Users/SSAFY/Desktop/S10P22A209/catkin_ws/build/ssafy_msgs/Release/ssafy_msgs__rosidl_typesupport_fastrtps_cpp.exp 개체를 생성하고 있습니다.
  ssafy_msgs__rosidl_typesupport_fastrtps_cpp.vcxproj -> C:\Users\SSAFY\Desktop\S10P22A209\catkin_ws\build\ssafy_msgs\Release\ssafy_msgs__rosidl_typesupport_fastrtps_cpp.dll
  Generating C type support for eProsima Fast-RTPS
  Building Custom Rule C:/Users/SSAFY/Desktop/S10P22A209/catkin_ws/src/ssafy_msgs/CMakeLists.txt
  num__type_support_c.cpp
  enviroment_status__type_support_c.cpp
  turtlebot_status__type_support_c.cpp
  b_box__type_support_c.cpp
  object_info__type_support_c.cpp
  hand_control__type_support_c.cpp
  custom_object_info__type_support_c.cpp
     C:/Users/SSAFY/Desktop/S10P22A209/catkin_ws/build/ssafy_msgs/Release/ssafy_msgs__rosidl_typesupport_fastrtps_c.lib 라이브러리 및 C:/Users/SSAFY/Desktop/S10P22A209/catkin_ws/build/ssafy_msgs/Release/ssafy_msgs__rosidl_typesupport_fastrtps_c.exp 개체를 생성하고 있습니다.
  ssafy_msgs__rosidl_typesupport_fastrtps_c.vcxproj -> C:\Users\SSAFY\Desktop\S10P22A209\catkin_ws\build\ssafy_msgs\Release\ssafy_msgs__rosidl_typesupport_fastrtps_c.dll
  Generating C introspection for ROS interfaces
  Building Custom Rule C:/Users/SSAFY/Desktop/S10P22A209/catkin_ws/src/ssafy_msgs/CMakeLists.txt
  num__type_support.c
  enviroment_status__type_support.c
  turtlebot_status__type_support.c
  b_box__type_support.c
  object_info__type_support.c
  hand_control__type_support.c
  custom_object_info__type_support.c
     C:/Users/SSAFY/Desktop/S10P22A209/catkin_ws/build/ssafy_msgs/Release/ssafy_msgs__rosidl_typesupport_introspection_c.lib 라이브러리 및 C:/Users/SSAFY/Desktop/S10P22A209/catkin_ws/build/ssafy_msgs/Release/ssafy_msgs__rosidl_typesupport_introspection_c.exp 개체를 생성하고 있습니다.
  ssafy_msgs__rosidl_typesupport_introspection_c.vcxproj -> C:\Users\SSAFY\Desktop\S10P22A209\catkin_ws\build\ssafy_msgs\Release\ssafy_msgs__rosidl_typesupport_introspection_c.dll
  Generating C++ introspection for ROS interfaces
  Building Custom Rule C:/Users/SSAFY/Desktop/S10P22A209/catkin_ws/src/ssafy_msgs/CMakeLists.txt
  num__type_support.cpp
  enviroment_status__type_support.cpp
  turtlebot_status__type_support.cpp
  b_box__type_support.cpp
  object_info__type_support.cpp
  hand_control__type_support.cpp
  custom_object_info__type_support.cpp
     C:/Users/SSAFY/Desktop/S10P22A209/catkin_ws/build/ssafy_msgs/Release/ssafy_msgs__rosidl_typesupport_introspection_cpp.lib 라이브러리 및 C:/Users/SSAFY/Desktop/S10P22A209/catkin_ws/build/ssafy_msgs/Release/ssafy_msgs__rosidl_typesupport_introspection_cpp.exp 개체를 생성하고 있습니다.
  ssafy_msgs__rosidl_typesupport_introspection_cpp.vcxproj -> C:\Users\SSAFY\Desktop\S10P22A209\catkin_ws\build\ssafy_msgs\Release\ssafy_msgs__rosidl_typesupport_introspection_cpp.dll
  Generating DDS interfaces
  Building Custom Rule C:/Users/SSAFY/Desktop/S10P22A209/catkin_ws/src/ssafy_msgs/CMakeLists.txt
  Generating C++ type support for PrismTech OpenSplice
  Building Custom Rule C:/Users/SSAFY/Desktop/S10P22A209/catkin_ws/src/ssafy_msgs/CMakeLists.txt
  num__type_support.cpp
  enviroment_status__type_support.cpp
  turtlebot_status__type_support.cpp
  b_box__type_support.cpp
  object_info__type_support.cpp
  hand_control__type_support.cpp
  custom_object_info__type_support.cpp
  Num_.cpp
  Num_Dcps.cpp
  Num_Dcps_impl.cpp
  Num_SplDcps.cpp
  EnviromentStatus_.cpp
C:\dev\opensplice\HDE\x86_64.win64\include\dcps\C++\SACPP\sacpp_dds_basic_types.h(1,1): warning C4819: 현재 코드 페이지(949)에서 표시할 수 없는 문자가 파일에 들어 있습니다. 데이터가 손실되지 않게 하려면 해당 파일을 유니코드 형식으로 저장하십시오. [C:\Users\SSAFY\Desktop\S10P22A209\catkin_ws\build\ssafy_msgs\ssafy_msgs__rosidl_typesupport_opensplice_cpp.vcxproj]
  (소스 파일 'rosidl_typesupport_opensplice_cpp/ssafy_msgs/msg/dds_opensplice/Num_.cpp'을(를) 컴파일하는 중)
  
C:\dev\opensplice\HDE\x86_64.win64\include\dcps\C++\SACPP\sacpp_dds_basic_types.h(1,1): warning C4819: 현재 코드 페이지(949)에서 표시할 수 없는 문자가 파일에 들어 있습니다. 데이터가 손실되지 않게 하려면 해당 파일을 유니코드 형식으로 저장하십시오. [C:\Users\SSAFY\Desktop\S10P22A209\catkin_ws\build\ssafy_msgs\ssafy_msgs__rosidl_typesupport_opensplice_cpp.vcxproj]
  (소스 파일 'rosidl_typesupport_opensplice_cpp/ssafy_msgs/msg/dds_opensplice/EnviromentStatus_.cpp'을(를) 컴파일하는 중)
  
C:\dev\opensplice\HDE\x86_64.win64\include\dcps\C++\SACPP\sacpp_dds_basic_types.h(1,1): warning C4819: 현재 코드 페이지(949)에서 표시할 수 없는 문자가 파일에 들어 있습니다. 데이터가 손실되지 않게 하려면 해당 파일을 유니코드 형식으로 저장하십시오. [C:\Users\SSAFY\Desktop\S10P22A209\catkin_ws\build\ssafy_msgs\ssafy_msgs__rosidl_typesupport_opensplice_cpp.vcxproj]
  (소스 파일 'rosidl_typesupport_opensplice_cpp/ssafy_msgs/msg/dds_opensplice/Num_Dcps.cpp'을(를) 컴파일하는 중)
  
C:\dev\opensplice\HDE\x86_64.win64\include\dcps\C++\SACPP\sacpp_dds_basic_types.h(1,1): warning C4819: 현재 코드 페이지(949)에서 표시할 수 없는 문자가 파일에 들어 있습니다. 데이터가 손실되지 않게 하려면 해당 파일을 유니코드 형식으로 저장하십시오. [C:\Users\SSAFY\Desktop\S10P22A209\catkin_ws\build\ssafy_msgs\ssafy_msgs__rosidl_typesupport_opensplice_cpp.vcxproj]
  (소스 파일 'rosidl_typesupport_opensplice_cpp/ssafy_msgs/msg/dds_opensplice/Num_Dcps_impl.cpp'을(를) 컴파일하는 중)
  
C:\dev\opensplice\HDE\x86_64.win64\include\dcps\C++\SACPP\sacpp_dds_basic_types.h(1,1): warning C4819: 현재 코드 페이지(949)에서 표시할 수 없는 문자가 파일에 들어 있습니다. 데이터가 손실되지 않게 하려면 해당 파일을 유니코드 형식으로 저장하십시오. [C:\Users\SSAFY\Desktop\S10P22A209\catkin_ws\build\ssafy_msgs\ssafy_msgs__rosidl_typesupport_opensplice_cpp.vcxproj]
  (소스 파일 'rosidl_typesupport_opensplice_cpp/ssafy_msgs/msg/dds_opensplice/Num_SplDcps.cpp'을(를) 컴파일하는 중)
  
  EnviromentStatus_Dcps.cpp
  EnviromentStatus_Dcps_impl.cpp
C:\dev\opensplice\HDE\x86_64.win64\include\dcps\C++\SACPP\sacpp_dds_basic_types.h(1,1): warning C4819: 현재 코드 페이지(949)에서 표시할 수 없는 문자가 파일에 들어 있습니다. 데이터가 손실되지 않게 하려면 해당 파일을 유니코드 형식으로 저장하십시오. [C:\Users\SSAFY\Desktop\S10P22A209\catkin_ws\build\ssafy_msgs\ssafy_msgs__rosidl_typesupport_opensplice_cpp.vcxproj]
  (소스 파일 'rosidl_typesupport_opensplice_cpp/ssafy_msgs/msg/dds_opensplice/EnviromentStatus_Dcps.cpp'을(를) 컴파일하는 중)
  
C:\dev\opensplice\HDE\x86_64.win64\include\dcps\C++\SACPP\sacpp_dds_basic_types.h(1,1): warning C4819: 현재 코드 페이지(949)에서 표시할 수 없는 문자가 파일에 들어 있습니다. 데이터가 손실되지 않게 하려면 해당 파일을 유니코드 형식으로 저장하십시오. [C:\Users\SSAFY\Desktop\S10P22A209\catkin_ws\build\ssafy_msgs\ssafy_msgs__rosidl_typesupport_opensplice_cpp.vcxproj]
  (소스 파일 'rosidl_typesupport_opensplice_cpp/ssafy_msgs/msg/dds_opensplice/EnviromentStatus_Dcps_impl.cpp'을(를) 컴파일하는 중)
  
  EnviromentStatus_SplDcps.cpp
C:\dev\opensplice\HDE\x86_64.win64\include\dcps\C++\SACPP\sacpp_dds_basic_types.h(1,1): warning C4819: 현재 코드 페이지(949)에서 표시할 수 없는 문자가 파일에 들어 있습니다. 데이터가 손실되지 않게 하려면 해당 파일을 유니코드 형식으로 저장하십시오. [C:\Users\SSAFY\Desktop\S10P22A209\catkin_ws\build\ssafy_msgs\ssafy_msgs__rosidl_typesupport_opensplice_cpp.vcxproj]
  (소스 파일 'rosidl_typesupport_opensplice_cpp/ssafy_msgs/msg/dds_opensplice/object_info__type_support.cpp'을(를) 컴파일하는 중)
  
C:\dev\opensplice\HDE\x86_64.win64\include\dcps\C++\SACPP\sacpp_dds_basic_types.h(1,1): warning C4819: 현재 코드 페이지(949)에서 표시할 수 없는 문자가 파일에 들어 있습니다. 데이터가 손실되지 않게 하려면 해당 파일을 유니코드 형식으로 저장하십시오. [C:\Users\SSAFY\Desktop\S10P22A209\catkin_ws\build\ssafy_msgs\ssafy_msgs__rosidl_typesupport_opensplice_cpp.vcxproj]
  (소스 파일 'rosidl_typesupport_opensplice_cpp/ssafy_msgs/msg/dds_opensplice/custom_object_info__type_support.cpp'을(를) 컴파일하는 중)
  
C:\dev\opensplice\HDE\x86_64.win64\include\dcps\C++\SACPP\sacpp_dds_basic_types.h(1,1): warning C4819: 현재 코드 페이지(949)에서 표시할 수 없는 문자가 파일에 들어 있습니다. 데이터가 손실되지 않게 하려면 해당 파일을 유니코드 형식으로 저장하십시오. [C:\Users\SSAFY\Desktop\S10P22A209\catkin_ws\build\ssafy_msgs\ssafy_msgs__rosidl_typesupport_opensplice_cpp.vcxproj]
  (소스 파일 'rosidl_typesupport_opensplice_cpp/ssafy_msgs/msg/dds_opensplice/enviroment_status__type_support.cpp'을(를) 컴파일하는 중)
  
C:\dev\opensplice\HDE\x86_64.win64\include\dcps\C++\SACPP\sacpp_dds_basic_types.h(1,1): warning C4819: 현재 코드 페이지(949)에서 표시할 수 없는 문자가 파일에 들어 있습니다. 데이터가 손실되지 않게 하려면 해당 파일을 유니코드 형식으로 저장하십시오. [C:\Users\SSAFY\Desktop\S10P22A209\catkin_ws\build\ssafy_msgs\ssafy_msgs__rosidl_typesupport_opensplice_cpp.vcxproj]
  (소스 파일 'rosidl_typesupport_opensplice_cpp/ssafy_msgs/msg/dds_opensplice/num__type_support.cpp'을(를) 컴파일하는 중)
  
C:\dev\opensplice\HDE\x86_64.win64\include\dcps\C++\SACPP\sacpp_dds_basic_types.h(1,1): warning C4819: 현재 코드 페이지(949)에서 표시할 수 없는 문자가 파일에 들어 있습니다. 데이터가 손실되지 않게 하려면 해당 파일을 유니코드 형식으로 저장하십시오. [C:\Users\SSAFY\Desktop\S10P22A209\catkin_ws\build\ssafy_msgs\ssafy_msgs__rosidl_typesupport_opensplice_cpp.vcxproj]
  (소스 파일 'rosidl_typesupport_opensplice_cpp/ssafy_msgs/msg/dds_opensplice/b_box__type_support.cpp'을(를) 컴파일하는 중)
  
C:\dev\opensplice\HDE\x86_64.win64\include\dcps\C++\SACPP\sacpp_dds_basic_types.h(1,1): warning C4819: 현재 코드 페이지(949)에서 표시할 수 없는 문자가 파일에 들어 있습니다. 데이터가 손실되지 않게 하려면 해당 파일을 유니코드 형식으로 저장하십시오. [C:\Users\SSAFY\Desktop\S10P22A209\catkin_ws\build\ssafy_msgs\ssafy_msgs__rosidl_typesupport_opensplice_cpp.vcxproj]
  (소스 파일 'rosidl_typesupport_opensplice_cpp/ssafy_msgs/msg/dds_opensplice/hand_control__type_support.cpp'을(를) 컴파일하는 중)
  
C:\dev\opensplice\HDE\x86_64.win64\include\dcps\C++\SACPP\sacpp_dds_basic_types.h(1,1): warning C4819: 현재 코드 페이지(949)에서 표시할 수 없는 문자가 파일에 들어 있습니다. 데이터가 손실되지 않게 하려면 해당 파일을 유니코드 형식으로 저장하십시오. [C:\Users\SSAFY\Desktop\S10P22A209\catkin_ws\build\ssafy_msgs\ssafy_msgs__rosidl_typesupport_opensplice_cpp.vcxproj]
  (소스 파일 'rosidl_typesupport_opensplice_cpp/ssafy_msgs/msg/dds_opensplice/turtlebot_status__type_support.cpp'을(를) 컴파일하는 중)
  
C:\dev\opensplice\HDE\x86_64.win64\include\dcps\C++\SACPP\sacpp_dds_basic_types.h(1,1): warning C4819: 현재 코드 페이지(949)에서 표시할 수 없는 문자가 파일에 들어 있습니다. 데이터가 손실되지 않게 하려면 해당 파일을 유니코드 형식으로 저장하십시오. [C:\Users\SSAFY\Desktop\S10P22A209\catkin_ws\build\ssafy_msgs\ssafy_msgs__rosidl_typesupport_opensplice_cpp.vcxproj]
  (소스 파일 'rosidl_typesupport_opensplice_cpp/ssafy_msgs/msg/dds_opensplice/EnviromentStatus_SplDcps.cpp'을(를) 컴파일하는 중)
  
  TurtlebotStatus_.cpp
C:\dev\opensplice\HDE\x86_64.win64\include\dcps\C++\SACPP\sacpp_dds_basic_types.h(1,1): warning C4819: 현재 코드 페이지(949)에서 표시할 수 없는 문자가 파일에 들어 있습니다. 데이터가 손실되지 않게 하려면 해당 파일을 유니코드 형식으로 저장하십시오. [C:\Users\SSAFY\Desktop\S10P22A209\catkin_ws\build\ssafy_msgs\ssafy_msgs__rosidl_typesupport_opensplice_cpp.vcxproj]
  (소스 파일 'rosidl_typesupport_opensplice_cpp/ssafy_msgs/msg/dds_opensplice/TurtlebotStatus_.cpp'을(를) 컴파일하는 중)
  
  TurtlebotStatus_Dcps.cpp
C:\dev\opensplice\HDE\x86_64.win64\include\dcps\C++\SACPP\sacpp_dds_basic_types.h(1,1): warning C4819: 현재 코드 페이지(949)에서 표시할 수 없는 문자가 파일에 들어 있습니다. 데이터가 손실되지 않게 하려면 해당 파일을 유니코드 형식으로 저장하십시오. [C:\Users\SSAFY\Desktop\S10P22A209\catkin_ws\build\ssafy_msgs\ssafy_msgs__rosidl_typesupport_opensplice_cpp.vcxproj]
  (소스 파일 'rosidl_typesupport_opensplice_cpp/ssafy_msgs/msg/dds_opensplice/TurtlebotStatus_Dcps.cpp'을(를) 컴파일하는 중)
  
  TurtlebotStatus_Dcps_impl.cpp
  TurtlebotStatus_SplDcps.cpp
C:\dev\opensplice\HDE\x86_64.win64\include\dcps\C++\SACPP\sacpp_dds_basic_types.h(1,1): warning C4819: 현재 코드 페이지(949)에서 표시할 수 없는 문자가 파일에 들어 있습니다. 데이터가 손실되지 않게 하려면 해당 파일을 유니코드 형식으로 저장하십시오. [C:\Users\SSAFY\Desktop\S10P22A209\catkin_ws\build\ssafy_msgs\ssafy_msgs__rosidl_typesupport_opensplice_cpp.vcxproj]
  (소스 파일 'rosidl_typesupport_opensplice_cpp/ssafy_msgs/msg/dds_opensplice/TurtlebotStatus_Dcps_impl.cpp'을(를) 컴파일하는 중)
  
  BBox_.cpp
C:\dev\opensplice\HDE\x86_64.win64\include\dcps\C++\SACPP\sacpp_dds_basic_types.h(1,1): warning C4819: 현재 코드 페이지(949)에서 표시할 수 없는 문자가 파일에 들어 있습니다. 데이터가 손실되지 않게 하려면 해당 파일을 유니코드 형식으로 저장하십시오. [C:\Users\SSAFY\Desktop\S10P22A209\catkin_ws\build\ssafy_msgs\ssafy_msgs__rosidl_typesupport_opensplice_cpp.vcxproj]
  (소스 파일 'rosidl_typesupport_opensplice_cpp/ssafy_msgs/msg/dds_opensplice/BBox_.cpp'을(를) 컴파일하는 중)
  
  BBox_Dcps.cpp
C:\dev\opensplice\HDE\x86_64.win64\include\dcps\C++\SACPP\sacpp_dds_basic_types.h(1,1): warning C4819: 현재 코드 페이지(949)에서 표시할 수 없는 문자가 파일에 들어 있습니다. 데이터가 손실되지 않게 하려면 해당 파일을 유니코드 형식으로 저장하십시오. [C:\Users\SSAFY\Desktop\S10P22A209\catkin_ws\build\ssafy_msgs\ssafy_msgs__rosidl_typesupport_opensplice_cpp.vcxproj]
  (소스 파일 'rosidl_typesupport_opensplice_cpp/ssafy_msgs/msg/dds_opensplice/BBox_Dcps.cpp'을(를) 컴파일하는 중)
  
C:\dev\opensplice\HDE\x86_64.win64\include\dcps\C++\SACPP\sacpp_dds_basic_types.h(1,1): warning C4819: 현재 코드 페이지(949)에서 표시할 수 없는 문자가 파일에 들어 있습니다. 데이터가 손실되지 않게 하려면 해당 파일을 유니코드 형식으로 저장하십시오. [C:\Users\SSAFY\Desktop\S10P22A209\catkin_ws\build\ssafy_msgs\ssafy_msgs__rosidl_typesupport_opensplice_cpp.vcxproj]
  (소스 파일 'rosidl_typesupport_opensplice_cpp/ssafy_msgs/msg/dds_opensplice/TurtlebotStatus_SplDcps.cpp'을(를) 컴파일하는 중)
  
  BBox_Dcps_impl.cpp
C:\dev\opensplice\HDE\x86_64.win64\include\dcps\C++\SACPP\sacpp_dds_basic_types.h(1,1): warning C4819: 현재 코드 페이지(949)에서 표시할 수 없는 문자가 파일에 들어 있습니다. 데이터가 손실되지 않게 하려면 해당 파일을 유니코드 형식으로 저장하십시오. [C:\Users\SSAFY\Desktop\S10P22A209\catkin_ws\build\ssafy_msgs\ssafy_msgs__rosidl_typesupport_opensplice_cpp.vcxproj]
  (소스 파일 'rosidl_typesupport_opensplice_cpp/ssafy_msgs/msg/dds_opensplice/BBox_Dcps_impl.cpp'을(를) 컴파일하는 중)
  
  BBox_SplDcps.cpp
  ObjectInfo_.cpp
  ObjectInfo_Dcps.cpp
C:\dev\opensplice\HDE\x86_64.win64\include\dcps\C++\SACPP\sacpp_dds_basic_types.h(1,1): warning C4819: 현재 코드 페이지(949)에서 표시할 수 없는 문자가 파일에 들어 있습니다. 데이터가 손실되지 않게 하려면 해당 파일을 유니코드 형식으로 저장하십시오. [C:\Users\SSAFY\Desktop\S10P22A209\catkin_ws\build\ssafy_msgs\ssafy_msgs__rosidl_typesupport_opensplice_cpp.vcxproj]
  (소스 파일 'rosidl_typesupport_opensplice_cpp/ssafy_msgs/msg/dds_opensplice/ObjectInfo_.cpp'을(를) 컴파일하는 중)
  
  ObjectInfo_Dcps_impl.cpp
C:\dev\opensplice\HDE\x86_64.win64\include\dcps\C++\SACPP\sacpp_dds_basic_types.h(1,1): warning C4819: 현재 코드 페이지(949)에서 표시할 수 없는 문자가 파일에 들어 있습니다. 데이터가 손실되지 않게 하려면 해당 파일을 유니코드 형식으로 저장하십시오. [C:\Users\SSAFY\Desktop\S10P22A209\catkin_ws\build\ssafy_msgs\ssafy_msgs__rosidl_typesupport_opensplice_cpp.vcxproj]
  (소스 파일 'rosidl_typesupport_opensplice_cpp/ssafy_msgs/msg/dds_opensplice/ObjectInfo_Dcps.cpp'을(를) 컴파일하는 중)
  
  ObjectInfo_SplDcps.cpp
  HandControl_.cpp
C:\dev\opensplice\HDE\x86_64.win64\include\dcps\C++\SACPP\sacpp_dds_basic_types.h(1,1): warning C4819: 현재 코드 페이지(949)에서 표시할 수 없는 문자가 파일에 들어 있습니다. 데이터가 손실되지 않게 하려면 해당 파일을 유니코드 형식으로 저장하십시오. [C:\Users\SSAFY\Desktop\S10P22A209\catkin_ws\build\ssafy_msgs\ssafy_msgs__rosidl_typesupport_opensplice_cpp.vcxproj]
  (소스 파일 'rosidl_typesupport_opensplice_cpp/ssafy_msgs/msg/dds_opensplice/ObjectInfo_Dcps_impl.cpp'을(를) 컴파일하는 중)
  
C:\dev\opensplice\HDE\x86_64.win64\include\dcps\C++\SACPP\sacpp_dds_basic_types.h(1,1): warning C4819: 현재 코드 페이지(949)에서 표시할 수 없는 문자가 파일에 들어 있습니다. 데이터가 손실되지 않게 하려면 해당 파일을 유니코드 형식으로 저장하십시오. [C:\Users\SSAFY\Desktop\S10P22A209\catkin_ws\build\ssafy_msgs\ssafy_msgs__rosidl_typesupport_opensplice_cpp.vcxproj]
  (소스 파일 'rosidl_typesupport_opensplice_cpp/ssafy_msgs/msg/dds_opensplice/HandControl_.cpp'을(를) 컴파일하는 중)
  
  HandControl_Dcps.cpp
  HandControl_Dcps_impl.cpp
C:\dev\opensplice\HDE\x86_64.win64\include\dcps\C++\SACPP\sacpp_dds_basic_types.h(1,1): warning C4819: 현재 코드 페이지(949)에서 표시할 수 없는 문자가 파일에 들어 있습니다. 데이터가 손실되지 않게 하려면 해당 파일을 유니코드 형식으로 저장하십시오. [C:\Users\SSAFY\Desktop\S10P22A209\catkin_ws\build\ssafy_msgs\ssafy_msgs__rosidl_typesupport_opensplice_cpp.vcxproj]
  (소스 파일 'rosidl_typesupport_opensplice_cpp/ssafy_msgs/msg/dds_opensplice/BBox_SplDcps.cpp'을(를) 컴파일하는 중)
  
  HandControl_SplDcps.cpp
  CustomObjectInfo_.cpp
C:\dev\opensplice\HDE\x86_64.win64\include\dcps\C++\SACPP\sacpp_dds_basic_types.h(1,1): warning C4819: 현재 코드 페이지(949)에서 표시할 수 없는 문자가 파일에 들어 있습니다. 데이터가 손실되지 않게 하려면 해당 파일을 유니코드 형식으로 저장하십시오. [C:\Users\SSAFY\Desktop\S10P22A209\catkin_ws\build\ssafy_msgs\ssafy_msgs__rosidl_typesupport_opensplice_cpp.vcxproj]
  (소스 파일 'rosidl_typesupport_opensplice_cpp/ssafy_msgs/msg/dds_opensplice/CustomObjectInfo_.cpp'을(를) 컴파일하는 중)
  
  CustomObjectInfo_Dcps.cpp
C:\dev\opensplice\HDE\x86_64.win64\include\dcps\C++\SACPP\sacpp_dds_basic_types.h(1,1): warning C4819: 현재 코드 페이지(949)에서 표시할 수 없는 문자가 파일에 들어 있습니다. 데이터가 손실되지 않게 하려면 해당 파일을 유니코드 형식으로 저장하십시오. [C:\Users\SSAFY\Desktop\S10P22A209\catkin_ws\build\ssafy_msgs\ssafy_msgs__rosidl_typesupport_opensplice_cpp.vcxproj]
  (소스 파일 'rosidl_typesupport_opensplice_cpp/ssafy_msgs/msg/dds_opensplice/HandControl_Dcps_impl.cpp'을(를) 컴파일하는 중)
  
C:\dev\opensplice\HDE\x86_64.win64\include\dcps\C++\SACPP\sacpp_dds_basic_types.h(1,1): warning C4819: 현재 코드 페이지(949)에서 표시할 수 없는 문자가 파일에 들어 있습니다. 데이터가 손실되지 않게 하려면 해당 파일을 유니코드 형식으로 저장하십시오. [C:\Users\SSAFY\Desktop\S10P22A209\catkin_ws\build\ssafy_msgs\ssafy_msgs__rosidl_typesupport_opensplice_cpp.vcxproj]
  (소스 파일 'rosidl_typesupport_opensplice_cpp/ssafy_msgs/msg/dds_opensplice/HandControl_Dcps.cpp'을(를) 컴파일하는 중)
  
C:\dev\opensplice\HDE\x86_64.win64\include\dcps\C++\SACPP\sacpp_dds_basic_types.h(1,1): warning C4819: 현재 코드 페이지(949)에서 표시할 수 없는 문자가 파일에 들어 있습니다. 데이터가 손실되지 않게 하려면 해당 파일을 유니코드 형식으로 저장하십시오. [C:\Users\SSAFY\Desktop\S10P22A209\catkin_ws\build\ssafy_msgs\ssafy_msgs__rosidl_typesupport_opensplice_cpp.vcxproj]
  (소스 파일 'rosidl_typesupport_opensplice_cpp/ssafy_msgs/msg/dds_opensplice/CustomObjectInfo_Dcps.cpp'을(를) 컴파일하는 중)
  
C:\dev\opensplice\HDE\x86_64.win64\include\dcps\C++\SACPP\sacpp_dds_basic_types.h(1,1): warning C4819: 현재 코드 페이지(949)에서 표시할 수 없는 문자가 파일에 들어 있습니다. 데이터가 손실되지 않게 하려면 해당 파일을 유니코드 형식으로 저장하십시오. [C:\Users\SSAFY\Desktop\S10P22A209\catkin_ws\build\ssafy_msgs\ssafy_msgs__rosidl_typesupport_opensplice_cpp.vcxproj]
  (소스 파일 'rosidl_typesupport_opensplice_cpp/ssafy_msgs/msg/dds_opensplice/ObjectInfo_SplDcps.cpp'을(를) 컴파일하는 중)
  
  CustomObjectInfo_Dcps_impl.cpp
  CustomObjectInfo_SplDcps.cpp
C:\dev\opensplice\HDE\x86_64.win64\include\dcps\C++\SACPP\sacpp_dds_basic_types.h(1,1): warning C4819: 현재 코드 페이지(949)에서 표시할 수 없는 문자가 파일에 들어 있습니다. 데이터가 손실되지 않게 하려면 해당 파일을 유니코드 형식으로 저장하십시오. [C:\Users\SSAFY\Desktop\S10P22A209\catkin_ws\build\ssafy_msgs\ssafy_msgs__rosidl_typesupport_opensplice_cpp.vcxproj]
  (소스 파일 'rosidl_typesupport_opensplice_cpp/ssafy_msgs/msg/dds_opensplice/CustomObjectInfo_Dcps_impl.cpp'을(를) 컴파일하는 중)
  
C:\dev\opensplice\HDE\x86_64.win64\include\dcps\C++\SACPP\sacpp_dds_basic_types.h(1,1): warning C4819: 현재 코드 페이지(949)에서 표시할 수 없는 문자가 파일에 들어 있습니다. 데이터가 손실되지 않게 하려면 해당 파일을 유니코드 형식으로 저장하십시오. [C:\Users\SSAFY\Desktop\S10P22A209\catkin_ws\build\ssafy_msgs\ssafy_msgs__rosidl_typesupport_opensplice_cpp.vcxproj]
  (소스 파일 'rosidl_typesupport_opensplice_cpp/ssafy_msgs/msg/dds_opensplice/HandControl_SplDcps.cpp'을(를) 컴파일하는 중)
  
C:\dev\opensplice\HDE\x86_64.win64\include\dcps\C++\SACPP\sacpp_dds_basic_types.h(1,1): warning C4819: 현재 코드 페이지(949)에서 표시할 수 없는 문자가 파일에 들어 있습니다. 데이터가 손실되지 않게 하려면 해당 파일을 유니코드 형식으로 저장하십시오. [C:\Users\SSAFY\Desktop\S10P22A209\catkin_ws\build\ssafy_msgs\ssafy_msgs__rosidl_typesupport_opensplice_cpp.vcxproj]
  (소스 파일 'rosidl_typesupport_opensplice_cpp/ssafy_msgs/msg/dds_opensplice/CustomObjectInfo_SplDcps.cpp'을(를) 컴파일하는 중)
  
     C:/Users/SSAFY/Desktop/S10P22A209/catkin_ws/build/ssafy_msgs/Release/ssafy_msgs__rosidl_typesupport_opensplice_cpp.lib 라이브러리 및 C:/Users/SSAFY/Desktop/S10P22A209/catkin_ws/build/ssafy_msgs/Release/ssafy_msgs__rosidl_typesupport_opensplice_cpp.exp 개체를 생성하고 있습니다.
  ssafy_msgs__rosidl_typesupport_opensplice_cpp.vcxproj -> C:\Users\SSAFY\Desktop\S10P22A209\catkin_ws\build\ssafy_msgs\Release\ssafy_msgs__rosidl_typesupport_opensplice_cpp.dll
  Generating C type support for PrismTech OpenSplice
  Building Custom Rule C:/Users/SSAFY/Desktop/S10P22A209/catkin_ws/src/ssafy_msgs/CMakeLists.txt
  num__type_support_c.cpp
  enviroment_status__type_support_c.cpp
  turtlebot_status__type_support_c.cpp
  b_box__type_support_c.cpp
  object_info__type_support_c.cpp
  hand_control__type_support_c.cpp
  custom_object_info__type_support_c.cpp
  Num_.cpp
  Num_Dcps.cpp
  Num_Dcps_impl.cpp
  Num_SplDcps.cpp
  EnviromentStatus_.cpp
C:\dev\opensplice\HDE\x86_64.win64\include\dcps\C++\SACPP\sacpp_dds_basic_types.h(1,1): warning C4819: 현재 코드 페이지(949)에서 표시할 수 없는 문자가 파일에 들어 있습니다. 데이터가 손실되지 않게 하려면 해당 파일을 유니코드 형식으로 저장하십시오. [C:\Users\SSAFY\Desktop\S10P22A209\catkin_ws\build\ssafy_msgs\ssafy_msgs__rosidl_typesupport_opensplice_c.vcxproj]
  (소스 파일 'rosidl_typesupport_opensplice_cpp/ssafy_msgs/msg/dds_opensplice/EnviromentStatus_.cpp'을(를) 컴파일하는 중)
  
C:\dev\opensplice\HDE\x86_64.win64\include\dcps\C++\SACPP\sacpp_dds_basic_types.h(1,1): warning C4819: 현재 코드 페이지(949)에서 표시할 수 없는 문자가 파일에 들어 있습니다. 데이터가 손실되지 않게 하려면 해당 파일을 유니코드 형식으로 저장하십시오. [C:\Users\SSAFY\Desktop\S10P22A209\catkin_ws\build\ssafy_msgs\ssafy_msgs__rosidl_typesupport_opensplice_c.vcxproj]
  (소스 파일 'rosidl_typesupport_opensplice_cpp/ssafy_msgs/msg/dds_opensplice/Num_.cpp'을(를) 컴파일하는 중)
  
C:\dev\opensplice\HDE\x86_64.win64\include\dcps\C++\SACPP\sacpp_dds_basic_types.h(1,1): warning C4819: 현재 코드 페이지(949)에서 표시할 수 없는 문자가 파일에 들어 있습니다. 데이터가 손실되지 않게 하려면 해당 파일을 유니코드 형식으로 저장하십시오. [C:\Users\SSAFY\Desktop\S10P22A209\catkin_ws\build\ssafy_msgs\ssafy_msgs__rosidl_typesupport_opensplice_c.vcxproj]
  (소스 파일 'rosidl_typesupport_opensplice_cpp/ssafy_msgs/msg/dds_opensplice/Num_Dcps_impl.cpp'을(를) 컴파일하는 중)
  
C:\dev\opensplice\HDE\x86_64.win64\include\dcps\C++\SACPP\sacpp_dds_basic_types.h(1,1): warning C4819: 현재 코드 페이지(949)에서 표시할 수 없는 문자가 파일에 들어 있습니다. 데이터가 손실되지 않게 하려면 해당 파일을 유니코드 형식으로 저장하십시오. [C:\Users\SSAFY\Desktop\S10P22A209\catkin_ws\build\ssafy_msgs\ssafy_msgs__rosidl_typesupport_opensplice_c.vcxproj]
  (소스 파일 'rosidl_typesupport_opensplice_cpp/ssafy_msgs/msg/dds_opensplice/Num_Dcps.cpp'을(를) 컴파일하는 중)
  
C:\dev\opensplice\HDE\x86_64.win64\include\dcps\C++\SACPP\sacpp_dds_basic_types.h(1,1): warning C4819: 현재 코드 페이지(949)에서 표시할 수 없는 문자가 파일에 들어 있습니다. 데이터가 손실되지 않게 하려면 해당 파일을 유니코드 형식으로 저장하십시오. [C:\Users\SSAFY\Desktop\S10P22A209\catkin_ws\build\ssafy_msgs\ssafy_msgs__rosidl_typesupport_opensplice_c.vcxproj]
  (소스 파일 'rosidl_typesupport_opensplice_cpp/ssafy_msgs/msg/dds_opensplice/Num_SplDcps.cpp'을(를) 컴파일하는 중)
  
  EnviromentStatus_Dcps.cpp
C:\dev\opensplice\HDE\x86_64.win64\include\dcps\C++\SACPP\sacpp_dds_basic_types.h(1,1): warning C4819: 현재 코드 페이지(949)에서 표시할 수 없는 문자가 파일에 들어 있습니다. 데이터가 손실되지 않게 하려면 해당 파일을 유니코드 형식으로 저장하십시오. [C:\Users\SSAFY\Desktop\S10P22A209\catkin_ws\build\ssafy_msgs\ssafy_msgs__rosidl_typesupport_opensplice_c.vcxproj]
  (소스 파일 'rosidl_typesupport_opensplice_cpp/ssafy_msgs/msg/dds_opensplice/EnviromentStatus_Dcps.cpp'을(를) 컴파일하는 중)
  
  EnviromentStatus_Dcps_impl.cpp
C:\dev\opensplice\HDE\x86_64.win64\include\dcps\C++\SACPP\sacpp_dds_basic_types.h(1,1): warning C4819: 현재 코드 페이지(949)에서 표시할 수 없는 문자가 파일에 들어 있습니다. 데이터가 손실되지 않게 하려면 해당 파일을 유니코드 형식으로 저장하십시오. [C:\Users\SSAFY\Desktop\S10P22A209\catkin_ws\build\ssafy_msgs\ssafy_msgs__rosidl_typesupport_opensplice_c.vcxproj]
  EnviromentStatus_SplDcps.cpp
  (소스 파일 'rosidl_typesupport_opensplice_cpp/ssafy_msgs/msg/dds_opensplice/EnviromentStatus_Dcps_impl.cpp'을(를) 컴파일하는 중)
  
  TurtlebotStatus_.cpp
C:\dev\opensplice\HDE\x86_64.win64\include\dcps\C++\SACPP\sacpp_dds_basic_types.h(1,1): warning C4819: 현재 코드 페이지(949)에서 표시할 수 없는 문자가 파일에 들어 있습니다. 데이터가 손실되지 않게 하려면 해당 파일을 유니코드 형식으로 저장하십시오. [C:\Users\SSAFY\Desktop\S10P22A209\catkin_ws\build\ssafy_msgs\ssafy_msgs__rosidl_typesupport_opensplice_c.vcxproj]
  (소스 파일 'rosidl_typesupport_opensplice_c/ssafy_msgs/msg/dds_opensplice_c/turtlebot_status__type_support_c.cpp'을(를) 컴파일하는 중)
  
C:\dev\opensplice\HDE\x86_64.win64\include\dcps\C++\SACPP\sacpp_dds_basic_types.h(1,1): warning C4819: 현재 코드 페이지(949)에서 표시할 수 없는 문자가 파일에 들어 있습니다. 데이터가 손실되지 않게 하려면 해당 파일을 유니코드 형식으로 저장하십시오. [C:\Users\SSAFY\Desktop\S10P22A209\catkin_ws\build\ssafy_msgs\ssafy_msgs__rosidl_typesupport_opensplice_c.vcxproj]
  (소스 파일 'rosidl_typesupport_opensplice_cpp/ssafy_msgs/msg/dds_opensplice/TurtlebotStatus_.cpp'을(를) 컴파일하는 중)
  
C:\dev\opensplice\HDE\x86_64.win64\include\dcps\C++\SACPP\sacpp_dds_basic_types.h(1,1): warning C4819: 현재 코드 페이지(949)에서 표시할 수 없는 문자가 파일에 들어 있습니다. 데이터가 손실되지 않게 하려면 해당 파일을 유니코드 형식으로 저장하십시오. [C:\Users\SSAFY\Desktop\S10P22A209\catkin_ws\build\ssafy_msgs\ssafy_msgs__rosidl_typesupport_opensplice_c.vcxproj]
  (소스 파일 'rosidl_typesupport_opensplice_c/ssafy_msgs/msg/dds_opensplice_c/enviroment_status__type_support_c.cpp'을(를) 컴파일하는 중)
  
C:\dev\opensplice\HDE\x86_64.win64\include\dcps\C++\SACPP\sacpp_dds_basic_types.h(1,1): warning C4819: 현재 코드 페이지(949)에서 표시할 수 없는 문자가 파일에 들어 있습니다. 데이터가 손실되지 않게 하려면 해당 파일을 유니코드 형식으로 저장하십시오. [C:\Users\SSAFY\Desktop\S10P22A209\catkin_ws\build\ssafy_msgs\ssafy_msgs__rosidl_typesupport_opensplice_c.vcxproj]
  (소스 파일 'rosidl_typesupport_opensplice_c/ssafy_msgs/msg/dds_opensplice_c/b_box__type_support_c.cpp'을(를) 컴파일하는 중)
  
C:\dev\opensplice\HDE\x86_64.win64\include\dcps\C++\SACPP\sacpp_dds_basic_types.h(1,1): warning C4819: 현재 코드 페이지(949)에서 표시할 수 없는 문자가 파일에 들어 있습니다. 데이터가 손실되지 않게 하려면 해당 파일을 유니코드 형식으로 저장하십시오. [C:\Users\SSAFY\Desktop\S10P22A209\catkin_ws\build\ssafy_msgs\ssafy_msgs__rosidl_typesupport_opensplice_c.vcxproj]
  (소스 파일 'rosidl_typesupport_opensplice_c/ssafy_msgs/msg/dds_opensplice_c/num__type_support_c.cpp'을(를) 컴파일하는 중)
  
C:\dev\opensplice\HDE\x86_64.win64\include\dcps\C++\SACPP\sacpp_dds_basic_types.h(1,1): warning C4819: 현재 코드 페이지(949)에서 표시할 수 없는 문자가 파일에 들어 있습니다. 데이터가 손실되지 않게 하려면 해당 파일을 유니코드 형식으로 저장하십시오. [C:\Users\SSAFY\Desktop\S10P22A209\catkin_ws\build\ssafy_msgs\ssafy_msgs__rosidl_typesupport_opensplice_c.vcxproj]
  (소스 파일 'rosidl_typesupport_opensplice_c/ssafy_msgs/msg/dds_opensplice_c/object_info__type_support_c.cpp'을(를) 컴파일하는 중)
  
C:\dev\opensplice\HDE\x86_64.win64\include\dcps\C++\SACPP\sacpp_dds_basic_types.h(1,1): warning C4819: 현재 코드 페이지(949)에서 표시할 수 없는 문자가 파일에 들어 있습니다. 데이터가 손실되지 않게 하려면 해당 파일을 유니코드 형식으로 저장하십시오. [C:\Users\SSAFY\Desktop\S10P22A209\catkin_ws\build\ssafy_msgs\ssafy_msgs__rosidl_typesupport_opensplice_c.vcxproj]
  (소스 파일 'rosidl_typesupport_opensplice_c/ssafy_msgs/msg/dds_opensplice_c/custom_object_info__type_support_c.cpp'을(를) 컴파일하는 중)
  
C:\dev\opensplice\HDE\x86_64.win64\include\dcps\C++\SACPP\sacpp_dds_basic_types.h(1,1): warning C4819: 현재 코드 페이지(949)에서 표시할 수 없는 문자가 파일에 들어 있습니다. 데이터가 손실되지 않게 하려면 해당 파일을 유니코드 형식으로 저장하십시오. [C:\Users\SSAFY\Desktop\S10P22A209\catkin_ws\build\ssafy_msgs\ssafy_msgs__rosidl_typesupport_opensplice_c.vcxproj]
  (소스 파일 'rosidl_typesupport_opensplice_c/ssafy_msgs/msg/dds_opensplice_c/hand_control__type_support_c.cpp'을(를) 컴파일하는 중)
  
  TurtlebotStatus_Dcps.cpp
C:\dev\opensplice\HDE\x86_64.win64\include\dcps\C++\SACPP\sacpp_dds_basic_types.h(1,1): warning C4819: 현재 코드 페이지(949)에서 표시할 수 없는 문자가 파일에 들어 있습니다. 데이터가 손실되지 않게 하려면 해당 파일을 유니코드 형식으로 저장하십시오. [C:\Users\SSAFY\Desktop\S10P22A209\catkin_ws\build\ssafy_msgs\ssafy_msgs__rosidl_typesupport_opensplice_c.vcxproj]
  (소스 파일 'rosidl_typesupport_opensplice_cpp/ssafy_msgs/msg/dds_opensplice/TurtlebotStatus_Dcps.cpp'을(를) 컴파일하는 중)
  
C:\dev\opensplice\HDE\x86_64.win64\include\dcps\C++\SACPP\sacpp_dds_basic_types.h(1,1): warning C4819: 현재 코드 페이지(949)에서 표시할 수 없는 문자가 파일에 들어 있습니다. 데이터가 손실되지 않게 하려면 해당 파일을 유니코드 형식으로 저장하십시오. [C:\Users\SSAFY\Desktop\S10P22A209\catkin_ws\build\ssafy_msgs\ssafy_msgs__rosidl_typesupport_opensplice_c.vcxproj]
  (소스 파일 'rosidl_typesupport_opensplice_cpp/ssafy_msgs/msg/dds_opensplice/EnviromentStatus_SplDcps.cpp'을(를) 컴파일하는 중)
  
  TurtlebotStatus_Dcps_impl.cpp
C:\dev\opensplice\HDE\x86_64.win64\include\dcps\C++\SACPP\sacpp_dds_basic_types.h(1,1): warning C4819: 현재 코드 페이지(949)에서 표시할 수 없는 문자가 파일에 들어 있습니다. 데이터가 손실되지 않게 하려면 해당 파일을 유니코드 형식으로 저장하십시오. [C:\Users\SSAFY\Desktop\S10P22A209\catkin_ws\build\ssafy_msgs\ssafy_msgs__rosidl_typesupport_opensplice_c.vcxproj]
  (소스 파일 'rosidl_typesupport_opensplice_cpp/ssafy_msgs/msg/dds_opensplice/TurtlebotStatus_Dcps_impl.cpp'을(를) 컴파일하는 중)
  
  TurtlebotStatus_SplDcps.cpp
  BBox_.cpp
  BBox_Dcps.cpp
C:\dev\opensplice\HDE\x86_64.win64\include\dcps\C++\SACPP\sacpp_dds_basic_types.h(1,1): warning C4819: 현재 코드 페이지(949)에서 표시할 수 없는 문자가 파일에 들어 있습니다. 데이터가 손실되지 않게 하려면 해당 파일을 유니코드 형식으로 저장하십시오. [C:\Users\SSAFY\Desktop\S10P22A209\catkin_ws\build\ssafy_msgs\ssafy_msgs__rosidl_typesupport_opensplice_c.vcxproj]
  (소스 파일 'rosidl_typesupport_opensplice_cpp/ssafy_msgs/msg/dds_opensplice/BBox_.cpp'을(를) 컴파일하는 중)
  
C:\dev\opensplice\HDE\x86_64.win64\include\dcps\C++\SACPP\sacpp_dds_basic_types.h(1,1): warning C4819: 현재 코드 페이지(949)에서 표시할 수 없는 문자가 파일에 들어 있습니다. 데이터가 손실되지 않게 하려면 해당 파일을 유니코드 형식으로 저장하십시오. [C:\Users\SSAFY\Desktop\S10P22A209\catkin_ws\build\ssafy_msgs\ssafy_msgs__rosidl_typesupport_opensplice_c.vcxproj]
  (소스 파일 'rosidl_typesupport_opensplice_cpp/ssafy_msgs/msg/dds_opensplice/BBox_Dcps.cpp'을(를) 컴파일하는 중)
  
  BBox_Dcps_impl.cpp
C:\dev\opensplice\HDE\x86_64.win64\include\dcps\C++\SACPP\sacpp_dds_basic_types.h(1,1): warning C4819: 현재 코드 페이지(949)에서 표시할 수 없는 문자가 파일에 들어 있습니다. 데이터가 손실되지 않게 하려면 해당 파일을 유니코드 형식으로 저장하십시오. [C:\Users\SSAFY\Desktop\S10P22A209\catkin_ws\build\ssafy_msgs\ssafy_msgs__rosidl_typesupport_opensplice_c.vcxproj]
  (소스 파일 'rosidl_typesupport_opensplice_cpp/ssafy_msgs/msg/dds_opensplice/BBox_Dcps_impl.cpp'을(를) 컴파일하는 중)
  
C:\dev\opensplice\HDE\x86_64.win64\include\dcps\C++\SACPP\sacpp_dds_basic_types.h(1,1): warning C4819: 현재 코드 페이지(949)에서 표시할 수 없는 문자가 파일에 들어 있습니다. 데이터가 손실되지 않게 하려면 해당 파일을 유니코드 형식으로 저장하십시오. [C:\Users\SSAFY\Desktop\S10P22A209\catkin_ws\build\ssafy_msgs\ssafy_msgs__rosidl_typesupport_opensplice_c.vcxproj]
  (소스 파일 'rosidl_typesupport_opensplice_cpp/ssafy_msgs/msg/dds_opensplice/TurtlebotStatus_SplDcps.cpp'을(를) 컴파일하는 중)
  
  BBox_SplDcps.cpp
  ObjectInfo_.cpp
  ObjectInfo_Dcps.cpp
C:\dev\opensplice\HDE\x86_64.win64\include\dcps\C++\SACPP\sacpp_dds_basic_types.h(1,1): warning C4819: 현재 코드 페이지(949)에서 표시할 수 없는 문자가 파일에 들어 있습니다. 데이터가 손실되지 않게 하려면 해당 파일을 유니코드 형식으로 저장하십시오. [C:\Users\SSAFY\Desktop\S10P22A209\catkin_ws\build\ssafy_msgs\ssafy_msgs__rosidl_typesupport_opensplice_c.vcxproj]
  (소스 파일 'rosidl_typesupport_opensplice_cpp/ssafy_msgs/msg/dds_opensplice/ObjectInfo_.cpp'을(를) 컴파일하는 중)
  
C:\dev\opensplice\HDE\x86_64.win64\include\dcps\C++\SACPP\sacpp_dds_basic_types.h(1,1): warning C4819: 현재 코드 페이지(949)에서 표시할 수 없는 문자가 파일에 들어 있습니다. 데이터가 손실되지 않게 하려면 해당 파일을 유니코드 형식으로 저장하십시오. [C:\Users\SSAFY\Desktop\S10P22A209\catkin_ws\build\ssafy_msgs\ssafy_msgs__rosidl_typesupport_opensplice_c.vcxproj]
  (소스 파일 'rosidl_typesupport_opensplice_cpp/ssafy_msgs/msg/dds_opensplice/ObjectInfo_Dcps.cpp'을(를) 컴파일하는 중)
  
  ObjectInfo_Dcps_impl.cpp
  ObjectInfo_SplDcps.cpp
C:\dev\opensplice\HDE\x86_64.win64\include\dcps\C++\SACPP\sacpp_dds_basic_types.h(1,1): warning C4819: 현재 코드 페이지(949)에서 표시할 수 없는 문자가 파일에 들어 있습니다. 데이터가 손실되지 않게 하려면 해당 파일을 유니코드 형식으로 저장하십시오. [C:\Users\SSAFY\Desktop\S10P22A209\catkin_ws\build\ssafy_msgs\ssafy_msgs__rosidl_typesupport_opensplice_c.vcxproj]
  (소스 파일 'rosidl_typesupport_opensplice_cpp/ssafy_msgs/msg/dds_opensplice/ObjectInfo_Dcps_impl.cpp'을(를) 컴파일하는 중)
  
  HandControl_.cpp
C:\dev\opensplice\HDE\x86_64.win64\include\dcps\C++\SACPP\sacpp_dds_basic_types.h(1,1): warning C4819: 현재 코드 페이지(949)에서 표시할 수 없는 문자가 파일에 들어 있습니다. 데이터가 손실되지 않게 하려면 해당 파일을 유니코드 형식으로 저장하십시오. [C:\Users\SSAFY\Desktop\S10P22A209\catkin_ws\build\ssafy_msgs\ssafy_msgs__rosidl_typesupport_opensplice_c.vcxproj]
  (소스 파일 'rosidl_typesupport_opensplice_cpp/ssafy_msgs/msg/dds_opensplice/HandControl_.cpp'을(를) 컴파일하는 중)
  
  HandControl_Dcps.cpp
C:\dev\opensplice\HDE\x86_64.win64\include\dcps\C++\SACPP\sacpp_dds_basic_types.h(1,1): warning C4819: 현재 코드 페이지(949)에서 표시할 수 없는 문자가 파일에 들어 있습니다. 데이터가 손실되지 않게 하려면 해당 파일을 유니코드 형식으로 저장하십시오. [C:\Users\SSAFY\Desktop\S10P22A209\catkin_ws\build\ssafy_msgs\ssafy_msgs__rosidl_typesupport_opensplice_c.vcxproj]
  (소스 파일 'rosidl_typesupport_opensplice_cpp/ssafy_msgs/msg/dds_opensplice/BBox_SplDcps.cpp'을(를) 컴파일하는 중)
  
  HandControl_Dcps_impl.cpp
C:\dev\opensplice\HDE\x86_64.win64\include\dcps\C++\SACPP\sacpp_dds_basic_types.h(1,1): warning C4819: 현재 코드 페이지(949)에서 표시할 수 없는 문자가 파일에 들어 있습니다. 데이터가 손실되지 않게 하려면 해당 파일을 유니코드 형식으로 저장하십시오. [C:\Users\SSAFY\Desktop\S10P22A209\catkin_ws\build\ssafy_msgs\ssafy_msgs__rosidl_typesupport_opensplice_c.vcxproj]
  (소스 파일 'rosidl_typesupport_opensplice_cpp/ssafy_msgs/msg/dds_opensplice/HandControl_Dcps.cpp'을(를) 컴파일하는 중)
  
  HandControl_SplDcps.cpp
  CustomObjectInfo_.cpp
C:\dev\opensplice\HDE\x86_64.win64\include\dcps\C++\SACPP\sacpp_dds_basic_types.h(1,1): warning C4819: 현재 코드 페이지(949)에서 표시할 수 없는 문자가 파일에 들어 있습니다. 데이터가 손실되지 않게 하려면 해당 파일을 유니코드 형식으로 저장하십시오. [C:\Users\SSAFY\Desktop\S10P22A209\catkin_ws\build\ssafy_msgs\ssafy_msgs__rosidl_typesupport_opensplice_c.vcxproj]
  (소스 파일 'rosidl_typesupport_opensplice_cpp/ssafy_msgs/msg/dds_opensplice/HandControl_Dcps_impl.cpp'을(를) 컴파일하는 중)
  
  CustomObjectInfo_Dcps.cpp
  CustomObjectInfo_Dcps_impl.cpp
C:\dev\opensplice\HDE\x86_64.win64\include\dcps\C++\SACPP\sacpp_dds_basic_types.h(1,1): warning C4819: 현재 코드 페이지(949)에서 표시할 수 없는 문자가 파일에 들어 있습니다. 데이터가 손실되지 않게 하려면 해당 파일을 유니코드 형식으로 저장하십시오. [C:\Users\SSAFY\Desktop\S10P22A209\catkin_ws\build\ssafy_msgs\ssafy_msgs__rosidl_typesupport_opensplice_c.vcxproj]
  (소스 파일 'rosidl_typesupport_opensplice_cpp/ssafy_msgs/msg/dds_opensplice/ObjectInfo_SplDcps.cpp'을(를) 컴파일하는 중)
  
C:\dev\opensplice\HDE\x86_64.win64\include\dcps\C++\SACPP\sacpp_dds_basic_types.h(1,1): warning C4819: 현재 코드 페이지(949)에서 표시할 수 없는 문자가 파일에 들어 있습니다. 데이터가 손실되지 않게 하려면 해당 파일을 유니코드 형식으로 저장하십시오. [C:\Users\SSAFY\Desktop\S10P22A209\catkin_ws\build\ssafy_msgs\ssafy_msgs__rosidl_typesupport_opensplice_c.vcxproj]
  (소스 파일 'rosidl_typesupport_opensplice_cpp/ssafy_msgs/msg/dds_opensplice/CustomObjectInfo_.cpp'을(를) 컴파일하는 중)
  
C:\dev\opensplice\HDE\x86_64.win64\include\dcps\C++\SACPP\sacpp_dds_basic_types.h(1,1): warning C4819: 현재 코드 페이지(949)에서 표시할 수 없는 문자가 파일에 들어 있습니다. 데이터가 손실되지 않게 하려면 해당 파일을 유니코드 형식으로 저장하십시오. [C:\Users\SSAFY\Desktop\S10P22A209\catkin_ws\build\ssafy_msgs\ssafy_msgs__rosidl_typesupport_opensplice_c.vcxproj]
  (소스 파일 'rosidl_typesupport_opensplice_cpp/ssafy_msgs/msg/dds_opensplice/CustomObjectInfo_Dcps.cpp'을(를) 컴파일하는 중)
  
C:\dev\opensplice\HDE\x86_64.win64\include\dcps\C++\SACPP\sacpp_dds_basic_types.h(1,1): warning C4819: 현재 코드 페이지(949)에서 표시할 수 없는 문자가 파일에 들어 있습니다. 데이터가 손실되지 않게 하려면 해당 파일을 유니코드 형식으로 저장하십시오. [C:\Users\SSAFY\Desktop\S10P22A209\catkin_ws\build\ssafy_msgs\ssafy_msgs__rosidl_typesupport_opensplice_c.vcxproj]
  (소스 파일 'rosidl_typesupport_opensplice_cpp/ssafy_msgs/msg/dds_opensplice/CustomObjectInfo_Dcps_impl.cpp'을(를) 컴파일하는 중)
  
  CustomObjectInfo_SplDcps.cpp
C:\dev\opensplice\HDE\x86_64.win64\include\dcps\C++\SACPP\sacpp_dds_basic_types.h(1,1): warning C4819: 현재 코드 페이지(949)에서 표시할 수 없는 문자가 파일에 들어 있습니다. 데이터가 손실되지 않게 하려면 해당 파일을 유니코드 형식으로 저장하십시오. [C:\Users\SSAFY\Desktop\S10P22A209\catkin_ws\build\ssafy_msgs\ssafy_msgs__rosidl_typesupport_opensplice_c.vcxproj]
  (소스 파일 'rosidl_typesupport_opensplice_cpp/ssafy_msgs/msg/dds_opensplice/HandControl_SplDcps.cpp'을(를) 컴파일하는 중)
  
C:\dev\opensplice\HDE\x86_64.win64\include\dcps\C++\SACPP\sacpp_dds_basic_types.h(1,1): warning C4819: 현재 코드 페이지(949)에서 표시할 수 없는 문자가 파일에 들어 있습니다. 데이터가 손실되지 않게 하려면 해당 파일을 유니코드 형식으로 저장하십시오. [C:\Users\SSAFY\Desktop\S10P22A209\catkin_ws\build\ssafy_msgs\ssafy_msgs__rosidl_typesupport_opensplice_c.vcxproj]
  (소스 파일 'rosidl_typesupport_opensplice_cpp/ssafy_msgs/msg/dds_opensplice/CustomObjectInfo_SplDcps.cpp'을(를) 컴파일하는 중)
  
     C:/Users/SSAFY/Desktop/S10P22A209/catkin_ws/build/ssafy_msgs/Release/ssafy_msgs__rosidl_typesupport_opensplice_c.lib 라이브러리 및 C:/Users/SSAFY/Desktop/S10P22A209/catkin_ws/build/ssafy_msgs/Release/ssafy_msgs__rosidl_typesupport_opensplice_c.exp 개체를 생성하고 있습니다.
  ssafy_msgs__rosidl_typesupport_opensplice_c.vcxproj -> C:\Users\SSAFY\Desktop\S10P22A209\catkin_ws\build\ssafy_msgs\Release\ssafy_msgs__rosidl_typesupport_opensplice_c.dll
  Building Custom Rule C:/Users/SSAFY/Desktop/S10P22A209/catkin_ws/src/ssafy_msgs/CMakeLists.txt
  Generating Python code for ROS interfaces
  Building Custom Rule C:/Users/SSAFY/Desktop/S10P22A209/catkin_ws/build/ssafy_msgs/ssafy_msgs__py/CMakeLists.txt
  Building Custom Rule C:/Users/SSAFY/Desktop/S10P22A209/catkin_ws/src/ssafy_msgs/CMakeLists.txt
  _num_s.c
  _enviroment_status_s.c
  _turtlebot_status_s.c
  _b_box_s.c
  _object_info_s.c
  _hand_control_s.c
  _custom_object_info_s.c
     C:/Users/SSAFY/Desktop/S10P22A209/catkin_ws/build/ssafy_msgs/Release/ssafy_msgs__python.lib 라이브러리 및 C:/Users/SSAFY/Desktop/S10P22A209/catkin_ws/build/ssafy_msgs/Release/ssafy_msgs__python.exp 개체를 생성하고 있습니다.
  ssafy_msgs__python.vcxproj -> C:\Users\SSAFY\Desktop\S10P22A209\catkin_ws\build\ssafy_msgs\rosidl_generator_py\ssafy_msgs\ssafy_msgs__python.dll
  Building Custom Rule C:/Users/SSAFY/Desktop/S10P22A209/catkin_ws/src/ssafy_msgs/CMakeLists.txt
  _ssafy_msgs_s.ep.rosidl_typesupport_c.c
     C:/Users/SSAFY/Desktop/S10P22A209/catkin_ws/build/ssafy_msgs/Release/ssafy_msgs_s__rosidl_typesupport_c.lib 라이브러리 및 C:/Users/SSAFY/Desktop/S10P22A209/catkin_ws/build/ssafy_msgs/Release/ssafy_msgs_s__rosidl_typesupport_c.exp 개체를 생성하고 있습니다.
  ssafy_msgs__rosidl_typesupport_c__pyext.vcxproj -> C:\Users\SSAFY\Desktop\S10P22A209\catkin_ws\build\ssafy_msgs\rosidl_generator_py\ssafy_msgs\ssafy_msgs_s__rosidl_typesupport_c.pyd
  Building Custom Rule C:/Users/SSAFY/Desktop/S10P22A209/catkin_ws/src/ssafy_msgs/CMakeLists.txt
  _ssafy_msgs_s.ep.rosidl_typesupport_connext_c.c
     C:/Users/SSAFY/Desktop/S10P22A209/catkin_ws/build/ssafy_msgs/Release/ssafy_msgs_s__rosidl_typesupport_connext_c.lib 라이브러리 및 C:/Users/SSAFY/Desktop/S10P22A209/catkin_ws/build/ssafy_msgs/Release/ssafy_msgs_s__rosidl_typesupport_connext_c.exp 개체를 생성하고 있습니다.
  ssafy_msgs__rosidl_typesupport_connext_c__pyext.vcxproj -> C:\Users\SSAFY\Desktop\S10P22A209\catkin_ws\build\ssafy_msgs\rosidl_generator_py\ssafy_msgs\ssafy_msgs_s__rosidl_typesupport_connext_c.pyd
  Building Custom Rule C:/Users/SSAFY/Desktop/S10P22A209/catkin_ws/src/ssafy_msgs/CMakeLists.txt
  _ssafy_msgs_s.ep.rosidl_typesupport_fastrtps_c.c
     C:/Users/SSAFY/Desktop/S10P22A209/catkin_ws/build/ssafy_msgs/Release/ssafy_msgs_s__rosidl_typesupport_fastrtps_c.lib 라이브러리 및 C:/Users/SSAFY/Desktop/S10P22A209/catkin_ws/build/ssafy_msgs/Release/ssafy_msgs_s__rosidl_typesupport_fastrtps_c.exp 개체를 생성하고 있습니다.
  ssafy_msgs__rosidl_typesupport_fastrtps_c__pyext.vcxproj -> C:\Users\SSAFY\Desktop\S10P22A209\catkin_ws\build\ssafy_msgs\rosidl_generator_py\ssafy_msgs\ssafy_msgs_s__rosidl_typesupport_fastrtps_c.pyd
  Building Custom Rule C:/Users/SSAFY/Desktop/S10P22A209/catkin_ws/src/ssafy_msgs/CMakeLists.txt
  _ssafy_msgs_s.ep.rosidl_typesupport_introspection_c.c
     C:/Users/SSAFY/Desktop/S10P22A209/catkin_ws/build/ssafy_msgs/Release/ssafy_msgs_s__rosidl_typesupport_introspection_c.lib 라이브러리 및 C:/Users/SSAFY/Desktop/S10P22A209/catkin_ws/build/ssafy_msgs/Release/ssafy_msgs_s__rosidl_typesupport_introspection_c.exp 개체를 생성하고 있습니다.
  ssafy_msgs__rosidl_typesupport_introspection_c__pyext.vcxproj -> C:\Users\SSAFY\Desktop\S10P22A209\catkin_ws\build\ssafy_msgs\rosidl_generator_py\ssafy_msgs\ssafy_msgs_s__rosidl_typesupport_introspection_c.pyd
  Building Custom Rule C:/Users/SSAFY/Desktop/S10P22A209/catkin_ws/src/ssafy_msgs/CMakeLists.txt
  _ssafy_msgs_s.ep.rosidl_typesupport_opensplice_c.c
     C:/Users/SSAFY/Desktop/S10P22A209/catkin_ws/build/ssafy_msgs/Release/ssafy_msgs_s__rosidl_typesupport_opensplice_c.lib 라이브러리 및 C:/Users/SSAFY/Desktop/S10P22A209/catkin_ws/build/ssafy_msgs/Release/ssafy_msgs_s__rosidl_typesupport_opensplice_c.exp 개체를 생성하고 있습니다.
  ssafy_msgs__rosidl_typesupport_opensplice_c__pyext.vcxproj -> C:\Users\SSAFY\Desktop\S10P22A209\catkin_ws\build\ssafy_msgs\rosidl_generator_py\ssafy_msgs\ssafy_msgs_s__rosidl_typesupport_opensplice_c.pyd
  Building Custom Rule C:/Users/SSAFY/Desktop/S10P22A209/catkin_ws/src/ssafy_msgs/CMakeLists.txt
-- Installing: C:/Users/SSAFY/Desktop/S10P22A209/catkin_ws/install/ssafy_msgs/share/ament_index/resource_index/rosidl_interfaces/ssafy_msgs
-- Installing: C:/Users/SSAFY/Desktop/S10P22A209/catkin_ws/install/ssafy_msgs/lib/ssafy_msgs__rosidl_typesupport_c.lib
-- Installing: C:/Users/SSAFY/Desktop/S10P22A209/catkin_ws/install/ssafy_msgs/bin/ssafy_msgs__rosidl_typesupport_c.dll
-- Installing: C:/Users/SSAFY/Desktop/S10P22A209/catkin_ws/install/ssafy_msgs/lib/ssafy_msgs__rosidl_typesupport_cpp.lib
-- Installing: C:/Users/SSAFY/Desktop/S10P22A209/catkin_ws/install/ssafy_msgs/bin/ssafy_msgs__rosidl_typesupport_cpp.dll
-- Up-to-date: C:/Users/SSAFY/Desktop/S10P22A209/catkin_ws/install/ssafy_msgs/include/ssafy_msgs
-- Up-to-date: C:/Users/SSAFY/Desktop/S10P22A209/catkin_ws/install/ssafy_msgs/include/ssafy_msgs/msg
-- Installing: C:/Users/SSAFY/Desktop/S10P22A209/catkin_ws/install/ssafy_msgs/include/ssafy_msgs/msg/b_box__rosidl_typesupport_connext_c.h
-- Installing: C:/Users/SSAFY/Desktop/S10P22A209/catkin_ws/install/ssafy_msgs/include/ssafy_msgs/msg/custom_object_info__rosidl_typesupport_connext_c.h
-- Up-to-date: C:/Users/SSAFY/Desktop/S10P22A209/catkin_ws/install/ssafy_msgs/include/ssafy_msgs/msg/dds_connext
-- Installing: C:/Users/SSAFY/Desktop/S10P22A209/catkin_ws/install/ssafy_msgs/include/ssafy_msgs/msg/enviroment_status__rosidl_typesupport_connext_c.h
-- Installing: C:/Users/SSAFY/Desktop/S10P22A209/catkin_ws/install/ssafy_msgs/include/ssafy_msgs/msg/hand_control__rosidl_typesupport_connext_c.h
-- Installing: C:/Users/SSAFY/Desktop/S10P22A209/catkin_ws/install/ssafy_msgs/include/ssafy_msgs/msg/num__rosidl_typesupport_connext_c.h
-- Installing: C:/Users/SSAFY/Desktop/S10P22A209/catkin_ws/install/ssafy_msgs/include/ssafy_msgs/msg/object_info__rosidl_typesupport_connext_c.h
-- Installing: C:/Users/SSAFY/Desktop/S10P22A209/catkin_ws/install/ssafy_msgs/include/ssafy_msgs/msg/rosidl_typesupport_connext_c__visibility_control.h
-- Installing: C:/Users/SSAFY/Desktop/S10P22A209/catkin_ws/install/ssafy_msgs/include/ssafy_msgs/msg/turtlebot_status__rosidl_typesupport_connext_c.h
-- Installing: C:/Users/SSAFY/Desktop/S10P22A209/catkin_ws/install/ssafy_msgs/lib/ssafy_msgs__rosidl_typesupport_connext_c.lib
-- Installing: C:/Users/SSAFY/Desktop/S10P22A209/catkin_ws/install/ssafy_msgs/bin/ssafy_msgs__rosidl_typesupport_connext_c.dll
-- Up-to-date: C:/Users/SSAFY/Desktop/S10P22A209/catkin_ws/install/ssafy_msgs/include/ssafy_msgs
-- Up-to-date: C:/Users/SSAFY/Desktop/S10P22A209/catkin_ws/install/ssafy_msgs/include/ssafy_msgs/msg
-- Installing: C:/Users/SSAFY/Desktop/S10P22A209/catkin_ws/install/ssafy_msgs/include/ssafy_msgs/msg/b_box.h
-- Installing: C:/Users/SSAFY/Desktop/S10P22A209/catkin_ws/install/ssafy_msgs/include/ssafy_msgs/msg/b_box__functions.c
-- Installing: C:/Users/SSAFY/Desktop/S10P22A209/catkin_ws/install/ssafy_msgs/include/ssafy_msgs/msg/b_box__functions.h
-- Installing: C:/Users/SSAFY/Desktop/S10P22A209/catkin_ws/install/ssafy_msgs/include/ssafy_msgs/msg/b_box__struct.h
-- Installing: C:/Users/SSAFY/Desktop/S10P22A209/catkin_ws/install/ssafy_msgs/include/ssafy_msgs/msg/b_box__type_support.h
-- Installing: C:/Users/SSAFY/Desktop/S10P22A209/catkin_ws/install/ssafy_msgs/include/ssafy_msgs/msg/custom_object_info.h
-- Installing: C:/Users/SSAFY/Desktop/S10P22A209/catkin_ws/install/ssafy_msgs/include/ssafy_msgs/msg/custom_object_info__functions.c
-- Installing: C:/Users/SSAFY/Desktop/S10P22A209/catkin_ws/install/ssafy_msgs/include/ssafy_msgs/msg/custom_object_info__functions.h
-- Installing: C:/Users/SSAFY/Desktop/S10P22A209/catkin_ws/install/ssafy_msgs/include/ssafy_msgs/msg/custom_object_info__struct.h
-- Installing: C:/Users/SSAFY/Desktop/S10P22A209/catkin_ws/install/ssafy_msgs/include/ssafy_msgs/msg/custom_object_info__type_support.h
-- Installing: C:/Users/SSAFY/Desktop/S10P22A209/catkin_ws/install/ssafy_msgs/include/ssafy_msgs/msg/enviroment_status.h
-- Installing: C:/Users/SSAFY/Desktop/S10P22A209/catkin_ws/install/ssafy_msgs/include/ssafy_msgs/msg/enviroment_status__functions.c
-- Installing: C:/Users/SSAFY/Desktop/S10P22A209/catkin_ws/install/ssafy_msgs/include/ssafy_msgs/msg/enviroment_status__functions.h
-- Installing: C:/Users/SSAFY/Desktop/S10P22A209/catkin_ws/install/ssafy_msgs/include/ssafy_msgs/msg/enviroment_status__struct.h
-- Installing: C:/Users/SSAFY/Desktop/S10P22A209/catkin_ws/install/ssafy_msgs/include/ssafy_msgs/msg/enviroment_status__type_support.h
-- Installing: C:/Users/SSAFY/Desktop/S10P22A209/catkin_ws/install/ssafy_msgs/include/ssafy_msgs/msg/hand_control.h
-- Installing: C:/Users/SSAFY/Desktop/S10P22A209/catkin_ws/install/ssafy_msgs/include/ssafy_msgs/msg/hand_control__functions.c
-- Installing: C:/Users/SSAFY/Desktop/S10P22A209/catkin_ws/install/ssafy_msgs/include/ssafy_msgs/msg/hand_control__functions.h
-- Installing: C:/Users/SSAFY/Desktop/S10P22A209/catkin_ws/install/ssafy_msgs/include/ssafy_msgs/msg/hand_control__struct.h
-- Installing: C:/Users/SSAFY/Desktop/S10P22A209/catkin_ws/install/ssafy_msgs/include/ssafy_msgs/msg/hand_control__type_support.h
-- Installing: C:/Users/SSAFY/Desktop/S10P22A209/catkin_ws/install/ssafy_msgs/include/ssafy_msgs/msg/num.h
-- Installing: C:/Users/SSAFY/Desktop/S10P22A209/catkin_ws/install/ssafy_msgs/include/ssafy_msgs/msg/num__functions.c
-- Installing: C:/Users/SSAFY/Desktop/S10P22A209/catkin_ws/install/ssafy_msgs/include/ssafy_msgs/msg/num__functions.h
-- Installing: C:/Users/SSAFY/Desktop/S10P22A209/catkin_ws/install/ssafy_msgs/include/ssafy_msgs/msg/num__struct.h
-- Installing: C:/Users/SSAFY/Desktop/S10P22A209/catkin_ws/install/ssafy_msgs/include/ssafy_msgs/msg/num__type_support.h
-- Installing: C:/Users/SSAFY/Desktop/S10P22A209/catkin_ws/install/ssafy_msgs/include/ssafy_msgs/msg/object_info.h
-- Installing: C:/Users/SSAFY/Desktop/S10P22A209/catkin_ws/install/ssafy_msgs/include/ssafy_msgs/msg/object_info__functions.c
-- Installing: C:/Users/SSAFY/Desktop/S10P22A209/catkin_ws/install/ssafy_msgs/include/ssafy_msgs/msg/object_info__functions.h
-- Installing: C:/Users/SSAFY/Desktop/S10P22A209/catkin_ws/install/ssafy_msgs/include/ssafy_msgs/msg/object_info__struct.h
-- Installing: C:/Users/SSAFY/Desktop/S10P22A209/catkin_ws/install/ssafy_msgs/include/ssafy_msgs/msg/object_info__type_support.h
-- Installing: C:/Users/SSAFY/Desktop/S10P22A209/catkin_ws/install/ssafy_msgs/include/ssafy_msgs/msg/rosidl_generator_c__visibility_control.h
-- Installing: C:/Users/SSAFY/Desktop/S10P22A209/catkin_ws/install/ssafy_msgs/include/ssafy_msgs/msg/turtlebot_status.h
-- Installing: C:/Users/SSAFY/Desktop/S10P22A209/catkin_ws/install/ssafy_msgs/include/ssafy_msgs/msg/turtlebot_status__functions.c
-- Installing: C:/Users/SSAFY/Desktop/S10P22A209/catkin_ws/install/ssafy_msgs/include/ssafy_msgs/msg/turtlebot_status__functions.h
-- Installing: C:/Users/SSAFY/Desktop/S10P22A209/catkin_ws/install/ssafy_msgs/include/ssafy_msgs/msg/turtlebot_status__struct.h
-- Installing: C:/Users/SSAFY/Desktop/S10P22A209/catkin_ws/install/ssafy_msgs/include/ssafy_msgs/msg/turtlebot_status__type_support.h
-- Installing: C:/Users/SSAFY/Desktop/S10P22A209/catkin_ws/install/ssafy_msgs/lib/ssafy_msgs__rosidl_generator_c.lib
-- Installing: C:/Users/SSAFY/Desktop/S10P22A209/catkin_ws/install/ssafy_msgs/bin/ssafy_msgs__rosidl_generator_c.dll
-- Up-to-date: C:/Users/SSAFY/Desktop/S10P22A209/catkin_ws/install/ssafy_msgs/share/ssafy_msgs/msg/dds_connext
-- Installing: C:/Users/SSAFY/Desktop/S10P22A209/catkin_ws/install/ssafy_msgs/share/ssafy_msgs/msg/dds_connext/BBox_.idl
-- Installing: C:/Users/SSAFY/Desktop/S10P22A209/catkin_ws/install/ssafy_msgs/share/ssafy_msgs/msg/dds_connext/CustomObjectInfo_.idl
-- Installing: C:/Users/SSAFY/Desktop/S10P22A209/catkin_ws/install/ssafy_msgs/share/ssafy_msgs/msg/dds_connext/EnviromentStatus_.idl
-- Installing: C:/Users/SSAFY/Desktop/S10P22A209/catkin_ws/install/ssafy_msgs/share/ssafy_msgs/msg/dds_connext/HandControl_.idl
-- Installing: C:/Users/SSAFY/Desktop/S10P22A209/catkin_ws/install/ssafy_msgs/share/ssafy_msgs/msg/dds_connext/Num_.idl
-- Installing: C:/Users/SSAFY/Desktop/S10P22A209/catkin_ws/install/ssafy_msgs/share/ssafy_msgs/msg/dds_connext/ObjectInfo_.idl
-- Installing: C:/Users/SSAFY/Desktop/S10P22A209/catkin_ws/install/ssafy_msgs/share/ssafy_msgs/msg/dds_connext/TurtlebotStatus_.idl
-- Up-to-date: C:/Users/SSAFY/Desktop/S10P22A209/catkin_ws/install/ssafy_msgs/include/ssafy_msgs
-- Up-to-date: C:/Users/SSAFY/Desktop/S10P22A209/catkin_ws/install/ssafy_msgs/include/ssafy_msgs/msg
-- Installing: C:/Users/SSAFY/Desktop/S10P22A209/catkin_ws/install/ssafy_msgs/include/ssafy_msgs/msg/b_box__rosidl_typesupport_connext_cpp.hpp
-- Installing: C:/Users/SSAFY/Desktop/S10P22A209/catkin_ws/install/ssafy_msgs/include/ssafy_msgs/msg/custom_object_info__rosidl_typesupport_connext_cpp.hpp
-- Up-to-date: C:/Users/SSAFY/Desktop/S10P22A209/catkin_ws/install/ssafy_msgs/include/ssafy_msgs/msg/dds_connext
-- Installing: C:/Users/SSAFY/Desktop/S10P22A209/catkin_ws/install/ssafy_msgs/include/ssafy_msgs/msg/dds_connext/BBox_.cxx
-- Installing: C:/Users/SSAFY/Desktop/S10P22A209/catkin_ws/install/ssafy_msgs/include/ssafy_msgs/msg/dds_connext/BBox_.h
-- Installing: C:/Users/SSAFY/Desktop/S10P22A209/catkin_ws/install/ssafy_msgs/include/ssafy_msgs/msg/dds_connext/BBox_Plugin.cxx
-- Installing: C:/Users/SSAFY/Desktop/S10P22A209/catkin_ws/install/ssafy_msgs/include/ssafy_msgs/msg/dds_connext/BBox_Plugin.h
-- Installing: C:/Users/SSAFY/Desktop/S10P22A209/catkin_ws/install/ssafy_msgs/include/ssafy_msgs/msg/dds_connext/BBox_Support.cxx
-- Installing: C:/Users/SSAFY/Desktop/S10P22A209/catkin_ws/install/ssafy_msgs/include/ssafy_msgs/msg/dds_connext/BBox_Support.h
-- Installing: C:/Users/SSAFY/Desktop/S10P22A209/catkin_ws/install/ssafy_msgs/include/ssafy_msgs/msg/dds_connext/CustomObjectInfo_.cxx
-- Installing: C:/Users/SSAFY/Desktop/S10P22A209/catkin_ws/install/ssafy_msgs/include/ssafy_msgs/msg/dds_connext/CustomObjectInfo_.h
-- Installing: C:/Users/SSAFY/Desktop/S10P22A209/catkin_ws/install/ssafy_msgs/include/ssafy_msgs/msg/dds_connext/CustomObjectInfo_Plugin.cxx
-- Installing: C:/Users/SSAFY/Desktop/S10P22A209/catkin_ws/install/ssafy_msgs/include/ssafy_msgs/msg/dds_connext/CustomObjectInfo_Plugin.h
-- Installing: C:/Users/SSAFY/Desktop/S10P22A209/catkin_ws/install/ssafy_msgs/include/ssafy_msgs/msg/dds_connext/CustomObjectInfo_Support.cxx
-- Installing: C:/Users/SSAFY/Desktop/S10P22A209/catkin_ws/install/ssafy_msgs/include/ssafy_msgs/msg/dds_connext/CustomObjectInfo_Support.h
-- Installing: C:/Users/SSAFY/Desktop/S10P22A209/catkin_ws/install/ssafy_msgs/include/ssafy_msgs/msg/dds_connext/EnviromentStatus_.cxx
-- Installing: C:/Users/SSAFY/Desktop/S10P22A209/catkin_ws/install/ssafy_msgs/include/ssafy_msgs/msg/dds_connext/EnviromentStatus_.h
-- Installing: C:/Users/SSAFY/Desktop/S10P22A209/catkin_ws/install/ssafy_msgs/include/ssafy_msgs/msg/dds_connext/EnviromentStatus_Plugin.cxx
-- Installing: C:/Users/SSAFY/Desktop/S10P22A209/catkin_ws/install/ssafy_msgs/include/ssafy_msgs/msg/dds_connext/EnviromentStatus_Plugin.h
-- Installing: C:/Users/SSAFY/Desktop/S10P22A209/catkin_ws/install/ssafy_msgs/include/ssafy_msgs/msg/dds_connext/EnviromentStatus_Support.cxx
-- Installing: C:/Users/SSAFY/Desktop/S10P22A209/catkin_ws/install/ssafy_msgs/include/ssafy_msgs/msg/dds_connext/EnviromentStatus_Support.h
-- Installing: C:/Users/SSAFY/Desktop/S10P22A209/catkin_ws/install/ssafy_msgs/include/ssafy_msgs/msg/dds_connext/HandControl_.cxx
-- Installing: C:/Users/SSAFY/Desktop/S10P22A209/catkin_ws/install/ssafy_msgs/include/ssafy_msgs/msg/dds_connext/HandControl_.h
-- Installing: C:/Users/SSAFY/Desktop/S10P22A209/catkin_ws/install/ssafy_msgs/include/ssafy_msgs/msg/dds_connext/HandControl_Plugin.cxx
-- Installing: C:/Users/SSAFY/Desktop/S10P22A209/catkin_ws/install/ssafy_msgs/include/ssafy_msgs/msg/dds_connext/HandControl_Plugin.h
-- Installing: C:/Users/SSAFY/Desktop/S10P22A209/catkin_ws/install/ssafy_msgs/include/ssafy_msgs/msg/dds_connext/HandControl_Support.cxx
-- Installing: C:/Users/SSAFY/Desktop/S10P22A209/catkin_ws/install/ssafy_msgs/include/ssafy_msgs/msg/dds_connext/HandControl_Support.h
-- Installing: C:/Users/SSAFY/Desktop/S10P22A209/catkin_ws/install/ssafy_msgs/include/ssafy_msgs/msg/dds_connext/Num_.cxx
-- Installing: C:/Users/SSAFY/Desktop/S10P22A209/catkin_ws/install/ssafy_msgs/include/ssafy_msgs/msg/dds_connext/Num_.h
-- Installing: C:/Users/SSAFY/Desktop/S10P22A209/catkin_ws/install/ssafy_msgs/include/ssafy_msgs/msg/dds_connext/Num_Plugin.cxx
-- Installing: C:/Users/SSAFY/Desktop/S10P22A209/catkin_ws/install/ssafy_msgs/include/ssafy_msgs/msg/dds_connext/Num_Plugin.h
-- Installing: C:/Users/SSAFY/Desktop/S10P22A209/catkin_ws/install/ssafy_msgs/include/ssafy_msgs/msg/dds_connext/Num_Support.cxx
-- Installing: C:/Users/SSAFY/Desktop/S10P22A209/catkin_ws/install/ssafy_msgs/include/ssafy_msgs/msg/dds_connext/Num_Support.h
-- Installing: C:/Users/SSAFY/Desktop/S10P22A209/catkin_ws/install/ssafy_msgs/include/ssafy_msgs/msg/dds_connext/ObjectInfo_.cxx
-- Installing: C:/Users/SSAFY/Desktop/S10P22A209/catkin_ws/install/ssafy_msgs/include/ssafy_msgs/msg/dds_connext/ObjectInfo_.h
-- Installing: C:/Users/SSAFY/Desktop/S10P22A209/catkin_ws/install/ssafy_msgs/include/ssafy_msgs/msg/dds_connext/ObjectInfo_Plugin.cxx
-- Installing: C:/Users/SSAFY/Desktop/S10P22A209/catkin_ws/install/ssafy_msgs/include/ssafy_msgs/msg/dds_connext/ObjectInfo_Plugin.h
-- Installing: C:/Users/SSAFY/Desktop/S10P22A209/catkin_ws/install/ssafy_msgs/include/ssafy_msgs/msg/dds_connext/ObjectInfo_Support.cxx
-- Installing: C:/Users/SSAFY/Desktop/S10P22A209/catkin_ws/install/ssafy_msgs/include/ssafy_msgs/msg/dds_connext/ObjectInfo_Support.h
-- Installing: C:/Users/SSAFY/Desktop/S10P22A209/catkin_ws/install/ssafy_msgs/include/ssafy_msgs/msg/dds_connext/TurtlebotStatus_.cxx
-- Installing: C:/Users/SSAFY/Desktop/S10P22A209/catkin_ws/install/ssafy_msgs/include/ssafy_msgs/msg/dds_connext/TurtlebotStatus_.h
-- Installing: C:/Users/SSAFY/Desktop/S10P22A209/catkin_ws/install/ssafy_msgs/include/ssafy_msgs/msg/dds_connext/TurtlebotStatus_Plugin.cxx
-- Installing: C:/Users/SSAFY/Desktop/S10P22A209/catkin_ws/install/ssafy_msgs/include/ssafy_msgs/msg/dds_connext/TurtlebotStatus_Plugin.h
-- Installing: C:/Users/SSAFY/Desktop/S10P22A209/catkin_ws/install/ssafy_msgs/include/ssafy_msgs/msg/dds_connext/TurtlebotStatus_Support.cxx
-- Installing: C:/Users/SSAFY/Desktop/S10P22A209/catkin_ws/install/ssafy_msgs/include/ssafy_msgs/msg/dds_connext/TurtlebotStatus_Support.h
-- Installing: C:/Users/SSAFY/Desktop/S10P22A209/catkin_ws/install/ssafy_msgs/include/ssafy_msgs/msg/enviroment_status__rosidl_typesupport_connext_cpp.hpp
-- Installing: C:/Users/SSAFY/Desktop/S10P22A209/catkin_ws/install/ssafy_msgs/include/ssafy_msgs/msg/hand_control__rosidl_typesupport_connext_cpp.hpp
-- Installing: C:/Users/SSAFY/Desktop/S10P22A209/catkin_ws/install/ssafy_msgs/include/ssafy_msgs/msg/num__rosidl_typesupport_connext_cpp.hpp
-- Installing: C:/Users/SSAFY/Desktop/S10P22A209/catkin_ws/install/ssafy_msgs/include/ssafy_msgs/msg/object_info__rosidl_typesupport_connext_cpp.hpp
-- Installing: C:/Users/SSAFY/Desktop/S10P22A209/catkin_ws/install/ssafy_msgs/include/ssafy_msgs/msg/rosidl_typesupport_connext_cpp__visibility_control.h
-- Installing: C:/Users/SSAFY/Desktop/S10P22A209/catkin_ws/install/ssafy_msgs/include/ssafy_msgs/msg/turtlebot_status__rosidl_typesupport_connext_cpp.hpp
-- Installing: C:/Users/SSAFY/Desktop/S10P22A209/catkin_ws/install/ssafy_msgs/lib/ssafy_msgs__rosidl_typesupport_connext_cpp.lib
-- Installing: C:/Users/SSAFY/Desktop/S10P22A209/catkin_ws/install/ssafy_msgs/bin/ssafy_msgs__rosidl_typesupport_connext_cpp.dll
-- Up-to-date: C:/Users/SSAFY/Desktop/S10P22A209/catkin_ws/install/ssafy_msgs/include/ssafy_msgs
-- Up-to-date: C:/Users/SSAFY/Desktop/S10P22A209/catkin_ws/install/ssafy_msgs/include/ssafy_msgs/msg
-- Installing: C:/Users/SSAFY/Desktop/S10P22A209/catkin_ws/install/ssafy_msgs/include/ssafy_msgs/msg/b_box.hpp
-- Installing: C:/Users/SSAFY/Desktop/S10P22A209/catkin_ws/install/ssafy_msgs/include/ssafy_msgs/msg/b_box__struct.hpp
-- Installing: C:/Users/SSAFY/Desktop/S10P22A209/catkin_ws/install/ssafy_msgs/include/ssafy_msgs/msg/b_box__traits.hpp
-- Installing: C:/Users/SSAFY/Desktop/S10P22A209/catkin_ws/install/ssafy_msgs/include/ssafy_msgs/msg/custom_object_info.hpp
-- Installing: C:/Users/SSAFY/Desktop/S10P22A209/catkin_ws/install/ssafy_msgs/include/ssafy_msgs/msg/custom_object_info__struct.hpp
-- Installing: C:/Users/SSAFY/Desktop/S10P22A209/catkin_ws/install/ssafy_msgs/include/ssafy_msgs/msg/custom_object_info__traits.hpp
-- Installing: C:/Users/SSAFY/Desktop/S10P22A209/catkin_ws/install/ssafy_msgs/include/ssafy_msgs/msg/enviroment_status.hpp
-- Installing: C:/Users/SSAFY/Desktop/S10P22A209/catkin_ws/install/ssafy_msgs/include/ssafy_msgs/msg/enviroment_status__struct.hpp
-- Installing: C:/Users/SSAFY/Desktop/S10P22A209/catkin_ws/install/ssafy_msgs/include/ssafy_msgs/msg/enviroment_status__traits.hpp
-- Installing: C:/Users/SSAFY/Desktop/S10P22A209/catkin_ws/install/ssafy_msgs/include/ssafy_msgs/msg/hand_control.hpp
-- Installing: C:/Users/SSAFY/Desktop/S10P22A209/catkin_ws/install/ssafy_msgs/include/ssafy_msgs/msg/hand_control__struct.hpp
-- Installing: C:/Users/SSAFY/Desktop/S10P22A209/catkin_ws/install/ssafy_msgs/include/ssafy_msgs/msg/hand_control__traits.hpp
-- Installing: C:/Users/SSAFY/Desktop/S10P22A209/catkin_ws/install/ssafy_msgs/include/ssafy_msgs/msg/num.hpp
-- Installing: C:/Users/SSAFY/Desktop/S10P22A209/catkin_ws/install/ssafy_msgs/include/ssafy_msgs/msg/num__struct.hpp
-- Installing: C:/Users/SSAFY/Desktop/S10P22A209/catkin_ws/install/ssafy_msgs/include/ssafy_msgs/msg/num__traits.hpp
-- Installing: C:/Users/SSAFY/Desktop/S10P22A209/catkin_ws/install/ssafy_msgs/include/ssafy_msgs/msg/object_info.hpp
-- Installing: C:/Users/SSAFY/Desktop/S10P22A209/catkin_ws/install/ssafy_msgs/include/ssafy_msgs/msg/object_info__struct.hpp
-- Installing: C:/Users/SSAFY/Desktop/S10P22A209/catkin_ws/install/ssafy_msgs/include/ssafy_msgs/msg/object_info__traits.hpp
-- Installing: C:/Users/SSAFY/Desktop/S10P22A209/catkin_ws/install/ssafy_msgs/include/ssafy_msgs/msg/turtlebot_status.hpp
-- Installing: C:/Users/SSAFY/Desktop/S10P22A209/catkin_ws/install/ssafy_msgs/include/ssafy_msgs/msg/turtlebot_status__struct.hpp
-- Installing: C:/Users/SSAFY/Desktop/S10P22A209/catkin_ws/install/ssafy_msgs/include/ssafy_msgs/msg/turtlebot_status__traits.hpp
-- Up-to-date: C:/Users/SSAFY/Desktop/S10P22A209/catkin_ws/install/ssafy_msgs/include/ssafy_msgs
-- Up-to-date: C:/Users/SSAFY/Desktop/S10P22A209/catkin_ws/install/ssafy_msgs/include/ssafy_msgs/msg
-- Installing: C:/Users/SSAFY/Desktop/S10P22A209/catkin_ws/install/ssafy_msgs/include/ssafy_msgs/msg/b_box__rosidl_typesupport_fastrtps_c.h
-- Installing: C:/Users/SSAFY/Desktop/S10P22A209/catkin_ws/install/ssafy_msgs/include/ssafy_msgs/msg/custom_object_info__rosidl_typesupport_fastrtps_c.h
-- Installing: C:/Users/SSAFY/Desktop/S10P22A209/catkin_ws/install/ssafy_msgs/include/ssafy_msgs/msg/enviroment_status__rosidl_typesupport_fastrtps_c.h
-- Installing: C:/Users/SSAFY/Desktop/S10P22A209/catkin_ws/install/ssafy_msgs/include/ssafy_msgs/msg/hand_control__rosidl_typesupport_fastrtps_c.h
-- Installing: C:/Users/SSAFY/Desktop/S10P22A209/catkin_ws/install/ssafy_msgs/include/ssafy_msgs/msg/num__rosidl_typesupport_fastrtps_c.h
-- Installing: C:/Users/SSAFY/Desktop/S10P22A209/catkin_ws/install/ssafy_msgs/include/ssafy_msgs/msg/object_info__rosidl_typesupport_fastrtps_c.h
-- Installing: C:/Users/SSAFY/Desktop/S10P22A209/catkin_ws/install/ssafy_msgs/include/ssafy_msgs/msg/rosidl_typesupport_fastrtps_c__visibility_control.h
-- Installing: C:/Users/SSAFY/Desktop/S10P22A209/catkin_ws/install/ssafy_msgs/include/ssafy_msgs/msg/turtlebot_status__rosidl_typesupport_fastrtps_c.h
-- Installing: C:/Users/SSAFY/Desktop/S10P22A209/catkin_ws/install/ssafy_msgs/lib/ssafy_msgs__rosidl_typesupport_fastrtps_c.lib
-- Installing: C:/Users/SSAFY/Desktop/S10P22A209/catkin_ws/install/ssafy_msgs/bin/ssafy_msgs__rosidl_typesupport_fastrtps_c.dll
-- Up-to-date: C:/Users/SSAFY/Desktop/S10P22A209/catkin_ws/install/ssafy_msgs/include/ssafy_msgs
-- Up-to-date: C:/Users/SSAFY/Desktop/S10P22A209/catkin_ws/install/ssafy_msgs/include/ssafy_msgs/msg
-- Installing: C:/Users/SSAFY/Desktop/S10P22A209/catkin_ws/install/ssafy_msgs/include/ssafy_msgs/msg/b_box__rosidl_typesupport_fastrtps_cpp.hpp
-- Installing: C:/Users/SSAFY/Desktop/S10P22A209/catkin_ws/install/ssafy_msgs/include/ssafy_msgs/msg/custom_object_info__rosidl_typesupport_fastrtps_cpp.hpp
-- Up-to-date: C:/Users/SSAFY/Desktop/S10P22A209/catkin_ws/install/ssafy_msgs/include/ssafy_msgs/msg/dds_fastrtps
-- Installing: C:/Users/SSAFY/Desktop/S10P22A209/catkin_ws/install/ssafy_msgs/include/ssafy_msgs/msg/enviroment_status__rosidl_typesupport_fastrtps_cpp.hpp
-- Installing: C:/Users/SSAFY/Desktop/S10P22A209/catkin_ws/install/ssafy_msgs/include/ssafy_msgs/msg/hand_control__rosidl_typesupport_fastrtps_cpp.hpp
-- Installing: C:/Users/SSAFY/Desktop/S10P22A209/catkin_ws/install/ssafy_msgs/include/ssafy_msgs/msg/num__rosidl_typesupport_fastrtps_cpp.hpp
-- Installing: C:/Users/SSAFY/Desktop/S10P22A209/catkin_ws/install/ssafy_msgs/include/ssafy_msgs/msg/object_info__rosidl_typesupport_fastrtps_cpp.hpp
-- Installing: C:/Users/SSAFY/Desktop/S10P22A209/catkin_ws/install/ssafy_msgs/include/ssafy_msgs/msg/rosidl_typesupport_fastrtps_cpp__visibility_control.h
-- Installing: C:/Users/SSAFY/Desktop/S10P22A209/catkin_ws/install/ssafy_msgs/include/ssafy_msgs/msg/turtlebot_status__rosidl_typesupport_fastrtps_cpp.hpp
-- Installing: C:/Users/SSAFY/Desktop/S10P22A209/catkin_ws/install/ssafy_msgs/lib/ssafy_msgs__rosidl_typesupport_fastrtps_cpp.lib
-- Installing: C:/Users/SSAFY/Desktop/S10P22A209/catkin_ws/install/ssafy_msgs/bin/ssafy_msgs__rosidl_typesupport_fastrtps_cpp.dll
-- Up-to-date: C:/Users/SSAFY/Desktop/S10P22A209/catkin_ws/install/ssafy_msgs/include/ssafy_msgs
-- Up-to-date: C:/Users/SSAFY/Desktop/S10P22A209/catkin_ws/install/ssafy_msgs/include/ssafy_msgs/msg
-- Installing: C:/Users/SSAFY/Desktop/S10P22A209/catkin_ws/install/ssafy_msgs/include/ssafy_msgs/msg/b_box__rosidl_typesupport_introspection_c.h
-- Installing: C:/Users/SSAFY/Desktop/S10P22A209/catkin_ws/install/ssafy_msgs/include/ssafy_msgs/msg/b_box__type_support.c
-- Installing: C:/Users/SSAFY/Desktop/S10P22A209/catkin_ws/install/ssafy_msgs/include/ssafy_msgs/msg/custom_object_info__rosidl_typesupport_introspection_c.h
-- Installing: C:/Users/SSAFY/Desktop/S10P22A209/catkin_ws/install/ssafy_msgs/include/ssafy_msgs/msg/custom_object_info__type_support.c
-- Installing: C:/Users/SSAFY/Desktop/S10P22A209/catkin_ws/install/ssafy_msgs/include/ssafy_msgs/msg/enviroment_status__rosidl_typesupport_introspection_c.h
-- Installing: C:/Users/SSAFY/Desktop/S10P22A209/catkin_ws/install/ssafy_msgs/include/ssafy_msgs/msg/enviroment_status__type_support.c
-- Installing: C:/Users/SSAFY/Desktop/S10P22A209/catkin_ws/install/ssafy_msgs/include/ssafy_msgs/msg/hand_control__rosidl_typesupport_introspection_c.h
-- Installing: C:/Users/SSAFY/Desktop/S10P22A209/catkin_ws/install/ssafy_msgs/include/ssafy_msgs/msg/hand_control__type_support.c
-- Installing: C:/Users/SSAFY/Desktop/S10P22A209/catkin_ws/install/ssafy_msgs/include/ssafy_msgs/msg/num__rosidl_typesupport_introspection_c.h
-- Installing: C:/Users/SSAFY/Desktop/S10P22A209/catkin_ws/install/ssafy_msgs/include/ssafy_msgs/msg/num__type_support.c
-- Installing: C:/Users/SSAFY/Desktop/S10P22A209/catkin_ws/install/ssafy_msgs/include/ssafy_msgs/msg/object_info__rosidl_typesupport_introspection_c.h
-- Installing: C:/Users/SSAFY/Desktop/S10P22A209/catkin_ws/install/ssafy_msgs/include/ssafy_msgs/msg/object_info__type_support.c
-- Installing: C:/Users/SSAFY/Desktop/S10P22A209/catkin_ws/install/ssafy_msgs/include/ssafy_msgs/msg/rosidl_typesupport_introspection_c__visibility_control.h
-- Installing: C:/Users/SSAFY/Desktop/S10P22A209/catkin_ws/install/ssafy_msgs/include/ssafy_msgs/msg/turtlebot_status__rosidl_typesupport_introspection_c.h
-- Installing: C:/Users/SSAFY/Desktop/S10P22A209/catkin_ws/install/ssafy_msgs/include/ssafy_msgs/msg/turtlebot_status__type_support.c
-- Installing: C:/Users/SSAFY/Desktop/S10P22A209/catkin_ws/install/ssafy_msgs/lib/ssafy_msgs__rosidl_typesupport_introspection_c.lib
-- Installing: C:/Users/SSAFY/Desktop/S10P22A209/catkin_ws/install/ssafy_msgs/bin/ssafy_msgs__rosidl_typesupport_introspection_c.dll
-- Up-to-date: C:/Users/SSAFY/Desktop/S10P22A209/catkin_ws/install/ssafy_msgs/include/ssafy_msgs
-- Up-to-date: C:/Users/SSAFY/Desktop/S10P22A209/catkin_ws/install/ssafy_msgs/include/ssafy_msgs/msg
-- Installing: C:/Users/SSAFY/Desktop/S10P22A209/catkin_ws/install/ssafy_msgs/include/ssafy_msgs/msg/b_box__rosidl_typesupport_opensplice_c.h
-- Installing: C:/Users/SSAFY/Desktop/S10P22A209/catkin_ws/install/ssafy_msgs/include/ssafy_msgs/msg/custom_object_info__rosidl_typesupport_opensplice_c.h
-- Up-to-date: C:/Users/SSAFY/Desktop/S10P22A209/catkin_ws/install/ssafy_msgs/include/ssafy_msgs/msg/dds_opensplice_c
-- Installing: C:/Users/SSAFY/Desktop/S10P22A209/catkin_ws/install/ssafy_msgs/include/ssafy_msgs/msg/enviroment_status__rosidl_typesupport_opensplice_c.h
-- Installing: C:/Users/SSAFY/Desktop/S10P22A209/catkin_ws/install/ssafy_msgs/include/ssafy_msgs/msg/hand_control__rosidl_typesupport_opensplice_c.h
-- Installing: C:/Users/SSAFY/Desktop/S10P22A209/catkin_ws/install/ssafy_msgs/include/ssafy_msgs/msg/num__rosidl_typesupport_opensplice_c.h
-- Installing: C:/Users/SSAFY/Desktop/S10P22A209/catkin_ws/install/ssafy_msgs/include/ssafy_msgs/msg/object_info__rosidl_typesupport_opensplice_c.h
-- Installing: C:/Users/SSAFY/Desktop/S10P22A209/catkin_ws/install/ssafy_msgs/include/ssafy_msgs/msg/rosidl_typesupport_opensplice_c__visibility_control.h
-- Installing: C:/Users/SSAFY/Desktop/S10P22A209/catkin_ws/install/ssafy_msgs/include/ssafy_msgs/msg/turtlebot_status__rosidl_typesupport_opensplice_c.h
-- Installing: C:/Users/SSAFY/Desktop/S10P22A209/catkin_ws/install/ssafy_msgs/lib/ssafy_msgs__rosidl_typesupport_opensplice_c.lib
-- Installing: C:/Users/SSAFY/Desktop/S10P22A209/catkin_ws/install/ssafy_msgs/bin/ssafy_msgs__rosidl_typesupport_opensplice_c.dll
-- Up-to-date: C:/Users/SSAFY/Desktop/S10P22A209/catkin_ws/install/ssafy_msgs/share/ssafy_msgs/msg/dds_opensplice
-- Installing: C:/Users/SSAFY/Desktop/S10P22A209/catkin_ws/install/ssafy_msgs/share/ssafy_msgs/msg/dds_opensplice/BBox_.idl
-- Installing: C:/Users/SSAFY/Desktop/S10P22A209/catkin_ws/install/ssafy_msgs/share/ssafy_msgs/msg/dds_opensplice/CustomObjectInfo_.idl
-- Installing: C:/Users/SSAFY/Desktop/S10P22A209/catkin_ws/install/ssafy_msgs/share/ssafy_msgs/msg/dds_opensplice/EnviromentStatus_.idl
-- Installing: C:/Users/SSAFY/Desktop/S10P22A209/catkin_ws/install/ssafy_msgs/share/ssafy_msgs/msg/dds_opensplice/HandControl_.idl
-- Installing: C:/Users/SSAFY/Desktop/S10P22A209/catkin_ws/install/ssafy_msgs/share/ssafy_msgs/msg/dds_opensplice/Num_.idl
-- Installing: C:/Users/SSAFY/Desktop/S10P22A209/catkin_ws/install/ssafy_msgs/share/ssafy_msgs/msg/dds_opensplice/ObjectInfo_.idl
-- Installing: C:/Users/SSAFY/Desktop/S10P22A209/catkin_ws/install/ssafy_msgs/share/ssafy_msgs/msg/dds_opensplice/TurtlebotStatus_.idl
-- Up-to-date: C:/Users/SSAFY/Desktop/S10P22A209/catkin_ws/install/ssafy_msgs/include/ssafy_msgs
-- Up-to-date: C:/Users/SSAFY/Desktop/S10P22A209/catkin_ws/install/ssafy_msgs/include/ssafy_msgs/msg
-- Installing: C:/Users/SSAFY/Desktop/S10P22A209/catkin_ws/install/ssafy_msgs/include/ssafy_msgs/msg/b_box__rosidl_typesupport_opensplice_cpp.hpp
-- Installing: C:/Users/SSAFY/Desktop/S10P22A209/catkin_ws/install/ssafy_msgs/include/ssafy_msgs/msg/custom_object_info__rosidl_typesupport_opensplice_cpp.hpp
-- Up-to-date: C:/Users/SSAFY/Desktop/S10P22A209/catkin_ws/install/ssafy_msgs/include/ssafy_msgs/msg/dds_opensplice
-- Installing: C:/Users/SSAFY/Desktop/S10P22A209/catkin_ws/install/ssafy_msgs/include/ssafy_msgs/msg/dds_opensplice/BBox_.h
-- Installing: C:/Users/SSAFY/Desktop/S10P22A209/catkin_ws/install/ssafy_msgs/include/ssafy_msgs/msg/dds_opensplice/BBox_Dcps.h
-- Installing: C:/Users/SSAFY/Desktop/S10P22A209/catkin_ws/install/ssafy_msgs/include/ssafy_msgs/msg/dds_opensplice/BBox_Dcps_impl.h
-- Installing: C:/Users/SSAFY/Desktop/S10P22A209/catkin_ws/install/ssafy_msgs/include/ssafy_msgs/msg/dds_opensplice/BBox_SplDcps.h
-- Installing: C:/Users/SSAFY/Desktop/S10P22A209/catkin_ws/install/ssafy_msgs/include/ssafy_msgs/msg/dds_opensplice/ccpp_BBox_.h
-- Installing: C:/Users/SSAFY/Desktop/S10P22A209/catkin_ws/install/ssafy_msgs/include/ssafy_msgs/msg/dds_opensplice/ccpp_CustomObjectInfo_.h
-- Installing: C:/Users/SSAFY/Desktop/S10P22A209/catkin_ws/install/ssafy_msgs/include/ssafy_msgs/msg/dds_opensplice/ccpp_EnviromentStatus_.h
-- Installing: C:/Users/SSAFY/Desktop/S10P22A209/catkin_ws/install/ssafy_msgs/include/ssafy_msgs/msg/dds_opensplice/ccpp_HandControl_.h
-- Installing: C:/Users/SSAFY/Desktop/S10P22A209/catkin_ws/install/ssafy_msgs/include/ssafy_msgs/msg/dds_opensplice/ccpp_Num_.h
-- Installing: C:/Users/SSAFY/Desktop/S10P22A209/catkin_ws/install/ssafy_msgs/include/ssafy_msgs/msg/dds_opensplice/ccpp_ObjectInfo_.h
-- Installing: C:/Users/SSAFY/Desktop/S10P22A209/catkin_ws/install/ssafy_msgs/include/ssafy_msgs/msg/dds_opensplice/ccpp_TurtlebotStatus_.h
-- Installing: C:/Users/SSAFY/Desktop/S10P22A209/catkin_ws/install/ssafy_msgs/include/ssafy_msgs/msg/dds_opensplice/CustomObjectInfo_.h
-- Installing: C:/Users/SSAFY/Desktop/S10P22A209/catkin_ws/install/ssafy_msgs/include/ssafy_msgs/msg/dds_opensplice/CustomObjectInfo_Dcps.h
-- Installing: C:/Users/SSAFY/Desktop/S10P22A209/catkin_ws/install/ssafy_msgs/include/ssafy_msgs/msg/dds_opensplice/CustomObjectInfo_Dcps_impl.h
-- Installing: C:/Users/SSAFY/Desktop/S10P22A209/catkin_ws/install/ssafy_msgs/include/ssafy_msgs/msg/dds_opensplice/CustomObjectInfo_SplDcps.h
-- Installing: C:/Users/SSAFY/Desktop/S10P22A209/catkin_ws/install/ssafy_msgs/include/ssafy_msgs/msg/dds_opensplice/EnviromentStatus_.h
-- Installing: C:/Users/SSAFY/Desktop/S10P22A209/catkin_ws/install/ssafy_msgs/include/ssafy_msgs/msg/dds_opensplice/EnviromentStatus_Dcps.h
-- Installing: C:/Users/SSAFY/Desktop/S10P22A209/catkin_ws/install/ssafy_msgs/include/ssafy_msgs/msg/dds_opensplice/EnviromentStatus_Dcps_impl.h
-- Installing: C:/Users/SSAFY/Desktop/S10P22A209/catkin_ws/install/ssafy_msgs/include/ssafy_msgs/msg/dds_opensplice/EnviromentStatus_SplDcps.h
-- Installing: C:/Users/SSAFY/Desktop/S10P22A209/catkin_ws/install/ssafy_msgs/include/ssafy_msgs/msg/dds_opensplice/HandControl_.h
-- Installing: C:/Users/SSAFY/Desktop/S10P22A209/catkin_ws/install/ssafy_msgs/include/ssafy_msgs/msg/dds_opensplice/HandControl_Dcps.h
-- Installing: C:/Users/SSAFY/Desktop/S10P22A209/catkin_ws/install/ssafy_msgs/include/ssafy_msgs/msg/dds_opensplice/HandControl_Dcps_impl.h
-- Installing: C:/Users/SSAFY/Desktop/S10P22A209/catkin_ws/install/ssafy_msgs/include/ssafy_msgs/msg/dds_opensplice/HandControl_SplDcps.h
-- Installing: C:/Users/SSAFY/Desktop/S10P22A209/catkin_ws/install/ssafy_msgs/include/ssafy_msgs/msg/dds_opensplice/Num_.h
-- Installing: C:/Users/SSAFY/Desktop/S10P22A209/catkin_ws/install/ssafy_msgs/include/ssafy_msgs/msg/dds_opensplice/Num_Dcps.h
-- Installing: C:/Users/SSAFY/Desktop/S10P22A209/catkin_ws/install/ssafy_msgs/include/ssafy_msgs/msg/dds_opensplice/Num_Dcps_impl.h
-- Installing: C:/Users/SSAFY/Desktop/S10P22A209/catkin_ws/install/ssafy_msgs/include/ssafy_msgs/msg/dds_opensplice/Num_SplDcps.h
-- Installing: C:/Users/SSAFY/Desktop/S10P22A209/catkin_ws/install/ssafy_msgs/include/ssafy_msgs/msg/dds_opensplice/ObjectInfo_.h
-- Installing: C:/Users/SSAFY/Desktop/S10P22A209/catkin_ws/install/ssafy_msgs/include/ssafy_msgs/msg/dds_opensplice/ObjectInfo_Dcps.h
-- Installing: C:/Users/SSAFY/Desktop/S10P22A209/catkin_ws/install/ssafy_msgs/include/ssafy_msgs/msg/dds_opensplice/ObjectInfo_Dcps_impl.h
-- Installing: C:/Users/SSAFY/Desktop/S10P22A209/catkin_ws/install/ssafy_msgs/include/ssafy_msgs/msg/dds_opensplice/ObjectInfo_SplDcps.h
-- Installing: C:/Users/SSAFY/Desktop/S10P22A209/catkin_ws/install/ssafy_msgs/include/ssafy_msgs/msg/dds_opensplice/TurtlebotStatus_.h
-- Installing: C:/Users/SSAFY/Desktop/S10P22A209/catkin_ws/install/ssafy_msgs/include/ssafy_msgs/msg/dds_opensplice/TurtlebotStatus_Dcps.h
-- Installing: C:/Users/SSAFY/Desktop/S10P22A209/catkin_ws/install/ssafy_msgs/include/ssafy_msgs/msg/dds_opensplice/TurtlebotStatus_Dcps_impl.h
-- Installing: C:/Users/SSAFY/Desktop/S10P22A209/catkin_ws/install/ssafy_msgs/include/ssafy_msgs/msg/dds_opensplice/TurtlebotStatus_SplDcps.h
-- Installing: C:/Users/SSAFY/Desktop/S10P22A209/catkin_ws/install/ssafy_msgs/include/ssafy_msgs/msg/enviroment_status__rosidl_typesupport_opensplice_cpp.hpp
-- Installing: C:/Users/SSAFY/Desktop/S10P22A209/catkin_ws/install/ssafy_msgs/include/ssafy_msgs/msg/hand_control__rosidl_typesupport_opensplice_cpp.hpp
-- Installing: C:/Users/SSAFY/Desktop/S10P22A209/catkin_ws/install/ssafy_msgs/include/ssafy_msgs/msg/num__rosidl_typesupport_opensplice_cpp.hpp
-- Installing: C:/Users/SSAFY/Desktop/S10P22A209/catkin_ws/install/ssafy_msgs/include/ssafy_msgs/msg/object_info__rosidl_typesupport_opensplice_cpp.hpp
-- Installing: C:/Users/SSAFY/Desktop/S10P22A209/catkin_ws/install/ssafy_msgs/include/ssafy_msgs/msg/rosidl_typesupport_opensplice_cpp__visibility_control.h
-- Installing: C:/Users/SSAFY/Desktop/S10P22A209/catkin_ws/install/ssafy_msgs/include/ssafy_msgs/msg/turtlebot_status__rosidl_typesupport_opensplice_cpp.hpp
-- Installing: C:/Users/SSAFY/Desktop/S10P22A209/catkin_ws/install/ssafy_msgs/lib/ssafy_msgs__rosidl_typesupport_opensplice_cpp.lib
-- Installing: C:/Users/SSAFY/Desktop/S10P22A209/catkin_ws/install/ssafy_msgs/bin/ssafy_msgs__rosidl_typesupport_opensplice_cpp.dll
-- Up-to-date: C:/Users/SSAFY/Desktop/S10P22A209/catkin_ws/install/ssafy_msgs/include/ssafy_msgs
-- Up-to-date: C:/Users/SSAFY/Desktop/S10P22A209/catkin_ws/install/ssafy_msgs/include/ssafy_msgs/msg
-- Installing: C:/Users/SSAFY/Desktop/S10P22A209/catkin_ws/install/ssafy_msgs/include/ssafy_msgs/msg/b_box__rosidl_typesupport_introspection_cpp.hpp
-- Installing: C:/Users/SSAFY/Desktop/S10P22A209/catkin_ws/install/ssafy_msgs/include/ssafy_msgs/msg/b_box__type_support.cpp
-- Installing: C:/Users/SSAFY/Desktop/S10P22A209/catkin_ws/install/ssafy_msgs/include/ssafy_msgs/msg/custom_object_info__rosidl_typesupport_introspection_cpp.hpp
-- Installing: C:/Users/SSAFY/Desktop/S10P22A209/catkin_ws/install/ssafy_msgs/include/ssafy_msgs/msg/custom_object_info__type_support.cpp
-- Installing: C:/Users/SSAFY/Desktop/S10P22A209/catkin_ws/install/ssafy_msgs/include/ssafy_msgs/msg/enviroment_status__rosidl_typesupport_introspection_cpp.hpp
-- Installing: C:/Users/SSAFY/Desktop/S10P22A209/catkin_ws/install/ssafy_msgs/include/ssafy_msgs/msg/enviroment_status__type_support.cpp
-- Installing: C:/Users/SSAFY/Desktop/S10P22A209/catkin_ws/install/ssafy_msgs/include/ssafy_msgs/msg/hand_control__rosidl_typesupport_introspection_cpp.hpp
-- Installing: C:/Users/SSAFY/Desktop/S10P22A209/catkin_ws/install/ssafy_msgs/include/ssafy_msgs/msg/hand_control__type_support.cpp
-- Installing: C:/Users/SSAFY/Desktop/S10P22A209/catkin_ws/install/ssafy_msgs/include/ssafy_msgs/msg/num__rosidl_typesupport_introspection_cpp.hpp
-- Installing: C:/Users/SSAFY/Desktop/S10P22A209/catkin_ws/install/ssafy_msgs/include/ssafy_msgs/msg/num__type_support.cpp
-- Installing: C:/Users/SSAFY/Desktop/S10P22A209/catkin_ws/install/ssafy_msgs/include/ssafy_msgs/msg/object_info__rosidl_typesupport_introspection_cpp.hpp
-- Installing: C:/Users/SSAFY/Desktop/S10P22A209/catkin_ws/install/ssafy_msgs/include/ssafy_msgs/msg/object_info__type_support.cpp
-- Installing: C:/Users/SSAFY/Desktop/S10P22A209/catkin_ws/install/ssafy_msgs/include/ssafy_msgs/msg/turtlebot_status__rosidl_typesupport_introspection_cpp.hpp
-- Installing: C:/Users/SSAFY/Desktop/S10P22A209/catkin_ws/install/ssafy_msgs/include/ssafy_msgs/msg/turtlebot_status__type_support.cpp
-- Installing: C:/Users/SSAFY/Desktop/S10P22A209/catkin_ws/install/ssafy_msgs/lib/ssafy_msgs__rosidl_typesupport_introspection_cpp.lib
-- Installing: C:/Users/SSAFY/Desktop/S10P22A209/catkin_ws/install/ssafy_msgs/bin/ssafy_msgs__rosidl_typesupport_introspection_cpp.dll
-- Installing: C:/Users/SSAFY/Desktop/S10P22A209/catkin_ws/install/ssafy_msgs/share/ssafy_msgs/environment/pythonpath.bat
-- Installing: C:/Users/SSAFY/Desktop/S10P22A209/catkin_ws/install/ssafy_msgs/share/ssafy_msgs/environment/pythonpath.dsv
-- Installing: C:/Users/SSAFY/Desktop/S10P22A209/catkin_ws/install/ssafy_msgs/Lib/site-packages/ssafy_msgs/__init__.py
Compiling 'C:/Users/SSAFY/Desktop/S10P22A209/catkin_ws/install/ssafy_msgs/Lib/site-packages/ssafy_msgs/__init__.py'...
-- Up-to-date: C:/Users/SSAFY/Desktop/S10P22A209/catkin_ws/install/ssafy_msgs/Lib/site-packages/ssafy_msgs/msg
-- Installing: C:/Users/SSAFY/Desktop/S10P22A209/catkin_ws/install/ssafy_msgs/Lib/site-packages/ssafy_msgs/msg/_b_box.py
-- Installing: C:/Users/SSAFY/Desktop/S10P22A209/catkin_ws/install/ssafy_msgs/Lib/site-packages/ssafy_msgs/msg/_b_box_s.c
-- Installing: C:/Users/SSAFY/Desktop/S10P22A209/catkin_ws/install/ssafy_msgs/Lib/site-packages/ssafy_msgs/msg/_custom_object_info.py
-- Installing: C:/Users/SSAFY/Desktop/S10P22A209/catkin_ws/install/ssafy_msgs/Lib/site-packages/ssafy_msgs/msg/_custom_object_info_s.c
-- Installing: C:/Users/SSAFY/Desktop/S10P22A209/catkin_ws/install/ssafy_msgs/Lib/site-packages/ssafy_msgs/msg/_enviroment_status.py
-- Installing: C:/Users/SSAFY/Desktop/S10P22A209/catkin_ws/install/ssafy_msgs/Lib/site-packages/ssafy_msgs/msg/_enviroment_status_s.c
-- Installing: C:/Users/SSAFY/Desktop/S10P22A209/catkin_ws/install/ssafy_msgs/Lib/site-packages/ssafy_msgs/msg/_hand_control.py
-- Installing: C:/Users/SSAFY/Desktop/S10P22A209/catkin_ws/install/ssafy_msgs/Lib/site-packages/ssafy_msgs/msg/_hand_control_s.c
-- Installing: C:/Users/SSAFY/Desktop/S10P22A209/catkin_ws/install/ssafy_msgs/Lib/site-packages/ssafy_msgs/msg/_num.py
-- Installing: C:/Users/SSAFY/Desktop/S10P22A209/catkin_ws/install/ssafy_msgs/Lib/site-packages/ssafy_msgs/msg/_num_s.c
-- Installing: C:/Users/SSAFY/Desktop/S10P22A209/catkin_ws/install/ssafy_msgs/Lib/site-packages/ssafy_msgs/msg/_object_info.py
-- Installing: C:/Users/SSAFY/Desktop/S10P22A209/catkin_ws/install/ssafy_msgs/Lib/site-packages/ssafy_msgs/msg/_object_info_s.c
-- Installing: C:/Users/SSAFY/Desktop/S10P22A209/catkin_ws/install/ssafy_msgs/Lib/site-packages/ssafy_msgs/msg/_turtlebot_status.py
-- Installing: C:/Users/SSAFY/Desktop/S10P22A209/catkin_ws/install/ssafy_msgs/Lib/site-packages/ssafy_msgs/msg/_turtlebot_status_s.c
-- Installing: C:/Users/SSAFY/Desktop/S10P22A209/catkin_ws/install/ssafy_msgs/Lib/site-packages/ssafy_msgs/msg/__init__.py
-- Installing: C:/Users/SSAFY/Desktop/S10P22A209/catkin_ws/install/ssafy_msgs/Lib/site-packages/ssafy_msgs/ssafy_msgs_s__rosidl_typesupport_c.lib
-- Installing: C:/Users/SSAFY/Desktop/S10P22A209/catkin_ws/install/ssafy_msgs/Lib/site-packages/ssafy_msgs/ssafy_msgs_s__rosidl_typesupport_c.pyd
-- Installing: C:/Users/SSAFY/Desktop/S10P22A209/catkin_ws/install/ssafy_msgs/Lib/site-packages/ssafy_msgs/ssafy_msgs_s__rosidl_typesupport_connext_c.lib
-- Installing: C:/Users/SSAFY/Desktop/S10P22A209/catkin_ws/install/ssafy_msgs/Lib/site-packages/ssafy_msgs/ssafy_msgs_s__rosidl_typesupport_connext_c.pyd
-- Installing: C:/Users/SSAFY/Desktop/S10P22A209/catkin_ws/install/ssafy_msgs/Lib/site-packages/ssafy_msgs/ssafy_msgs_s__rosidl_typesupport_introspection_c.lib
-- Installing: C:/Users/SSAFY/Desktop/S10P22A209/catkin_ws/install/ssafy_msgs/Lib/site-packages/ssafy_msgs/ssafy_msgs_s__rosidl_typesupport_introspection_c.pyd
-- Installing: C:/Users/SSAFY/Desktop/S10P22A209/catkin_ws/install/ssafy_msgs/Lib/site-packages/ssafy_msgs/ssafy_msgs_s__rosidl_typesupport_fastrtps_c.lib
-- Installing: C:/Users/SSAFY/Desktop/S10P22A209/catkin_ws/install/ssafy_msgs/Lib/site-packages/ssafy_msgs/ssafy_msgs_s__rosidl_typesupport_fastrtps_c.pyd
-- Installing: C:/Users/SSAFY/Desktop/S10P22A209/catkin_ws/install/ssafy_msgs/Lib/site-packages/ssafy_msgs/ssafy_msgs_s__rosidl_typesupport_opensplice_c.lib
-- Installing: C:/Users/SSAFY/Desktop/S10P22A209/catkin_ws/install/ssafy_msgs/Lib/site-packages/ssafy_msgs/ssafy_msgs_s__rosidl_typesupport_opensplice_c.pyd
-- Installing: C:/Users/SSAFY/Desktop/S10P22A209/catkin_ws/install/ssafy_msgs/lib/ssafy_msgs__python.lib
-- Installing: C:/Users/SSAFY/Desktop/S10P22A209/catkin_ws/install/ssafy_msgs/bin/ssafy_msgs__python.dll
-- Installing: C:/Users/SSAFY/Desktop/S10P22A209/catkin_ws/install/ssafy_msgs/share/ssafy_msgs/msg/Num.idl
-- Installing: C:/Users/SSAFY/Desktop/S10P22A209/catkin_ws/install/ssafy_msgs/share/ssafy_msgs/msg/EnviromentStatus.idl
-- Installing: C:/Users/SSAFY/Desktop/S10P22A209/catkin_ws/install/ssafy_msgs/share/ssafy_msgs/msg/TurtlebotStatus.idl
-- Installing: C:/Users/SSAFY/Desktop/S10P22A209/catkin_ws/install/ssafy_msgs/share/ssafy_msgs/msg/BBox.idl
-- Installing: C:/Users/SSAFY/Desktop/S10P22A209/catkin_ws/install/ssafy_msgs/share/ssafy_msgs/msg/ObjectInfo.idl
-- Installing: C:/Users/SSAFY/Desktop/S10P22A209/catkin_ws/install/ssafy_msgs/share/ssafy_msgs/msg/HandControl.idl
-- Installing: C:/Users/SSAFY/Desktop/S10P22A209/catkin_ws/install/ssafy_msgs/share/ssafy_msgs/msg/CustomObjectInfo.idl
-- Up-to-date: C:/Users/SSAFY/Desktop/S10P22A209/catkin_ws/install/ssafy_msgs/share/ssafy_msgs/msg/Num.msg
-- Up-to-date: C:/Users/SSAFY/Desktop/S10P22A209/catkin_ws/install/ssafy_msgs/share/ssafy_msgs/msg/EnviromentStatus.msg
-- Up-to-date: C:/Users/SSAFY/Desktop/S10P22A209/catkin_ws/install/ssafy_msgs/share/ssafy_msgs/msg/TurtlebotStatus.msg
-- Up-to-date: C:/Users/SSAFY/Desktop/S10P22A209/catkin_ws/install/ssafy_msgs/share/ssafy_msgs/msg/BBox.msg
-- Up-to-date: C:/Users/SSAFY/Desktop/S10P22A209/catkin_ws/install/ssafy_msgs/share/ssafy_msgs/msg/ObjectInfo.msg
-- Up-to-date: C:/Users/SSAFY/Desktop/S10P22A209/catkin_ws/install/ssafy_msgs/share/ssafy_msgs/msg/HandControl.msg
-- Up-to-date: C:/Users/SSAFY/Desktop/S10P22A209/catkin_ws/install/ssafy_msgs/share/ssafy_msgs/msg/CustomObjectInfo.msg
-- Installing: C:/Users/SSAFY/Desktop/S10P22A209/catkin_ws/install/ssafy_msgs/share/ament_index/resource_index/package_run_dependencies/ssafy_msgs
-- Installing: C:/Users/SSAFY/Desktop/S10P22A209/catkin_ws/install/ssafy_msgs/share/ament_index/resource_index/parent_prefix_path/ssafy_msgs
-- Up-to-date: C:/Users/SSAFY/Desktop/S10P22A209/catkin_ws/install/ssafy_msgs/share/ssafy_msgs/environment/ament_prefix_path.bat
-- Installing: C:/Users/SSAFY/Desktop/S10P22A209/catkin_ws/install/ssafy_msgs/share/ssafy_msgs/environment/ament_prefix_path.dsv
-- Up-to-date: C:/Users/SSAFY/Desktop/S10P22A209/catkin_ws/install/ssafy_msgs/share/ssafy_msgs/environment/path.bat
-- Installing: C:/Users/SSAFY/Desktop/S10P22A209/catkin_ws/install/ssafy_msgs/share/ssafy_msgs/environment/path.dsv
-- Installing: C:/Users/SSAFY/Desktop/S10P22A209/catkin_ws/install/ssafy_msgs/share/ssafy_msgs/local_setup.bat
-- Installing: C:/Users/SSAFY/Desktop/S10P22A209/catkin_ws/install/ssafy_msgs/share/ssafy_msgs/local_setup.dsv
-- Installing: C:/Users/SSAFY/Desktop/S10P22A209/catkin_ws/install/ssafy_msgs/share/ssafy_msgs/package.dsv
-- Installing: C:/Users/SSAFY/Desktop/S10P22A209/catkin_ws/install/ssafy_msgs/share/ament_index/resource_index/packages/ssafy_msgs
-- Installing: C:/Users/SSAFY/Desktop/S10P22A209/catkin_ws/install/ssafy_msgs/share/ssafy_msgs/cmake/rosidl_cmake-extras.cmake
-- Installing: C:/Users/SSAFY/Desktop/S10P22A209/catkin_ws/install/ssafy_msgs/share/ssafy_msgs/cmake/ament_cmake_export_dependencies-extras.cmake
-- Installing: C:/Users/SSAFY/Desktop/S10P22A209/catkin_ws/install/ssafy_msgs/share/ssafy_msgs/cmake/ament_cmake_export_libraries-extras.cmake
-- Installing: C:/Users/SSAFY/Desktop/S10P22A209/catkin_ws/install/ssafy_msgs/share/ssafy_msgs/cmake/ament_cmake_export_include_directories-extras.cmake
-- Installing: C:/Users/SSAFY/Desktop/S10P22A209/catkin_ws/install/ssafy_msgs/share/ssafy_msgs/cmake/rosidl_cmake_export_typesupport_libraries-extras.cmake
-- Installing: C:/Users/SSAFY/Desktop/S10P22A209/catkin_ws/install/ssafy_msgs/share/ssafy_msgs/cmake/ssafy_msgsConfig.cmake
-- Installing: C:/Users/SSAFY/Desktop/S10P22A209/catkin_ws/install/ssafy_msgs/share/ssafy_msgs/cmake/ssafy_msgsConfig-version.cmake
-- Up-to-date: C:/Users/SSAFY/Desktop/S10P22A209/catkin_ws/install/ssafy_msgs/share/ssafy_msgs/package.xml
