[0.735s] [34mcolcon[0m [1;30mDEBUG[0m [32mCommand line arguments: ['C:\\Python37\\Scripts\\colcon', 'build'][0m
[0.735s] [34mcolcon[0m [1;30mDEBUG[0m [32mParsed command line arguments: Namespace(ament_cmake_args=None, base_paths=['.'], build_base='build', catkin_cmake_args=None, catkin_skip_building_tests=False, cmake_args=None, cmake_clean_cache=False, cmake_clean_first=False, cmake_force_configure=False, cmake_target=None, cmake_target_skip_unavailable=False, continue_on_error=False, event_handlers=None, executor='parallel', ignore_user_meta=False, install_base='install', log_base=None, log_level=None, main=<bound method BuildVerb.main of <colcon_core.verb.build.BuildVerb object at 0x000002822FF11608>>, merge_install=False, metas=['./colcon.meta'], packages_above=None, packages_above_and_dependencies=None, packages_above_depth=None, packages_end=None, packages_ignore=None, packages_ignore_regex=None, packages_select=None, packages_select_build_failed=False, packages_select_by_dep=None, packages_select_regex=None, packages_select_test_failures=False, packages_skip=None, packages_skip_build_finished=False, packages_skip_by_dep=None, packages_skip_regex=None, packages_skip_test_passed=False, packages_skip_up_to=None, packages_start=None, packages_up_to=None, packages_up_to_regex=None, parallel_workers=12, paths=None, symlink_install=False, test_result_base=None, verb_extension=<colcon_core.verb.build.BuildVerb object at 0x000002822FF11608>, verb_name='build', verb_parser=<colcon_defaults.argument_parser.defaults.DefaultArgumentsDecorator object at 0x000002822FEED788>)[0m
[0.837s] [34mcolcon.colcon_core.package_discovery[0m [1;30mLevel 1[0m discover_packages(colcon_meta) check parameters
[0.837s] [34mcolcon.colcon_core.package_discovery[0m [1;30mLevel 1[0m discover_packages(recursive) check parameters
[0.837s] [34mcolcon.colcon_core.package_discovery[0m [1;30mLevel 1[0m discover_packages(ignore) check parameters
[0.837s] [34mcolcon.colcon_core.package_discovery[0m [1;30mLevel 1[0m discover_packages(path) check parameters
[0.837s] [34mcolcon.colcon_core.package_discovery[0m [1;30mLevel 1[0m discover_packages(colcon_meta) discover
[0.837s] [34mcolcon.colcon_core.package_discovery[0m [1;30mLevel 1[0m discover_packages(recursive) discover
[0.837s] [34mcolcon.colcon_core.package_discovery[0m [1;30mINFO[0m Crawling recursively for packages in 'C:\Users\SSAFY\Desktop\S10P22A209\catkin_ws'
[0.837s] [34mcolcon.colcon_core.package_identification[0m [1;30mLevel 1[0m _identify(.) by extensions ['ignore', 'ignore_ament_install']
[0.838s] [34mcolcon.colcon_core.package_identification[0m [1;30mLevel 1[0m _identify(.) by extension 'ignore'
[0.838s] [34mcolcon.colcon_core.package_identification[0m [1;30mLevel 1[0m _identify(.) by extension 'ignore_ament_install'
[0.838s] [34mcolcon.colcon_core.package_identification[0m [1;30mLevel 1[0m _identify(.) by extensions ['colcon_pkg']
[0.838s] [34mcolcon.colcon_core.package_identification[0m [1;30mLevel 1[0m _identify(.) by extension 'colcon_pkg'
[0.838s] [34mcolcon.colcon_core.package_identification[0m [1;30mLevel 1[0m _identify(.) by extensions ['colcon_meta']
[0.838s] [34mcolcon.colcon_core.package_identification[0m [1;30mLevel 1[0m _identify(.) by extension 'colcon_meta'
[0.838s] [34mcolcon.colcon_core.package_identification[0m [1;30mLevel 1[0m _identify(.) by extensions ['ros']
[0.838s] [34mcolcon.colcon_core.package_identification[0m [1;30mLevel 1[0m _identify(.) by extension 'ros'
[0.865s] [34mcolcon.colcon_core.package_identification[0m [1;30mLevel 1[0m _identify(.) by extensions ['cmake', 'python']
[0.865s] [34mcolcon.colcon_core.package_identification[0m [1;30mLevel 1[0m _identify(.) by extension 'cmake'
[0.865s] [34mcolcon.colcon_core.package_identification[0m [1;30mLevel 1[0m _identify(.) by extension 'python'
[0.866s] [34mcolcon.colcon_core.package_identification[0m [1;30mLevel 1[0m _identify(.) by extensions ['python_setup_py']
[0.866s] [34mcolcon.colcon_core.package_identification[0m [1;30mLevel 1[0m _identify(.) by extension 'python_setup_py'
[0.866s] [34mcolcon.colcon_core.package_identification[0m [1;30mLevel 1[0m _identify(build) by extensions ['ignore', 'ignore_ament_install']
[0.872s] [34mcolcon.colcon_core.package_identification[0m [1;30mLevel 1[0m _identify(build) by extension 'ignore'
[0.872s] [34mcolcon.colcon_core.package_identification[0m [1;30mLevel 1[0m _identify(build) ignored
[0.872s] [34mcolcon.colcon_core.package_identification[0m [1;30mLevel 1[0m _identify(install) by extensions ['ignore', 'ignore_ament_install']
[0.872s] [34mcolcon.colcon_core.package_identification[0m [1;30mLevel 1[0m _identify(install) by extension 'ignore'
[0.873s] [34mcolcon.colcon_core.package_identification[0m [1;30mLevel 1[0m _identify(install) ignored
[0.873s] [34mcolcon.colcon_core.package_identification[0m [1;30mLevel 1[0m _identify(log) by extensions ['ignore', 'ignore_ament_install']
[0.873s] [34mcolcon.colcon_core.package_identification[0m [1;30mLevel 1[0m _identify(log) by extension 'ignore'
[0.873s] [34mcolcon.colcon_core.package_identification[0m [1;30mLevel 1[0m _identify(log) ignored
[0.873s] [34mcolcon.colcon_core.package_identification[0m [1;30mLevel 1[0m _identify(src) by extensions ['ignore', 'ignore_ament_install']
[0.873s] [34mcolcon.colcon_core.package_identification[0m [1;30mLevel 1[0m _identify(src) by extension 'ignore'
[0.873s] [34mcolcon.colcon_core.package_identification[0m [1;30mLevel 1[0m _identify(src) by extension 'ignore_ament_install'
[0.873s] [34mcolcon.colcon_core.package_identification[0m [1;30mLevel 1[0m _identify(src) by extensions ['colcon_pkg']
[0.873s] [34mcolcon.colcon_core.package_identification[0m [1;30mLevel 1[0m _identify(src) by extension 'colcon_pkg'
[0.874s] [34mcolcon.colcon_core.package_identification[0m [1;30mLevel 1[0m _identify(src) by extensions ['colcon_meta']
[0.874s] [34mcolcon.colcon_core.package_identification[0m [1;30mLevel 1[0m _identify(src) by extension 'colcon_meta'
[0.874s] [34mcolcon.colcon_core.package_identification[0m [1;30mLevel 1[0m _identify(src) by extensions ['ros']
[0.874s] [34mcolcon.colcon_core.package_identification[0m [1;30mLevel 1[0m _identify(src) by extension 'ros'
[0.874s] [34mcolcon.colcon_core.package_identification[0m [1;30mLevel 1[0m _identify(src) by extensions ['cmake', 'python']
[0.874s] [34mcolcon.colcon_core.package_identification[0m [1;30mLevel 1[0m _identify(src) by extension 'cmake'
[0.874s] [34mcolcon.colcon_core.package_identification[0m [1;30mLevel 1[0m _identify(src) by extension 'python'
[0.874s] [34mcolcon.colcon_core.package_identification[0m [1;30mLevel 1[0m _identify(src) by extensions ['python_setup_py']
[0.874s] [34mcolcon.colcon_core.package_identification[0m [1;30mLevel 1[0m _identify(src) by extension 'python_setup_py'
[0.874s] [34mcolcon.colcon_core.package_identification[0m [1;30mLevel 1[0m _identify(src\my_package) by extensions ['ignore', 'ignore_ament_install']
[0.874s] [34mcolcon.colcon_core.package_identification[0m [1;30mLevel 1[0m _identify(src\my_package) by extension 'ignore'
[0.875s] [34mcolcon.colcon_core.package_identification[0m [1;30mLevel 1[0m _identify(src\my_package) by extension 'ignore_ament_install'
[0.875s] [34mcolcon.colcon_core.package_identification[0m [1;30mLevel 1[0m _identify(src\my_package) by extensions ['colcon_pkg']
[0.875s] [34mcolcon.colcon_core.package_identification[0m [1;30mLevel 1[0m _identify(src\my_package) by extension 'colcon_pkg'
[0.875s] [34mcolcon.colcon_core.package_identification[0m [1;30mLevel 1[0m _identify(src\my_package) by extensions ['colcon_meta']
[0.875s] [34mcolcon.colcon_core.package_identification[0m [1;30mLevel 1[0m _identify(src\my_package) by extension 'colcon_meta'
[0.875s] [34mcolcon.colcon_core.package_identification[0m [1;30mLevel 1[0m _identify(src\my_package) by extensions ['ros']
[0.875s] [34mcolcon.colcon_core.package_identification[0m [1;30mLevel 1[0m _identify(src\my_package) by extension 'ros'
[0.878s] [34mcolcon.colcon_core.package_identification[0m [1;30mDEBUG[0m [32mPackage 'src\my_package' with type 'ros.ament_python' and name 'my_package'[0m
[0.878s] [34mcolcon.colcon_core.package_identification[0m [1;30mLevel 1[0m _identify(src\ssafy_bridge) by extensions ['ignore', 'ignore_ament_install']
[0.878s] [34mcolcon.colcon_core.package_identification[0m [1;30mLevel 1[0m _identify(src\ssafy_bridge) by extension 'ignore'
[0.878s] [34mcolcon.colcon_core.package_identification[0m [1;30mLevel 1[0m _identify(src\ssafy_bridge) by extension 'ignore_ament_install'
[0.878s] [34mcolcon.colcon_core.package_identification[0m [1;30mLevel 1[0m _identify(src\ssafy_bridge) by extensions ['colcon_pkg']
[0.879s] [34mcolcon.colcon_core.package_identification[0m [1;30mLevel 1[0m _identify(src\ssafy_bridge) by extension 'colcon_pkg'
[0.879s] [34mcolcon.colcon_core.package_identification[0m [1;30mLevel 1[0m _identify(src\ssafy_bridge) by extensions ['colcon_meta']
[0.879s] [34mcolcon.colcon_core.package_identification[0m [1;30mLevel 1[0m _identify(src\ssafy_bridge) by extension 'colcon_meta'
[0.880s] [34mcolcon.colcon_core.package_identification[0m [1;30mLevel 1[0m _identify(src\ssafy_bridge) by extensions ['ros']
[0.880s] [34mcolcon.colcon_core.package_identification[0m [1;30mLevel 1[0m _identify(src\ssafy_bridge) by extension 'ros'
[0.880s] [34mcolcon.colcon_core.package_identification[0m [1;30mDEBUG[0m [32mPackage 'src\ssafy_bridge' with type 'ros.ament_python' and name 'ssafy_bridge'[0m
[0.880s] [34mcolcon.colcon_core.package_identification[0m [1;30mLevel 1[0m _identify(src\ssafy_msgs) by extensions ['ignore', 'ignore_ament_install']
[0.880s] [34mcolcon.colcon_core.package_identification[0m [1;30mLevel 1[0m _identify(src\ssafy_msgs) by extension 'ignore'
[0.880s] [34mcolcon.colcon_core.package_identification[0m [1;30mLevel 1[0m _identify(src\ssafy_msgs) by extension 'ignore_ament_install'
[0.880s] [34mcolcon.colcon_core.package_identification[0m [1;30mLevel 1[0m _identify(src\ssafy_msgs) by extensions ['colcon_pkg']
[0.880s] [34mcolcon.colcon_core.package_identification[0m [1;30mLevel 1[0m _identify(src\ssafy_msgs) by extension 'colcon_pkg'
[0.880s] [34mcolcon.colcon_core.package_identification[0m [1;30mLevel 1[0m _identify(src\ssafy_msgs) by extensions ['colcon_meta']
[0.880s] [34mcolcon.colcon_core.package_identification[0m [1;30mLevel 1[0m _identify(src\ssafy_msgs) by extension 'colcon_meta'
[0.880s] [34mcolcon.colcon_core.package_identification[0m [1;30mLevel 1[0m _identify(src\ssafy_msgs) by extensions ['ros']
[0.880s] [34mcolcon.colcon_core.package_identification[0m [1;30mLevel 1[0m _identify(src\ssafy_msgs) by extension 'ros'
[0.881s] [34mcolcon.colcon_core.package_identification[0m [1;30mDEBUG[0m [32mPackage 'src\ssafy_msgs' with type 'ros.ament_cmake' and name 'ssafy_msgs'[0m
[0.881s] [34mcolcon.colcon_core.package_identification[0m [1;30mLevel 1[0m _identify(src\test_209) by extensions ['ignore', 'ignore_ament_install']
[0.881s] [34mcolcon.colcon_core.package_identification[0m [1;30mLevel 1[0m _identify(src\test_209) by extension 'ignore'
[0.881s] [34mcolcon.colcon_core.package_identification[0m [1;30mLevel 1[0m _identify(src\test_209) by extension 'ignore_ament_install'
[0.882s] [34mcolcon.colcon_core.package_identification[0m [1;30mLevel 1[0m _identify(src\test_209) by extensions ['colcon_pkg']
[0.882s] [34mcolcon.colcon_core.package_identification[0m [1;30mLevel 1[0m _identify(src\test_209) by extension 'colcon_pkg'
[0.882s] [34mcolcon.colcon_core.package_identification[0m [1;30mLevel 1[0m _identify(src\test_209) by extensions ['colcon_meta']
[0.882s] [34mcolcon.colcon_core.package_identification[0m [1;30mLevel 1[0m _identify(src\test_209) by extension 'colcon_meta'
[0.882s] [34mcolcon.colcon_core.package_identification[0m [1;30mLevel 1[0m _identify(src\test_209) by extensions ['ros']
[0.882s] [34mcolcon.colcon_core.package_identification[0m [1;30mLevel 1[0m _identify(src\test_209) by extension 'ros'
[0.883s] [34mcolcon.colcon_core.package_identification[0m [1;30mDEBUG[0m [32mPackage 'src\test_209' with type 'ros.ament_python' and name 'test_209'[0m
[0.883s] [34mcolcon.colcon_core.package_identification[0m [1;30mLevel 1[0m _identify(src\yolo_package) by extensions ['ignore', 'ignore_ament_install']
[0.883s] [34mcolcon.colcon_core.package_identification[0m [1;30mLevel 1[0m _identify(src\yolo_package) by extension 'ignore'
[0.883s] [34mcolcon.colcon_core.package_identification[0m [1;30mLevel 1[0m _identify(src\yolo_package) by extension 'ignore_ament_install'
[0.883s] [34mcolcon.colcon_core.package_identification[0m [1;30mLevel 1[0m _identify(src\yolo_package) by extensions ['colcon_pkg']
[0.883s] [34mcolcon.colcon_core.package_identification[0m [1;30mLevel 1[0m _identify(src\yolo_package) by extension 'colcon_pkg'
[0.883s] [34mcolcon.colcon_core.package_identification[0m [1;30mLevel 1[0m _identify(src\yolo_package) by extensions ['colcon_meta']
[0.883s] [34mcolcon.colcon_core.package_identification[0m [1;30mLevel 1[0m _identify(src\yolo_package) by extension 'colcon_meta'
[0.883s] [34mcolcon.colcon_core.package_identification[0m [1;30mLevel 1[0m _identify(src\yolo_package) by extensions ['ros']
[0.883s] [34mcolcon.colcon_core.package_identification[0m [1;30mLevel 1[0m _identify(src\yolo_package) by extension 'ros'
[0.884s] [34mcolcon.colcon_core.package_identification[0m [1;30mDEBUG[0m [32mPackage 'src\yolo_package' with type 'ros.ament_python' and name 'yolo_package'[0m
[0.884s] [34mcolcon.colcon_core.package_discovery[0m [1;30mLevel 1[0m discover_packages(recursive) using defaults
[0.884s] [34mcolcon.colcon_core.package_discovery[0m [1;30mLevel 1[0m discover_packages(ignore) discover
[0.884s] [34mcolcon.colcon_core.package_discovery[0m [1;30mLevel 1[0m discover_packages(ignore) using defaults
[0.884s] [34mcolcon.colcon_core.package_discovery[0m [1;30mLevel 1[0m discover_packages(path) discover
[0.884s] [34mcolcon.colcon_core.package_discovery[0m [1;30mLevel 1[0m discover_packages(path) using defaults
[1.035s] [34mcolcon.colcon_core.verb[0m [1;30mLevel 5[0m set package 'my_package' build argument 'cmake_args' from command line to 'None'
[1.036s] [34mcolcon.colcon_core.verb[0m [1;30mLevel 5[0m set package 'my_package' build argument 'cmake_target' from command line to 'None'
[1.036s] [34mcolcon.colcon_core.verb[0m [1;30mLevel 5[0m set package 'my_package' build argument 'cmake_target_skip_unavailable' from command line to 'False'
[1.036s] [34mcolcon.colcon_core.verb[0m [1;30mLevel 5[0m set package 'my_package' build argument 'cmake_clean_cache' from command line to 'False'
[1.036s] [34mcolcon.colcon_core.verb[0m [1;30mLevel 5[0m set package 'my_package' build argument 'cmake_clean_first' from command line to 'False'
[1.036s] [34mcolcon.colcon_core.verb[0m [1;30mLevel 5[0m set package 'my_package' build argument 'cmake_force_configure' from command line to 'False'
[1.036s] [34mcolcon.colcon_core.verb[0m [1;30mLevel 5[0m set package 'my_package' build argument 'ament_cmake_args' from command line to 'None'
[1.036s] [34mcolcon.colcon_core.verb[0m [1;30mLevel 5[0m set package 'my_package' build argument 'catkin_cmake_args' from command line to 'None'
[1.036s] [34mcolcon.colcon_core.verb[0m [1;30mLevel 5[0m set package 'my_package' build argument 'catkin_skip_building_tests' from command line to 'False'
[1.036s] [34mcolcon.colcon_core.verb[0m [1;30mDEBUG[0m [32mBuilding package 'my_package' with the following arguments: {'ament_cmake_args': None, 'build_base': 'C:\\Users\\SSAFY\\Desktop\\S10P22A209\\catkin_ws\\build\\my_package', 'catkin_cmake_args': None, 'catkin_skip_building_tests': False, 'cmake_args': None, 'cmake_clean_cache': False, 'cmake_clean_first': False, 'cmake_force_configure': False, 'cmake_target': None, 'cmake_target_skip_unavailable': False, 'install_base': 'C:\\Users\\SSAFY\\Desktop\\S10P22A209\\catkin_ws\\install\\my_package', 'merge_install': False, 'path': 'C:\\Users\\SSAFY\\Desktop\\S10P22A209\\catkin_ws\\src\\my_package', 'symlink_install': False, 'test_result_base': None}[0m
[1.067s] [34mcolcon.colcon_core.verb[0m [1;30mLevel 5[0m set package 'ssafy_bridge' build argument 'cmake_args' from command line to 'None'
[1.068s] [34mcolcon.colcon_core.verb[0m [1;30mLevel 5[0m set package 'ssafy_bridge' build argument 'cmake_target' from command line to 'None'
[1.068s] [34mcolcon.colcon_core.verb[0m [1;30mLevel 5[0m set package 'ssafy_bridge' build argument 'cmake_target_skip_unavailable' from command line to 'False'
[1.068s] [34mcolcon.colcon_core.verb[0m [1;30mLevel 5[0m set package 'ssafy_bridge' build argument 'cmake_clean_cache' from command line to 'False'
[1.068s] [34mcolcon.colcon_core.verb[0m [1;30mLevel 5[0m set package 'ssafy_bridge' build argument 'cmake_clean_first' from command line to 'False'
[1.068s] [34mcolcon.colcon_core.verb[0m [1;30mLevel 5[0m set package 'ssafy_bridge' build argument 'cmake_force_configure' from command line to 'False'
[1.068s] [34mcolcon.colcon_core.verb[0m [1;30mLevel 5[0m set package 'ssafy_bridge' build argument 'ament_cmake_args' from command line to 'None'
[1.068s] [34mcolcon.colcon_core.verb[0m [1;30mLevel 5[0m set package 'ssafy_bridge' build argument 'catkin_cmake_args' from command line to 'None'
[1.068s] [34mcolcon.colcon_core.verb[0m [1;30mLevel 5[0m set package 'ssafy_bridge' build argument 'catkin_skip_building_tests' from command line to 'False'
[1.068s] [34mcolcon.colcon_core.verb[0m [1;30mDEBUG[0m [32mBuilding package 'ssafy_bridge' with the following arguments: {'ament_cmake_args': None, 'build_base': 'C:\\Users\\SSAFY\\Desktop\\S10P22A209\\catkin_ws\\build\\ssafy_bridge', 'catkin_cmake_args': None, 'catkin_skip_building_tests': False, 'cmake_args': None, 'cmake_clean_cache': False, 'cmake_clean_first': False, 'cmake_force_configure': False, 'cmake_target': None, 'cmake_target_skip_unavailable': False, 'install_base': 'C:\\Users\\SSAFY\\Desktop\\S10P22A209\\catkin_ws\\install\\ssafy_bridge', 'merge_install': False, 'path': 'C:\\Users\\SSAFY\\Desktop\\S10P22A209\\catkin_ws\\src\\ssafy_bridge', 'symlink_install': False, 'test_result_base': None}[0m
[1.099s] [34mcolcon.colcon_core.verb[0m [1;30mLevel 5[0m set package 'ssafy_msgs' build argument 'cmake_args' from command line to 'None'
[1.099s] [34mcolcon.colcon_core.verb[0m [1;30mLevel 5[0m set package 'ssafy_msgs' build argument 'cmake_target' from command line to 'None'
[1.100s] [34mcolcon.colcon_core.verb[0m [1;30mLevel 5[0m set package 'ssafy_msgs' build argument 'cmake_target_skip_unavailable' from command line to 'False'
[1.100s] [34mcolcon.colcon_core.verb[0m [1;30mLevel 5[0m set package 'ssafy_msgs' build argument 'cmake_clean_cache' from command line to 'False'
[1.100s] [34mcolcon.colcon_core.verb[0m [1;30mLevel 5[0m set package 'ssafy_msgs' build argument 'cmake_clean_first' from command line to 'False'
[1.100s] [34mcolcon.colcon_core.verb[0m [1;30mLevel 5[0m set package 'ssafy_msgs' build argument 'cmake_force_configure' from command line to 'False'
[1.100s] [34mcolcon.colcon_core.verb[0m [1;30mLevel 5[0m set package 'ssafy_msgs' build argument 'ament_cmake_args' from command line to 'None'
[1.100s] [34mcolcon.colcon_core.verb[0m [1;30mLevel 5[0m set package 'ssafy_msgs' build argument 'catkin_cmake_args' from command line to 'None'
[1.100s] [34mcolcon.colcon_core.verb[0m [1;30mLevel 5[0m set package 'ssafy_msgs' build argument 'catkin_skip_building_tests' from command line to 'False'
[1.100s] [34mcolcon.colcon_core.verb[0m [1;30mDEBUG[0m [32mBuilding package 'ssafy_msgs' with the following arguments: {'ament_cmake_args': None, 'build_base': 'C:\\Users\\SSAFY\\Desktop\\S10P22A209\\catkin_ws\\build\\ssafy_msgs', 'catkin_cmake_args': None, 'catkin_skip_building_tests': False, 'cmake_args': None, 'cmake_clean_cache': False, 'cmake_clean_first': False, 'cmake_force_configure': False, 'cmake_target': None, 'cmake_target_skip_unavailable': False, 'install_base': 'C:\\Users\\SSAFY\\Desktop\\S10P22A209\\catkin_ws\\install\\ssafy_msgs', 'merge_install': False, 'path': 'C:\\Users\\SSAFY\\Desktop\\S10P22A209\\catkin_ws\\src\\ssafy_msgs', 'symlink_install': False, 'test_result_base': None}[0m
[1.131s] [34mcolcon.colcon_core.verb[0m [1;30mLevel 5[0m set package 'test_209' build argument 'cmake_args' from command line to 'None'
[1.131s] [34mcolcon.colcon_core.verb[0m [1;30mLevel 5[0m set package 'test_209' build argument 'cmake_target' from command line to 'None'
[1.131s] [34mcolcon.colcon_core.verb[0m [1;30mLevel 5[0m set package 'test_209' build argument 'cmake_target_skip_unavailable' from command line to 'False'
[1.131s] [34mcolcon.colcon_core.verb[0m [1;30mLevel 5[0m set package 'test_209' build argument 'cmake_clean_cache' from command line to 'False'
[1.131s] [34mcolcon.colcon_core.verb[0m [1;30mLevel 5[0m set package 'test_209' build argument 'cmake_clean_first' from command line to 'False'
[1.131s] [34mcolcon.colcon_core.verb[0m [1;30mLevel 5[0m set package 'test_209' build argument 'cmake_force_configure' from command line to 'False'
[1.132s] [34mcolcon.colcon_core.verb[0m [1;30mLevel 5[0m set package 'test_209' build argument 'ament_cmake_args' from command line to 'None'
[1.132s] [34mcolcon.colcon_core.verb[0m [1;30mLevel 5[0m set package 'test_209' build argument 'catkin_cmake_args' from command line to 'None'
[1.132s] [34mcolcon.colcon_core.verb[0m [1;30mLevel 5[0m set package 'test_209' build argument 'catkin_skip_building_tests' from command line to 'False'
[1.132s] [34mcolcon.colcon_core.verb[0m [1;30mDEBUG[0m [32mBuilding package 'test_209' with the following arguments: {'ament_cmake_args': None, 'build_base': 'C:\\Users\\SSAFY\\Desktop\\S10P22A209\\catkin_ws\\build\\test_209', 'catkin_cmake_args': None, 'catkin_skip_building_tests': False, 'cmake_args': None, 'cmake_clean_cache': False, 'cmake_clean_first': False, 'cmake_force_configure': False, 'cmake_target': None, 'cmake_target_skip_unavailable': False, 'install_base': 'C:\\Users\\SSAFY\\Desktop\\S10P22A209\\catkin_ws\\install\\test_209', 'merge_install': False, 'path': 'C:\\Users\\SSAFY\\Desktop\\S10P22A209\\catkin_ws\\src\\test_209', 'symlink_install': False, 'test_result_base': None}[0m
[1.162s] [34mcolcon.colcon_core.verb[0m [1;30mLevel 5[0m set package 'yolo_package' build argument 'cmake_args' from command line to 'None'
[1.163s] [34mcolcon.colcon_core.verb[0m [1;30mLevel 5[0m set package 'yolo_package' build argument 'cmake_target' from command line to 'None'
[1.163s] [34mcolcon.colcon_core.verb[0m [1;30mLevel 5[0m set package 'yolo_package' build argument 'cmake_target_skip_unavailable' from command line to 'False'
[1.163s] [34mcolcon.colcon_core.verb[0m [1;30mLevel 5[0m set package 'yolo_package' build argument 'cmake_clean_cache' from command line to 'False'
[1.163s] [34mcolcon.colcon_core.verb[0m [1;30mLevel 5[0m set package 'yolo_package' build argument 'cmake_clean_first' from command line to 'False'
[1.163s] [34mcolcon.colcon_core.verb[0m [1;30mLevel 5[0m set package 'yolo_package' build argument 'cmake_force_configure' from command line to 'False'
[1.163s] [34mcolcon.colcon_core.verb[0m [1;30mLevel 5[0m set package 'yolo_package' build argument 'ament_cmake_args' from command line to 'None'
[1.163s] [34mcolcon.colcon_core.verb[0m [1;30mLevel 5[0m set package 'yolo_package' build argument 'catkin_cmake_args' from command line to 'None'
[1.163s] [34mcolcon.colcon_core.verb[0m [1;30mLevel 5[0m set package 'yolo_package' build argument 'catkin_skip_building_tests' from command line to 'False'
[1.163s] [34mcolcon.colcon_core.verb[0m [1;30mDEBUG[0m [32mBuilding package 'yolo_package' with the following arguments: {'ament_cmake_args': None, 'build_base': 'C:\\Users\\SSAFY\\Desktop\\S10P22A209\\catkin_ws\\build\\yolo_package', 'catkin_cmake_args': None, 'catkin_skip_building_tests': False, 'cmake_args': None, 'cmake_clean_cache': False, 'cmake_clean_first': False, 'cmake_force_configure': False, 'cmake_target': None, 'cmake_target_skip_unavailable': False, 'install_base': 'C:\\Users\\SSAFY\\Desktop\\S10P22A209\\catkin_ws\\install\\yolo_package', 'merge_install': False, 'path': 'C:\\Users\\SSAFY\\Desktop\\S10P22A209\\catkin_ws\\src\\yolo_package', 'symlink_install': False, 'test_result_base': None}[0m
[1.193s] [34mcolcon.colcon_core.executor[0m [1;30mINFO[0m Executing jobs using 'parallel' executor
[1.227s] [34mcolcon.colcon_parallel_executor.executor.parallel[0m [1;30mDEBUG[0m [32mrun_until_complete[0m
[1.227s] [34mcolcon.colcon_ros.task.ament_python.build[0m [1;30mINFO[0m Building ROS package in 'C:\Users\SSAFY\Desktop\S10P22A209\catkin_ws\src\my_package' with build type 'ament_python'
[1.227s] [34mcolcon.colcon_core.shell[0m [1;30mLevel 1[0m create_environment_hook('my_package', 'ament_prefix_path')
[1.261s] [34mcolcon.colcon_core.plugin_system[0m [1;30mINFO[0m Skipping extension 'colcon_core.shell.sh': Not used on Windows systems
[1.261s] [34mcolcon.colcon_core.shell[0m [1;30mINFO[0m Creating environment hook 'C:\Users\SSAFY\Desktop\S10P22A209\catkin_ws\install\my_package\share\my_package\hook\ament_prefix_path.ps1'
[1.262s] [34mcolcon.colcon_core.shell[0m [1;30mINFO[0m Creating environment hook 'C:\Users\SSAFY\Desktop\S10P22A209\catkin_ws\install\my_package\share\my_package\hook\ament_prefix_path.bat'
[1.263s] [34mcolcon.colcon_core.shell[0m [1;30mINFO[0m Creating environment descriptor 'C:\Users\SSAFY\Desktop\S10P22A209\catkin_ws\install\my_package\share\my_package\hook\ament_prefix_path.dsv'
[1.295s] [34mcolcon.colcon_core.shell[0m [1;30mINFO[0m Skip shell extension 'powershell' for command environment: Not usable outside of PowerShell
[1.560s] [34mcolcon.colcon_ros.task.ament_python.build[0m [1;30mINFO[0m Building ROS package in 'C:\Users\SSAFY\Desktop\S10P22A209\catkin_ws\src\ssafy_bridge' with build type 'ament_python'
[1.560s] [34mcolcon.colcon_core.shell[0m [1;30mLevel 1[0m create_environment_hook('ssafy_bridge', 'ament_prefix_path')
[1.592s] [34mcolcon.colcon_core.shell[0m [1;30mINFO[0m Creating environment hook 'C:\Users\SSAFY\Desktop\S10P22A209\catkin_ws\install\ssafy_bridge\share\ssafy_bridge\hook\ament_prefix_path.ps1'
[1.593s] [34mcolcon.colcon_core.shell[0m [1;30mINFO[0m Creating environment hook 'C:\Users\SSAFY\Desktop\S10P22A209\catkin_ws\install\ssafy_bridge\share\ssafy_bridge\hook\ament_prefix_path.bat'
[1.593s] [34mcolcon.colcon_core.shell[0m [1;30mINFO[0m Creating environment descriptor 'C:\Users\SSAFY\Desktop\S10P22A209\catkin_ws\install\ssafy_bridge\share\ssafy_bridge\hook\ament_prefix_path.dsv'
[1.625s] [34mcolcon.colcon_core.shell[0m [1;30mINFO[0m Skip shell extension 'powershell' for command environment: Not usable outside of PowerShell
[1.907s] [34mcolcon.colcon_ros.task.ament_cmake.build[0m [1;30mINFO[0m Building ROS package in 'C:\Users\SSAFY\Desktop\S10P22A209\catkin_ws\src\ssafy_msgs' with build type 'ament_cmake'
[1.907s] [34mcolcon.colcon_cmake.task.cmake.build[0m [1;30mINFO[0m Building CMake package in 'C:\Users\SSAFY\Desktop\S10P22A209\catkin_ws\src\ssafy_msgs'
[1.950s] [34mcolcon.colcon_core.shell[0m [1;30mINFO[0m Skip shell extension 'powershell' for command environment: Not usable outside of PowerShell
[2.225s] [34mcolcon.colcon_ros.task.ament_python.build[0m [1;30mINFO[0m Building ROS package in 'C:\Users\SSAFY\Desktop\S10P22A209\catkin_ws\src\test_209' with build type 'ament_python'
[2.225s] [34mcolcon.colcon_core.shell[0m [1;30mLevel 1[0m create_environment_hook('test_209', 'ament_prefix_path')
[2.259s] [34mcolcon.colcon_core.shell[0m [1;30mINFO[0m Creating environment hook 'C:\Users\SSAFY\Desktop\S10P22A209\catkin_ws\install\test_209\share\test_209\hook\ament_prefix_path.ps1'
[2.259s] [34mcolcon.colcon_core.shell[0m [1;30mINFO[0m Creating environment hook 'C:\Users\SSAFY\Desktop\S10P22A209\catkin_ws\install\test_209\share\test_209\hook\ament_prefix_path.bat'
[2.260s] [34mcolcon.colcon_core.shell[0m [1;30mINFO[0m Creating environment descriptor 'C:\Users\SSAFY\Desktop\S10P22A209\catkin_ws\install\test_209\share\test_209\hook\ament_prefix_path.dsv'
[2.292s] [34mcolcon.colcon_core.shell[0m [1;30mINFO[0m Skip shell extension 'powershell' for command environment: Not usable outside of PowerShell
[2.558s] [34mcolcon.colcon_ros.task.ament_python.build[0m [1;30mINFO[0m Building ROS package in 'C:\Users\SSAFY\Desktop\S10P22A209\catkin_ws\src\yolo_package' with build type 'ament_python'
[2.558s] [34mcolcon.colcon_core.shell[0m [1;30mLevel 1[0m create_environment_hook('yolo_package', 'ament_prefix_path')
[2.590s] [34mcolcon.colcon_core.shell[0m [1;30mINFO[0m Creating environment hook 'C:\Users\SSAFY\Desktop\S10P22A209\catkin_ws\install\yolo_package\share\yolo_package\hook\ament_prefix_path.ps1'
[2.591s] [34mcolcon.colcon_core.shell[0m [1;30mINFO[0m Creating environment hook 'C:\Users\SSAFY\Desktop\S10P22A209\catkin_ws\install\yolo_package\share\yolo_package\hook\ament_prefix_path.bat'
[2.592s] [34mcolcon.colcon_core.shell[0m [1;30mINFO[0m Creating environment descriptor 'C:\Users\SSAFY\Desktop\S10P22A209\catkin_ws\install\yolo_package\share\yolo_package\hook\ament_prefix_path.dsv'
[2.624s] [34mcolcon.colcon_core.shell[0m [1;30mINFO[0m Skip shell extension 'powershell' for command environment: Not usable outside of PowerShell
[3.305s] [34mcolcon.colcon_core.task.python.build[0m [1;30mINFO[0m Building Python package in 'C:\Users\SSAFY\Desktop\S10P22A209\catkin_ws\src\my_package'
[3.336s] [34mcolcon.colcon_core.shell[0m [1;30mINFO[0m Skip shell extension 'powershell' for command environment: Not usable outside of PowerShell
[4.021s] [34mcolcon.colcon_core.task.python.build[0m [1;30mINFO[0m Building Python package in 'C:\Users\SSAFY\Desktop\S10P22A209\catkin_ws\src\ssafy_bridge'
[4.054s] [34mcolcon.colcon_core.shell[0m [1;30mINFO[0m Skip shell extension 'powershell' for command environment: Not usable outside of PowerShell
[4.337s] [34mcolcon.colcon_core.event_handler.log_command[0m [1;30mDEBUG[0m [32mInvoking command in 'C:\Users\SSAFY\Desktop\S10P22A209\catkin_ws\build\ssafy_msgs': CL=/MP CMAKE_PREFIX_PATH=%CMAKE_PREFIX_PATH%;C:\Users\SSAFY\Desktop\S10P22A209\catkin_ws\install\yolo_package;C:\Users\SSAFY\Desktop\S10P22A209\catkin_ws\install\test_209;C:\Users\SSAFY\Desktop\S10P22A209\catkin_ws\install\ssafy_bridge;C:\Users\SSAFY\Desktop\S10P22A209\catkin_ws\install\my_package installDir=%installDir%
IntelliJ IDEA=C:\Program Files\JetBrains\IntelliJ IDEA 2023.3.3\bin; C:\Program Files\Microsoft Visual Studio\2022\Community\Common7\IDE\CommonExtensions\Microsoft\CMake\CMake\bin\cmake.EXE --build C:\Users\SSAFY\Desktop\S10P22A209\catkin_ws\build\ssafy_msgs --config Release[0m
[4.807s] [34mcolcon.colcon_core.task.python.build[0m [1;30mINFO[0m Building Python package in 'C:\Users\SSAFY\Desktop\S10P22A209\catkin_ws\src\test_209'
[4.857s] [34mcolcon.colcon_core.shell[0m [1;30mINFO[0m Skip shell extension 'powershell' for command environment: Not usable outside of PowerShell
[5.711s] [34mcolcon.colcon_core.task.python.build[0m [1;30mINFO[0m Building Python package in 'C:\Users\SSAFY\Desktop\S10P22A209\catkin_ws\src\yolo_package'
[5.752s] [34mcolcon.colcon_core.shell[0m [1;30mINFO[0m Skip shell extension 'powershell' for command environment: Not usable outside of PowerShell
[6.759s] [34mcolcon.colcon_core.event_handler.log_command[0m [1;30mDEBUG[0m [32mInvoking command in 'C:\Users\SSAFY\Desktop\S10P22A209\catkin_ws\src\my_package': PYTHONPATH=C:\Users\SSAFY\Desktop\S10P22A209\catkin_ws\build\my_package\prefix_override;C:\Users\SSAFY\Desktop\S10P22A209\catkin_ws\install\my_package\Lib\site-packages;%PYTHONPATH% installDir=%installDir%
IntelliJ IDEA=C:\Program Files\JetBrains\IntelliJ IDEA 2023.3.3\bin; c:\python37\python.exe setup.py egg_info --egg-base ..\..\build\my_package build --build-base C:\Users\SSAFY\Desktop\S10P22A209\catkin_ws\build\my_package\build install --record C:\Users\SSAFY\Desktop\S10P22A209\catkin_ws\build\my_package\install.log --install-scripts $base/lib/my_package --single-version-externally-managed[0m
[6.764s] [34mcolcon.colcon_core.event_handler.log_command[0m [1;30mDEBUG[0m [32mInvoking command in 'C:\Users\SSAFY\Desktop\S10P22A209\catkin_ws\src\ssafy_bridge': PYTHONPATH=C:\Users\SSAFY\Desktop\S10P22A209\catkin_ws\build\ssafy_bridge\prefix_override;C:\Users\SSAFY\Desktop\S10P22A209\catkin_ws\install\ssafy_bridge\Lib\site-packages;%PYTHONPATH% installDir=%installDir%
IntelliJ IDEA=C:\Program Files\JetBrains\IntelliJ IDEA 2023.3.3\bin; c:\python37\python.exe setup.py egg_info --egg-base ..\..\build\ssafy_bridge build --build-base C:\Users\SSAFY\Desktop\S10P22A209\catkin_ws\build\ssafy_bridge\build install --record C:\Users\SSAFY\Desktop\S10P22A209\catkin_ws\build\ssafy_bridge\install.log --install-scripts $base/lib/ssafy_bridge --single-version-externally-managed[0m
[6.787s] [34mcolcon.colcon_core.event_handler.log_command[0m [1;30mDEBUG[0m [32mInvoking command in 'C:\Users\SSAFY\Desktop\S10P22A209\catkin_ws\src\test_209': PYTHONPATH=C:\Users\SSAFY\Desktop\S10P22A209\catkin_ws\build\test_209\prefix_override;C:\Users\SSAFY\Desktop\S10P22A209\catkin_ws\install\test_209\Lib\site-packages;%PYTHONPATH% installDir=%installDir%
IntelliJ IDEA=C:\Program Files\JetBrains\IntelliJ IDEA 2023.3.3\bin; c:\python37\python.exe setup.py egg_info --egg-base ..\..\build\test_209 build --build-base C:\Users\SSAFY\Desktop\S10P22A209\catkin_ws\build\test_209\build install --record C:\Users\SSAFY\Desktop\S10P22A209\catkin_ws\build\test_209\install.log --install-scripts $base/lib/test_209 --single-version-externally-managed[0m
[6.796s] [34mcolcon.colcon_core.event_handler.log_command[0m [1;30mDEBUG[0m [32mInvoking command in 'C:\Users\SSAFY\Desktop\S10P22A209\catkin_ws\src\yolo_package': PYTHONPATH=C:\Users\SSAFY\Desktop\S10P22A209\catkin_ws\build\yolo_package\prefix_override;C:\Users\SSAFY\Desktop\S10P22A209\catkin_ws\install\yolo_package\Lib\site-packages;%PYTHONPATH% installDir=%installDir%
IntelliJ IDEA=C:\Program Files\JetBrains\IntelliJ IDEA 2023.3.3\bin; c:\python37\python.exe setup.py egg_info --egg-base ..\..\build\yolo_package build --build-base C:\Users\SSAFY\Desktop\S10P22A209\catkin_ws\build\yolo_package\build install --record C:\Users\SSAFY\Desktop\S10P22A209\catkin_ws\build\yolo_package\install.log --install-scripts $base/lib/yolo_package --single-version-externally-managed[0m
[7.428s] [34mcolcon.colcon_core.event_handler.log_command[0m [1;30mDEBUG[0m [32mInvoked command in 'C:\Users\SSAFY\Desktop\S10P22A209\catkin_ws\src\my_package' returned '0': PYTHONPATH=C:\Users\SSAFY\Desktop\S10P22A209\catkin_ws\build\my_package\prefix_override;C:\Users\SSAFY\Desktop\S10P22A209\catkin_ws\install\my_package\Lib\site-packages;%PYTHONPATH% installDir=%installDir%
IntelliJ IDEA=C:\Program Files\JetBrains\IntelliJ IDEA 2023.3.3\bin; c:\python37\python.exe setup.py egg_info --egg-base ..\..\build\my_package build --build-base C:\Users\SSAFY\Desktop\S10P22A209\catkin_ws\build\my_package\build install --record C:\Users\SSAFY\Desktop\S10P22A209\catkin_ws\build\my_package\install.log --install-scripts $base/lib/my_package --single-version-externally-managed[0m
[7.485s] [34mcolcon.colcon_core.environment[0m [1;30mLevel 1[0m checking 'C:\Users\SSAFY\Desktop\S10P22A209\catkin_ws\install\my_package' for CMake module files
[7.487s] [34mcolcon.colcon_core.environment[0m [1;30mLevel 1[0m checking 'C:\Users\SSAFY\Desktop\S10P22A209\catkin_ws\install\my_package' for CMake config files
[7.488s] [34mcolcon.colcon_core.environment[0m [1;30mLevel 1[0m checking 'C:\Users\SSAFY\Desktop\S10P22A209\catkin_ws\install\my_package\bin'
[7.489s] [34mcolcon.colcon_core.environment[0m [1;30mLevel 1[0m checking 'C:\Users\SSAFY\Desktop\S10P22A209\catkin_ws\install\my_package\bin'
[7.489s] [34mcolcon.colcon_core.environment[0m [1;30mLevel 1[0m checking 'C:\Users\SSAFY\Desktop\S10P22A209\catkin_ws\install\my_package\lib\pkgconfig\my_package.pc'
[7.489s] [34mcolcon.colcon_core.environment[0m [1;30mLevel 1[0m checking 'C:\Users\SSAFY\Desktop\S10P22A209\catkin_ws\install\my_package\Lib\site-packages'
[7.489s] [34mcolcon.colcon_core.shell[0m [1;30mLevel 1[0m create_environment_hook('my_package', 'pythonpath')
[7.523s] [34mcolcon.colcon_core.shell[0m [1;30mINFO[0m Creating environment hook 'C:\Users\SSAFY\Desktop\S10P22A209\catkin_ws\install\my_package\share\my_package\hook\pythonpath.ps1'
[7.524s] [34mcolcon.colcon_core.shell[0m [1;30mINFO[0m Creating environment hook 'C:\Users\SSAFY\Desktop\S10P22A209\catkin_ws\install\my_package\share\my_package\hook\pythonpath.bat'
[7.525s] [34mcolcon.colcon_core.shell[0m [1;30mINFO[0m Creating environment descriptor 'C:\Users\SSAFY\Desktop\S10P22A209\catkin_ws\install\my_package\share\my_package\hook\pythonpath.dsv'
[7.525s] [34mcolcon.colcon_core.environment[0m [1;30mLevel 1[0m checking 'C:\Users\SSAFY\Desktop\S10P22A209\catkin_ws\install\my_package\Scripts'
[7.526s] [34mcolcon.colcon_core.environment[0m [1;30mLevel 1[0m create_environment_scripts_only(my_package)
[7.559s] [34mcolcon.colcon_core.shell[0m [1;30mINFO[0m Creating package script 'C:\Users\SSAFY\Desktop\S10P22A209\catkin_ws\install\my_package\share\my_package\package.ps1'
[7.561s] [34mcolcon.colcon_core.shell[0m [1;30mINFO[0m Creating package script 'C:\Users\SSAFY\Desktop\S10P22A209\catkin_ws\install\my_package\share\my_package\package.bat'
[7.563s] [34mcolcon.colcon_core.shell[0m [1;30mINFO[0m Creating package descriptor 'C:\Users\SSAFY\Desktop\S10P22A209\catkin_ws\install\my_package\share\my_package\package.dsv'
[7.564s] [34mcolcon.colcon_core.environment[0m [1;30mLevel 1[0m create_file_with_runtime_dependencies(C:\Users\SSAFY\Desktop\S10P22A209\catkin_ws\install\my_package\share\colcon-core\packages\my_package)
[7.573s] [34mcolcon.colcon_core.event_handler.log_command[0m [1;30mDEBUG[0m [32mInvoked command in 'C:\Users\SSAFY\Desktop\S10P22A209\catkin_ws\src\ssafy_bridge' returned '0': PYTHONPATH=C:\Users\SSAFY\Desktop\S10P22A209\catkin_ws\build\ssafy_bridge\prefix_override;C:\Users\SSAFY\Desktop\S10P22A209\catkin_ws\install\ssafy_bridge\Lib\site-packages;%PYTHONPATH% installDir=%installDir%
IntelliJ IDEA=C:\Program Files\JetBrains\IntelliJ IDEA 2023.3.3\bin; c:\python37\python.exe setup.py egg_info --egg-base ..\..\build\ssafy_bridge build --build-base C:\Users\SSAFY\Desktop\S10P22A209\catkin_ws\build\ssafy_bridge\build install --record C:\Users\SSAFY\Desktop\S10P22A209\catkin_ws\build\ssafy_bridge\install.log --install-scripts $base/lib/ssafy_bridge --single-version-externally-managed[0m
[7.603s] [34mcolcon.colcon_core.environment[0m [1;30mLevel 1[0m checking 'C:\Users\SSAFY\Desktop\S10P22A209\catkin_ws\install\ssafy_bridge' for CMake module files
[7.605s] [34mcolcon.colcon_core.environment[0m [1;30mLevel 1[0m checking 'C:\Users\SSAFY\Desktop\S10P22A209\catkin_ws\install\ssafy_bridge' for CMake config files
[7.607s] [34mcolcon.colcon_core.environment[0m [1;30mLevel 1[0m checking 'C:\Users\SSAFY\Desktop\S10P22A209\catkin_ws\install\ssafy_bridge\bin'
[7.607s] [34mcolcon.colcon_core.environment[0m [1;30mLevel 1[0m checking 'C:\Users\SSAFY\Desktop\S10P22A209\catkin_ws\install\ssafy_bridge\bin'
[7.607s] [34mcolcon.colcon_core.environment[0m [1;30mLevel 1[0m checking 'C:\Users\SSAFY\Desktop\S10P22A209\catkin_ws\install\ssafy_bridge\lib\pkgconfig\ssafy_bridge.pc'
[7.607s] [34mcolcon.colcon_core.environment[0m [1;30mLevel 1[0m checking 'C:\Users\SSAFY\Desktop\S10P22A209\catkin_ws\install\ssafy_bridge\Lib\site-packages'
[7.607s] [34mcolcon.colcon_core.shell[0m [1;30mLevel 1[0m create_environment_hook('ssafy_bridge', 'pythonpath')
[7.640s] [34mcolcon.colcon_core.shell[0m [1;30mINFO[0m Creating environment hook 'C:\Users\SSAFY\Desktop\S10P22A209\catkin_ws\install\ssafy_bridge\share\ssafy_bridge\hook\pythonpath.ps1'
[7.640s] [34mcolcon.colcon_core.shell[0m [1;30mINFO[0m Creating environment hook 'C:\Users\SSAFY\Desktop\S10P22A209\catkin_ws\install\ssafy_bridge\share\ssafy_bridge\hook\pythonpath.bat'
[7.640s] [34mcolcon.colcon_core.shell[0m [1;30mINFO[0m Creating environment descriptor 'C:\Users\SSAFY\Desktop\S10P22A209\catkin_ws\install\ssafy_bridge\share\ssafy_bridge\hook\pythonpath.dsv'
[7.641s] [34mcolcon.colcon_core.environment[0m [1;30mLevel 1[0m checking 'C:\Users\SSAFY\Desktop\S10P22A209\catkin_ws\install\ssafy_bridge\Scripts'
[7.641s] [34mcolcon.colcon_core.environment[0m [1;30mLevel 1[0m create_environment_scripts_only(ssafy_bridge)
[7.675s] [34mcolcon.colcon_core.shell[0m [1;30mINFO[0m Creating package script 'C:\Users\SSAFY\Desktop\S10P22A209\catkin_ws\install\ssafy_bridge\share\ssafy_bridge\package.ps1'
[7.677s] [34mcolcon.colcon_core.shell[0m [1;30mINFO[0m Creating package script 'C:\Users\SSAFY\Desktop\S10P22A209\catkin_ws\install\ssafy_bridge\share\ssafy_bridge\package.bat'
[7.677s] [34mcolcon.colcon_core.shell[0m [1;30mINFO[0m Creating package descriptor 'C:\Users\SSAFY\Desktop\S10P22A209\catkin_ws\install\ssafy_bridge\share\ssafy_bridge\package.dsv'
[7.678s] [34mcolcon.colcon_core.environment[0m [1;30mLevel 1[0m create_file_with_runtime_dependencies(C:\Users\SSAFY\Desktop\S10P22A209\catkin_ws\install\ssafy_bridge\share\colcon-core\packages\ssafy_bridge)
[7.682s] [34mcolcon.colcon_core.event_handler.log_command[0m [1;30mDEBUG[0m [32mInvoked command in 'C:\Users\SSAFY\Desktop\S10P22A209\catkin_ws\src\test_209' returned '0': PYTHONPATH=C:\Users\SSAFY\Desktop\S10P22A209\catkin_ws\build\test_209\prefix_override;C:\Users\SSAFY\Desktop\S10P22A209\catkin_ws\install\test_209\Lib\site-packages;%PYTHONPATH% installDir=%installDir%
IntelliJ IDEA=C:\Program Files\JetBrains\IntelliJ IDEA 2023.3.3\bin; c:\python37\python.exe setup.py egg_info --egg-base ..\..\build\test_209 build --build-base C:\Users\SSAFY\Desktop\S10P22A209\catkin_ws\build\test_209\build install --record C:\Users\SSAFY\Desktop\S10P22A209\catkin_ws\build\test_209\install.log --install-scripts $base/lib/test_209 --single-version-externally-managed[0m
[7.714s] [34mcolcon.colcon_core.environment[0m [1;30mLevel 1[0m checking 'C:\Users\SSAFY\Desktop\S10P22A209\catkin_ws\install\test_209' for CMake module files
[7.716s] [34mcolcon.colcon_core.environment[0m [1;30mLevel 1[0m checking 'C:\Users\SSAFY\Desktop\S10P22A209\catkin_ws\install\test_209' for CMake config files
[7.718s] [34mcolcon.colcon_core.environment[0m [1;30mLevel 1[0m checking 'C:\Users\SSAFY\Desktop\S10P22A209\catkin_ws\install\test_209\bin'
[7.718s] [34mcolcon.colcon_core.environment[0m [1;30mLevel 1[0m checking 'C:\Users\SSAFY\Desktop\S10P22A209\catkin_ws\install\test_209\bin'
[7.718s] [34mcolcon.colcon_core.environment[0m [1;30mLevel 1[0m checking 'C:\Users\SSAFY\Desktop\S10P22A209\catkin_ws\install\test_209\lib\pkgconfig\test_209.pc'
[7.719s] [34mcolcon.colcon_core.environment[0m [1;30mLevel 1[0m checking 'C:\Users\SSAFY\Desktop\S10P22A209\catkin_ws\install\test_209\Lib\site-packages'
[7.719s] [34mcolcon.colcon_core.shell[0m [1;30mLevel 1[0m create_environment_hook('test_209', 'pythonpath')
[7.751s] [34mcolcon.colcon_core.shell[0m [1;30mINFO[0m Creating environment hook 'C:\Users\SSAFY\Desktop\S10P22A209\catkin_ws\install\test_209\share\test_209\hook\pythonpath.ps1'
[7.752s] [34mcolcon.colcon_core.shell[0m [1;30mINFO[0m Creating environment hook 'C:\Users\SSAFY\Desktop\S10P22A209\catkin_ws\install\test_209\share\test_209\hook\pythonpath.bat'
[7.753s] [34mcolcon.colcon_core.shell[0m [1;30mINFO[0m Creating environment descriptor 'C:\Users\SSAFY\Desktop\S10P22A209\catkin_ws\install\test_209\share\test_209\hook\pythonpath.dsv'
[7.753s] [34mcolcon.colcon_core.environment[0m [1;30mLevel 1[0m checking 'C:\Users\SSAFY\Desktop\S10P22A209\catkin_ws\install\test_209\Scripts'
[7.753s] [34mcolcon.colcon_core.environment[0m [1;30mLevel 1[0m create_environment_scripts_only(test_209)
[7.787s] [34mcolcon.colcon_core.shell[0m [1;30mINFO[0m Creating package script 'C:\Users\SSAFY\Desktop\S10P22A209\catkin_ws\install\test_209\share\test_209\package.ps1'
[7.788s] [34mcolcon.colcon_core.shell[0m [1;30mINFO[0m Creating package script 'C:\Users\SSAFY\Desktop\S10P22A209\catkin_ws\install\test_209\share\test_209\package.bat'
[7.789s] [34mcolcon.colcon_core.shell[0m [1;30mINFO[0m Creating package descriptor 'C:\Users\SSAFY\Desktop\S10P22A209\catkin_ws\install\test_209\share\test_209\package.dsv'
[7.790s] [34mcolcon.colcon_core.environment[0m [1;30mLevel 1[0m create_file_with_runtime_dependencies(C:\Users\SSAFY\Desktop\S10P22A209\catkin_ws\install\test_209\share\colcon-core\packages\test_209)
[7.793s] [34mcolcon.colcon_core.event_handler.log_command[0m [1;30mDEBUG[0m [32mInvoked command in 'C:\Users\SSAFY\Desktop\S10P22A209\catkin_ws\src\yolo_package' returned '0': PYTHONPATH=C:\Users\SSAFY\Desktop\S10P22A209\catkin_ws\build\yolo_package\prefix_override;C:\Users\SSAFY\Desktop\S10P22A209\catkin_ws\install\yolo_package\Lib\site-packages;%PYTHONPATH% installDir=%installDir%
IntelliJ IDEA=C:\Program Files\JetBrains\IntelliJ IDEA 2023.3.3\bin; c:\python37\python.exe setup.py egg_info --egg-base ..\..\build\yolo_package build --build-base C:\Users\SSAFY\Desktop\S10P22A209\catkin_ws\build\yolo_package\build install --record C:\Users\SSAFY\Desktop\S10P22A209\catkin_ws\build\yolo_package\install.log --install-scripts $base/lib/yolo_package --single-version-externally-managed[0m
[7.824s] [34mcolcon.colcon_core.environment[0m [1;30mLevel 1[0m checking 'C:\Users\SSAFY\Desktop\S10P22A209\catkin_ws\install\yolo_package' for CMake module files
[7.825s] [34mcolcon.colcon_core.environment[0m [1;30mLevel 1[0m checking 'C:\Users\SSAFY\Desktop\S10P22A209\catkin_ws\install\yolo_package' for CMake config files
[7.827s] [34mcolcon.colcon_core.environment[0m [1;30mLevel 1[0m checking 'C:\Users\SSAFY\Desktop\S10P22A209\catkin_ws\install\yolo_package\bin'
[7.827s] [34mcolcon.colcon_core.environment[0m [1;30mLevel 1[0m checking 'C:\Users\SSAFY\Desktop\S10P22A209\catkin_ws\install\yolo_package\bin'
[7.827s] [34mcolcon.colcon_core.environment[0m [1;30mLevel 1[0m checking 'C:\Users\SSAFY\Desktop\S10P22A209\catkin_ws\install\yolo_package\lib\pkgconfig\yolo_package.pc'
[7.828s] [34mcolcon.colcon_core.environment[0m [1;30mLevel 1[0m checking 'C:\Users\SSAFY\Desktop\S10P22A209\catkin_ws\install\yolo_package\Lib\site-packages'
[7.828s] [34mcolcon.colcon_core.shell[0m [1;30mLevel 1[0m create_environment_hook('yolo_package', 'pythonpath')
[7.861s] [34mcolcon.colcon_core.shell[0m [1;30mINFO[0m Creating environment hook 'C:\Users\SSAFY\Desktop\S10P22A209\catkin_ws\install\yolo_package\share\yolo_package\hook\pythonpath.ps1'
[7.862s] [34mcolcon.colcon_core.shell[0m [1;30mINFO[0m Creating environment hook 'C:\Users\SSAFY\Desktop\S10P22A209\catkin_ws\install\yolo_package\share\yolo_package\hook\pythonpath.bat'
[7.864s] [34mcolcon.colcon_core.shell[0m [1;30mINFO[0m Creating environment descriptor 'C:\Users\SSAFY\Desktop\S10P22A209\catkin_ws\install\yolo_package\share\yolo_package\hook\pythonpath.dsv'
[7.865s] [34mcolcon.colcon_core.environment[0m [1;30mLevel 1[0m checking 'C:\Users\SSAFY\Desktop\S10P22A209\catkin_ws\install\yolo_package\Scripts'
[7.865s] [34mcolcon.colcon_core.environment[0m [1;30mLevel 1[0m create_environment_scripts_only(yolo_package)
[7.902s] [34mcolcon.colcon_core.shell[0m [1;30mINFO[0m Creating package script 'C:\Users\SSAFY\Desktop\S10P22A209\catkin_ws\install\yolo_package\share\yolo_package\package.ps1'
[7.903s] [34mcolcon.colcon_core.shell[0m [1;30mINFO[0m Creating package script 'C:\Users\SSAFY\Desktop\S10P22A209\catkin_ws\install\yolo_package\share\yolo_package\package.bat'
[7.904s] [34mcolcon.colcon_core.shell[0m [1;30mINFO[0m Creating package descriptor 'C:\Users\SSAFY\Desktop\S10P22A209\catkin_ws\install\yolo_package\share\yolo_package\package.dsv'
[7.905s] [34mcolcon.colcon_core.environment[0m [1;30mLevel 1[0m create_file_with_runtime_dependencies(C:\Users\SSAFY\Desktop\S10P22A209\catkin_ws\install\yolo_package\share\colcon-core\packages\yolo_package)
[9.720s] [34mcolcon.colcon_core.event_handler.log_command[0m [1;30mDEBUG[0m [32mInvoked command in 'C:\Users\SSAFY\Desktop\S10P22A209\catkin_ws\build\ssafy_msgs' returned '0': CL=/MP CMAKE_PREFIX_PATH=%CMAKE_PREFIX_PATH%;C:\Users\SSAFY\Desktop\S10P22A209\catkin_ws\install\yolo_package;C:\Users\SSAFY\Desktop\S10P22A209\catkin_ws\install\test_209;C:\Users\SSAFY\Desktop\S10P22A209\catkin_ws\install\ssafy_bridge;C:\Users\SSAFY\Desktop\S10P22A209\catkin_ws\install\my_package installDir=%installDir%
IntelliJ IDEA=C:\Program Files\JetBrains\IntelliJ IDEA 2023.3.3\bin; C:\Program Files\Microsoft Visual Studio\2022\Community\Common7\IDE\CommonExtensions\Microsoft\CMake\CMake\bin\cmake.EXE --build C:\Users\SSAFY\Desktop\S10P22A209\catkin_ws\build\ssafy_msgs --config Release[0m
[9.756s] [34mcolcon.colcon_core.event_handler.log_command[0m [1;30mDEBUG[0m [32mInvoking command in 'C:\Users\SSAFY\Desktop\S10P22A209\catkin_ws\build\ssafy_msgs': CMAKE_PREFIX_PATH=%CMAKE_PREFIX_PATH%;C:\Users\SSAFY\Desktop\S10P22A209\catkin_ws\install\yolo_package;C:\Users\SSAFY\Desktop\S10P22A209\catkin_ws\install\test_209;C:\Users\SSAFY\Desktop\S10P22A209\catkin_ws\install\ssafy_bridge;C:\Users\SSAFY\Desktop\S10P22A209\catkin_ws\install\my_package installDir=%installDir%
IntelliJ IDEA=C:\Program Files\JetBrains\IntelliJ IDEA 2023.3.3\bin; C:\Program Files\Microsoft Visual Studio\2022\Community\Common7\IDE\CommonExtensions\Microsoft\CMake\CMake\bin\cmake.EXE --install C:\Users\SSAFY\Desktop\S10P22A209\catkin_ws\build\ssafy_msgs --config Release[0m
[10.011s] [34mcolcon.colcon_core.environment[0m [1;30mLevel 1[0m create_environment_scripts_only(ssafy_msgs)
[10.012s] [34mcolcon.colcon_core.event_handler.log_command[0m [1;30mDEBUG[0m [32mInvoked command in 'C:\Users\SSAFY\Desktop\S10P22A209\catkin_ws\build\ssafy_msgs' returned '0': CMAKE_PREFIX_PATH=%CMAKE_PREFIX_PATH%;C:\Users\SSAFY\Desktop\S10P22A209\catkin_ws\install\yolo_package;C:\Users\SSAFY\Desktop\S10P22A209\catkin_ws\install\test_209;C:\Users\SSAFY\Desktop\S10P22A209\catkin_ws\install\ssafy_bridge;C:\Users\SSAFY\Desktop\S10P22A209\catkin_ws\install\my_package installDir=%installDir%
IntelliJ IDEA=C:\Program Files\JetBrains\IntelliJ IDEA 2023.3.3\bin; C:\Program Files\Microsoft Visual Studio\2022\Community\Common7\IDE\CommonExtensions\Microsoft\CMake\CMake\bin\cmake.EXE --install C:\Users\SSAFY\Desktop\S10P22A209\catkin_ws\build\ssafy_msgs --config Release[0m
[10.044s] [34mcolcon.colcon_core.environment[0m [1;30mLevel 1[0m checking 'C:\Users\SSAFY\Desktop\S10P22A209\catkin_ws\install\ssafy_msgs' for CMake module files
[10.047s] [34mcolcon.colcon_core.environment[0m [1;30mLevel 1[0m checking 'C:\Users\SSAFY\Desktop\S10P22A209\catkin_ws\install\ssafy_msgs' for CMake config files
[10.050s] [34mcolcon.colcon_core.shell[0m [1;30mLevel 1[0m create_environment_hook('ssafy_msgs', 'cmake_prefix_path')
[10.083s] [34mcolcon.colcon_core.shell[0m [1;30mINFO[0m Creating environment hook 'C:\Users\SSAFY\Desktop\S10P22A209\catkin_ws\install\ssafy_msgs\share\ssafy_msgs\hook\cmake_prefix_path.ps1'
[10.083s] [34mcolcon.colcon_core.shell[0m [1;30mINFO[0m Creating environment hook 'C:\Users\SSAFY\Desktop\S10P22A209\catkin_ws\install\ssafy_msgs\share\ssafy_msgs\hook\cmake_prefix_path.bat'
[10.084s] [34mcolcon.colcon_core.shell[0m [1;30mINFO[0m Creating environment descriptor 'C:\Users\SSAFY\Desktop\S10P22A209\catkin_ws\install\ssafy_msgs\share\ssafy_msgs\hook\cmake_prefix_path.dsv'
[10.085s] [34mcolcon.colcon_core.environment[0m [1;30mLevel 1[0m checking 'C:\Users\SSAFY\Desktop\S10P22A209\catkin_ws\install\ssafy_msgs\bin'
[10.085s] [34mcolcon.colcon_core.shell[0m [1;30mLevel 1[0m create_environment_hook('ssafy_msgs', 'path_dll')
[10.118s] [34mcolcon.colcon_core.shell[0m [1;30mINFO[0m Creating environment hook 'C:\Users\SSAFY\Desktop\S10P22A209\catkin_ws\install\ssafy_msgs\share\ssafy_msgs\hook\path_dll.ps1'
[10.119s] [34mcolcon.colcon_core.shell[0m [1;30mINFO[0m Creating environment hook 'C:\Users\SSAFY\Desktop\S10P22A209\catkin_ws\install\ssafy_msgs\share\ssafy_msgs\hook\path_dll.bat'
[10.120s] [34mcolcon.colcon_core.shell[0m [1;30mINFO[0m Creating environment descriptor 'C:\Users\SSAFY\Desktop\S10P22A209\catkin_ws\install\ssafy_msgs\share\ssafy_msgs\hook\path_dll.dsv'
[10.120s] [34mcolcon.colcon_core.environment[0m [1;30mLevel 1[0m checking 'C:\Users\SSAFY\Desktop\S10P22A209\catkin_ws\install\ssafy_msgs\bin'
[10.121s] [34mcolcon.colcon_core.shell[0m [1;30mLevel 1[0m create_environment_hook('ssafy_msgs', 'path')
[10.153s] [34mcolcon.colcon_core.shell[0m [1;30mINFO[0m Creating environment hook 'C:\Users\SSAFY\Desktop\S10P22A209\catkin_ws\install\ssafy_msgs\share\ssafy_msgs\hook\path.ps1'
[10.153s] [34mcolcon.colcon_core.shell[0m [1;30mINFO[0m Creating environment hook 'C:\Users\SSAFY\Desktop\S10P22A209\catkin_ws\install\ssafy_msgs\share\ssafy_msgs\hook\path.bat'
[10.154s] [34mcolcon.colcon_core.shell[0m [1;30mINFO[0m Creating environment descriptor 'C:\Users\SSAFY\Desktop\S10P22A209\catkin_ws\install\ssafy_msgs\share\ssafy_msgs\hook\path.dsv'
[10.155s] [34mcolcon.colcon_core.environment[0m [1;30mLevel 1[0m checking 'C:\Users\SSAFY\Desktop\S10P22A209\catkin_ws\install\ssafy_msgs\lib\pkgconfig\ssafy_msgs.pc'
[10.155s] [34mcolcon.colcon_core.environment[0m [1;30mLevel 1[0m checking 'C:\Users\SSAFY\Desktop\S10P22A209\catkin_ws\install\ssafy_msgs\Lib\site-packages'
[10.155s] [34mcolcon.colcon_core.shell[0m [1;30mLevel 1[0m create_environment_hook('ssafy_msgs', 'pythonpath')
[10.188s] [34mcolcon.colcon_core.shell[0m [1;30mINFO[0m Creating environment hook 'C:\Users\SSAFY\Desktop\S10P22A209\catkin_ws\install\ssafy_msgs\share\ssafy_msgs\hook\pythonpath.ps1'
[10.188s] [34mcolcon.colcon_core.shell[0m [1;30mINFO[0m Creating environment hook 'C:\Users\SSAFY\Desktop\S10P22A209\catkin_ws\install\ssafy_msgs\share\ssafy_msgs\hook\pythonpath.bat'
[10.189s] [34mcolcon.colcon_core.shell[0m [1;30mINFO[0m Creating environment descriptor 'C:\Users\SSAFY\Desktop\S10P22A209\catkin_ws\install\ssafy_msgs\share\ssafy_msgs\hook\pythonpath.dsv'
[10.190s] [34mcolcon.colcon_core.environment[0m [1;30mLevel 1[0m checking 'C:\Users\SSAFY\Desktop\S10P22A209\catkin_ws\install\ssafy_msgs\Scripts'
[10.222s] [34mcolcon.colcon_core.shell[0m [1;30mINFO[0m Creating package script 'C:\Users\SSAFY\Desktop\S10P22A209\catkin_ws\install\ssafy_msgs\share\ssafy_msgs\package.ps1'
[10.223s] [34mcolcon.colcon_core.shell[0m [1;30mINFO[0m Creating package script 'C:\Users\SSAFY\Desktop\S10P22A209\catkin_ws\install\ssafy_msgs\share\ssafy_msgs\package.bat'
[10.224s] [34mcolcon.colcon_core.shell[0m [1;30mINFO[0m Creating package descriptor 'C:\Users\SSAFY\Desktop\S10P22A209\catkin_ws\install\ssafy_msgs\share\ssafy_msgs\package.dsv'
[10.225s] [34mcolcon.colcon_core.environment[0m [1;30mLevel 1[0m create_file_with_runtime_dependencies(C:\Users\SSAFY\Desktop\S10P22A209\catkin_ws\install\ssafy_msgs\share\colcon-core\packages\ssafy_msgs)
[10.256s] [34mcolcon.colcon_core.environment[0m [1;30mLevel 1[0m create_environment_scripts_only(ssafy_msgs)
[10.288s] [34mcolcon.colcon_core.environment[0m [1;30mLevel 1[0m checking 'C:\Users\SSAFY\Desktop\S10P22A209\catkin_ws\install\ssafy_msgs' for CMake module files
[10.290s] [34mcolcon.colcon_core.environment[0m [1;30mLevel 1[0m checking 'C:\Users\SSAFY\Desktop\S10P22A209\catkin_ws\install\ssafy_msgs' for CMake config files
[10.293s] [34mcolcon.colcon_core.shell[0m [1;30mLevel 1[0m create_environment_hook('ssafy_msgs', 'cmake_prefix_path')
[10.324s] [34mcolcon.colcon_core.shell[0m [1;30mINFO[0m Creating environment hook 'C:\Users\SSAFY\Desktop\S10P22A209\catkin_ws\install\ssafy_msgs\share\ssafy_msgs\hook\cmake_prefix_path.ps1'
[10.325s] [34mcolcon.colcon_core.shell[0m [1;30mINFO[0m Creating environment hook 'C:\Users\SSAFY\Desktop\S10P22A209\catkin_ws\install\ssafy_msgs\share\ssafy_msgs\hook\cmake_prefix_path.bat'
[10.325s] [34mcolcon.colcon_core.shell[0m [1;30mINFO[0m Creating environment descriptor 'C:\Users\SSAFY\Desktop\S10P22A209\catkin_ws\install\ssafy_msgs\share\ssafy_msgs\hook\cmake_prefix_path.dsv'
[10.326s] [34mcolcon.colcon_core.environment[0m [1;30mLevel 1[0m checking 'C:\Users\SSAFY\Desktop\S10P22A209\catkin_ws\install\ssafy_msgs\bin'
[10.326s] [34mcolcon.colcon_core.shell[0m [1;30mLevel 1[0m create_environment_hook('ssafy_msgs', 'path_dll')
[10.357s] [34mcolcon.colcon_core.shell[0m [1;30mINFO[0m Creating environment hook 'C:\Users\SSAFY\Desktop\S10P22A209\catkin_ws\install\ssafy_msgs\share\ssafy_msgs\hook\path_dll.ps1'
[10.359s] [34mcolcon.colcon_core.shell[0m [1;30mINFO[0m Creating environment hook 'C:\Users\SSAFY\Desktop\S10P22A209\catkin_ws\install\ssafy_msgs\share\ssafy_msgs\hook\path_dll.bat'
[10.360s] [34mcolcon.colcon_core.shell[0m [1;30mINFO[0m Creating environment descriptor 'C:\Users\SSAFY\Desktop\S10P22A209\catkin_ws\install\ssafy_msgs\share\ssafy_msgs\hook\path_dll.dsv'
[10.361s] [34mcolcon.colcon_core.environment[0m [1;30mLevel 1[0m checking 'C:\Users\SSAFY\Desktop\S10P22A209\catkin_ws\install\ssafy_msgs\bin'
[10.361s] [34mcolcon.colcon_core.shell[0m [1;30mLevel 1[0m create_environment_hook('ssafy_msgs', 'path')
[10.392s] [34mcolcon.colcon_core.shell[0m [1;30mINFO[0m Creating environment hook 'C:\Users\SSAFY\Desktop\S10P22A209\catkin_ws\install\ssafy_msgs\share\ssafy_msgs\hook\path.ps1'
[10.393s] [34mcolcon.colcon_core.shell[0m [1;30mINFO[0m Creating environment hook 'C:\Users\SSAFY\Desktop\S10P22A209\catkin_ws\install\ssafy_msgs\share\ssafy_msgs\hook\path.bat'
[10.394s] [34mcolcon.colcon_core.shell[0m [1;30mINFO[0m Creating environment descriptor 'C:\Users\SSAFY\Desktop\S10P22A209\catkin_ws\install\ssafy_msgs\share\ssafy_msgs\hook\path.dsv'
[10.394s] [34mcolcon.colcon_core.environment[0m [1;30mLevel 1[0m checking 'C:\Users\SSAFY\Desktop\S10P22A209\catkin_ws\install\ssafy_msgs\lib\pkgconfig\ssafy_msgs.pc'
[10.394s] [34mcolcon.colcon_core.environment[0m [1;30mLevel 1[0m checking 'C:\Users\SSAFY\Desktop\S10P22A209\catkin_ws\install\ssafy_msgs\Lib\site-packages'
[10.394s] [34mcolcon.colcon_core.shell[0m [1;30mLevel 1[0m create_environment_hook('ssafy_msgs', 'pythonpath')
[10.426s] [34mcolcon.colcon_core.shell[0m [1;30mINFO[0m Creating environment hook 'C:\Users\SSAFY\Desktop\S10P22A209\catkin_ws\install\ssafy_msgs\share\ssafy_msgs\hook\pythonpath.ps1'
[10.427s] [34mcolcon.colcon_core.shell[0m [1;30mINFO[0m Creating environment hook 'C:\Users\SSAFY\Desktop\S10P22A209\catkin_ws\install\ssafy_msgs\share\ssafy_msgs\hook\pythonpath.bat'
[10.428s] [34mcolcon.colcon_core.shell[0m [1;30mINFO[0m Creating environment descriptor 'C:\Users\SSAFY\Desktop\S10P22A209\catkin_ws\install\ssafy_msgs\share\ssafy_msgs\hook\pythonpath.dsv'
[10.428s] [34mcolcon.colcon_core.environment[0m [1;30mLevel 1[0m checking 'C:\Users\SSAFY\Desktop\S10P22A209\catkin_ws\install\ssafy_msgs\Scripts'
[10.461s] [34mcolcon.colcon_core.shell[0m [1;30mINFO[0m Creating package script 'C:\Users\SSAFY\Desktop\S10P22A209\catkin_ws\install\ssafy_msgs\share\ssafy_msgs\package.ps1'
[10.462s] [34mcolcon.colcon_core.shell[0m [1;30mINFO[0m Creating package script 'C:\Users\SSAFY\Desktop\S10P22A209\catkin_ws\install\ssafy_msgs\share\ssafy_msgs\package.bat'
[10.463s] [34mcolcon.colcon_core.shell[0m [1;30mINFO[0m Creating package descriptor 'C:\Users\SSAFY\Desktop\S10P22A209\catkin_ws\install\ssafy_msgs\share\ssafy_msgs\package.dsv'
[10.464s] [34mcolcon.colcon_core.environment[0m [1;30mLevel 1[0m create_file_with_runtime_dependencies(C:\Users\SSAFY\Desktop\S10P22A209\catkin_ws\install\ssafy_msgs\share\colcon-core\packages\ssafy_msgs)
[10.464s] [34mcolcon.colcon_parallel_executor.executor.parallel[0m [1;30mDEBUG[0m [32mskipping loop closure[0m
[10.464s] [34mcolcon.colcon_parallel_executor.executor.parallel[0m [1;30mDEBUG[0m [32mrun_until_complete finished with '0'[0m
[10.464s] [34mcolcon.colcon_core.event_reactor[0m [1;30mDEBUG[0m [32mjoining thread[0m
[10.500s] [34mcolcon.colcon_core.plugin_system[0m [1;30mINFO[0m Skipping extension 'colcon_notification.desktop_notification.notify2': 'notify2' not found
[10.500s] [34mcolcon.colcon_core.plugin_system[0m [1;30mINFO[0m Skipping extension 'colcon_notification.desktop_notification.notify_send': Not used on non-Linux systems
[10.501s] [34mcolcon.colcon_core.plugin_system[0m [1;30mINFO[0m Skipping extension 'colcon_notification.desktop_notification.terminal_notifier': Not used on non-Darwin systems
[10.501s] [34mcolcon.colcon_notification.desktop_notification[0m [1;30mINFO[0m Sending desktop notification using 'win32'
[15.530s] [34mcolcon.colcon_core.event_reactor[0m [1;30mDEBUG[0m [32mjoined thread[0m
[15.561s] [34mcolcon.colcon_core.shell[0m [1;30mINFO[0m Creating prefix script 'C:\Users\SSAFY\Desktop\S10P22A209\catkin_ws\install\local_setup.ps1'
[15.562s] [34mcolcon.colcon_core.shell[0m [1;30mINFO[0m Creating prefix util module 'C:\Users\SSAFY\Desktop\S10P22A209\catkin_ws\install\_local_setup_util_ps1.py'
[15.564s] [34mcolcon.colcon_core.shell[0m [1;30mINFO[0m Creating prefix chain script 'C:\Users\SSAFY\Desktop\S10P22A209\catkin_ws\install\setup.ps1'
[15.598s] [34mcolcon.colcon_core.shell[0m [1;30mINFO[0m Creating prefix script 'C:\Users\SSAFY\Desktop\S10P22A209\catkin_ws\install\local_setup.bat'
[15.600s] [34mcolcon.colcon_core.shell[0m [1;30mINFO[0m Creating prefix util module 'C:\Users\SSAFY\Desktop\S10P22A209\catkin_ws\install\_local_setup_util_bat.py'
[15.600s] [34mcolcon.colcon_core.shell[0m [1;30mINFO[0m Creating prefix chain script 'C:\Users\SSAFY\Desktop\S10P22A209\catkin_ws\install\setup.bat'
