[2.359s] Invoking command in 'C:\Users\SSAFY\Desktop\S10P22A209\catkin_ws\build\ssafy_msgs': CL=/MP CMAKE_PREFIX_PATH=%CMAKE_PREFIX_PATH%;C:\Users\SSAFY\Desktop\S10P22A209\catkin_ws\install\test_209;C:\Users\SSAFY\Desktop\S10P22A209\catkin_ws\install\ssafy_bridge;C:\Users\SSAFY\Desktop\S10P22A209\catkin_ws\install\my_package installDir=%installDir%
IntelliJ IDEA=C:\Program Files\JetBrains\IntelliJ IDEA 2023.3.3\bin; C:\Program Files\Microsoft Visual Studio\2022\Community\Common7\IDE\CommonExtensions\Microsoft\CMake\CMake\bin\cmake.EXE --build C:\Users\SSAFY\Desktop\S10P22A209\catkin_ws\build\ssafy_msgs --config Release
[3.156s] msbuild ¹öÀü 17.8.3+195e7f5a3(.NET Framework¿ë)
[3.156s] 
[3.172s]   1>Checking Build System
[3.172s]   Building Custom Rule C:/Users/SSAFY/Desktop/S10P22A209/catkin_ws/src/ssafy_msgs/CMakeLists.txt
[4.062s]   Building Custom Rule C:/Users/SSAFY/Desktop/S10P22A209/catkin_ws/src/ssafy_msgs/CMakeLists.txt
[4.062s]   ssafy_msgs__rosidl_generator_c.vcxproj -> C:\Users\SSAFY\Desktop\S10P22A209\catkin_ws\build\ssafy_msgs\Release\ssafy_msgs__rosidl_generator_c.dll
[4.062s]   Building Custom Rule C:/Users/SSAFY/Desktop/S10P22A209/catkin_ws/src/ssafy_msgs/CMakeLists.txt
[4.062s]   ssafy_msgs__rosidl_typesupport_c.vcxproj -> C:\Users\SSAFY\Desktop\S10P22A209\catkin_ws\build\ssafy_msgs\Release\ssafy_msgs__rosidl_typesupport_c.dll
[4.062s]   Building Custom Rule C:/Users/SSAFY/Desktop/S10P22A209/catkin_ws/src/ssafy_msgs/CMakeLists.txt
[4.062s]   Building Custom Rule C:/Users/SSAFY/Desktop/S10P22A209/catkin_ws/src/ssafy_msgs/CMakeLists.txt
[4.062s]   ssafy_msgs__rosidl_typesupport_connext_cpp.vcxproj -> C:\Users\SSAFY\Desktop\S10P22A209\catkin_ws\build\ssafy_msgs\Release\ssafy_msgs__rosidl_typesupport_connext_cpp.dll
[4.062s]   Generating C type support for RTI Connext
[4.812s]   Building Custom Rule C:/Users/SSAFY/Desktop/S10P22A209/catkin_ws/src/ssafy_msgs/CMakeLists.txt
[4.828s]   ssafy_msgs__rosidl_typesupport_connext_c.vcxproj -> C:\Users\SSAFY\Desktop\S10P22A209\catkin_ws\build\ssafy_msgs\Release\ssafy_msgs__rosidl_typesupport_connext_c.dll
[4.906s]   Building Custom Rule C:/Users/SSAFY/Desktop/S10P22A209/catkin_ws/src/ssafy_msgs/CMakeLists.txt
[4.984s]   ssafy_msgs__rosidl_typesupport_cpp.vcxproj -> C:\Users\SSAFY\Desktop\S10P22A209\catkin_ws\build\ssafy_msgs\Release\ssafy_msgs__rosidl_typesupport_cpp.dll
[5.093s]   Building Custom Rule C:/Users/SSAFY/Desktop/S10P22A209/catkin_ws/src/ssafy_msgs/CMakeLists.txt
[5.172s]   ssafy_msgs__rosidl_typesupport_fastrtps_cpp.vcxproj -> C:\Users\SSAFY\Desktop\S10P22A209\catkin_ws\build\ssafy_msgs\Release\ssafy_msgs__rosidl_typesupport_fastrtps_cpp.dll
[5.234s]   Building Custom Rule C:/Users/SSAFY/Desktop/S10P22A209/catkin_ws/src/ssafy_msgs/CMakeLists.txt
[5.312s]   ssafy_msgs__rosidl_typesupport_fastrtps_c.vcxproj -> C:\Users\SSAFY\Desktop\S10P22A209\catkin_ws\build\ssafy_msgs\Release\ssafy_msgs__rosidl_typesupport_fastrtps_c.dll
[5.406s]   Building Custom Rule C:/Users/SSAFY/Desktop/S10P22A209/catkin_ws/src/ssafy_msgs/CMakeLists.txt
[5.468s]   ssafy_msgs__rosidl_typesupport_introspection_c.vcxproj -> C:\Users\SSAFY\Desktop\S10P22A209\catkin_ws\build\ssafy_msgs\Release\ssafy_msgs__rosidl_typesupport_introspection_c.dll
[5.578s]   Building Custom Rule C:/Users/SSAFY/Desktop/S10P22A209/catkin_ws/src/ssafy_msgs/CMakeLists.txt
[5.640s]   ssafy_msgs__rosidl_typesupport_introspection_cpp.vcxproj -> C:\Users\SSAFY\Desktop\S10P22A209\catkin_ws\build\ssafy_msgs\Release\ssafy_msgs__rosidl_typesupport_introspection_cpp.dll
[5.765s]   Building Custom Rule C:/Users/SSAFY/Desktop/S10P22A209/catkin_ws/src/ssafy_msgs/CMakeLists.txt
[5.875s]   Building Custom Rule C:/Users/SSAFY/Desktop/S10P22A209/catkin_ws/src/ssafy_msgs/CMakeLists.txt
[5.968s]   ssafy_msgs__rosidl_typesupport_opensplice_cpp.vcxproj -> C:\Users\SSAFY\Desktop\S10P22A209\catkin_ws\build\ssafy_msgs\Release\ssafy_msgs__rosidl_typesupport_opensplice_cpp.dll
[6.031s]   Building Custom Rule C:/Users/SSAFY/Desktop/S10P22A209/catkin_ws/src/ssafy_msgs/CMakeLists.txt
[6.125s]   ssafy_msgs__rosidl_typesupport_opensplice_c.vcxproj -> C:\Users\SSAFY\Desktop\S10P22A209\catkin_ws\build\ssafy_msgs\Release\ssafy_msgs__rosidl_typesupport_opensplice_c.dll
[6.187s]   Building Custom Rule C:/Users/SSAFY/Desktop/S10P22A209/catkin_ws/src/ssafy_msgs/CMakeLists.txt
[6.406s]   Building Custom Rule C:/Users/SSAFY/Desktop/S10P22A209/catkin_ws/src/ssafy_msgs/CMakeLists.txt
[6.468s]   ssafy_msgs__python.vcxproj -> C:\Users\SSAFY\Desktop\S10P22A209\catkin_ws\build\ssafy_msgs\rosidl_generator_py\ssafy_msgs\ssafy_msgs__python.dll
[6.578s]   Building Custom Rule C:/Users/SSAFY/Desktop/S10P22A209/catkin_ws/src/ssafy_msgs/CMakeLists.txt
[6.656s]   ssafy_msgs__rosidl_typesupport_c__pyext.vcxproj -> C:\Users\SSAFY\Desktop\S10P22A209\catkin_ws\build\ssafy_msgs\rosidl_generator_py\ssafy_msgs\ssafy_msgs_s__rosidl_typesupport_c.pyd
[6.750s]   Building Custom Rule C:/Users/SSAFY/Desktop/S10P22A209/catkin_ws/src/ssafy_msgs/CMakeLists.txt
[6.812s]   ssafy_msgs__rosidl_typesupport_connext_c__pyext.vcxproj -> C:\Users\SSAFY\Desktop\S10P22A209\catkin_ws\build\ssafy_msgs\rosidl_generator_py\ssafy_msgs\ssafy_msgs_s__rosidl_typesupport_connext_c.pyd
[6.890s]   Building Custom Rule C:/Users/SSAFY/Desktop/S10P22A209/catkin_ws/src/ssafy_msgs/CMakeLists.txt
[6.953s]   ssafy_msgs__rosidl_typesupport_fastrtps_c__pyext.vcxproj -> C:\Users\SSAFY\Desktop\S10P22A209\catkin_ws\build\ssafy_msgs\rosidl_generator_py\ssafy_msgs\ssafy_msgs_s__rosidl_typesupport_fastrtps_c.pyd
[7.031s]   Building Custom Rule C:/Users/SSAFY/Desktop/S10P22A209/catkin_ws/src/ssafy_msgs/CMakeLists.txt
[7.093s]   ssafy_msgs__rosidl_typesupport_introspection_c__pyext.vcxproj -> C:\Users\SSAFY\Desktop\S10P22A209\catkin_ws\build\ssafy_msgs\rosidl_generator_py\ssafy_msgs\ssafy_msgs_s__rosidl_typesupport_introspection_c.pyd
[7.187s]   Building Custom Rule C:/Users/SSAFY/Desktop/S10P22A209/catkin_ws/src/ssafy_msgs/CMakeLists.txt
[7.265s]   ssafy_msgs__rosidl_typesupport_opensplice_c__pyext.vcxproj -> C:\Users\SSAFY\Desktop\S10P22A209\catkin_ws\build\ssafy_msgs\rosidl_generator_py\ssafy_msgs\ssafy_msgs_s__rosidl_typesupport_opensplice_c.pyd
[7.343s]   Building Custom Rule C:/Users/SSAFY/Desktop/S10P22A209/catkin_ws/src/ssafy_msgs/CMakeLists.txt
