running egg_info
writing ..\..\build\ssafy_bridge\ssafy_bridge.egg-info\PKG-INFO
writing dependency_links to ..\..\build\ssafy_bridge\ssafy_bridge.egg-info\dependency_links.txt
writing entry points to ..\..\build\ssafy_bridge\ssafy_bridge.egg-info\entry_points.txt
writing requirements to ..\..\build\ssafy_bridge\ssafy_bridge.egg-info\requires.txt
writing top-level names to ..\..\build\ssafy_bridge\ssafy_bridge.egg-info\top_level.txt
reading manifest file '..\..\build\ssafy_bridge\ssafy_bridge.egg-info\SOURCES.txt'
writing manifest file '..\..\build\ssafy_bridge\ssafy_bridge.egg-info\SOURCES.txt'
running build
running build_py
copying ssafy_bridge\cam_viewer.py -> C:\Users\SSAFY\Desktop\S10P22A209\catkin_ws\build\ssafy_bridge\build\lib\ssafy_bridge
copying ssafy_bridge\ssafy_udp_parser.py -> C:\Users\SSAFY\Desktop\S10P22A209\catkin_ws\build\ssafy_bridge\build\lib\ssafy_bridge
copying ssafy_bridge\sub_to_udp.py -> C:\Users\SSAFY\Desktop\S10P22A209\catkin_ws\build\ssafy_bridge\build\lib\ssafy_bridge
copying ssafy_bridge\udp_to_cam.py -> C:\Users\SSAFY\Desktop\S10P22A209\catkin_ws\build\ssafy_bridge\build\lib\ssafy_bridge
copying ssafy_bridge\udp_to_laser.py -> C:\Users\SSAFY\Desktop\S10P22A209\catkin_ws\build\ssafy_bridge\build\lib\ssafy_bridge
copying ssafy_bridge\udp_to_pub.py -> C:\Users\SSAFY\Desktop\S10P22A209\catkin_ws\build\ssafy_bridge\build\lib\ssafy_bridge
copying ssafy_bridge\utils.py -> C:\Users\SSAFY\Desktop\S10P22A209\catkin_ws\build\ssafy_bridge\build\lib\ssafy_bridge
copying ssafy_bridge\__init__.py -> C:\Users\SSAFY\Desktop\S10P22A209\catkin_ws\build\ssafy_bridge\build\lib\ssafy_bridge
running install
running install_lib
running install_data
running install_egg_info
removing 'C:\Users\SSAFY\Desktop\S10P22A209\catkin_ws\install\ssafy_bridge\Lib\site-packages\ssafy_bridge-0.0.0-py3.7.egg-info' (and everything under it)
Copying ..\..\build\ssafy_bridge\ssafy_bridge.egg-info to C:\Users\SSAFY\Desktop\S10P22A209\catkin_ws\install\ssafy_bridge\Lib\site-packages\ssafy_bridge-0.0.0-py3.7.egg-info
running install_scripts
Installing cam_viewer-script.py script to C:\Users\SSAFY\Desktop\S10P22A209\catkin_ws\install\ssafy_bridge\lib\ssafy_bridge
Installing cam_viewer.exe script to C:\Users\SSAFY\Desktop\S10P22A209\catkin_ws\install\ssafy_bridge\lib\ssafy_bridge
Installing sub_to_udp-script.py script to C:\Users\SSAFY\Desktop\S10P22A209\catkin_ws\install\ssafy_bridge\lib\ssafy_bridge
Installing sub_to_udp.exe script to C:\Users\SSAFY\Desktop\S10P22A209\catkin_ws\install\ssafy_bridge\lib\ssafy_bridge
error: [Errno 13] Permission denied: 'C:\\Users\\SSAFY\\Desktop\\S10P22A209\\catkin_ws\\install\\ssafy_bridge\\lib\\ssafy_bridge\\sub_to_udp.exe'
