[4.000s] Invoking command in 'C:\Users\SSAFY\Desktop\S10P22A209\catkin_ws\src\yolo_package': PYTHONPATH=C:\Users\SSAFY\Desktop\S10P22A209\catkin_ws\build\yolo_package\prefix_override;C:\Users\SSAFY\Desktop\S10P22A209\catkin_ws\install\yolo_package\Lib\site-packages;%PYTHONPATH% installDir=%installDir%
IntelliJ IDEA=C:\Program Files\JetBrains\IntelliJ IDEA 2023.3.3\bin; c:\python37\python.exe setup.py egg_info --egg-base ..\..\build\yolo_package build --build-base C:\Users\SSAFY\Desktop\S10P22A209\catkin_ws\build\yolo_package\build install --record C:\Users\SSAFY\Desktop\S10P22A209\catkin_ws\build\yolo_package\install.log --install-scripts $base/lib/yolo_package --single-version-externally-managed
[4.469s] running egg_info
[4.469s] writing ..\..\build\yolo_package\yolo_package.egg-info\PKG-INFO
[4.469s] writing dependency_links to ..\..\build\yolo_package\yolo_package.egg-info\dependency_links.txt
[4.469s] writing entry points to ..\..\build\yolo_package\yolo_package.egg-info\entry_points.txt
[4.469s] writing requirements to ..\..\build\yolo_package\yolo_package.egg-info\requires.txt
[4.469s] writing top-level names to ..\..\build\yolo_package\yolo_package.egg-info\top_level.txt
[4.484s] reading manifest file '..\..\build\yolo_package\yolo_package.egg-info\SOURCES.txt'
[4.484s] writing manifest file '..\..\build\yolo_package\yolo_package.egg-info\SOURCES.txt'
[4.484s] running build
[4.484s] running build_py
[4.484s] copying yolo_package\yolo.py -> C:\Users\SSAFY\Desktop\S10P22A209\catkin_ws\build\yolo_package\build\lib\yolo_package
[4.500s] running install
[4.500s] running install_lib
[4.500s] copying C:\Users\SSAFY\Desktop\S10P22A209\catkin_ws\build\yolo_package\build\lib\yolo_package\yolo.py -> C:\Users\SSAFY\Desktop\S10P22A209\catkin_ws\install\yolo_package\Lib\site-packages\yolo_package
[4.500s] byte-compiling C:\Users\SSAFY\Desktop\S10P22A209\catkin_ws\install\yolo_package\Lib\site-packages\yolo_package\yolo.py to yolo.cpython-37.pyc
[4.500s] running install_data
[4.500s] running install_egg_info
[4.500s] removing 'C:\Users\SSAFY\Desktop\S10P22A209\catkin_ws\install\yolo_package\Lib\site-packages\yolo_package-0.0.0-py3.7.egg-info' (and everything under it)
[4.515s] Copying ..\..\build\yolo_package\yolo_package.egg-info to C:\Users\SSAFY\Desktop\S10P22A209\catkin_ws\install\yolo_package\Lib\site-packages\yolo_package-0.0.0-py3.7.egg-info
[4.531s] running install_scripts
[4.547s] Installing save_camera-script.py script to C:\Users\SSAFY\Desktop\S10P22A209\catkin_ws\install\yolo_package\lib\yolo_package
[4.547s] Installing save_camera.exe script to C:\Users\SSAFY\Desktop\S10P22A209\catkin_ws\install\yolo_package\lib\yolo_package
[4.547s] Installing yolo-script.py script to C:\Users\SSAFY\Desktop\S10P22A209\catkin_ws\install\yolo_package\lib\yolo_package
[4.547s] Installing yolo.exe script to C:\Users\SSAFY\Desktop\S10P22A209\catkin_ws\install\yolo_package\lib\yolo_package
[4.547s] writing list of installed files to 'C:\Users\SSAFY\Desktop\S10P22A209\catkin_ws\build\yolo_package\install.log'
[4.578s] Invoked command in 'C:\Users\SSAFY\Desktop\S10P22A209\catkin_ws\src\yolo_package' returned '0': PYTHONPATH=C:\Users\SSAFY\Desktop\S10P22A209\catkin_ws\build\yolo_package\prefix_override;C:\Users\SSAFY\Desktop\S10P22A209\catkin_ws\install\yolo_package\Lib\site-packages;%PYTHONPATH% installDir=%installDir%
IntelliJ IDEA=C:\Program Files\JetBrains\IntelliJ IDEA 2023.3.3\bin; c:\python37\python.exe setup.py egg_info --egg-base ..\..\build\yolo_package build --build-base C:\Users\SSAFY\Desktop\S10P22A209\catkin_ws\build\yolo_package\build install --record C:\Users\SSAFY\Desktop\S10P22A209\catkin_ws\build\yolo_package\install.log --install-scripts $base/lib/yolo_package --single-version-externally-managed
