C:\Users\SSAFY\Desktop\S10P22A209\catkin_ws\install\my_package\Lib\site-packages\my_package\communication.py
C:\Users\SSAFY\Desktop\S10P22A209\catkin_ws\install\my_package\Lib\site-packages\my_package\my_node.py
C:\Users\SSAFY\Desktop\S10P22A209\catkin_ws\install\my_package\Lib\site-packages\my_package\odo.py
C:\Users\SSAFY\Desktop\S10P22A209\catkin_ws\install\my_package\Lib\site-packages\my_package\path.py
C:\Users\SSAFY\Desktop\S10P22A209\catkin_ws\install\my_package\Lib\site-packages\my_package\publisher_member_function.py
C:\Users\SSAFY\Desktop\S10P22A209\catkin_ws\install\my_package\Lib\site-packages\my_package\subscriber_memeber_function.py
C:\Users\SSAFY\Desktop\S10P22A209\catkin_ws\install\my_package\Lib\site-packages\my_package\__init__.py
C:\Users\SSAFY\Desktop\S10P22A209\catkin_ws\install\my_package\Lib\site-packages\my_package\__pycache__\communication.cpython-37.pyc
C:\Users\SSAFY\Desktop\S10P22A209\catkin_ws\install\my_package\Lib\site-packages\my_package\__pycache__\my_node.cpython-37.pyc
C:\Users\SSAFY\Desktop\S10P22A209\catkin_ws\install\my_package\Lib\site-packages\my_package\__pycache__\odo.cpython-37.pyc
C:\Users\SSAFY\Desktop\S10P22A209\catkin_ws\install\my_package\Lib\site-packages\my_package\__pycache__\path.cpython-37.pyc
C:\Users\SSAFY\Desktop\S10P22A209\catkin_ws\install\my_package\Lib\site-packages\my_package\__pycache__\publisher_member_function.cpython-37.pyc
C:\Users\SSAFY\Desktop\S10P22A209\catkin_ws\install\my_package\Lib\site-packages\my_package\__pycache__\subscriber_memeber_function.cpython-37.pyc
C:\Users\SSAFY\Desktop\S10P22A209\catkin_ws\install\my_package\Lib\site-packages\my_package\__pycache__\__init__.cpython-37.pyc
C:\Users\SSAFY\Desktop\S10P22A209\catkin_ws\install\my_package\share\ament_index\resource_index\packages\my_package
C:\Users\SSAFY\Desktop\S10P22A209\catkin_ws\install\my_package\share\my_package\package.xml
C:\Users\SSAFY\Desktop\S10P22A209\catkin_ws\install\my_package\Lib\site-packages\my_package-0.0.0-py3.7.egg-info\dependency_links.txt
C:\Users\SSAFY\Desktop\S10P22A209\catkin_ws\install\my_package\Lib\site-packages\my_package-0.0.0-py3.7.egg-info\entry_points.txt
C:\Users\SSAFY\Desktop\S10P22A209\catkin_ws\install\my_package\Lib\site-packages\my_package-0.0.0-py3.7.egg-info\PKG-INFO
C:\Users\SSAFY\Desktop\S10P22A209\catkin_ws\install\my_package\Lib\site-packages\my_package-0.0.0-py3.7.egg-info\requires.txt
C:\Users\SSAFY\Desktop\S10P22A209\catkin_ws\install\my_package\Lib\site-packages\my_package-0.0.0-py3.7.egg-info\SOURCES.txt
C:\Users\SSAFY\Desktop\S10P22A209\catkin_ws\install\my_package\Lib\site-packages\my_package-0.0.0-py3.7.egg-info\top_level.txt
C:\Users\SSAFY\Desktop\S10P22A209\catkin_ws\install\my_package\Lib\site-packages\my_package-0.0.0-py3.7.egg-info\zip-safe
C:\Users\SSAFY\Desktop\S10P22A209\catkin_ws\install\my_package\lib\my_package\communication-script.py
C:\Users\SSAFY\Desktop\S10P22A209\catkin_ws\install\my_package\lib\my_package\communication.exe
C:\Users\SSAFY\Desktop\S10P22A209\catkin_ws\install\my_package\lib\my_package\listener-script.py
C:\Users\SSAFY\Desktop\S10P22A209\catkin_ws\install\my_package\lib\my_package\listener.exe
C:\Users\SSAFY\Desktop\S10P22A209\catkin_ws\install\my_package\lib\my_package\my_node-script.py
C:\Users\SSAFY\Desktop\S10P22A209\catkin_ws\install\my_package\lib\my_package\my_node.exe
C:\Users\SSAFY\Desktop\S10P22A209\catkin_ws\install\my_package\lib\my_package\odom-script.py
C:\Users\SSAFY\Desktop\S10P22A209\catkin_ws\install\my_package\lib\my_package\odom.exe
C:\Users\SSAFY\Desktop\S10P22A209\catkin_ws\install\my_package\lib\my_package\path-script.py
C:\Users\SSAFY\Desktop\S10P22A209\catkin_ws\install\my_package\lib\my_package\path.exe
C:\Users\SSAFY\Desktop\S10P22A209\catkin_ws\install\my_package\lib\my_package\talker-script.py
C:\Users\SSAFY\Desktop\S10P22A209\catkin_ws\install\my_package\lib\my_package\talker.exe
