CMake is re-running because C:/Users/SSAFY/Desktop/S10P22A209/catkin_ws/build/ssafy_msgs/CMakeFiles/generate.stamp is out-of-date.
  the file 'C:/Users/SSAFY/Desktop/S10P22A209/catkin_ws/build/ssafy_msgs/ament_cmake_core/package.cmake'
  is newer than 'C:/Users/SSAFY/Desktop/S10P22A209/catkin_ws/build/ssafy_msgs/CMakeFiles/generate.stamp.depend'
  result='-1'
-- Selecting Windows SDK version 10.0.22621.0 to target Windows 10.0.19045.
-- The C compiler identification is MSVC 19.38.33133.0
-- The CXX compiler identification is MSVC 19.38.33133.0
-- Detecting C compiler ABI info
-- Detecting C compiler ABI info - done
-- Check for working C compiler: C:/Program Files/Microsoft Visual Studio/2022/Community/VC/Tools/MSVC/14.38.33130/bin/Hostx64/x64/cl.exe - skipped
-- Detecting C compile features
-- Detecting C compile features - done
-- Detecting CXX compiler ABI info
-- Detecting CXX compiler ABI info - done
-- Check for working CXX compiler: C:/Program Files/Microsoft Visual Studio/2022/Community/VC/Tools/MSVC/14.38.33130/bin/Hostx64/x64/cl.exe - skipped
-- Detecting CXX compile features
-- Detecting CXX compile features - done
-- Found ament_cmake: 0.8.2 (C:/dev/ros2-eloquent/share/ament_cmake/cmake)
CMake Warning (dev) at C:/dev/ros2-eloquent/share/ament_cmake_core/cmake/core/python.cmake:22 (find_package):
  Policy CMP0148 is not set: The FindPythonInterp and FindPythonLibs modules
  are removed.  Run "cmake --help-policy CMP0148" for policy details.  Use
  the cmake_policy command to set the policy and suppress this warning.

Call Stack (most recent call first):
  C:/dev/ros2-eloquent/share/ament_cmake_core/cmake/core/all.cmake:53 (include)
  C:/dev/ros2-eloquent/share/ament_cmake_core/cmake/ament_cmake_core-extras.cmake:17 (include)
  C:/dev/ros2-eloquent/share/ament_cmake_core/cmake/ament_cmake_coreConfig.cmake:38 (include)
  C:/dev/ros2-eloquent/share/ament_cmake/cmake/ament_cmake_export_dependencies-extras.cmake:15 (find_package)
  C:/dev/ros2-eloquent/share/ament_cmake/cmake/ament_cmakeConfig.cmake:38 (include)
  CMakeLists.txt:19 (find_package)
This warning is for project developers.  Use -Wno-dev to suppress it.

-- Found PythonInterp: C:/Python37/python.exe (found suitable version "3.7.5", minimum required is "3") 
-- Using PYTHON_EXECUTABLE: C:/Python37/python.exe
-- Found rosidl_default_generators: 0.8.0 (C:/dev/ros2-eloquent/share/rosidl_default_generators/cmake)
-- Found RTI Connext: C:/Program Files/rti_connext_dds-5.3.1
CMake Warning (dev) at C:/dev/ros2-eloquent/share/connext_cmake_module/cmake/Modules/FindConnext.cmake:163 (list):
  Policy CMP0121 is not set: The list() command now validates parsing of
  index arguments.  Run "cmake --help-policy CMP0121" for policy details.
  Use the cmake_policy command to set the policy and suppress this warning.
  Invalid list index "nddsc.lib".
Call Stack (most recent call first):
  C:/dev/ros2-eloquent/share/connext_cmake_module/cmake/Modules/FindConnext.cmake:195 (_count_found_libraries)
  C:/dev/ros2-eloquent/share/rosidl_typesupport_connext_c/cmake/rosidl_typesupport_connext_c-extras.cmake:5 (find_package)
  C:/dev/ros2-eloquent/share/rosidl_typesupport_connext_c/cmake/rosidl_typesupport_connext_cConfig.cmake:38 (include)
  C:/dev/ros2-eloquent/share/rosidl_default_generators/cmake/rosidl_default_generators-extras.cmake:21 (find_package)
  C:/dev/ros2-eloquent/share/rosidl_default_generators/cmake/rosidl_default_generatorsConfig.cmake:38 (include)
  CMakeLists.txt:20 (find_package)
This warning is for project developers.  Use -Wno-dev to suppress it.

CMake Warning (dev) at C:/dev/ros2-eloquent/share/connext_cmake_module/cmake/Modules/FindConnext.cmake:163 (list):
  Policy CMP0121 is not set: The list() command now validates parsing of
  index arguments.  Run "cmake --help-policy CMP0121" for policy details.
  Use the cmake_policy command to set the policy and suppress this warning.
  Invalid list index "nddscore.lib".
Call Stack (most recent call first):
  C:/dev/ros2-eloquent/share/connext_cmake_module/cmake/Modules/FindConnext.cmake:195 (_count_found_libraries)
  C:/dev/ros2-eloquent/share/rosidl_typesupport_connext_c/cmake/rosidl_typesupport_connext_c-extras.cmake:5 (find_package)
  C:/dev/ros2-eloquent/share/rosidl_typesupport_connext_c/cmake/rosidl_typesupport_connext_cConfig.cmake:38 (include)
  C:/dev/ros2-eloquent/share/rosidl_default_generators/cmake/rosidl_default_generators-extras.cmake:21 (find_package)
  C:/dev/ros2-eloquent/share/rosidl_default_generators/cmake/rosidl_default_generatorsConfig.cmake:38 (include)
  CMakeLists.txt:20 (find_package)
This warning is for project developers.  Use -Wno-dev to suppress it.

CMake Warning (dev) at C:/dev/ros2-eloquent/share/connext_cmake_module/cmake/Modules/FindConnext.cmake:163 (list):
  Policy CMP0121 is not set: The list() command now validates parsing of
  index arguments.  Run "cmake --help-policy CMP0121" for policy details.
  Use the cmake_policy command to set the policy and suppress this warning.
  Invalid list index "nddscpp.lib".
Call Stack (most recent call first):
  C:/dev/ros2-eloquent/share/connext_cmake_module/cmake/Modules/FindConnext.cmake:195 (_count_found_libraries)
  C:/dev/ros2-eloquent/share/rosidl_typesupport_connext_c/cmake/rosidl_typesupport_connext_c-extras.cmake:5 (find_package)
  C:/dev/ros2-eloquent/share/rosidl_typesupport_connext_c/cmake/rosidl_typesupport_connext_cConfig.cmake:38 (include)
  C:/dev/ros2-eloquent/share/rosidl_default_generators/cmake/rosidl_default_generators-extras.cmake:21 (find_package)
  C:/dev/ros2-eloquent/share/rosidl_default_generators/cmake/rosidl_default_generatorsConfig.cmake:38 (include)
  CMakeLists.txt:20 (find_package)
This warning is for project developers.  Use -Wno-dev to suppress it.

CMake Warning (dev) at C:/dev/ros2-eloquent/share/connext_cmake_module/cmake/Modules/FindConnext.cmake:163 (list):
  Policy CMP0121 is not set: The list() command now validates parsing of
  index arguments.  Run "cmake --help-policy CMP0121" for policy details.
  Use the cmake_policy command to set the policy and suppress this warning.
  Invalid list index "rticonnextmsgcpp.lib".
Call Stack (most recent call first):
  C:/dev/ros2-eloquent/share/connext_cmake_module/cmake/Modules/FindConnext.cmake:195 (_count_found_libraries)
  C:/dev/ros2-eloquent/share/rosidl_typesupport_connext_c/cmake/rosidl_typesupport_connext_c-extras.cmake:5 (find_package)
  C:/dev/ros2-eloquent/share/rosidl_typesupport_connext_c/cmake/rosidl_typesupport_connext_cConfig.cmake:38 (include)
  C:/dev/ros2-eloquent/share/rosidl_default_generators/cmake/rosidl_default_generators-extras.cmake:21 (find_package)
  C:/dev/ros2-eloquent/share/rosidl_default_generators/cmake/rosidl_default_generatorsConfig.cmake:38 (include)
  CMakeLists.txt:20 (find_package)
This warning is for project developers.  Use -Wno-dev to suppress it.

CMake Warning (dev) at C:/dev/ros2-eloquent/share/connext_cmake_module/cmake/Modules/FindConnext.cmake:163 (list):
  Policy CMP0121 is not set: The list() command now validates parsing of
  index arguments.  Run "cmake --help-policy CMP0121" for policy details.
  Use the cmake_policy command to set the policy and suppress this warning.
  Invalid list index "nddscd.lib".
Call Stack (most recent call first):
  C:/dev/ros2-eloquent/share/connext_cmake_module/cmake/Modules/FindConnext.cmake:196 (_count_found_libraries)
  C:/dev/ros2-eloquent/share/rosidl_typesupport_connext_c/cmake/rosidl_typesupport_connext_c-extras.cmake:5 (find_package)
  C:/dev/ros2-eloquent/share/rosidl_typesupport_connext_c/cmake/rosidl_typesupport_connext_cConfig.cmake:38 (include)
  C:/dev/ros2-eloquent/share/rosidl_default_generators/cmake/rosidl_default_generators-extras.cmake:21 (find_package)
  C:/dev/ros2-eloquent/share/rosidl_default_generators/cmake/rosidl_default_generatorsConfig.cmake:38 (include)
  CMakeLists.txt:20 (find_package)
This warning is for project developers.  Use -Wno-dev to suppress it.

CMake Warning (dev) at C:/dev/ros2-eloquent/share/connext_cmake_module/cmake/Modules/FindConnext.cmake:163 (list):
  Policy CMP0121 is not set: The list() command now validates parsing of
  index arguments.  Run "cmake --help-policy CMP0121" for policy details.
  Use the cmake_policy command to set the policy and suppress this warning.
  Invalid list index "nddscored.lib".
Call Stack (most recent call first):
  C:/dev/ros2-eloquent/share/connext_cmake_module/cmake/Modules/FindConnext.cmake:196 (_count_found_libraries)
  C:/dev/ros2-eloquent/share/rosidl_typesupport_connext_c/cmake/rosidl_typesupport_connext_c-extras.cmake:5 (find_package)
  C:/dev/ros2-eloquent/share/rosidl_typesupport_connext_c/cmake/rosidl_typesupport_connext_cConfig.cmake:38 (include)
  C:/dev/ros2-eloquent/share/rosidl_default_generators/cmake/rosidl_default_generators-extras.cmake:21 (find_package)
  C:/dev/ros2-eloquent/share/rosidl_default_generators/cmake/rosidl_default_generatorsConfig.cmake:38 (include)
  CMakeLists.txt:20 (find_package)
This warning is for project developers.  Use -Wno-dev to suppress it.

CMake Warning (dev) at C:/dev/ros2-eloquent/share/connext_cmake_module/cmake/Modules/FindConnext.cmake:163 (list):
  Policy CMP0121 is not set: The list() command now validates parsing of
  index arguments.  Run "cmake --help-policy CMP0121" for policy details.
  Use the cmake_policy command to set the policy and suppress this warning.
  Invalid list index "nddscppd.lib".
Call Stack (most recent call first):
  C:/dev/ros2-eloquent/share/connext_cmake_module/cmake/Modules/FindConnext.cmake:196 (_count_found_libraries)
  C:/dev/ros2-eloquent/share/rosidl_typesupport_connext_c/cmake/rosidl_typesupport_connext_c-extras.cmake:5 (find_package)
  C:/dev/ros2-eloquent/share/rosidl_typesupport_connext_c/cmake/rosidl_typesupport_connext_cConfig.cmake:38 (include)
  C:/dev/ros2-eloquent/share/rosidl_default_generators/cmake/rosidl_default_generators-extras.cmake:21 (find_package)
  C:/dev/ros2-eloquent/share/rosidl_default_generators/cmake/rosidl_default_generatorsConfig.cmake:38 (include)
  CMakeLists.txt:20 (find_package)
This warning is for project developers.  Use -Wno-dev to suppress it.

CMake Warning (dev) at C:/dev/ros2-eloquent/share/connext_cmake_module/cmake/Modules/FindConnext.cmake:163 (list):
  Policy CMP0121 is not set: The list() command now validates parsing of
  index arguments.  Run "cmake --help-policy CMP0121" for policy details.
  Use the cmake_policy command to set the policy and suppress this warning.
  Invalid list index "rticonnextmsgcppd.lib".
Call Stack (most recent call first):
  C:/dev/ros2-eloquent/share/connext_cmake_module/cmake/Modules/FindConnext.cmake:196 (_count_found_libraries)
  C:/dev/ros2-eloquent/share/rosidl_typesupport_connext_c/cmake/rosidl_typesupport_connext_c-extras.cmake:5 (find_package)
  C:/dev/ros2-eloquent/share/rosidl_typesupport_connext_c/cmake/rosidl_typesupport_connext_cConfig.cmake:38 (include)
  C:/dev/ros2-eloquent/share/rosidl_default_generators/cmake/rosidl_default_generators-extras.cmake:21 (find_package)
  C:/dev/ros2-eloquent/share/rosidl_default_generators/cmake/rosidl_default_generatorsConfig.cmake:38 (include)
  CMakeLists.txt:20 (find_package)
This warning is for project developers.  Use -Wno-dev to suppress it.

-- Found rosidl_adapter: 0.8.2 (C:/dev/ros2-eloquent/share/rosidl_adapter/cmake)
-- Found PrismTech OpenSplice: C:/dev/opensplice/HDE/x86_64.win64
-- Found std_msgs: 0.8.1 (C:/dev/ros2-eloquent/share/std_msgs/cmake)
-- Found geometry_msgs: 0.8.1 (C:/dev/ros2-eloquent/share/geometry_msgs/cmake)
CMake Warning (dev) at C:/dev/ros2-eloquent/share/rosidl_adapter/cmake/rosidl_adapt_interfaces.cmake:40 (find_package):
  Policy CMP0148 is not set: The FindPythonInterp and FindPythonLibs modules
  are removed.  Run "cmake --help-policy CMP0148" for policy details.  Use
  the cmake_policy command to set the policy and suppress this warning.

Call Stack (most recent call first):
  C:/dev/ros2-eloquent/share/rosidl_cmake/cmake/rosidl_generate_interfaces.cmake:130 (rosidl_adapt_interfaces)
  CMakeLists.txt:24 (rosidl_generate_interfaces)
This warning is for project developers.  Use -Wno-dev to suppress it.

-- Found PythonInterp: C:/Python37/python.exe (found version "3.7.5") 
-- Using all available rosidl_typesupport_c: rosidl_typesupport_connext_c;rosidl_typesupport_fastrtps_c;rosidl_typesupport_introspection_c;rosidl_typesupport_opensplice_c
-- Using all available rosidl_typesupport_cpp: rosidl_typesupport_connext_cpp;rosidl_typesupport_fastrtps_cpp;rosidl_typesupport_introspection_cpp;rosidl_typesupport_opensplice_cpp
-- Found rmw_implementation_cmake: 0.8.1 (C:/dev/ros2-eloquent/share/rmw_implementation_cmake/cmake)
CMake Warning (dev) at C:/dev/ros2-eloquent/share/rosidl_generator_py/cmake/rosidl_generator_py_generate_interfaces.cmake:21 (find_package):
  Policy CMP0148 is not set: The FindPythonInterp and FindPythonLibs modules
  are removed.  Run "cmake --help-policy CMP0148" for policy details.  Use
  the cmake_policy command to set the policy and suppress this warning.

Call Stack (most recent call first):
  C:/dev/ros2-eloquent/share/ament_cmake_core/cmake/core/ament_execute_extensions.cmake:48 (include)
  C:/dev/ros2-eloquent/share/rosidl_cmake/cmake/rosidl_generate_interfaces.cmake:286 (ament_execute_extensions)
  CMakeLists.txt:24 (rosidl_generate_interfaces)
This warning is for project developers.  Use -Wno-dev to suppress it.

-- Found PythonInterp: C:/Python37/python.exe (found suitable version "3.7.5", minimum required is "3.5") 
-- Found python_cmake_module: 0.8.0 (C:/dev/ros2-eloquent/share/python_cmake_module/cmake)
CMake Warning (dev) at C:/dev/ros2-eloquent/share/python_cmake_module/cmake/Modules/FindPythonExtra.cmake:45 (find_package):
  Policy CMP0148 is not set: The FindPythonInterp and FindPythonLibs modules
  are removed.  Run "cmake --help-policy CMP0148" for policy details.  Use
  the cmake_policy command to set the policy and suppress this warning.

Call Stack (most recent call first):
  C:/dev/ros2-eloquent/share/rosidl_generator_py/cmake/rosidl_generator_py_generate_interfaces.cmake:24 (find_package)
  C:/dev/ros2-eloquent/share/ament_cmake_core/cmake/core/ament_execute_extensions.cmake:48 (include)
  C:/dev/ros2-eloquent/share/rosidl_cmake/cmake/rosidl_generate_interfaces.cmake:286 (ament_execute_extensions)
  CMakeLists.txt:24 (rosidl_generate_interfaces)
This warning is for project developers.  Use -Wno-dev to suppress it.

CMake Warning (dev) at C:/dev/ros2-eloquent/share/python_cmake_module/cmake/Modules/FindPythonExtra.cmake:133 (find_package):
  Policy CMP0148 is not set: The FindPythonInterp and FindPythonLibs modules
  are removed.  Run "cmake --help-policy CMP0148" for policy details.  Use
  the cmake_policy command to set the policy and suppress this warning.

Call Stack (most recent call first):
  C:/dev/ros2-eloquent/share/rosidl_generator_py/cmake/rosidl_generator_py_generate_interfaces.cmake:24 (find_package)
  C:/dev/ros2-eloquent/share/ament_cmake_core/cmake/core/ament_execute_extensions.cmake:48 (include)
  C:/dev/ros2-eloquent/share/rosidl_cmake/cmake/rosidl_generate_interfaces.cmake:286 (ament_execute_extensions)
  CMakeLists.txt:24 (rosidl_generate_interfaces)
This warning is for project developers.  Use -Wno-dev to suppress it.

-- Using PYTHON_EXECUTABLE: C:/Python37/python.exe
-- Using PYTHON_INCLUDE_DIRS: C:/Python37/include
-- Using PYTHON_LIBRARIES: C:/Python37/libs/python37.lib
-- Using numpy include directory: C:\Python37\lib\site-packages\numpy\core\include
-- Found ament_lint_auto: 0.8.1 (C:/dev/ros2-eloquent/share/ament_lint_auto/cmake)
-- Added test 'lint_cmake' to check CMake code style
-- Added test 'xmllint' to check XML markup files
-- Configuring done (8.9s)
-- Generating done (0.9s)
-- Build files have been written to: C:/Users/SSAFY/Desktop/S10P22A209/catkin_ws/build/ssafy_msgs
msbuild 버전 17.8.3+195e7f5a3(.NET Framework용)

  1>Checking Build System
  Building Custom Rule C:/Users/SSAFY/Desktop/S10P22A209/catkin_ws/src/ssafy_msgs/CMakeLists.txt
  Building Custom Rule C:/Users/SSAFY/Desktop/S10P22A209/catkin_ws/src/ssafy_msgs/CMakeLists.txt
     C:/Users/SSAFY/Desktop/S10P22A209/catkin_ws/build/ssafy_msgs/Release/ssafy_msgs__rosidl_generator_c.lib 라이브러리 및 C:/Users/SSAFY/Desktop/S10P22A209/catkin_ws/build/ssafy_msgs/Release/ssafy_msgs__rosidl_generator_c.exp 개체를 생성하고 있습니다.
  ssafy_msgs__rosidl_generator_c.vcxproj -> C:\Users\SSAFY\Desktop\S10P22A209\catkin_ws\build\ssafy_msgs\Release\ssafy_msgs__rosidl_generator_c.dll
  Building Custom Rule C:/Users/SSAFY/Desktop/S10P22A209/catkin_ws/src/ssafy_msgs/CMakeLists.txt
     C:/Users/SSAFY/Desktop/S10P22A209/catkin_ws/build/ssafy_msgs/Release/ssafy_msgs__rosidl_typesupport_c.lib 라이브러리 및 C:/Users/SSAFY/Desktop/S10P22A209/catkin_ws/build/ssafy_msgs/Release/ssafy_msgs__rosidl_typesupport_c.exp 개체를 생성하고 있습니다.
  ssafy_msgs__rosidl_typesupport_c.vcxproj -> C:\Users\SSAFY\Desktop\S10P22A209\catkin_ws\build\ssafy_msgs\Release\ssafy_msgs__rosidl_typesupport_c.dll
  Building Custom Rule C:/Users/SSAFY/Desktop/S10P22A209/catkin_ws/src/ssafy_msgs/CMakeLists.txt
  Building Custom Rule C:/Users/SSAFY/Desktop/S10P22A209/catkin_ws/src/ssafy_msgs/CMakeLists.txt
     C:/Users/SSAFY/Desktop/S10P22A209/catkin_ws/build/ssafy_msgs/Release/ssafy_msgs__rosidl_typesupport_connext_cpp.lib 라이브러리 및 C:/Users/SSAFY/Desktop/S10P22A209/catkin_ws/build/ssafy_msgs/Release/ssafy_msgs__rosidl_typesupport_connext_cpp.exp 개체를 생성하고 있습니다.
  ssafy_msgs__rosidl_typesupport_connext_cpp.vcxproj -> C:\Users\SSAFY\Desktop\S10P22A209\catkin_ws\build\ssafy_msgs\Release\ssafy_msgs__rosidl_typesupport_connext_cpp.dll
  Generating C type support for RTI Connext
  Building Custom Rule C:/Users/SSAFY/Desktop/S10P22A209/catkin_ws/src/ssafy_msgs/CMakeLists.txt
     C:/Users/SSAFY/Desktop/S10P22A209/catkin_ws/build/ssafy_msgs/Release/ssafy_msgs__rosidl_typesupport_connext_c.lib 라이브러리 및 C:/Users/SSAFY/Desktop/S10P22A209/catkin_ws/build/ssafy_msgs/Release/ssafy_msgs__rosidl_typesupport_connext_c.exp 개체를 생성하고 있습니다.
  ssafy_msgs__rosidl_typesupport_connext_c.vcxproj -> C:\Users\SSAFY\Desktop\S10P22A209\catkin_ws\build\ssafy_msgs\Release\ssafy_msgs__rosidl_typesupport_connext_c.dll
  Building Custom Rule C:/Users/SSAFY/Desktop/S10P22A209/catkin_ws/src/ssafy_msgs/CMakeLists.txt
     C:/Users/SSAFY/Desktop/S10P22A209/catkin_ws/build/ssafy_msgs/Release/ssafy_msgs__rosidl_typesupport_cpp.lib 라이브러리 및 C:/Users/SSAFY/Desktop/S10P22A209/catkin_ws/build/ssafy_msgs/Release/ssafy_msgs__rosidl_typesupport_cpp.exp 개체를 생성하고 있습니다.
  ssafy_msgs__rosidl_typesupport_cpp.vcxproj -> C:\Users\SSAFY\Desktop\S10P22A209\catkin_ws\build\ssafy_msgs\Release\ssafy_msgs__rosidl_typesupport_cpp.dll
  Building Custom Rule C:/Users/SSAFY/Desktop/S10P22A209/catkin_ws/src/ssafy_msgs/CMakeLists.txt
     C:/Users/SSAFY/Desktop/S10P22A209/catkin_ws/build/ssafy_msgs/Release/ssafy_msgs__rosidl_typesupport_fastrtps_cpp.lib 라이브러리 및 C:/Users/SSAFY/Desktop/S10P22A209/catkin_ws/build/ssafy_msgs/Release/ssafy_msgs__rosidl_typesupport_fastrtps_cpp.exp 개체를 생성하고 있습니다.
  ssafy_msgs__rosidl_typesupport_fastrtps_cpp.vcxproj -> C:\Users\SSAFY\Desktop\S10P22A209\catkin_ws\build\ssafy_msgs\Release\ssafy_msgs__rosidl_typesupport_fastrtps_cpp.dll
  Building Custom Rule C:/Users/SSAFY/Desktop/S10P22A209/catkin_ws/src/ssafy_msgs/CMakeLists.txt
     C:/Users/SSAFY/Desktop/S10P22A209/catkin_ws/build/ssafy_msgs/Release/ssafy_msgs__rosidl_typesupport_fastrtps_c.lib 라이브러리 및 C:/Users/SSAFY/Desktop/S10P22A209/catkin_ws/build/ssafy_msgs/Release/ssafy_msgs__rosidl_typesupport_fastrtps_c.exp 개체를 생성하고 있습니다.
  ssafy_msgs__rosidl_typesupport_fastrtps_c.vcxproj -> C:\Users\SSAFY\Desktop\S10P22A209\catkin_ws\build\ssafy_msgs\Release\ssafy_msgs__rosidl_typesupport_fastrtps_c.dll
  Building Custom Rule C:/Users/SSAFY/Desktop/S10P22A209/catkin_ws/src/ssafy_msgs/CMakeLists.txt
     C:/Users/SSAFY/Desktop/S10P22A209/catkin_ws/build/ssafy_msgs/Release/ssafy_msgs__rosidl_typesupport_introspection_c.lib 라이브러리 및 C:/Users/SSAFY/Desktop/S10P22A209/catkin_ws/build/ssafy_msgs/Release/ssafy_msgs__rosidl_typesupport_introspection_c.exp 개체를 생성하고 있습니다.
  ssafy_msgs__rosidl_typesupport_introspection_c.vcxproj -> C:\Users\SSAFY\Desktop\S10P22A209\catkin_ws\build\ssafy_msgs\Release\ssafy_msgs__rosidl_typesupport_introspection_c.dll
  Building Custom Rule C:/Users/SSAFY/Desktop/S10P22A209/catkin_ws/src/ssafy_msgs/CMakeLists.txt
     C:/Users/SSAFY/Desktop/S10P22A209/catkin_ws/build/ssafy_msgs/Release/ssafy_msgs__rosidl_typesupport_introspection_cpp.lib 라이브러리 및 C:/Users/SSAFY/Desktop/S10P22A209/catkin_ws/build/ssafy_msgs/Release/ssafy_msgs__rosidl_typesupport_introspection_cpp.exp 개체를 생성하고 있습니다.
  ssafy_msgs__rosidl_typesupport_introspection_cpp.vcxproj -> C:\Users\SSAFY\Desktop\S10P22A209\catkin_ws\build\ssafy_msgs\Release\ssafy_msgs__rosidl_typesupport_introspection_cpp.dll
  Building Custom Rule C:/Users/SSAFY/Desktop/S10P22A209/catkin_ws/src/ssafy_msgs/CMakeLists.txt
  Building Custom Rule C:/Users/SSAFY/Desktop/S10P22A209/catkin_ws/src/ssafy_msgs/CMakeLists.txt
     C:/Users/SSAFY/Desktop/S10P22A209/catkin_ws/build/ssafy_msgs/Release/ssafy_msgs__rosidl_typesupport_opensplice_cpp.lib 라이브러리 및 C:/Users/SSAFY/Desktop/S10P22A209/catkin_ws/build/ssafy_msgs/Release/ssafy_msgs__rosidl_typesupport_opensplice_cpp.exp 개체를 생성하고 있습니다.
  ssafy_msgs__rosidl_typesupport_opensplice_cpp.vcxproj -> C:\Users\SSAFY\Desktop\S10P22A209\catkin_ws\build\ssafy_msgs\Release\ssafy_msgs__rosidl_typesupport_opensplice_cpp.dll
  Building Custom Rule C:/Users/SSAFY/Desktop/S10P22A209/catkin_ws/src/ssafy_msgs/CMakeLists.txt
     C:/Users/SSAFY/Desktop/S10P22A209/catkin_ws/build/ssafy_msgs/Release/ssafy_msgs__rosidl_typesupport_opensplice_c.lib 라이브러리 및 C:/Users/SSAFY/Desktop/S10P22A209/catkin_ws/build/ssafy_msgs/Release/ssafy_msgs__rosidl_typesupport_opensplice_c.exp 개체를 생성하고 있습니다.
  ssafy_msgs__rosidl_typesupport_opensplice_c.vcxproj -> C:\Users\SSAFY\Desktop\S10P22A209\catkin_ws\build\ssafy_msgs\Release\ssafy_msgs__rosidl_typesupport_opensplice_c.dll
  Building Custom Rule C:/Users/SSAFY/Desktop/S10P22A209/catkin_ws/src/ssafy_msgs/CMakeLists.txt
  Building Custom Rule C:/Users/SSAFY/Desktop/S10P22A209/catkin_ws/build/ssafy_msgs/ssafy_msgs__py/CMakeLists.txt
  Building Custom Rule C:/Users/SSAFY/Desktop/S10P22A209/catkin_ws/src/ssafy_msgs/CMakeLists.txt
     C:/Users/SSAFY/Desktop/S10P22A209/catkin_ws/build/ssafy_msgs/Release/ssafy_msgs__python.lib 라이브러리 및 C:/Users/SSAFY/Desktop/S10P22A209/catkin_ws/build/ssafy_msgs/Release/ssafy_msgs__python.exp 개체를 생성하고 있습니다.
  ssafy_msgs__python.vcxproj -> C:\Users\SSAFY\Desktop\S10P22A209\catkin_ws\build\ssafy_msgs\rosidl_generator_py\ssafy_msgs\ssafy_msgs__python.dll
  Building Custom Rule C:/Users/SSAFY/Desktop/S10P22A209/catkin_ws/src/ssafy_msgs/CMakeLists.txt
     C:/Users/SSAFY/Desktop/S10P22A209/catkin_ws/build/ssafy_msgs/Release/ssafy_msgs_s__rosidl_typesupport_c.lib 라이브러리 및 C:/Users/SSAFY/Desktop/S10P22A209/catkin_ws/build/ssafy_msgs/Release/ssafy_msgs_s__rosidl_typesupport_c.exp 개체를 생성하고 있습니다.
  ssafy_msgs__rosidl_typesupport_c__pyext.vcxproj -> C:\Users\SSAFY\Desktop\S10P22A209\catkin_ws\build\ssafy_msgs\rosidl_generator_py\ssafy_msgs\ssafy_msgs_s__rosidl_typesupport_c.pyd
  Building Custom Rule C:/Users/SSAFY/Desktop/S10P22A209/catkin_ws/src/ssafy_msgs/CMakeLists.txt
     C:/Users/SSAFY/Desktop/S10P22A209/catkin_ws/build/ssafy_msgs/Release/ssafy_msgs_s__rosidl_typesupport_connext_c.lib 라이브러리 및 C:/Users/SSAFY/Desktop/S10P22A209/catkin_ws/build/ssafy_msgs/Release/ssafy_msgs_s__rosidl_typesupport_connext_c.exp 개체를 생성하고 있습니다.
  ssafy_msgs__rosidl_typesupport_connext_c__pyext.vcxproj -> C:\Users\SSAFY\Desktop\S10P22A209\catkin_ws\build\ssafy_msgs\rosidl_generator_py\ssafy_msgs\ssafy_msgs_s__rosidl_typesupport_connext_c.pyd
  Building Custom Rule C:/Users/SSAFY/Desktop/S10P22A209/catkin_ws/src/ssafy_msgs/CMakeLists.txt
     C:/Users/SSAFY/Desktop/S10P22A209/catkin_ws/build/ssafy_msgs/Release/ssafy_msgs_s__rosidl_typesupport_fastrtps_c.lib 라이브러리 및 C:/Users/SSAFY/Desktop/S10P22A209/catkin_ws/build/ssafy_msgs/Release/ssafy_msgs_s__rosidl_typesupport_fastrtps_c.exp 개체를 생성하고 있습니다.
  ssafy_msgs__rosidl_typesupport_fastrtps_c__pyext.vcxproj -> C:\Users\SSAFY\Desktop\S10P22A209\catkin_ws\build\ssafy_msgs\rosidl_generator_py\ssafy_msgs\ssafy_msgs_s__rosidl_typesupport_fastrtps_c.pyd
  Building Custom Rule C:/Users/SSAFY/Desktop/S10P22A209/catkin_ws/src/ssafy_msgs/CMakeLists.txt
     C:/Users/SSAFY/Desktop/S10P22A209/catkin_ws/build/ssafy_msgs/Release/ssafy_msgs_s__rosidl_typesupport_introspection_c.lib 라이브러리 및 C:/Users/SSAFY/Desktop/S10P22A209/catkin_ws/build/ssafy_msgs/Release/ssafy_msgs_s__rosidl_typesupport_introspection_c.exp 개체를 생성하고 있습니다.
  ssafy_msgs__rosidl_typesupport_introspection_c__pyext.vcxproj -> C:\Users\SSAFY\Desktop\S10P22A209\catkin_ws\build\ssafy_msgs\rosidl_generator_py\ssafy_msgs\ssafy_msgs_s__rosidl_typesupport_introspection_c.pyd
  Building Custom Rule C:/Users/SSAFY/Desktop/S10P22A209/catkin_ws/src/ssafy_msgs/CMakeLists.txt
     C:/Users/SSAFY/Desktop/S10P22A209/catkin_ws/build/ssafy_msgs/Release/ssafy_msgs_s__rosidl_typesupport_opensplice_c.lib 라이브러리 및 C:/Users/SSAFY/Desktop/S10P22A209/catkin_ws/build/ssafy_msgs/Release/ssafy_msgs_s__rosidl_typesupport_opensplice_c.exp 개체를 생성하고 있습니다.
  ssafy_msgs__rosidl_typesupport_opensplice_c__pyext.vcxproj -> C:\Users\SSAFY\Desktop\S10P22A209\catkin_ws\build\ssafy_msgs\rosidl_generator_py\ssafy_msgs\ssafy_msgs_s__rosidl_typesupport_opensplice_c.pyd
  Building Custom Rule C:/Users/SSAFY/Desktop/S10P22A209/catkin_ws/src/ssafy_msgs/CMakeLists.txt
