[2.813s] Invoking command in 'C:\Users\SSAFY\Desktop\S10P22A209\catkin_ws\build\ssafy_msgs': CL=/MP CMAKE_PREFIX_PATH=%CMAKE_PREFIX_PATH%;C:\Users\SSAFY\Desktop\S10P22A209\catkin_ws\install\test_209;C:\Users\SSAFY\Desktop\S10P22A209\catkin_ws\install\ssafy_bridge;C:\Users\SSAFY\Desktop\S10P22A209\catkin_ws\install\my_package installDir=%installDir%
IntelliJ IDEA=C:\Program Files\JetBrains\IntelliJ IDEA 2023.3.3\bin; C:\Program Files\Microsoft Visual Studio\2022\Community\Common7\IDE\CommonExtensions\Microsoft\CMake\CMake\bin\cmake.EXE --build C:\Users\SSAFY\Desktop\S10P22A209\catkin_ws\build\ssafy_msgs --config Release
[3.688s] CMake is re-running because C:/Users/SSAFY/Desktop/S10P22A209/catkin_ws/build/ssafy_msgs/CMakeFiles/generate.stamp is out-of-date.
[3.688s]   the file 'C:/Users/SSAFY/Desktop/S10P22A209/catkin_ws/build/ssafy_msgs/ament_cmake_core/package.cmake'
[3.688s]   is newer than 'C:/Users/SSAFY/Desktop/S10P22A209/catkin_ws/build/ssafy_msgs/CMakeFiles/generate.stamp.depend'
[3.688s]   result='-1'
[3.688s] -- Selecting Windows SDK version 10.0.22621.0 to target Windows 10.0.19045.
[4.156s] -- The C compiler identification is MSVC 19.38.33133.0
[5.047s] -- The CXX compiler identification is MSVC 19.38.33133.0
[5.110s] -- Detecting C compiler ABI info
[5.985s] -- Detecting C compiler ABI info - done
[6.000s] -- Check for working C compiler: C:/Program Files/Microsoft Visual Studio/2022/Community/VC/Tools/MSVC/14.38.33130/bin/Hostx64/x64/cl.exe - skipped
[6.000s] -- Detecting C compile features
[6.000s] -- Detecting C compile features - done
[6.031s] -- Detecting CXX compiler ABI info
[6.891s] -- Detecting CXX compiler ABI info - done
[6.906s] -- Check for working CXX compiler: C:/Program Files/Microsoft Visual Studio/2022/Community/VC/Tools/MSVC/14.38.33130/bin/Hostx64/x64/cl.exe - skipped
[6.906s] -- Detecting CXX compile features
[6.922s] -- Detecting CXX compile features - done
[6.922s] -- Found ament_cmake: 0.8.2 (C:/dev/ros2-eloquent/share/ament_cmake/cmake)
[6.953s] CMake Warning (dev) at C:/dev/ros2-eloquent/share/ament_cmake_core/cmake/core/python.cmake:22 (find_package):
[6.953s]   Policy CMP0148 is not set: The FindPythonInterp and FindPythonLibs modules
[6.953s]   are removed.  Run "cmake --help-policy CMP0148" for policy details.  Use
[6.953s]   the cmake_policy command to set the policy and suppress this warning.
[6.953s] 
[6.953s] Call Stack (most recent call first):
[6.953s]   C:/dev/ros2-eloquent/share/ament_cmake_core/cmake/core/all.cmake:53 (include)
[6.953s]   C:/dev/ros2-eloquent/share/ament_cmake_core/cmake/ament_cmake_core-extras.cmake:17 (include)
[6.953s]   C:/dev/ros2-eloquent/share/ament_cmake_core/cmake/ament_cmake_coreConfig.cmake:38 (include)
[6.969s]   C:/dev/ros2-eloquent/share/ament_cmake/cmake/ament_cmake_export_dependencies-extras.cmake:15 (find_package)
[6.969s]   C:/dev/ros2-eloquent/share/ament_cmake/cmake/ament_cmakeConfig.cmake:38 (include)
[6.969s]   CMakeLists.txt:19 (find_package)
[6.969s] This warning is for project developers.  Use -Wno-dev to suppress it.
[6.969s] 
[7.016s] -- Found PythonInterp: C:/Python37/python.exe (found suitable version "3.7.5", minimum required is "3") 
[7.016s] -- Using PYTHON_EXECUTABLE: C:/Python37/python.exe
[7.578s] -- Found rosidl_default_generators: 0.8.0 (C:/dev/ros2-eloquent/share/rosidl_default_generators/cmake)
[7.719s] -- Found RTI Connext: C:/Program Files/rti_connext_dds-5.3.1
[7.735s] CMake Warning (dev) at C:/dev/ros2-eloquent/share/connext_cmake_module/cmake/Modules/FindConnext.cmake:163 (list):
[7.735s]   Policy CMP0121 is not set: The list() command now validates parsing of
[7.735s]   index arguments.  Run "cmake --help-policy CMP0121" for policy details.
[7.735s]   Use the cmake_policy command to set the policy and suppress this warning.
[7.735s]   Invalid list index "nddsc.lib".
[7.735s] Call Stack (most recent call first):
[7.735s]   C:/dev/ros2-eloquent/share/connext_cmake_module/cmake/Modules/FindConnext.cmake:195 (_count_found_libraries)
[7.735s]   C:/dev/ros2-eloquent/share/rosidl_typesupport_connext_c/cmake/rosidl_typesupport_connext_c-extras.cmake:5 (find_package)
[7.735s]   C:/dev/ros2-eloquent/share/rosidl_typesupport_connext_c/cmake/rosidl_typesupport_connext_cConfig.cmake:38 (include)
[7.735s]   C:/dev/ros2-eloquent/share/rosidl_default_generators/cmake/rosidl_default_generators-extras.cmake:21 (find_package)
[7.750s]   C:/dev/ros2-eloquent/share/rosidl_default_generators/cmake/rosidl_default_generatorsConfig.cmake:38 (include)
[7.750s]   CMakeLists.txt:20 (find_package)
[7.750s] This warning is for project developers.  Use -Wno-dev to suppress it.
[7.750s] 
[7.750s] CMake Warning (dev) at C:/dev/ros2-eloquent/share/connext_cmake_module/cmake/Modules/FindConnext.cmake:163 (list):
[7.750s]   Policy CMP0121 is not set: The list() command now validates parsing of
[7.750s]   index arguments.  Run "cmake --help-policy CMP0121" for policy details.
[7.750s]   Use the cmake_policy command to set the policy and suppress this warning.
[7.750s]   Invalid list index "nddscore.lib".
[7.750s] Call Stack (most recent call first):
[7.750s]   C:/dev/ros2-eloquent/share/connext_cmake_module/cmake/Modules/FindConnext.cmake:195 (_count_found_libraries)
[7.750s]   C:/dev/ros2-eloquent/share/rosidl_typesupport_connext_c/cmake/rosidl_typesupport_connext_c-extras.cmake:5 (find_package)
[7.750s]   C:/dev/ros2-eloquent/share/rosidl_typesupport_connext_c/cmake/rosidl_typesupport_connext_cConfig.cmake:38 (include)
[7.750s]   C:/dev/ros2-eloquent/share/rosidl_default_generators/cmake/rosidl_default_generators-extras.cmake:21 (find_package)
[7.750s]   C:/dev/ros2-eloquent/share/rosidl_default_generators/cmake/rosidl_default_generatorsConfig.cmake:38 (include)
[7.750s]   CMakeLists.txt:20 (find_package)
[7.750s] This warning is for project developers.  Use -Wno-dev to suppress it.
[7.750s] 
[7.750s] CMake Warning (dev) at C:/dev/ros2-eloquent/share/connext_cmake_module/cmake/Modules/FindConnext.cmake:163 (list):
[7.750s]   Policy CMP0121 is not set: The list() command now validates parsing of
[7.750s]   index arguments.  Run "cmake --help-policy CMP0121" for policy details.
[7.750s]   Use the cmake_policy command to set the policy and suppress this warning.
[7.750s]   Invalid list index "nddscpp.lib".
[7.750s] Call Stack (most recent call first):
[7.750s]   C:/dev/ros2-eloquent/share/connext_cmake_module/cmake/Modules/FindConnext.cmake:195 (_count_found_libraries)
[7.750s]   C:/dev/ros2-eloquent/share/rosidl_typesupport_connext_c/cmake/rosidl_typesupport_connext_c-extras.cmake:5 (find_package)
[7.750s]   C:/dev/ros2-eloquent/share/rosidl_typesupport_connext_c/cmake/rosidl_typesupport_connext_cConfig.cmake:38 (include)
[7.750s]   C:/dev/ros2-eloquent/share/rosidl_default_generators/cmake/rosidl_default_generators-extras.cmake:21 (find_package)
[7.750s]   C:/dev/ros2-eloquent/share/rosidl_default_generators/cmake/rosidl_default_generatorsConfig.cmake:38 (include)
[7.750s]   CMakeLists.txt:20 (find_package)
[7.750s] This warning is for project developers.  Use -Wno-dev to suppress it.
[7.750s] 
[7.750s] CMake Warning (dev) at C:/dev/ros2-eloquent/share/connext_cmake_module/cmake/Modules/FindConnext.cmake:163 (list):
[7.750s]   Policy CMP0121 is not set: The list() command now validates parsing of
[7.750s]   index arguments.  Run "cmake --help-policy CMP0121" for policy details.
[7.750s]   Use the cmake_policy command to set the policy and suppress this warning.
[7.750s]   Invalid list index "rticonnextmsgcpp.lib".
[7.750s] Call Stack (most recent call first):
[7.750s]   C:/dev/ros2-eloquent/share/connext_cmake_module/cmake/Modules/FindConnext.cmake:195 (_count_found_libraries)
[7.750s]   C:/dev/ros2-eloquent/share/rosidl_typesupport_connext_c/cmake/rosidl_typesupport_connext_c-extras.cmake:5 (find_package)
[7.750s]   C:/dev/ros2-eloquent/share/rosidl_typesupport_connext_c/cmake/rosidl_typesupport_connext_cConfig.cmake:38 (include)
[7.750s]   C:/dev/ros2-eloquent/share/rosidl_default_generators/cmake/rosidl_default_generators-extras.cmake:21 (find_package)
[7.750s]   C:/dev/ros2-eloquent/share/rosidl_default_generators/cmake/rosidl_default_generatorsConfig.cmake:38 (include)
[7.750s]   CMakeLists.txt:20 (find_package)
[7.750s] This warning is for project developers.  Use -Wno-dev to suppress it.
[7.750s] 
[7.750s] CMake Warning (dev) at C:/dev/ros2-eloquent/share/connext_cmake_module/cmake/Modules/FindConnext.cmake:163 (list):
[7.750s]   Policy CMP0121 is not set: The list() command now validates parsing of
[7.750s]   index arguments.  Run "cmake --help-policy CMP0121" for policy details.
[7.750s]   Use the cmake_policy command to set the policy and suppress this warning.
[7.750s]   Invalid list index "nddscd.lib".
[7.750s] Call Stack (most recent call first):
[7.750s]   C:/dev/ros2-eloquent/share/connext_cmake_module/cmake/Modules/FindConnext.cmake:196 (_count_found_libraries)
[7.750s]   C:/dev/ros2-eloquent/share/rosidl_typesupport_connext_c/cmake/rosidl_typesupport_connext_c-extras.cmake:5 (find_package)
[7.750s]   C:/dev/ros2-eloquent/share/rosidl_typesupport_connext_c/cmake/rosidl_typesupport_connext_cConfig.cmake:38 (include)
[7.750s]   C:/dev/ros2-eloquent/share/rosidl_default_generators/cmake/rosidl_default_generators-extras.cmake:21 (find_package)
[7.750s]   C:/dev/ros2-eloquent/share/rosidl_default_generators/cmake/rosidl_default_generatorsConfig.cmake:38 (include)
[7.750s]   CMakeLists.txt:20 (find_package)
[7.750s] This warning is for project developers.  Use -Wno-dev to suppress it.
[7.750s] 
[7.750s] CMake Warning (dev) at C:/dev/ros2-eloquent/share/connext_cmake_module/cmake/Modules/FindConnext.cmake:163 (list):
[7.750s]   Policy CMP0121 is not set: The list() command now validates parsing of
[7.750s]   index arguments.  Run "cmake --help-policy CMP0121" for policy details.
[7.750s]   Use the cmake_policy command to set the policy and suppress this warning.
[7.750s]   Invalid list index "nddscored.lib".
[7.750s] Call Stack (most recent call first):
[7.750s]   C:/dev/ros2-eloquent/share/connext_cmake_module/cmake/Modules/FindConnext.cmake:196 (_count_found_libraries)
[7.750s]   C:/dev/ros2-eloquent/share/rosidl_typesupport_connext_c/cmake/rosidl_typesupport_connext_c-extras.cmake:5 (find_package)
[7.750s]   C:/dev/ros2-eloquent/share/rosidl_typesupport_connext_c/cmake/rosidl_typesupport_connext_cConfig.cmake:38 (include)
[7.750s]   C:/dev/ros2-eloquent/share/rosidl_default_generators/cmake/rosidl_default_generators-extras.cmake:21 (find_package)
[7.750s]   C:/dev/ros2-eloquent/share/rosidl_default_generators/cmake/rosidl_default_generatorsConfig.cmake:38 (include)
[7.750s]   CMakeLists.txt:20 (find_package)
[7.750s] This warning is for project developers.  Use -Wno-dev to suppress it.
[7.750s] 
[7.750s] CMake Warning (dev) at C:/dev/ros2-eloquent/share/connext_cmake_module/cmake/Modules/FindConnext.cmake:163 (list):
[7.750s]   Policy CMP0121 is not set: The list() command now validates parsing of
[7.750s]   index arguments.  Run "cmake --help-policy CMP0121" for policy details.
[7.750s]   Use the cmake_policy command to set the policy and suppress this warning.
[7.750s]   Invalid list index "nddscppd.lib".
[7.750s] Call Stack (most recent call first):
[7.750s]   C:/dev/ros2-eloquent/share/connext_cmake_module/cmake/Modules/FindConnext.cmake:196 (_count_found_libraries)
[7.750s]   C:/dev/ros2-eloquent/share/rosidl_typesupport_connext_c/cmake/rosidl_typesupport_connext_c-extras.cmake:5 (find_package)
[7.750s]   C:/dev/ros2-eloquent/share/rosidl_typesupport_connext_c/cmake/rosidl_typesupport_connext_cConfig.cmake:38 (include)
[7.750s]   C:/dev/ros2-eloquent/share/rosidl_default_generators/cmake/rosidl_default_generators-extras.cmake:21 (find_package)
[7.750s]   C:/dev/ros2-eloquent/share/rosidl_default_generators/cmake/rosidl_default_generatorsConfig.cmake:38 (include)
[7.750s]   CMakeLists.txt:20 (find_package)
[7.750s] This warning is for project developers.  Use -Wno-dev to suppress it.
[7.750s] 
[7.750s] CMake Warning (dev) at C:/dev/ros2-eloquent/share/connext_cmake_module/cmake/Modules/FindConnext.cmake:163 (list):
[7.750s]   Policy CMP0121 is not set: The list() command now validates parsing of
[7.750s]   index arguments.  Run "cmake --help-policy CMP0121" for policy details.
[7.750s]   Use the cmake_policy command to set the policy and suppress this warning.
[7.750s]   Invalid list index "rticonnextmsgcppd.lib".
[7.750s] Call Stack (most recent call first):
[7.750s]   C:/dev/ros2-eloquent/share/connext_cmake_module/cmake/Modules/FindConnext.cmake:196 (_count_found_libraries)
[7.750s]   C:/dev/ros2-eloquent/share/rosidl_typesupport_connext_c/cmake/rosidl_typesupport_connext_c-extras.cmake:5 (find_package)
[7.750s]   C:/dev/ros2-eloquent/share/rosidl_typesupport_connext_c/cmake/rosidl_typesupport_connext_cConfig.cmake:38 (include)
[7.750s]   C:/dev/ros2-eloquent/share/rosidl_default_generators/cmake/rosidl_default_generators-extras.cmake:21 (find_package)
[7.750s]   C:/dev/ros2-eloquent/share/rosidl_default_generators/cmake/rosidl_default_generatorsConfig.cmake:38 (include)
[7.750s]   CMakeLists.txt:20 (find_package)
[7.750s] This warning is for project developers.  Use -Wno-dev to suppress it.
[7.750s] 
[7.969s] -- Found rosidl_adapter: 0.8.2 (C:/dev/ros2-eloquent/share/rosidl_adapter/cmake)
[8.297s] -- Found PrismTech OpenSplice: C:/dev/opensplice/HDE/x86_64.win64
[8.406s] -- Found std_msgs: 0.8.1 (C:/dev/ros2-eloquent/share/std_msgs/cmake)
[8.453s] -- Found geometry_msgs: 0.8.1 (C:/dev/ros2-eloquent/share/geometry_msgs/cmake)
[8.485s] CMake Warning (dev) at C:/dev/ros2-eloquent/share/rosidl_adapter/cmake/rosidl_adapt_interfaces.cmake:40 (find_package):
[8.485s]   Policy CMP0148 is not set: The FindPythonInterp and FindPythonLibs modules
[8.485s]   are removed.  Run "cmake --help-policy CMP0148" for policy details.  Use
[8.485s]   the cmake_policy command to set the policy and suppress this warning.
[8.485s] 
[8.485s] Call Stack (most recent call first):
[8.485s]   C:/dev/ros2-eloquent/share/rosidl_cmake/cmake/rosidl_generate_interfaces.cmake:130 (rosidl_adapt_interfaces)
[8.485s]   CMakeLists.txt:24 (rosidl_generate_interfaces)
[8.485s] This warning is for project developers.  Use -Wno-dev to suppress it.
[8.485s] 
[8.531s] -- Found PythonInterp: C:/Python37/python.exe (found version "3.7.5") 
[8.969s] -- Using all available rosidl_typesupport_c: rosidl_typesupport_connext_c;rosidl_typesupport_fastrtps_c;rosidl_typesupport_introspection_c;rosidl_typesupport_opensplice_c
[9.110s] -- Using all available rosidl_typesupport_cpp: rosidl_typesupport_connext_cpp;rosidl_typesupport_fastrtps_cpp;rosidl_typesupport_introspection_cpp;rosidl_typesupport_opensplice_cpp
[10.719s] -- Found rmw_implementation_cmake: 0.8.1 (C:/dev/ros2-eloquent/share/rmw_implementation_cmake/cmake)
[10.735s] CMake Warning (dev) at C:/dev/ros2-eloquent/share/rosidl_generator_py/cmake/rosidl_generator_py_generate_interfaces.cmake:21 (find_package):
[10.735s]   Policy CMP0148 is not set: The FindPythonInterp and FindPythonLibs modules
[10.735s]   are removed.  Run "cmake --help-policy CMP0148" for policy details.  Use
[10.735s]   the cmake_policy command to set the policy and suppress this warning.
[10.735s] 
[10.735s] Call Stack (most recent call first):
[10.735s]   C:/dev/ros2-eloquent/share/ament_cmake_core/cmake/core/ament_execute_extensions.cmake:48 (include)
[10.735s]   C:/dev/ros2-eloquent/share/rosidl_cmake/cmake/rosidl_generate_interfaces.cmake:286 (ament_execute_extensions)
[10.735s]   CMakeLists.txt:24 (rosidl_generate_interfaces)
[10.735s] This warning is for project developers.  Use -Wno-dev to suppress it.
[10.735s] 
[10.797s] -- Found PythonInterp: C:/Python37/python.exe (found suitable version "3.7.5", minimum required is "3.5") 
[10.797s] -- Found python_cmake_module: 0.8.0 (C:/dev/ros2-eloquent/share/python_cmake_module/cmake)
[10.797s] CMake Warning (dev) at C:/dev/ros2-eloquent/share/python_cmake_module/cmake/Modules/FindPythonExtra.cmake:45 (find_package):
[10.797s]   Policy CMP0148 is not set: The FindPythonInterp and FindPythonLibs modules
[10.797s]   are removed.  Run "cmake --help-policy CMP0148" for policy details.  Use
[10.797s]   the cmake_policy command to set the policy and suppress this warning.
[10.797s] 
[10.797s] Call Stack (most recent call first):
[10.797s]   C:/dev/ros2-eloquent/share/rosidl_generator_py/cmake/rosidl_generator_py_generate_interfaces.cmake:24 (find_package)
[10.797s]   C:/dev/ros2-eloquent/share/ament_cmake_core/cmake/core/ament_execute_extensions.cmake:48 (include)
[10.797s]   C:/dev/ros2-eloquent/share/rosidl_cmake/cmake/rosidl_generate_interfaces.cmake:286 (ament_execute_extensions)
[10.797s]   CMakeLists.txt:24 (rosidl_generate_interfaces)
[10.797s] This warning is for project developers.  Use -Wno-dev to suppress it.
[10.797s] 
[10.844s] CMake Warning (dev) at C:/dev/ros2-eloquent/share/python_cmake_module/cmake/Modules/FindPythonExtra.cmake:133 (find_package):
[10.844s]   Policy CMP0148 is not set: The FindPythonInterp and FindPythonLibs modules
[10.844s]   are removed.  Run "cmake --help-policy CMP0148" for policy details.  Use
[10.844s]   the cmake_policy command to set the policy and suppress this warning.
[10.844s] 
[10.844s] Call Stack (most recent call first):
[10.844s]   C:/dev/ros2-eloquent/share/rosidl_generator_py/cmake/rosidl_generator_py_generate_interfaces.cmake:24 (find_package)
[10.844s]   C:/dev/ros2-eloquent/share/ament_cmake_core/cmake/core/ament_execute_extensions.cmake:48 (include)
[10.844s]   C:/dev/ros2-eloquent/share/rosidl_cmake/cmake/rosidl_generate_interfaces.cmake:286 (ament_execute_extensions)
[10.844s]   CMakeLists.txt:24 (rosidl_generate_interfaces)
[10.844s] This warning is for project developers.  Use -Wno-dev to suppress it.
[10.844s] 
[10.875s] -- Using PYTHON_EXECUTABLE: C:/Python37/python.exe
[10.875s] -- Using PYTHON_INCLUDE_DIRS: C:/Python37/include
[10.875s] -- Using PYTHON_LIBRARIES: C:/Python37/libs/python37.lib
[11.453s] -- Using numpy include directory: C:\Python37\lib\site-packages\numpy\core\include
[11.531s] -- Found ament_lint_auto: 0.8.1 (C:/dev/ros2-eloquent/share/ament_lint_auto/cmake)
[11.656s] -- Added test 'lint_cmake' to check CMake code style
[11.656s] -- Added test 'xmllint' to check XML markup files
[11.688s] -- Configuring done (8.9s)
[12.797s] -- Generating done (0.9s)
[12.797s] -- Build files have been written to: C:/Users/SSAFY/Desktop/S10P22A209/catkin_ws/build/ssafy_msgs
[12.844s] msbuild 버전 17.8.3+195e7f5a3(.NET Framework용)
[12.875s] 
[13.188s]   1>Checking Build System
[13.391s]   Building Custom Rule C:/Users/SSAFY/Desktop/S10P22A209/catkin_ws/src/ssafy_msgs/CMakeLists.txt
[13.516s]   Building Custom Rule C:/Users/SSAFY/Desktop/S10P22A209/catkin_ws/src/ssafy_msgs/CMakeLists.txt
[13.750s]      C:/Users/SSAFY/Desktop/S10P22A209/catkin_ws/build/ssafy_msgs/Release/ssafy_msgs__rosidl_generator_c.lib 라이브러리 및 C:/Users/SSAFY/Desktop/S10P22A209/catkin_ws/build/ssafy_msgs/Release/ssafy_msgs__rosidl_generator_c.exp 개체를 생성하고 있습니다.
[13.828s]   ssafy_msgs__rosidl_generator_c.vcxproj -> C:\Users\SSAFY\Desktop\S10P22A209\catkin_ws\build\ssafy_msgs\Release\ssafy_msgs__rosidl_generator_c.dll
[13.922s]   Building Custom Rule C:/Users/SSAFY/Desktop/S10P22A209/catkin_ws/src/ssafy_msgs/CMakeLists.txt
[14.016s]      C:/Users/SSAFY/Desktop/S10P22A209/catkin_ws/build/ssafy_msgs/Release/ssafy_msgs__rosidl_typesupport_c.lib 라이브러리 및 C:/Users/SSAFY/Desktop/S10P22A209/catkin_ws/build/ssafy_msgs/Release/ssafy_msgs__rosidl_typesupport_c.exp 개체를 생성하고 있습니다.
[14.094s]   ssafy_msgs__rosidl_typesupport_c.vcxproj -> C:\Users\SSAFY\Desktop\S10P22A209\catkin_ws\build\ssafy_msgs\Release\ssafy_msgs__rosidl_typesupport_c.dll
[14.188s]   Building Custom Rule C:/Users/SSAFY/Desktop/S10P22A209/catkin_ws/src/ssafy_msgs/CMakeLists.txt
[14.328s]   Building Custom Rule C:/Users/SSAFY/Desktop/S10P22A209/catkin_ws/src/ssafy_msgs/CMakeLists.txt
[14.547s]      C:/Users/SSAFY/Desktop/S10P22A209/catkin_ws/build/ssafy_msgs/Release/ssafy_msgs__rosidl_typesupport_connext_cpp.lib 라이브러리 및 C:/Users/SSAFY/Desktop/S10P22A209/catkin_ws/build/ssafy_msgs/Release/ssafy_msgs__rosidl_typesupport_connext_cpp.exp 개체를 생성하고 있습니다.
[14.641s]   ssafy_msgs__rosidl_typesupport_connext_cpp.vcxproj -> C:\Users\SSAFY\Desktop\S10P22A209\catkin_ws\build\ssafy_msgs\Release\ssafy_msgs__rosidl_typesupport_connext_cpp.dll
[14.703s]   Generating C type support for RTI Connext
[15.172s]   Building Custom Rule C:/Users/SSAFY/Desktop/S10P22A209/catkin_ws/src/ssafy_msgs/CMakeLists.txt
[15.360s]      C:/Users/SSAFY/Desktop/S10P22A209/catkin_ws/build/ssafy_msgs/Release/ssafy_msgs__rosidl_typesupport_connext_c.lib 라이브러리 및 C:/Users/SSAFY/Desktop/S10P22A209/catkin_ws/build/ssafy_msgs/Release/ssafy_msgs__rosidl_typesupport_connext_c.exp 개체를 생성하고 있습니다.
[15.453s]   ssafy_msgs__rosidl_typesupport_connext_c.vcxproj -> C:\Users\SSAFY\Desktop\S10P22A209\catkin_ws\build\ssafy_msgs\Release\ssafy_msgs__rosidl_typesupport_connext_c.dll
[15.547s]   Building Custom Rule C:/Users/SSAFY/Desktop/S10P22A209/catkin_ws/src/ssafy_msgs/CMakeLists.txt
[15.656s]      C:/Users/SSAFY/Desktop/S10P22A209/catkin_ws/build/ssafy_msgs/Release/ssafy_msgs__rosidl_typesupport_cpp.lib 라이브러리 및 C:/Users/SSAFY/Desktop/S10P22A209/catkin_ws/build/ssafy_msgs/Release/ssafy_msgs__rosidl_typesupport_cpp.exp 개체를 생성하고 있습니다.
[15.719s]   ssafy_msgs__rosidl_typesupport_cpp.vcxproj -> C:\Users\SSAFY\Desktop\S10P22A209\catkin_ws\build\ssafy_msgs\Release\ssafy_msgs__rosidl_typesupport_cpp.dll
[15.844s]   Building Custom Rule C:/Users/SSAFY/Desktop/S10P22A209/catkin_ws/src/ssafy_msgs/CMakeLists.txt
[15.953s]      C:/Users/SSAFY/Desktop/S10P22A209/catkin_ws/build/ssafy_msgs/Release/ssafy_msgs__rosidl_typesupport_fastrtps_cpp.lib 라이브러리 및 C:/Users/SSAFY/Desktop/S10P22A209/catkin_ws/build/ssafy_msgs/Release/ssafy_msgs__rosidl_typesupport_fastrtps_cpp.exp 개체를 생성하고 있습니다.
[16.031s]   ssafy_msgs__rosidl_typesupport_fastrtps_cpp.vcxproj -> C:\Users\SSAFY\Desktop\S10P22A209\catkin_ws\build\ssafy_msgs\Release\ssafy_msgs__rosidl_typesupport_fastrtps_cpp.dll
[16.094s]   Building Custom Rule C:/Users/SSAFY/Desktop/S10P22A209/catkin_ws/src/ssafy_msgs/CMakeLists.txt
[16.203s]      C:/Users/SSAFY/Desktop/S10P22A209/catkin_ws/build/ssafy_msgs/Release/ssafy_msgs__rosidl_typesupport_fastrtps_c.lib 라이브러리 및 C:/Users/SSAFY/Desktop/S10P22A209/catkin_ws/build/ssafy_msgs/Release/ssafy_msgs__rosidl_typesupport_fastrtps_c.exp 개체를 생성하고 있습니다.
[16.266s]   ssafy_msgs__rosidl_typesupport_fastrtps_c.vcxproj -> C:\Users\SSAFY\Desktop\S10P22A209\catkin_ws\build\ssafy_msgs\Release\ssafy_msgs__rosidl_typesupport_fastrtps_c.dll
[16.360s]   Building Custom Rule C:/Users/SSAFY/Desktop/S10P22A209/catkin_ws/src/ssafy_msgs/CMakeLists.txt
[16.500s]      C:/Users/SSAFY/Desktop/S10P22A209/catkin_ws/build/ssafy_msgs/Release/ssafy_msgs__rosidl_typesupport_introspection_c.lib 라이브러리 및 C:/Users/SSAFY/Desktop/S10P22A209/catkin_ws/build/ssafy_msgs/Release/ssafy_msgs__rosidl_typesupport_introspection_c.exp 개체를 생성하고 있습니다.
[16.578s]   ssafy_msgs__rosidl_typesupport_introspection_c.vcxproj -> C:\Users\SSAFY\Desktop\S10P22A209\catkin_ws\build\ssafy_msgs\Release\ssafy_msgs__rosidl_typesupport_introspection_c.dll
[16.672s]   Building Custom Rule C:/Users/SSAFY/Desktop/S10P22A209/catkin_ws/src/ssafy_msgs/CMakeLists.txt
[16.781s]      C:/Users/SSAFY/Desktop/S10P22A209/catkin_ws/build/ssafy_msgs/Release/ssafy_msgs__rosidl_typesupport_introspection_cpp.lib 라이브러리 및 C:/Users/SSAFY/Desktop/S10P22A209/catkin_ws/build/ssafy_msgs/Release/ssafy_msgs__rosidl_typesupport_introspection_cpp.exp 개체를 생성하고 있습니다.
[16.860s]   ssafy_msgs__rosidl_typesupport_introspection_cpp.vcxproj -> C:\Users\SSAFY\Desktop\S10P22A209\catkin_ws\build\ssafy_msgs\Release\ssafy_msgs__rosidl_typesupport_introspection_cpp.dll
[16.969s]   Building Custom Rule C:/Users/SSAFY/Desktop/S10P22A209/catkin_ws/src/ssafy_msgs/CMakeLists.txt
[17.078s]   Building Custom Rule C:/Users/SSAFY/Desktop/S10P22A209/catkin_ws/src/ssafy_msgs/CMakeLists.txt
[17.328s]      C:/Users/SSAFY/Desktop/S10P22A209/catkin_ws/build/ssafy_msgs/Release/ssafy_msgs__rosidl_typesupport_opensplice_cpp.lib 라이브러리 및 C:/Users/SSAFY/Desktop/S10P22A209/catkin_ws/build/ssafy_msgs/Release/ssafy_msgs__rosidl_typesupport_opensplice_cpp.exp 개체를 생성하고 있습니다.
[17.422s]   ssafy_msgs__rosidl_typesupport_opensplice_cpp.vcxproj -> C:\Users\SSAFY\Desktop\S10P22A209\catkin_ws\build\ssafy_msgs\Release\ssafy_msgs__rosidl_typesupport_opensplice_cpp.dll
[17.485s]   Building Custom Rule C:/Users/SSAFY/Desktop/S10P22A209/catkin_ws/src/ssafy_msgs/CMakeLists.txt
[17.656s]      C:/Users/SSAFY/Desktop/S10P22A209/catkin_ws/build/ssafy_msgs/Release/ssafy_msgs__rosidl_typesupport_opensplice_c.lib 라이브러리 및 C:/Users/SSAFY/Desktop/S10P22A209/catkin_ws/build/ssafy_msgs/Release/ssafy_msgs__rosidl_typesupport_opensplice_c.exp 개체를 생성하고 있습니다.
[17.781s]   ssafy_msgs__rosidl_typesupport_opensplice_c.vcxproj -> C:\Users\SSAFY\Desktop\S10P22A209\catkin_ws\build\ssafy_msgs\Release\ssafy_msgs__rosidl_typesupport_opensplice_c.dll
[17.844s]   Building Custom Rule C:/Users/SSAFY/Desktop/S10P22A209/catkin_ws/src/ssafy_msgs/CMakeLists.txt
[17.985s]   Building Custom Rule C:/Users/SSAFY/Desktop/S10P22A209/catkin_ws/build/ssafy_msgs/ssafy_msgs__py/CMakeLists.txt
[18.078s]   Building Custom Rule C:/Users/SSAFY/Desktop/S10P22A209/catkin_ws/src/ssafy_msgs/CMakeLists.txt
[18.203s]      C:/Users/SSAFY/Desktop/S10P22A209/catkin_ws/build/ssafy_msgs/Release/ssafy_msgs__python.lib 라이브러리 및 C:/Users/SSAFY/Desktop/S10P22A209/catkin_ws/build/ssafy_msgs/Release/ssafy_msgs__python.exp 개체를 생성하고 있습니다.
[18.266s]   ssafy_msgs__python.vcxproj -> C:\Users\SSAFY\Desktop\S10P22A209\catkin_ws\build\ssafy_msgs\rosidl_generator_py\ssafy_msgs\ssafy_msgs__python.dll
[18.344s]   Building Custom Rule C:/Users/SSAFY/Desktop/S10P22A209/catkin_ws/src/ssafy_msgs/CMakeLists.txt
[18.453s]      C:/Users/SSAFY/Desktop/S10P22A209/catkin_ws/build/ssafy_msgs/Release/ssafy_msgs_s__rosidl_typesupport_c.lib 라이브러리 및 C:/Users/SSAFY/Desktop/S10P22A209/catkin_ws/build/ssafy_msgs/Release/ssafy_msgs_s__rosidl_typesupport_c.exp 개체를 생성하고 있습니다.
[18.531s]   ssafy_msgs__rosidl_typesupport_c__pyext.vcxproj -> C:\Users\SSAFY\Desktop\S10P22A209\catkin_ws\build\ssafy_msgs\rosidl_generator_py\ssafy_msgs\ssafy_msgs_s__rosidl_typesupport_c.pyd
[18.594s]   Building Custom Rule C:/Users/SSAFY/Desktop/S10P22A209/catkin_ws/src/ssafy_msgs/CMakeLists.txt
[18.735s]      C:/Users/SSAFY/Desktop/S10P22A209/catkin_ws/build/ssafy_msgs/Release/ssafy_msgs_s__rosidl_typesupport_connext_c.lib 라이브러리 및 C:/Users/SSAFY/Desktop/S10P22A209/catkin_ws/build/ssafy_msgs/Release/ssafy_msgs_s__rosidl_typesupport_connext_c.exp 개체를 생성하고 있습니다.
[18.797s]   ssafy_msgs__rosidl_typesupport_connext_c__pyext.vcxproj -> C:\Users\SSAFY\Desktop\S10P22A209\catkin_ws\build\ssafy_msgs\rosidl_generator_py\ssafy_msgs\ssafy_msgs_s__rosidl_typesupport_connext_c.pyd
[18.891s]   Building Custom Rule C:/Users/SSAFY/Desktop/S10P22A209/catkin_ws/src/ssafy_msgs/CMakeLists.txt
[19.016s]      C:/Users/SSAFY/Desktop/S10P22A209/catkin_ws/build/ssafy_msgs/Release/ssafy_msgs_s__rosidl_typesupport_fastrtps_c.lib 라이브러리 및 C:/Users/SSAFY/Desktop/S10P22A209/catkin_ws/build/ssafy_msgs/Release/ssafy_msgs_s__rosidl_typesupport_fastrtps_c.exp 개체를 생성하고 있습니다.
[19.094s]   ssafy_msgs__rosidl_typesupport_fastrtps_c__pyext.vcxproj -> C:\Users\SSAFY\Desktop\S10P22A209\catkin_ws\build\ssafy_msgs\rosidl_generator_py\ssafy_msgs\ssafy_msgs_s__rosidl_typesupport_fastrtps_c.pyd
[19.156s]   Building Custom Rule C:/Users/SSAFY/Desktop/S10P22A209/catkin_ws/src/ssafy_msgs/CMakeLists.txt
[19.297s]      C:/Users/SSAFY/Desktop/S10P22A209/catkin_ws/build/ssafy_msgs/Release/ssafy_msgs_s__rosidl_typesupport_introspection_c.lib 라이브러리 및 C:/Users/SSAFY/Desktop/S10P22A209/catkin_ws/build/ssafy_msgs/Release/ssafy_msgs_s__rosidl_typesupport_introspection_c.exp 개체를 생성하고 있습니다.
[19.360s]   ssafy_msgs__rosidl_typesupport_introspection_c__pyext.vcxproj -> C:\Users\SSAFY\Desktop\S10P22A209\catkin_ws\build\ssafy_msgs\rosidl_generator_py\ssafy_msgs\ssafy_msgs_s__rosidl_typesupport_introspection_c.pyd
[19.422s]   Building Custom Rule C:/Users/SSAFY/Desktop/S10P22A209/catkin_ws/src/ssafy_msgs/CMakeLists.txt
[19.547s]      C:/Users/SSAFY/Desktop/S10P22A209/catkin_ws/build/ssafy_msgs/Release/ssafy_msgs_s__rosidl_typesupport_opensplice_c.lib 라이브러리 및 C:/Users/SSAFY/Desktop/S10P22A209/catkin_ws/build/ssafy_msgs/Release/ssafy_msgs_s__rosidl_typesupport_opensplice_c.exp 개체를 생성하고 있습니다.
[19.625s]   ssafy_msgs__rosidl_typesupport_opensplice_c__pyext.vcxproj -> C:\Users\SSAFY\Desktop\S10P22A209\catkin_ws\build\ssafy_msgs\rosidl_generator_py\ssafy_msgs\ssafy_msgs_s__rosidl_typesupport_opensplice_c.pyd
[19.688s]   Building Custom Rule C:/Users/SSAFY/Desktop/S10P22A209/catkin_ws/src/ssafy_msgs/CMakeLists.txt
