[4.297s] Invoking command in 'C:\Users\SSAFY\Desktop\S10P22A209\catkin_ws\src\my_package': PYTHONPATH=C:\Users\SSAFY\Desktop\S10P22A209\catkin_ws\build\my_package\prefix_override;C:\Users\SSAFY\Desktop\S10P22A209\catkin_ws\install\my_package\Lib\site-packages;%PYTHONPATH% installDir=%installDir%
IntelliJ IDEA=C:\Program Files\JetBrains\IntelliJ IDEA 2023.3.3\bin; c:\python37\python.exe setup.py egg_info --egg-base ..\..\build\my_package build --build-base C:\Users\SSAFY\Desktop\S10P22A209\catkin_ws\build\my_package\build install --record C:\Users\SSAFY\Desktop\S10P22A209\catkin_ws\build\my_package\install.log --install-scripts $base/lib/my_package --single-version-externally-managed
[4.829s] running egg_info
[4.829s] writing ..\..\build\my_package\my_package.egg-info\PKG-INFO
[4.829s] writing dependency_links to ..\..\build\my_package\my_package.egg-info\dependency_links.txt
[4.829s] writing entry points to ..\..\build\my_package\my_package.egg-info\entry_points.txt
[4.829s] writing requirements to ..\..\build\my_package\my_package.egg-info\requires.txt
[4.829s] writing top-level names to ..\..\build\my_package\my_package.egg-info\top_level.txt
[4.860s] reading manifest file '..\..\build\my_package\my_package.egg-info\SOURCES.txt'
[4.860s] writing manifest file '..\..\build\my_package\my_package.egg-info\SOURCES.txt'
[4.860s] running build
[4.860s] running build_py
[4.860s] copying my_package\communication.py -> C:\Users\SSAFY\Desktop\S10P22A209\catkin_ws\build\my_package\build\lib\my_package
[4.860s] copying my_package\my_node.py -> C:\Users\SSAFY\Desktop\S10P22A209\catkin_ws\build\my_package\build\lib\my_package
[4.860s] copying my_package\odo.py -> C:\Users\SSAFY\Desktop\S10P22A209\catkin_ws\build\my_package\build\lib\my_package
[4.860s] copying my_package\path.py -> C:\Users\SSAFY\Desktop\S10P22A209\catkin_ws\build\my_package\build\lib\my_package
[4.875s] copying my_package\publisher_member_function.py -> C:\Users\SSAFY\Desktop\S10P22A209\catkin_ws\build\my_package\build\lib\my_package
[4.875s] copying my_package\subscriber_memeber_function.py -> C:\Users\SSAFY\Desktop\S10P22A209\catkin_ws\build\my_package\build\lib\my_package
[4.891s] copying my_package\__init__.py -> C:\Users\SSAFY\Desktop\S10P22A209\catkin_ws\build\my_package\build\lib\my_package
[4.891s] running install
[4.891s] running install_lib
[4.891s] running install_data
[4.891s] running install_egg_info
[4.891s] removing 'C:\Users\SSAFY\Desktop\S10P22A209\catkin_ws\install\my_package\Lib\site-packages\my_package-0.0.0-py3.7.egg-info' (and everything under it)
[4.891s] Copying ..\..\build\my_package\my_package.egg-info to C:\Users\SSAFY\Desktop\S10P22A209\catkin_ws\install\my_package\Lib\site-packages\my_package-0.0.0-py3.7.egg-info
[4.907s] running install_scripts
[4.938s] Installing communication-script.py script to C:\Users\SSAFY\Desktop\S10P22A209\catkin_ws\install\my_package\lib\my_package
[4.938s] Installing communication.exe script to C:\Users\SSAFY\Desktop\S10P22A209\catkin_ws\install\my_package\lib\my_package
[4.938s] Installing listener-script.py script to C:\Users\SSAFY\Desktop\S10P22A209\catkin_ws\install\my_package\lib\my_package
[4.938s] Installing listener.exe script to C:\Users\SSAFY\Desktop\S10P22A209\catkin_ws\install\my_package\lib\my_package
[4.938s] Installing my_node-script.py script to C:\Users\SSAFY\Desktop\S10P22A209\catkin_ws\install\my_package\lib\my_package
[4.938s] Installing my_node.exe script to C:\Users\SSAFY\Desktop\S10P22A209\catkin_ws\install\my_package\lib\my_package
[4.938s] Installing odom-script.py script to C:\Users\SSAFY\Desktop\S10P22A209\catkin_ws\install\my_package\lib\my_package
[4.938s] Installing odom.exe script to C:\Users\SSAFY\Desktop\S10P22A209\catkin_ws\install\my_package\lib\my_package
[4.938s] Installing path-script.py script to C:\Users\SSAFY\Desktop\S10P22A209\catkin_ws\install\my_package\lib\my_package
[4.954s] Installing path.exe script to C:\Users\SSAFY\Desktop\S10P22A209\catkin_ws\install\my_package\lib\my_package
[4.954s] Installing talker-script.py script to C:\Users\SSAFY\Desktop\S10P22A209\catkin_ws\install\my_package\lib\my_package
[4.954s] Installing talker.exe script to C:\Users\SSAFY\Desktop\S10P22A209\catkin_ws\install\my_package\lib\my_package
[4.954s] writing list of installed files to 'C:\Users\SSAFY\Desktop\S10P22A209\catkin_ws\build\my_package\install.log'
[4.985s] Invoked command in 'C:\Users\SSAFY\Desktop\S10P22A209\catkin_ws\src\my_package' returned '0': PYTHONPATH=C:\Users\SSAFY\Desktop\S10P22A209\catkin_ws\build\my_package\prefix_override;C:\Users\SSAFY\Desktop\S10P22A209\catkin_ws\install\my_package\Lib\site-packages;%PYTHONPATH% installDir=%installDir%
IntelliJ IDEA=C:\Program Files\JetBrains\IntelliJ IDEA 2023.3.3\bin; c:\python37\python.exe setup.py egg_info --egg-base ..\..\build\my_package build --build-base C:\Users\SSAFY\Desktop\S10P22A209\catkin_ws\build\my_package\build install --record C:\Users\SSAFY\Desktop\S10P22A209\catkin_ws\build\my_package\install.log --install-scripts $base/lib/my_package --single-version-externally-managed
