[1.578s] Invoking command in 'C:\Users\SSAFY\Desktop\S10P22A209\catkin_ws\build\ssafy_msgs': CL=/MP CMAKE_PREFIX_PATH=%CMAKE_PREFIX_PATH%;C:\Users\SSAFY\Desktop\S10P22A209\catkin_ws\install\yolo_package;C:\Users\SSAFY\Desktop\S10P22A209\catkin_ws\install\test_209;C:\Users\SSAFY\Desktop\S10P22A209\catkin_ws\install\ssafy_bridge;C:\Users\SSAFY\Desktop\S10P22A209\catkin_ws\install\my_package installDir=%installDir%
IntelliJ IDEA=C:\Program Files\JetBrains\IntelliJ IDEA 2023.3.3\bin; C:\Program Files\Microsoft Visual Studio\2022\Community\Common7\IDE\CommonExtensions\Microsoft\CMake\CMake\bin\cmake.EXE --build C:\Users\SSAFY\Desktop\S10P22A209\catkin_ws\build\ssafy_msgs --config Release
[3.063s] msbuild ¹öÀü 17.8.3+195e7f5a3(.NET Framework¿ë)
[3.078s] 
[3.078s]   1>Checking Build System
[3.078s]   Building Custom Rule C:/Users/SSAFY/Desktop/S10P22A209/catkin_ws/src/ssafy_msgs/CMakeLists.txt
[3.078s]   Building Custom Rule C:/Users/SSAFY/Desktop/S10P22A209/catkin_ws/src/ssafy_msgs/CMakeLists.txt
[3.078s]   ssafy_msgs__rosidl_generator_c.vcxproj -> C:\Users\SSAFY\Desktop\S10P22A209\catkin_ws\build\ssafy_msgs\Release\ssafy_msgs__rosidl_generator_c.dll
[3.078s]   Building Custom Rule C:/Users/SSAFY/Desktop/S10P22A209/catkin_ws/src/ssafy_msgs/CMakeLists.txt
[3.078s]   ssafy_msgs__rosidl_typesupport_c.vcxproj -> C:\Users\SSAFY\Desktop\S10P22A209\catkin_ws\build\ssafy_msgs\Release\ssafy_msgs__rosidl_typesupport_c.dll
[3.078s]   Building Custom Rule C:/Users/SSAFY/Desktop/S10P22A209/catkin_ws/src/ssafy_msgs/CMakeLists.txt
[3.078s]   Building Custom Rule C:/Users/SSAFY/Desktop/S10P22A209/catkin_ws/src/ssafy_msgs/CMakeLists.txt
[3.828s]   ssafy_msgs__rosidl_typesupport_connext_cpp.vcxproj -> C:\Users\SSAFY\Desktop\S10P22A209\catkin_ws\build\ssafy_msgs\Release\ssafy_msgs__rosidl_typesupport_connext_cpp.dll
[3.828s]   Generating C type support for RTI Connext
[3.891s]   Building Custom Rule C:/Users/SSAFY/Desktop/S10P22A209/catkin_ws/src/ssafy_msgs/CMakeLists.txt
[4.031s]   ssafy_msgs__rosidl_typesupport_connext_c.vcxproj -> C:\Users\SSAFY\Desktop\S10P22A209\catkin_ws\build\ssafy_msgs\Release\ssafy_msgs__rosidl_typesupport_connext_c.dll
[4.125s]   Building Custom Rule C:/Users/SSAFY/Desktop/S10P22A209/catkin_ws/src/ssafy_msgs/CMakeLists.txt
[4.188s]   ssafy_msgs__rosidl_typesupport_cpp.vcxproj -> C:\Users\SSAFY\Desktop\S10P22A209\catkin_ws\build\ssafy_msgs\Release\ssafy_msgs__rosidl_typesupport_cpp.dll
[4.313s]   Building Custom Rule C:/Users/SSAFY/Desktop/S10P22A209/catkin_ws/src/ssafy_msgs/CMakeLists.txt
[4.406s]   ssafy_msgs__rosidl_typesupport_fastrtps_cpp.vcxproj -> C:\Users\SSAFY\Desktop\S10P22A209\catkin_ws\build\ssafy_msgs\Release\ssafy_msgs__rosidl_typesupport_fastrtps_cpp.dll
[4.453s]   Building Custom Rule C:/Users/SSAFY/Desktop/S10P22A209/catkin_ws/src/ssafy_msgs/CMakeLists.txt
[4.516s]   ssafy_msgs__rosidl_typesupport_fastrtps_c.vcxproj -> C:\Users\SSAFY\Desktop\S10P22A209\catkin_ws\build\ssafy_msgs\Release\ssafy_msgs__rosidl_typesupport_fastrtps_c.dll
[4.609s]   Building Custom Rule C:/Users/SSAFY/Desktop/S10P22A209/catkin_ws/src/ssafy_msgs/CMakeLists.txt
[4.703s]   ssafy_msgs__rosidl_typesupport_introspection_c.vcxproj -> C:\Users\SSAFY\Desktop\S10P22A209\catkin_ws\build\ssafy_msgs\Release\ssafy_msgs__rosidl_typesupport_introspection_c.dll
[4.797s]   Building Custom Rule C:/Users/SSAFY/Desktop/S10P22A209/catkin_ws/src/ssafy_msgs/CMakeLists.txt
[4.875s]   ssafy_msgs__rosidl_typesupport_introspection_cpp.vcxproj -> C:\Users\SSAFY\Desktop\S10P22A209\catkin_ws\build\ssafy_msgs\Release\ssafy_msgs__rosidl_typesupport_introspection_cpp.dll
[5.016s]   Building Custom Rule C:/Users/SSAFY/Desktop/S10P22A209/catkin_ws/src/ssafy_msgs/CMakeLists.txt
[5.125s]   Building Custom Rule C:/Users/SSAFY/Desktop/S10P22A209/catkin_ws/src/ssafy_msgs/CMakeLists.txt
[5.313s]   ssafy_msgs__rosidl_typesupport_opensplice_cpp.vcxproj -> C:\Users\SSAFY\Desktop\S10P22A209\catkin_ws\build\ssafy_msgs\Release\ssafy_msgs__rosidl_typesupport_opensplice_cpp.dll
[5.313s]   Building Custom Rule C:/Users/SSAFY/Desktop/S10P22A209/catkin_ws/src/ssafy_msgs/CMakeLists.txt
[5.656s]   ssafy_msgs__rosidl_typesupport_opensplice_c.vcxproj -> C:\Users\SSAFY\Desktop\S10P22A209\catkin_ws\build\ssafy_msgs\Release\ssafy_msgs__rosidl_typesupport_opensplice_c.dll
[5.656s]   Building Custom Rule C:/Users/SSAFY/Desktop/S10P22A209/catkin_ws/src/ssafy_msgs/CMakeLists.txt
[5.719s]   Building Custom Rule C:/Users/SSAFY/Desktop/S10P22A209/catkin_ws/src/ssafy_msgs/CMakeLists.txt
[5.797s]   ssafy_msgs__python.vcxproj -> C:\Users\SSAFY\Desktop\S10P22A209\catkin_ws\build\ssafy_msgs\rosidl_generator_py\ssafy_msgs\ssafy_msgs__python.dll
[5.891s]   Building Custom Rule C:/Users/SSAFY/Desktop/S10P22A209/catkin_ws/src/ssafy_msgs/CMakeLists.txt
[5.953s]   ssafy_msgs__rosidl_typesupport_c__pyext.vcxproj -> C:\Users\SSAFY\Desktop\S10P22A209\catkin_ws\build\ssafy_msgs\rosidl_generator_py\ssafy_msgs\ssafy_msgs_s__rosidl_typesupport_c.pyd
[6.063s]   Building Custom Rule C:/Users/SSAFY/Desktop/S10P22A209/catkin_ws/src/ssafy_msgs/CMakeLists.txt
[6.141s]   ssafy_msgs__rosidl_typesupport_connext_c__pyext.vcxproj -> C:\Users\SSAFY\Desktop\S10P22A209\catkin_ws\build\ssafy_msgs\rosidl_generator_py\ssafy_msgs\ssafy_msgs_s__rosidl_typesupport_connext_c.pyd
[6.234s]   Building Custom Rule C:/Users/SSAFY/Desktop/S10P22A209/catkin_ws/src/ssafy_msgs/CMakeLists.txt
[6.297s]   ssafy_msgs__rosidl_typesupport_fastrtps_c__pyext.vcxproj -> C:\Users\SSAFY\Desktop\S10P22A209\catkin_ws\build\ssafy_msgs\rosidl_generator_py\ssafy_msgs\ssafy_msgs_s__rosidl_typesupport_fastrtps_c.pyd
[6.391s]   Building Custom Rule C:/Users/SSAFY/Desktop/S10P22A209/catkin_ws/src/ssafy_msgs/CMakeLists.txt
[6.484s]   ssafy_msgs__rosidl_typesupport_introspection_c__pyext.vcxproj -> C:\Users\SSAFY\Desktop\S10P22A209\catkin_ws\build\ssafy_msgs\rosidl_generator_py\ssafy_msgs\ssafy_msgs_s__rosidl_typesupport_introspection_c.pyd
[6.563s]   Building Custom Rule C:/Users/SSAFY/Desktop/S10P22A209/catkin_ws/src/ssafy_msgs/CMakeLists.txt
[6.625s]   ssafy_msgs__rosidl_typesupport_opensplice_c__pyext.vcxproj -> C:\Users\SSAFY\Desktop\S10P22A209\catkin_ws\build\ssafy_msgs\rosidl_generator_py\ssafy_msgs\ssafy_msgs_s__rosidl_typesupport_opensplice_c.pyd
[6.703s]   Building Custom Rule C:/Users/SSAFY/Desktop/S10P22A209/catkin_ws/src/ssafy_msgs/CMakeLists.txt
[6.797s] Invoked command in 'C:\Users\SSAFY\Desktop\S10P22A209\catkin_ws\build\ssafy_msgs' returned '0': CL=/MP CMAKE_PREFIX_PATH=%CMAKE_PREFIX_PATH%;C:\Users\SSAFY\Desktop\S10P22A209\catkin_ws\install\yolo_package;C:\Users\SSAFY\Desktop\S10P22A209\catkin_ws\install\test_209;C:\Users\SSAFY\Desktop\S10P22A209\catkin_ws\install\ssafy_bridge;C:\Users\SSAFY\Desktop\S10P22A209\catkin_ws\install\my_package installDir=%installDir%
IntelliJ IDEA=C:\Program Files\JetBrains\IntelliJ IDEA 2023.3.3\bin; C:\Program Files\Microsoft Visual Studio\2022\Community\Common7\IDE\CommonExtensions\Microsoft\CMake\CMake\bin\cmake.EXE --build C:\Users\SSAFY\Desktop\S10P22A209\catkin_ws\build\ssafy_msgs --config Release
[6.828s] Invoking command in 'C:\Users\SSAFY\Desktop\S10P22A209\catkin_ws\build\ssafy_msgs': CMAKE_PREFIX_PATH=%CMAKE_PREFIX_PATH%;C:\Users\SSAFY\Desktop\S10P22A209\catkin_ws\install\yolo_package;C:\Users\SSAFY\Desktop\S10P22A209\catkin_ws\install\test_209;C:\Users\SSAFY\Desktop\S10P22A209\catkin_ws\install\ssafy_bridge;C:\Users\SSAFY\Desktop\S10P22A209\catkin_ws\install\my_package installDir=%installDir%
IntelliJ IDEA=C:\Program Files\JetBrains\IntelliJ IDEA 2023.3.3\bin; C:\Program Files\Microsoft Visual Studio\2022\Community\Common7\IDE\CommonExtensions\Microsoft\CMake\CMake\bin\cmake.EXE --install C:\Users\SSAFY\Desktop\S10P22A209\catkin_ws\build\ssafy_msgs --config Release
[6.875s] -- Up-to-date: C:/Users/SSAFY/Desktop/S10P22A209/catkin_ws/install/ssafy_msgs/share/ament_index/resource_index/rosidl_interfaces/ssafy_msgs
[6.875s] -- Up-to-date: C:/Users/SSAFY/Desktop/S10P22A209/catkin_ws/install/ssafy_msgs/lib/ssafy_msgs__rosidl_typesupport_c.lib
[6.906s] -- Up-to-date: C:/Users/SSAFY/Desktop/S10P22A209/catkin_ws/install/ssafy_msgs/bin/ssafy_msgs__rosidl_typesupport_c.dll
[6.906s] -- Up-to-date: C:/Users/SSAFY/Desktop/S10P22A209/catkin_ws/install/ssafy_msgs/lib/ssafy_msgs__rosidl_typesupport_cpp.lib
[6.922s] -- Up-to-date: C:/Users/SSAFY/Desktop/S10P22A209/catkin_ws/install/ssafy_msgs/bin/ssafy_msgs__rosidl_typesupport_cpp.dll
[6.922s] -- Up-to-date: C:/Users/SSAFY/Desktop/S10P22A209/catkin_ws/install/ssafy_msgs/include/ssafy_msgs
[6.922s] -- Up-to-date: C:/Users/SSAFY/Desktop/S10P22A209/catkin_ws/install/ssafy_msgs/include/ssafy_msgs/msg
[6.938s] -- Up-to-date: C:/Users/SSAFY/Desktop/S10P22A209/catkin_ws/install/ssafy_msgs/include/ssafy_msgs/msg/b_box__rosidl_typesupport_connext_c.h
[6.938s] -- Up-to-date: C:/Users/SSAFY/Desktop/S10P22A209/catkin_ws/install/ssafy_msgs/include/ssafy_msgs/msg/custom_object_info__rosidl_typesupport_connext_c.h
[6.938s] -- Up-to-date: C:/Users/SSAFY/Desktop/S10P22A209/catkin_ws/install/ssafy_msgs/include/ssafy_msgs/msg/dds_connext
[6.938s] -- Up-to-date: C:/Users/SSAFY/Desktop/S10P22A209/catkin_ws/install/ssafy_msgs/include/ssafy_msgs/msg/enviroment_status__rosidl_typesupport_connext_c.h
[6.938s] -- Up-to-date: C:/Users/SSAFY/Desktop/S10P22A209/catkin_ws/install/ssafy_msgs/include/ssafy_msgs/msg/hand_control__rosidl_typesupport_connext_c.h
[6.938s] -- Up-to-date: C:/Users/SSAFY/Desktop/S10P22A209/catkin_ws/install/ssafy_msgs/include/ssafy_msgs/msg/num__rosidl_typesupport_connext_c.h
[6.938s] -- Up-to-date: C:/Users/SSAFY/Desktop/S10P22A209/catkin_ws/install/ssafy_msgs/include/ssafy_msgs/msg/object_info__rosidl_typesupport_connext_c.h
[6.953s] -- Up-to-date: C:/Users/SSAFY/Desktop/S10P22A209/catkin_ws/install/ssafy_msgs/include/ssafy_msgs/msg/rosidl_typesupport_connext_c__visibility_control.h
[6.953s] -- Up-to-date: C:/Users/SSAFY/Desktop/S10P22A209/catkin_ws/install/ssafy_msgs/include/ssafy_msgs/msg/turtlebot_status__rosidl_typesupport_connext_c.h
[6.953s] -- Up-to-date: C:/Users/SSAFY/Desktop/S10P22A209/catkin_ws/install/ssafy_msgs/lib/ssafy_msgs__rosidl_typesupport_connext_c.lib
[6.984s] -- Up-to-date: C:/Users/SSAFY/Desktop/S10P22A209/catkin_ws/install/ssafy_msgs/bin/ssafy_msgs__rosidl_typesupport_connext_c.dll
[6.984s] -- Up-to-date: C:/Users/SSAFY/Desktop/S10P22A209/catkin_ws/install/ssafy_msgs/include/ssafy_msgs
[6.984s] -- Up-to-date: C:/Users/SSAFY/Desktop/S10P22A209/catkin_ws/install/ssafy_msgs/include/ssafy_msgs/msg
[6.984s] -- Up-to-date: C:/Users/SSAFY/Desktop/S10P22A209/catkin_ws/install/ssafy_msgs/include/ssafy_msgs/msg/b_box.h
[6.984s] -- Up-to-date: C:/Users/SSAFY/Desktop/S10P22A209/catkin_ws/install/ssafy_msgs/include/ssafy_msgs/msg/b_box__functions.c
[6.984s] -- Up-to-date: C:/Users/SSAFY/Desktop/S10P22A209/catkin_ws/install/ssafy_msgs/include/ssafy_msgs/msg/b_box__functions.h
[6.984s] -- Up-to-date: C:/Users/SSAFY/Desktop/S10P22A209/catkin_ws/install/ssafy_msgs/include/ssafy_msgs/msg/b_box__struct.h
[7.000s] -- Up-to-date: C:/Users/SSAFY/Desktop/S10P22A209/catkin_ws/install/ssafy_msgs/include/ssafy_msgs/msg/b_box__type_support.h
[7.000s] -- Up-to-date: C:/Users/SSAFY/Desktop/S10P22A209/catkin_ws/install/ssafy_msgs/include/ssafy_msgs/msg/custom_object_info.h
[7.000s] -- Up-to-date: C:/Users/SSAFY/Desktop/S10P22A209/catkin_ws/install/ssafy_msgs/include/ssafy_msgs/msg/custom_object_info__functions.c
[7.000s] -- Up-to-date: C:/Users/SSAFY/Desktop/S10P22A209/catkin_ws/install/ssafy_msgs/include/ssafy_msgs/msg/custom_object_info__functions.h
[7.000s] -- Up-to-date: C:/Users/SSAFY/Desktop/S10P22A209/catkin_ws/install/ssafy_msgs/include/ssafy_msgs/msg/custom_object_info__struct.h
[7.016s] -- Up-to-date: C:/Users/SSAFY/Desktop/S10P22A209/catkin_ws/install/ssafy_msgs/include/ssafy_msgs/msg/custom_object_info__type_support.h
[7.016s] -- Up-to-date: C:/Users/SSAFY/Desktop/S10P22A209/catkin_ws/install/ssafy_msgs/include/ssafy_msgs/msg/enviroment_status.h
[7.016s] -- Up-to-date: C:/Users/SSAFY/Desktop/S10P22A209/catkin_ws/install/ssafy_msgs/include/ssafy_msgs/msg/enviroment_status__functions.c
[7.016s] -- Up-to-date: C:/Users/SSAFY/Desktop/S10P22A209/catkin_ws/install/ssafy_msgs/include/ssafy_msgs/msg/enviroment_status__functions.h
[7.016s] -- Up-to-date: C:/Users/SSAFY/Desktop/S10P22A209/catkin_ws/install/ssafy_msgs/include/ssafy_msgs/msg/enviroment_status__struct.h
[7.031s] -- Up-to-date: C:/Users/SSAFY/Desktop/S10P22A209/catkin_ws/install/ssafy_msgs/include/ssafy_msgs/msg/enviroment_status__type_support.h
[7.031s] -- Up-to-date: C:/Users/SSAFY/Desktop/S10P22A209/catkin_ws/install/ssafy_msgs/include/ssafy_msgs/msg/hand_control.h
[7.031s] -- Up-to-date: C:/Users/SSAFY/Desktop/S10P22A209/catkin_ws/install/ssafy_msgs/include/ssafy_msgs/msg/hand_control__functions.c
[7.031s] -- Up-to-date: C:/Users/SSAFY/Desktop/S10P22A209/catkin_ws/install/ssafy_msgs/include/ssafy_msgs/msg/hand_control__functions.h
[7.031s] -- Up-to-date: C:/Users/SSAFY/Desktop/S10P22A209/catkin_ws/install/ssafy_msgs/include/ssafy_msgs/msg/hand_control__struct.h
[7.047s] -- Up-to-date: C:/Users/SSAFY/Desktop/S10P22A209/catkin_ws/install/ssafy_msgs/include/ssafy_msgs/msg/hand_control__type_support.h
[7.047s] -- Up-to-date: C:/Users/SSAFY/Desktop/S10P22A209/catkin_ws/install/ssafy_msgs/include/ssafy_msgs/msg/num.h
[7.047s] -- Up-to-date: C:/Users/SSAFY/Desktop/S10P22A209/catkin_ws/install/ssafy_msgs/include/ssafy_msgs/msg/num__functions.c
[7.047s] -- Up-to-date: C:/Users/SSAFY/Desktop/S10P22A209/catkin_ws/install/ssafy_msgs/include/ssafy_msgs/msg/num__functions.h
[7.047s] -- Up-to-date: C:/Users/SSAFY/Desktop/S10P22A209/catkin_ws/install/ssafy_msgs/include/ssafy_msgs/msg/num__struct.h
[7.063s] -- Up-to-date: C:/Users/SSAFY/Desktop/S10P22A209/catkin_ws/install/ssafy_msgs/include/ssafy_msgs/msg/num__type_support.h
[7.063s] -- Up-to-date: C:/Users/SSAFY/Desktop/S10P22A209/catkin_ws/install/ssafy_msgs/include/ssafy_msgs/msg/object_info.h
[7.063s] -- Up-to-date: C:/Users/SSAFY/Desktop/S10P22A209/catkin_ws/install/ssafy_msgs/include/ssafy_msgs/msg/object_info__functions.c
[7.063s] -- Up-to-date: C:/Users/SSAFY/Desktop/S10P22A209/catkin_ws/install/ssafy_msgs/include/ssafy_msgs/msg/object_info__functions.h
[7.063s] -- Up-to-date: C:/Users/SSAFY/Desktop/S10P22A209/catkin_ws/install/ssafy_msgs/include/ssafy_msgs/msg/object_info__struct.h
[7.078s] -- Up-to-date: C:/Users/SSAFY/Desktop/S10P22A209/catkin_ws/install/ssafy_msgs/include/ssafy_msgs/msg/object_info__type_support.h
[7.078s] -- Up-to-date: C:/Users/SSAFY/Desktop/S10P22A209/catkin_ws/install/ssafy_msgs/include/ssafy_msgs/msg/rosidl_generator_c__visibility_control.h
[7.078s] -- Up-to-date: C:/Users/SSAFY/Desktop/S10P22A209/catkin_ws/install/ssafy_msgs/include/ssafy_msgs/msg/turtlebot_status.h
[7.078s] -- Up-to-date: C:/Users/SSAFY/Desktop/S10P22A209/catkin_ws/install/ssafy_msgs/include/ssafy_msgs/msg/turtlebot_status__functions.c
[7.078s] -- Up-to-date: C:/Users/SSAFY/Desktop/S10P22A209/catkin_ws/install/ssafy_msgs/include/ssafy_msgs/msg/turtlebot_status__functions.h
[7.078s] -- Up-to-date: C:/Users/SSAFY/Desktop/S10P22A209/catkin_ws/install/ssafy_msgs/include/ssafy_msgs/msg/turtlebot_status__struct.h
[7.078s] -- Up-to-date: C:/Users/SSAFY/Desktop/S10P22A209/catkin_ws/install/ssafy_msgs/include/ssafy_msgs/msg/turtlebot_status__type_support.h
[7.094s] -- Up-to-date: C:/Users/SSAFY/Desktop/S10P22A209/catkin_ws/install/ssafy_msgs/lib/ssafy_msgs__rosidl_generator_c.lib
[7.109s] -- Up-to-date: C:/Users/SSAFY/Desktop/S10P22A209/catkin_ws/install/ssafy_msgs/bin/ssafy_msgs__rosidl_generator_c.dll
[7.109s] -- Up-to-date: C:/Users/SSAFY/Desktop/S10P22A209/catkin_ws/install/ssafy_msgs/share/ssafy_msgs/msg/dds_connext
[7.109s] -- Up-to-date: C:/Users/SSAFY/Desktop/S10P22A209/catkin_ws/install/ssafy_msgs/share/ssafy_msgs/msg/dds_connext/BBox_.idl
[7.109s] -- Up-to-date: C:/Users/SSAFY/Desktop/S10P22A209/catkin_ws/install/ssafy_msgs/share/ssafy_msgs/msg/dds_connext/CustomObjectInfo_.idl
[7.125s] -- Up-to-date: C:/Users/SSAFY/Desktop/S10P22A209/catkin_ws/install/ssafy_msgs/share/ssafy_msgs/msg/dds_connext/EnviromentStatus_.idl
[7.125s] -- Up-to-date: C:/Users/SSAFY/Desktop/S10P22A209/catkin_ws/install/ssafy_msgs/share/ssafy_msgs/msg/dds_connext/HandControl_.idl
[7.125s] -- Up-to-date: C:/Users/SSAFY/Desktop/S10P22A209/catkin_ws/install/ssafy_msgs/share/ssafy_msgs/msg/dds_connext/Num_.idl
[7.125s] -- Up-to-date: C:/Users/SSAFY/Desktop/S10P22A209/catkin_ws/install/ssafy_msgs/share/ssafy_msgs/msg/dds_connext/ObjectInfo_.idl
[7.125s] -- Up-to-date: C:/Users/SSAFY/Desktop/S10P22A209/catkin_ws/install/ssafy_msgs/share/ssafy_msgs/msg/dds_connext/TurtlebotStatus_.idl
[7.125s] -- Up-to-date: C:/Users/SSAFY/Desktop/S10P22A209/catkin_ws/install/ssafy_msgs/include/ssafy_msgs
[7.125s] -- Up-to-date: C:/Users/SSAFY/Desktop/S10P22A209/catkin_ws/install/ssafy_msgs/include/ssafy_msgs/msg
[7.125s] -- Up-to-date: C:/Users/SSAFY/Desktop/S10P22A209/catkin_ws/install/ssafy_msgs/include/ssafy_msgs/msg/b_box__rosidl_typesupport_connext_cpp.hpp
[7.141s] -- Up-to-date: C:/Users/SSAFY/Desktop/S10P22A209/catkin_ws/install/ssafy_msgs/include/ssafy_msgs/msg/custom_object_info__rosidl_typesupport_connext_cpp.hpp
[7.141s] -- Up-to-date: C:/Users/SSAFY/Desktop/S10P22A209/catkin_ws/install/ssafy_msgs/include/ssafy_msgs/msg/dds_connext
[7.141s] -- Up-to-date: C:/Users/SSAFY/Desktop/S10P22A209/catkin_ws/install/ssafy_msgs/include/ssafy_msgs/msg/dds_connext/BBox_.cxx
[7.141s] -- Up-to-date: C:/Users/SSAFY/Desktop/S10P22A209/catkin_ws/install/ssafy_msgs/include/ssafy_msgs/msg/dds_connext/BBox_.h
[7.156s] -- Up-to-date: C:/Users/SSAFY/Desktop/S10P22A209/catkin_ws/install/ssafy_msgs/include/ssafy_msgs/msg/dds_connext/BBox_Plugin.cxx
[7.172s] -- Up-to-date: C:/Users/SSAFY/Desktop/S10P22A209/catkin_ws/install/ssafy_msgs/include/ssafy_msgs/msg/dds_connext/BBox_Plugin.h
[7.172s] -- Up-to-date: C:/Users/SSAFY/Desktop/S10P22A209/catkin_ws/install/ssafy_msgs/include/ssafy_msgs/msg/dds_connext/BBox_Support.cxx
[7.172s] -- Up-to-date: C:/Users/SSAFY/Desktop/S10P22A209/catkin_ws/install/ssafy_msgs/include/ssafy_msgs/msg/dds_connext/BBox_Support.h
[7.188s] -- Up-to-date: C:/Users/SSAFY/Desktop/S10P22A209/catkin_ws/install/ssafy_msgs/include/ssafy_msgs/msg/dds_connext/CustomObjectInfo_.cxx
[7.188s] -- Up-to-date: C:/Users/SSAFY/Desktop/S10P22A209/catkin_ws/install/ssafy_msgs/include/ssafy_msgs/msg/dds_connext/CustomObjectInfo_.h
[7.203s] -- Up-to-date: C:/Users/SSAFY/Desktop/S10P22A209/catkin_ws/install/ssafy_msgs/include/ssafy_msgs/msg/dds_connext/CustomObjectInfo_Plugin.cxx
[7.203s] -- Up-to-date: C:/Users/SSAFY/Desktop/S10P22A209/catkin_ws/install/ssafy_msgs/include/ssafy_msgs/msg/dds_connext/CustomObjectInfo_Plugin.h
[7.219s] -- Up-to-date: C:/Users/SSAFY/Desktop/S10P22A209/catkin_ws/install/ssafy_msgs/include/ssafy_msgs/msg/dds_connext/CustomObjectInfo_Support.cxx
[7.219s] -- Up-to-date: C:/Users/SSAFY/Desktop/S10P22A209/catkin_ws/install/ssafy_msgs/include/ssafy_msgs/msg/dds_connext/CustomObjectInfo_Support.h
[7.219s] -- Up-to-date: C:/Users/SSAFY/Desktop/S10P22A209/catkin_ws/install/ssafy_msgs/include/ssafy_msgs/msg/dds_connext/EnviromentStatus_.cxx
[7.234s] -- Up-to-date: C:/Users/SSAFY/Desktop/S10P22A209/catkin_ws/install/ssafy_msgs/include/ssafy_msgs/msg/dds_connext/EnviromentStatus_.h
[7.250s] -- Up-to-date: C:/Users/SSAFY/Desktop/S10P22A209/catkin_ws/install/ssafy_msgs/include/ssafy_msgs/msg/dds_connext/EnviromentStatus_Plugin.cxx
[7.250s] -- Up-to-date: C:/Users/SSAFY/Desktop/S10P22A209/catkin_ws/install/ssafy_msgs/include/ssafy_msgs/msg/dds_connext/EnviromentStatus_Plugin.h
[7.250s] -- Up-to-date: C:/Users/SSAFY/Desktop/S10P22A209/catkin_ws/install/ssafy_msgs/include/ssafy_msgs/msg/dds_connext/EnviromentStatus_Support.cxx
[7.266s] -- Up-to-date: C:/Users/SSAFY/Desktop/S10P22A209/catkin_ws/install/ssafy_msgs/include/ssafy_msgs/msg/dds_connext/EnviromentStatus_Support.h
[7.266s] -- Up-to-date: C:/Users/SSAFY/Desktop/S10P22A209/catkin_ws/install/ssafy_msgs/include/ssafy_msgs/msg/dds_connext/HandControl_.cxx
[7.266s] -- Up-to-date: C:/Users/SSAFY/Desktop/S10P22A209/catkin_ws/install/ssafy_msgs/include/ssafy_msgs/msg/dds_connext/HandControl_.h
[7.281s] -- Up-to-date: C:/Users/SSAFY/Desktop/S10P22A209/catkin_ws/install/ssafy_msgs/include/ssafy_msgs/msg/dds_connext/HandControl_Plugin.cxx
[7.297s] -- Up-to-date: C:/Users/SSAFY/Desktop/S10P22A209/catkin_ws/install/ssafy_msgs/include/ssafy_msgs/msg/dds_connext/HandControl_Plugin.h
[7.297s] -- Up-to-date: C:/Users/SSAFY/Desktop/S10P22A209/catkin_ws/install/ssafy_msgs/include/ssafy_msgs/msg/dds_connext/HandControl_Support.cxx
[7.297s] -- Up-to-date: C:/Users/SSAFY/Desktop/S10P22A209/catkin_ws/install/ssafy_msgs/include/ssafy_msgs/msg/dds_connext/HandControl_Support.h
[7.297s] -- Up-to-date: C:/Users/SSAFY/Desktop/S10P22A209/catkin_ws/install/ssafy_msgs/include/ssafy_msgs/msg/dds_connext/Num_.cxx
[7.313s] -- Up-to-date: C:/Users/SSAFY/Desktop/S10P22A209/catkin_ws/install/ssafy_msgs/include/ssafy_msgs/msg/dds_connext/Num_.h
[7.328s] -- Up-to-date: C:/Users/SSAFY/Desktop/S10P22A209/catkin_ws/install/ssafy_msgs/include/ssafy_msgs/msg/dds_connext/Num_Plugin.cxx
[7.328s] -- Up-to-date: C:/Users/SSAFY/Desktop/S10P22A209/catkin_ws/install/ssafy_msgs/include/ssafy_msgs/msg/dds_connext/Num_Plugin.h
[7.328s] -- Up-to-date: C:/Users/SSAFY/Desktop/S10P22A209/catkin_ws/install/ssafy_msgs/include/ssafy_msgs/msg/dds_connext/Num_Support.cxx
[7.344s] -- Up-to-date: C:/Users/SSAFY/Desktop/S10P22A209/catkin_ws/install/ssafy_msgs/include/ssafy_msgs/msg/dds_connext/Num_Support.h
[7.344s] -- Up-to-date: C:/Users/SSAFY/Desktop/S10P22A209/catkin_ws/install/ssafy_msgs/include/ssafy_msgs/msg/dds_connext/ObjectInfo_.cxx
[7.359s] -- Up-to-date: C:/Users/SSAFY/Desktop/S10P22A209/catkin_ws/install/ssafy_msgs/include/ssafy_msgs/msg/dds_connext/ObjectInfo_.h
[7.359s] -- Up-to-date: C:/Users/SSAFY/Desktop/S10P22A209/catkin_ws/install/ssafy_msgs/include/ssafy_msgs/msg/dds_connext/ObjectInfo_Plugin.cxx
[7.375s] -- Up-to-date: C:/Users/SSAFY/Desktop/S10P22A209/catkin_ws/install/ssafy_msgs/include/ssafy_msgs/msg/dds_connext/ObjectInfo_Plugin.h
[7.375s] -- Up-to-date: C:/Users/SSAFY/Desktop/S10P22A209/catkin_ws/install/ssafy_msgs/include/ssafy_msgs/msg/dds_connext/ObjectInfo_Support.cxx
[7.375s] -- Up-to-date: C:/Users/SSAFY/Desktop/S10P22A209/catkin_ws/install/ssafy_msgs/include/ssafy_msgs/msg/dds_connext/ObjectInfo_Support.h
[7.391s] -- Up-to-date: C:/Users/SSAFY/Desktop/S10P22A209/catkin_ws/install/ssafy_msgs/include/ssafy_msgs/msg/dds_connext/TurtlebotStatus_.cxx
[7.391s] -- Up-to-date: C:/Users/SSAFY/Desktop/S10P22A209/catkin_ws/install/ssafy_msgs/include/ssafy_msgs/msg/dds_connext/TurtlebotStatus_.h
[7.406s] -- Up-to-date: C:/Users/SSAFY/Desktop/S10P22A209/catkin_ws/install/ssafy_msgs/include/ssafy_msgs/msg/dds_connext/TurtlebotStatus_Plugin.cxx
[7.406s] -- Up-to-date: C:/Users/SSAFY/Desktop/S10P22A209/catkin_ws/install/ssafy_msgs/include/ssafy_msgs/msg/dds_connext/TurtlebotStatus_Plugin.h
[7.422s] -- Up-to-date: C:/Users/SSAFY/Desktop/S10P22A209/catkin_ws/install/ssafy_msgs/include/ssafy_msgs/msg/dds_connext/TurtlebotStatus_Support.cxx
[7.422s] -- Up-to-date: C:/Users/SSAFY/Desktop/S10P22A209/catkin_ws/install/ssafy_msgs/include/ssafy_msgs/msg/dds_connext/TurtlebotStatus_Support.h
[7.422s] -- Up-to-date: C:/Users/SSAFY/Desktop/S10P22A209/catkin_ws/install/ssafy_msgs/include/ssafy_msgs/msg/enviroment_status__rosidl_typesupport_connext_cpp.hpp
[7.422s] -- Up-to-date: C:/Users/SSAFY/Desktop/S10P22A209/catkin_ws/install/ssafy_msgs/include/ssafy_msgs/msg/hand_control__rosidl_typesupport_connext_cpp.hpp
[7.438s] -- Up-to-date: C:/Users/SSAFY/Desktop/S10P22A209/catkin_ws/install/ssafy_msgs/include/ssafy_msgs/msg/num__rosidl_typesupport_connext_cpp.hpp
[7.438s] -- Up-to-date: C:/Users/SSAFY/Desktop/S10P22A209/catkin_ws/install/ssafy_msgs/include/ssafy_msgs/msg/object_info__rosidl_typesupport_connext_cpp.hpp
[7.438s] -- Up-to-date: C:/Users/SSAFY/Desktop/S10P22A209/catkin_ws/install/ssafy_msgs/include/ssafy_msgs/msg/rosidl_typesupport_connext_cpp__visibility_control.h
[7.438s] -- Up-to-date: C:/Users/SSAFY/Desktop/S10P22A209/catkin_ws/install/ssafy_msgs/include/ssafy_msgs/msg/turtlebot_status__rosidl_typesupport_connext_cpp.hpp
[7.438s] -- Up-to-date: C:/Users/SSAFY/Desktop/S10P22A209/catkin_ws/install/ssafy_msgs/lib/ssafy_msgs__rosidl_typesupport_connext_cpp.lib
[7.469s] -- Up-to-date: C:/Users/SSAFY/Desktop/S10P22A209/catkin_ws/install/ssafy_msgs/bin/ssafy_msgs__rosidl_typesupport_connext_cpp.dll
[7.469s] -- Up-to-date: C:/Users/SSAFY/Desktop/S10P22A209/catkin_ws/install/ssafy_msgs/include/ssafy_msgs
[7.469s] -- Up-to-date: C:/Users/SSAFY/Desktop/S10P22A209/catkin_ws/install/ssafy_msgs/include/ssafy_msgs/msg
[7.469s] -- Up-to-date: C:/Users/SSAFY/Desktop/S10P22A209/catkin_ws/install/ssafy_msgs/include/ssafy_msgs/msg/b_box.hpp
[7.469s] -- Up-to-date: C:/Users/SSAFY/Desktop/S10P22A209/catkin_ws/install/ssafy_msgs/include/ssafy_msgs/msg/b_box__struct.hpp
[7.484s] -- Up-to-date: C:/Users/SSAFY/Desktop/S10P22A209/catkin_ws/install/ssafy_msgs/include/ssafy_msgs/msg/b_box__traits.hpp
[7.484s] -- Up-to-date: C:/Users/SSAFY/Desktop/S10P22A209/catkin_ws/install/ssafy_msgs/include/ssafy_msgs/msg/custom_object_info.hpp
[7.484s] -- Up-to-date: C:/Users/SSAFY/Desktop/S10P22A209/catkin_ws/install/ssafy_msgs/include/ssafy_msgs/msg/custom_object_info__struct.hpp
[7.484s] -- Up-to-date: C:/Users/SSAFY/Desktop/S10P22A209/catkin_ws/install/ssafy_msgs/include/ssafy_msgs/msg/custom_object_info__traits.hpp
[7.484s] -- Up-to-date: C:/Users/SSAFY/Desktop/S10P22A209/catkin_ws/install/ssafy_msgs/include/ssafy_msgs/msg/enviroment_status.hpp
[7.484s] -- Up-to-date: C:/Users/SSAFY/Desktop/S10P22A209/catkin_ws/install/ssafy_msgs/include/ssafy_msgs/msg/enviroment_status__struct.hpp
[7.500s] -- Up-to-date: C:/Users/SSAFY/Desktop/S10P22A209/catkin_ws/install/ssafy_msgs/include/ssafy_msgs/msg/enviroment_status__traits.hpp
[7.500s] -- Up-to-date: C:/Users/SSAFY/Desktop/S10P22A209/catkin_ws/install/ssafy_msgs/include/ssafy_msgs/msg/hand_control.hpp
[7.500s] -- Up-to-date: C:/Users/SSAFY/Desktop/S10P22A209/catkin_ws/install/ssafy_msgs/include/ssafy_msgs/msg/hand_control__struct.hpp
[7.500s] -- Up-to-date: C:/Users/SSAFY/Desktop/S10P22A209/catkin_ws/install/ssafy_msgs/include/ssafy_msgs/msg/hand_control__traits.hpp
[7.500s] -- Up-to-date: C:/Users/SSAFY/Desktop/S10P22A209/catkin_ws/install/ssafy_msgs/include/ssafy_msgs/msg/num.hpp
[7.500s] -- Up-to-date: C:/Users/SSAFY/Desktop/S10P22A209/catkin_ws/install/ssafy_msgs/include/ssafy_msgs/msg/num__struct.hpp
[7.516s] -- Up-to-date: C:/Users/SSAFY/Desktop/S10P22A209/catkin_ws/install/ssafy_msgs/include/ssafy_msgs/msg/num__traits.hpp
[7.516s] -- Up-to-date: C:/Users/SSAFY/Desktop/S10P22A209/catkin_ws/install/ssafy_msgs/include/ssafy_msgs/msg/object_info.hpp
[7.516s] -- Up-to-date: C:/Users/SSAFY/Desktop/S10P22A209/catkin_ws/install/ssafy_msgs/include/ssafy_msgs/msg/object_info__struct.hpp
[7.516s] -- Up-to-date: C:/Users/SSAFY/Desktop/S10P22A209/catkin_ws/install/ssafy_msgs/include/ssafy_msgs/msg/object_info__traits.hpp
[7.516s] -- Up-to-date: C:/Users/SSAFY/Desktop/S10P22A209/catkin_ws/install/ssafy_msgs/include/ssafy_msgs/msg/turtlebot_status.hpp
[7.516s] -- Up-to-date: C:/Users/SSAFY/Desktop/S10P22A209/catkin_ws/install/ssafy_msgs/include/ssafy_msgs/msg/turtlebot_status__struct.hpp
[7.531s] -- Up-to-date: C:/Users/SSAFY/Desktop/S10P22A209/catkin_ws/install/ssafy_msgs/include/ssafy_msgs/msg/turtlebot_status__traits.hpp
[7.531s] -- Up-to-date: C:/Users/SSAFY/Desktop/S10P22A209/catkin_ws/install/ssafy_msgs/include/ssafy_msgs
[7.531s] -- Up-to-date: C:/Users/SSAFY/Desktop/S10P22A209/catkin_ws/install/ssafy_msgs/include/ssafy_msgs/msg
[7.531s] -- Up-to-date: C:/Users/SSAFY/Desktop/S10P22A209/catkin_ws/install/ssafy_msgs/include/ssafy_msgs/msg/b_box__rosidl_typesupport_fastrtps_c.h
[7.531s] -- Up-to-date: C:/Users/SSAFY/Desktop/S10P22A209/catkin_ws/install/ssafy_msgs/include/ssafy_msgs/msg/custom_object_info__rosidl_typesupport_fastrtps_c.h
[7.531s] -- Up-to-date: C:/Users/SSAFY/Desktop/S10P22A209/catkin_ws/install/ssafy_msgs/include/ssafy_msgs/msg/enviroment_status__rosidl_typesupport_fastrtps_c.h
[7.531s] -- Up-to-date: C:/Users/SSAFY/Desktop/S10P22A209/catkin_ws/install/ssafy_msgs/include/ssafy_msgs/msg/hand_control__rosidl_typesupport_fastrtps_c.h
[7.531s] -- Up-to-date: C:/Users/SSAFY/Desktop/S10P22A209/catkin_ws/install/ssafy_msgs/include/ssafy_msgs/msg/num__rosidl_typesupport_fastrtps_c.h
[7.547s] -- Up-to-date: C:/Users/SSAFY/Desktop/S10P22A209/catkin_ws/install/ssafy_msgs/include/ssafy_msgs/msg/object_info__rosidl_typesupport_fastrtps_c.h
[7.547s] -- Up-to-date: C:/Users/SSAFY/Desktop/S10P22A209/catkin_ws/install/ssafy_msgs/include/ssafy_msgs/msg/rosidl_typesupport_fastrtps_c__visibility_control.h
[7.547s] -- Up-to-date: C:/Users/SSAFY/Desktop/S10P22A209/catkin_ws/install/ssafy_msgs/include/ssafy_msgs/msg/turtlebot_status__rosidl_typesupport_fastrtps_c.h
[7.547s] -- Up-to-date: C:/Users/SSAFY/Desktop/S10P22A209/catkin_ws/install/ssafy_msgs/lib/ssafy_msgs__rosidl_typesupport_fastrtps_c.lib
[7.578s] -- Up-to-date: C:/Users/SSAFY/Desktop/S10P22A209/catkin_ws/install/ssafy_msgs/bin/ssafy_msgs__rosidl_typesupport_fastrtps_c.dll
[7.578s] -- Up-to-date: C:/Users/SSAFY/Desktop/S10P22A209/catkin_ws/install/ssafy_msgs/include/ssafy_msgs
[7.578s] -- Up-to-date: C:/Users/SSAFY/Desktop/S10P22A209/catkin_ws/install/ssafy_msgs/include/ssafy_msgs/msg
[7.578s] -- Up-to-date: C:/Users/SSAFY/Desktop/S10P22A209/catkin_ws/install/ssafy_msgs/include/ssafy_msgs/msg/b_box__rosidl_typesupport_fastrtps_cpp.hpp
[7.578s] -- Up-to-date: C:/Users/SSAFY/Desktop/S10P22A209/catkin_ws/install/ssafy_msgs/include/ssafy_msgs/msg/custom_object_info__rosidl_typesupport_fastrtps_cpp.hpp
[7.578s] -- Up-to-date: C:/Users/SSAFY/Desktop/S10P22A209/catkin_ws/install/ssafy_msgs/include/ssafy_msgs/msg/dds_fastrtps
[7.578s] -- Up-to-date: C:/Users/SSAFY/Desktop/S10P22A209/catkin_ws/install/ssafy_msgs/include/ssafy_msgs/msg/enviroment_status__rosidl_typesupport_fastrtps_cpp.hpp
[7.594s] -- Up-to-date: C:/Users/SSAFY/Desktop/S10P22A209/catkin_ws/install/ssafy_msgs/include/ssafy_msgs/msg/hand_control__rosidl_typesupport_fastrtps_cpp.hpp
[7.594s] -- Up-to-date: C:/Users/SSAFY/Desktop/S10P22A209/catkin_ws/install/ssafy_msgs/include/ssafy_msgs/msg/num__rosidl_typesupport_fastrtps_cpp.hpp
[7.594s] -- Up-to-date: C:/Users/SSAFY/Desktop/S10P22A209/catkin_ws/install/ssafy_msgs/include/ssafy_msgs/msg/object_info__rosidl_typesupport_fastrtps_cpp.hpp
[7.594s] -- Up-to-date: C:/Users/SSAFY/Desktop/S10P22A209/catkin_ws/install/ssafy_msgs/include/ssafy_msgs/msg/rosidl_typesupport_fastrtps_cpp__visibility_control.h
[7.594s] -- Up-to-date: C:/Users/SSAFY/Desktop/S10P22A209/catkin_ws/install/ssafy_msgs/include/ssafy_msgs/msg/turtlebot_status__rosidl_typesupport_fastrtps_cpp.hpp
[7.594s] -- Up-to-date: C:/Users/SSAFY/Desktop/S10P22A209/catkin_ws/install/ssafy_msgs/lib/ssafy_msgs__rosidl_typesupport_fastrtps_cpp.lib
[7.625s] -- Up-to-date: C:/Users/SSAFY/Desktop/S10P22A209/catkin_ws/install/ssafy_msgs/bin/ssafy_msgs__rosidl_typesupport_fastrtps_cpp.dll
[7.625s] -- Up-to-date: C:/Users/SSAFY/Desktop/S10P22A209/catkin_ws/install/ssafy_msgs/include/ssafy_msgs
[7.625s] -- Up-to-date: C:/Users/SSAFY/Desktop/S10P22A209/catkin_ws/install/ssafy_msgs/include/ssafy_msgs/msg
[7.625s] -- Up-to-date: C:/Users/SSAFY/Desktop/S10P22A209/catkin_ws/install/ssafy_msgs/include/ssafy_msgs/msg/b_box__rosidl_typesupport_introspection_c.h
[7.641s] -- Up-to-date: C:/Users/SSAFY/Desktop/S10P22A209/catkin_ws/install/ssafy_msgs/include/ssafy_msgs/msg/b_box__type_support.c
[7.641s] -- Up-to-date: C:/Users/SSAFY/Desktop/S10P22A209/catkin_ws/install/ssafy_msgs/include/ssafy_msgs/msg/custom_object_info__rosidl_typesupport_introspection_c.h
[7.641s] -- Up-to-date: C:/Users/SSAFY/Desktop/S10P22A209/catkin_ws/install/ssafy_msgs/include/ssafy_msgs/msg/custom_object_info__type_support.c
[7.656s] -- Up-to-date: C:/Users/SSAFY/Desktop/S10P22A209/catkin_ws/install/ssafy_msgs/include/ssafy_msgs/msg/enviroment_status__rosidl_typesupport_introspection_c.h
[7.656s] -- Up-to-date: C:/Users/SSAFY/Desktop/S10P22A209/catkin_ws/install/ssafy_msgs/include/ssafy_msgs/msg/enviroment_status__type_support.c
[7.656s] -- Up-to-date: C:/Users/SSAFY/Desktop/S10P22A209/catkin_ws/install/ssafy_msgs/include/ssafy_msgs/msg/hand_control__rosidl_typesupport_introspection_c.h
[7.672s] -- Up-to-date: C:/Users/SSAFY/Desktop/S10P22A209/catkin_ws/install/ssafy_msgs/include/ssafy_msgs/msg/hand_control__type_support.c
[7.672s] -- Up-to-date: C:/Users/SSAFY/Desktop/S10P22A209/catkin_ws/install/ssafy_msgs/include/ssafy_msgs/msg/num__rosidl_typesupport_introspection_c.h
[7.672s] -- Up-to-date: C:/Users/SSAFY/Desktop/S10P22A209/catkin_ws/install/ssafy_msgs/include/ssafy_msgs/msg/num__type_support.c
[7.672s] -- Up-to-date: C:/Users/SSAFY/Desktop/S10P22A209/catkin_ws/install/ssafy_msgs/include/ssafy_msgs/msg/object_info__rosidl_typesupport_introspection_c.h
[7.688s] -- Up-to-date: C:/Users/SSAFY/Desktop/S10P22A209/catkin_ws/install/ssafy_msgs/include/ssafy_msgs/msg/object_info__type_support.c
[7.688s] -- Up-to-date: C:/Users/SSAFY/Desktop/S10P22A209/catkin_ws/install/ssafy_msgs/include/ssafy_msgs/msg/rosidl_typesupport_introspection_c__visibility_control.h
[7.688s] -- Up-to-date: C:/Users/SSAFY/Desktop/S10P22A209/catkin_ws/install/ssafy_msgs/include/ssafy_msgs/msg/turtlebot_status__rosidl_typesupport_introspection_c.h
[7.688s] -- Up-to-date: C:/Users/SSAFY/Desktop/S10P22A209/catkin_ws/install/ssafy_msgs/include/ssafy_msgs/msg/turtlebot_status__type_support.c
[7.688s] -- Up-to-date: C:/Users/SSAFY/Desktop/S10P22A209/catkin_ws/install/ssafy_msgs/lib/ssafy_msgs__rosidl_typesupport_introspection_c.lib
[7.719s] -- Up-to-date: C:/Users/SSAFY/Desktop/S10P22A209/catkin_ws/install/ssafy_msgs/bin/ssafy_msgs__rosidl_typesupport_introspection_c.dll
[7.719s] -- Up-to-date: C:/Users/SSAFY/Desktop/S10P22A209/catkin_ws/install/ssafy_msgs/include/ssafy_msgs
[7.719s] -- Up-to-date: C:/Users/SSAFY/Desktop/S10P22A209/catkin_ws/install/ssafy_msgs/include/ssafy_msgs/msg
[7.719s] -- Up-to-date: C:/Users/SSAFY/Desktop/S10P22A209/catkin_ws/install/ssafy_msgs/include/ssafy_msgs/msg/b_box__rosidl_typesupport_opensplice_c.h
[7.734s] -- Up-to-date: C:/Users/SSAFY/Desktop/S10P22A209/catkin_ws/install/ssafy_msgs/include/ssafy_msgs/msg/custom_object_info__rosidl_typesupport_opensplice_c.h
[7.734s] -- Up-to-date: C:/Users/SSAFY/Desktop/S10P22A209/catkin_ws/install/ssafy_msgs/include/ssafy_msgs/msg/dds_opensplice_c
[7.734s] -- Up-to-date: C:/Users/SSAFY/Desktop/S10P22A209/catkin_ws/install/ssafy_msgs/include/ssafy_msgs/msg/enviroment_status__rosidl_typesupport_opensplice_c.h
[7.734s] -- Up-to-date: C:/Users/SSAFY/Desktop/S10P22A209/catkin_ws/install/ssafy_msgs/include/ssafy_msgs/msg/hand_control__rosidl_typesupport_opensplice_c.h
[7.734s] -- Up-to-date: C:/Users/SSAFY/Desktop/S10P22A209/catkin_ws/install/ssafy_msgs/include/ssafy_msgs/msg/num__rosidl_typesupport_opensplice_c.h
[7.734s] -- Up-to-date: C:/Users/SSAFY/Desktop/S10P22A209/catkin_ws/install/ssafy_msgs/include/ssafy_msgs/msg/object_info__rosidl_typesupport_opensplice_c.h
[7.734s] -- Up-to-date: C:/Users/SSAFY/Desktop/S10P22A209/catkin_ws/install/ssafy_msgs/include/ssafy_msgs/msg/rosidl_typesupport_opensplice_c__visibility_control.h
[7.750s] -- Up-to-date: C:/Users/SSAFY/Desktop/S10P22A209/catkin_ws/install/ssafy_msgs/include/ssafy_msgs/msg/turtlebot_status__rosidl_typesupport_opensplice_c.h
[7.750s] -- Up-to-date: C:/Users/SSAFY/Desktop/S10P22A209/catkin_ws/install/ssafy_msgs/lib/ssafy_msgs__rosidl_typesupport_opensplice_c.lib
[7.766s] -- Up-to-date: C:/Users/SSAFY/Desktop/S10P22A209/catkin_ws/install/ssafy_msgs/bin/ssafy_msgs__rosidl_typesupport_opensplice_c.dll
[7.766s] -- Up-to-date: C:/Users/SSAFY/Desktop/S10P22A209/catkin_ws/install/ssafy_msgs/share/ssafy_msgs/msg/dds_opensplice
[7.781s] -- Up-to-date: C:/Users/SSAFY/Desktop/S10P22A209/catkin_ws/install/ssafy_msgs/share/ssafy_msgs/msg/dds_opensplice/BBox_.idl
[7.781s] -- Up-to-date: C:/Users/SSAFY/Desktop/S10P22A209/catkin_ws/install/ssafy_msgs/share/ssafy_msgs/msg/dds_opensplice/CustomObjectInfo_.idl
[7.781s] -- Up-to-date: C:/Users/SSAFY/Desktop/S10P22A209/catkin_ws/install/ssafy_msgs/share/ssafy_msgs/msg/dds_opensplice/EnviromentStatus_.idl
[7.781s] -- Up-to-date: C:/Users/SSAFY/Desktop/S10P22A209/catkin_ws/install/ssafy_msgs/share/ssafy_msgs/msg/dds_opensplice/HandControl_.idl
[7.781s] -- Up-to-date: C:/Users/SSAFY/Desktop/S10P22A209/catkin_ws/install/ssafy_msgs/share/ssafy_msgs/msg/dds_opensplice/Num_.idl
[7.781s] -- Up-to-date: C:/Users/SSAFY/Desktop/S10P22A209/catkin_ws/install/ssafy_msgs/share/ssafy_msgs/msg/dds_opensplice/ObjectInfo_.idl
[7.781s] -- Up-to-date: C:/Users/SSAFY/Desktop/S10P22A209/catkin_ws/install/ssafy_msgs/share/ssafy_msgs/msg/dds_opensplice/TurtlebotStatus_.idl
[7.781s] -- Up-to-date: C:/Users/SSAFY/Desktop/S10P22A209/catkin_ws/install/ssafy_msgs/include/ssafy_msgs
[7.781s] -- Up-to-date: C:/Users/SSAFY/Desktop/S10P22A209/catkin_ws/install/ssafy_msgs/include/ssafy_msgs/msg
[7.797s] -- Up-to-date: C:/Users/SSAFY/Desktop/S10P22A209/catkin_ws/install/ssafy_msgs/include/ssafy_msgs/msg/b_box__rosidl_typesupport_opensplice_cpp.hpp
[7.797s] -- Up-to-date: C:/Users/SSAFY/Desktop/S10P22A209/catkin_ws/install/ssafy_msgs/include/ssafy_msgs/msg/custom_object_info__rosidl_typesupport_opensplice_cpp.hpp
[7.797s] -- Up-to-date: C:/Users/SSAFY/Desktop/S10P22A209/catkin_ws/install/ssafy_msgs/include/ssafy_msgs/msg/dds_opensplice
[7.797s] -- Up-to-date: C:/Users/SSAFY/Desktop/S10P22A209/catkin_ws/install/ssafy_msgs/include/ssafy_msgs/msg/dds_opensplice/BBox_.h
[7.797s] -- Up-to-date: C:/Users/SSAFY/Desktop/S10P22A209/catkin_ws/install/ssafy_msgs/include/ssafy_msgs/msg/dds_opensplice/BBox_Dcps.h
[7.797s] -- Up-to-date: C:/Users/SSAFY/Desktop/S10P22A209/catkin_ws/install/ssafy_msgs/include/ssafy_msgs/msg/dds_opensplice/BBox_Dcps_impl.h
[7.797s] -- Up-to-date: C:/Users/SSAFY/Desktop/S10P22A209/catkin_ws/install/ssafy_msgs/include/ssafy_msgs/msg/dds_opensplice/BBox_SplDcps.h
[7.797s] -- Up-to-date: C:/Users/SSAFY/Desktop/S10P22A209/catkin_ws/install/ssafy_msgs/include/ssafy_msgs/msg/dds_opensplice/ccpp_BBox_.h
[7.813s] -- Up-to-date: C:/Users/SSAFY/Desktop/S10P22A209/catkin_ws/install/ssafy_msgs/include/ssafy_msgs/msg/dds_opensplice/ccpp_CustomObjectInfo_.h
[7.813s] -- Up-to-date: C:/Users/SSAFY/Desktop/S10P22A209/catkin_ws/install/ssafy_msgs/include/ssafy_msgs/msg/dds_opensplice/ccpp_EnviromentStatus_.h
[7.813s] -- Up-to-date: C:/Users/SSAFY/Desktop/S10P22A209/catkin_ws/install/ssafy_msgs/include/ssafy_msgs/msg/dds_opensplice/ccpp_HandControl_.h
[7.813s] -- Up-to-date: C:/Users/SSAFY/Desktop/S10P22A209/catkin_ws/install/ssafy_msgs/include/ssafy_msgs/msg/dds_opensplice/ccpp_Num_.h
[7.813s] -- Up-to-date: C:/Users/SSAFY/Desktop/S10P22A209/catkin_ws/install/ssafy_msgs/include/ssafy_msgs/msg/dds_opensplice/ccpp_ObjectInfo_.h
[7.813s] -- Up-to-date: C:/Users/SSAFY/Desktop/S10P22A209/catkin_ws/install/ssafy_msgs/include/ssafy_msgs/msg/dds_opensplice/ccpp_TurtlebotStatus_.h
[7.813s] -- Up-to-date: C:/Users/SSAFY/Desktop/S10P22A209/catkin_ws/install/ssafy_msgs/include/ssafy_msgs/msg/dds_opensplice/CustomObjectInfo_.h
[7.813s] -- Up-to-date: C:/Users/SSAFY/Desktop/S10P22A209/catkin_ws/install/ssafy_msgs/include/ssafy_msgs/msg/dds_opensplice/CustomObjectInfo_Dcps.h
[7.813s] -- Up-to-date: C:/Users/SSAFY/Desktop/S10P22A209/catkin_ws/install/ssafy_msgs/include/ssafy_msgs/msg/dds_opensplice/CustomObjectInfo_Dcps_impl.h
[7.813s] -- Up-to-date: C:/Users/SSAFY/Desktop/S10P22A209/catkin_ws/install/ssafy_msgs/include/ssafy_msgs/msg/dds_opensplice/CustomObjectInfo_SplDcps.h
[7.813s] -- Up-to-date: C:/Users/SSAFY/Desktop/S10P22A209/catkin_ws/install/ssafy_msgs/include/ssafy_msgs/msg/dds_opensplice/EnviromentStatus_.h
[7.813s] -- Up-to-date: C:/Users/SSAFY/Desktop/S10P22A209/catkin_ws/install/ssafy_msgs/include/ssafy_msgs/msg/dds_opensplice/EnviromentStatus_Dcps.h
[7.828s] -- Up-to-date: C:/Users/SSAFY/Desktop/S10P22A209/catkin_ws/install/ssafy_msgs/include/ssafy_msgs/msg/dds_opensplice/EnviromentStatus_Dcps_impl.h
[7.828s] -- Up-to-date: C:/Users/SSAFY/Desktop/S10P22A209/catkin_ws/install/ssafy_msgs/include/ssafy_msgs/msg/dds_opensplice/EnviromentStatus_SplDcps.h
[7.828s] -- Up-to-date: C:/Users/SSAFY/Desktop/S10P22A209/catkin_ws/install/ssafy_msgs/include/ssafy_msgs/msg/dds_opensplice/HandControl_.h
[7.828s] -- Up-to-date: C:/Users/SSAFY/Desktop/S10P22A209/catkin_ws/install/ssafy_msgs/include/ssafy_msgs/msg/dds_opensplice/HandControl_Dcps.h
[7.828s] -- Up-to-date: C:/Users/SSAFY/Desktop/S10P22A209/catkin_ws/install/ssafy_msgs/include/ssafy_msgs/msg/dds_opensplice/HandControl_Dcps_impl.h
[7.828s] -- Up-to-date: C:/Users/SSAFY/Desktop/S10P22A209/catkin_ws/install/ssafy_msgs/include/ssafy_msgs/msg/dds_opensplice/HandControl_SplDcps.h
[7.828s] -- Up-to-date: C:/Users/SSAFY/Desktop/S10P22A209/catkin_ws/install/ssafy_msgs/include/ssafy_msgs/msg/dds_opensplice/Num_.h
[7.828s] -- Up-to-date: C:/Users/SSAFY/Desktop/S10P22A209/catkin_ws/install/ssafy_msgs/include/ssafy_msgs/msg/dds_opensplice/Num_Dcps.h
[7.828s] -- Up-to-date: C:/Users/SSAFY/Desktop/S10P22A209/catkin_ws/install/ssafy_msgs/include/ssafy_msgs/msg/dds_opensplice/Num_Dcps_impl.h
[7.828s] -- Up-to-date: C:/Users/SSAFY/Desktop/S10P22A209/catkin_ws/install/ssafy_msgs/include/ssafy_msgs/msg/dds_opensplice/Num_SplDcps.h
[7.828s] -- Up-to-date: C:/Users/SSAFY/Desktop/S10P22A209/catkin_ws/install/ssafy_msgs/include/ssafy_msgs/msg/dds_opensplice/ObjectInfo_.h
[7.844s] -- Up-to-date: C:/Users/SSAFY/Desktop/S10P22A209/catkin_ws/install/ssafy_msgs/include/ssafy_msgs/msg/dds_opensplice/ObjectInfo_Dcps.h
[7.844s] -- Up-to-date: C:/Users/SSAFY/Desktop/S10P22A209/catkin_ws/install/ssafy_msgs/include/ssafy_msgs/msg/dds_opensplice/ObjectInfo_Dcps_impl.h
[7.844s] -- Up-to-date: C:/Users/SSAFY/Desktop/S10P22A209/catkin_ws/install/ssafy_msgs/include/ssafy_msgs/msg/dds_opensplice/ObjectInfo_SplDcps.h
[7.844s] -- Up-to-date: C:/Users/SSAFY/Desktop/S10P22A209/catkin_ws/install/ssafy_msgs/include/ssafy_msgs/msg/dds_opensplice/TurtlebotStatus_.h
[7.844s] -- Up-to-date: C:/Users/SSAFY/Desktop/S10P22A209/catkin_ws/install/ssafy_msgs/include/ssafy_msgs/msg/dds_opensplice/TurtlebotStatus_Dcps.h
[7.844s] -- Up-to-date: C:/Users/SSAFY/Desktop/S10P22A209/catkin_ws/install/ssafy_msgs/include/ssafy_msgs/msg/dds_opensplice/TurtlebotStatus_Dcps_impl.h
[7.844s] -- Up-to-date: C:/Users/SSAFY/Desktop/S10P22A209/catkin_ws/install/ssafy_msgs/include/ssafy_msgs/msg/dds_opensplice/TurtlebotStatus_SplDcps.h
[7.844s] -- Up-to-date: C:/Users/SSAFY/Desktop/S10P22A209/catkin_ws/install/ssafy_msgs/include/ssafy_msgs/msg/enviroment_status__rosidl_typesupport_opensplice_cpp.hpp
[7.859s] -- Up-to-date: C:/Users/SSAFY/Desktop/S10P22A209/catkin_ws/install/ssafy_msgs/include/ssafy_msgs/msg/hand_control__rosidl_typesupport_opensplice_cpp.hpp
[7.859s] -- Up-to-date: C:/Users/SSAFY/Desktop/S10P22A209/catkin_ws/install/ssafy_msgs/include/ssafy_msgs/msg/num__rosidl_typesupport_opensplice_cpp.hpp
[7.859s] -- Up-to-date: C:/Users/SSAFY/Desktop/S10P22A209/catkin_ws/install/ssafy_msgs/include/ssafy_msgs/msg/object_info__rosidl_typesupport_opensplice_cpp.hpp
[7.859s] -- Up-to-date: C:/Users/SSAFY/Desktop/S10P22A209/catkin_ws/install/ssafy_msgs/include/ssafy_msgs/msg/rosidl_typesupport_opensplice_cpp__visibility_control.h
[7.859s] -- Up-to-date: C:/Users/SSAFY/Desktop/S10P22A209/catkin_ws/install/ssafy_msgs/include/ssafy_msgs/msg/turtlebot_status__rosidl_typesupport_opensplice_cpp.hpp
[7.875s] -- Up-to-date: C:/Users/SSAFY/Desktop/S10P22A209/catkin_ws/install/ssafy_msgs/lib/ssafy_msgs__rosidl_typesupport_opensplice_cpp.lib
[7.891s] -- Up-to-date: C:/Users/SSAFY/Desktop/S10P22A209/catkin_ws/install/ssafy_msgs/bin/ssafy_msgs__rosidl_typesupport_opensplice_cpp.dll
[7.891s] -- Up-to-date: C:/Users/SSAFY/Desktop/S10P22A209/catkin_ws/install/ssafy_msgs/include/ssafy_msgs
[7.891s] -- Up-to-date: C:/Users/SSAFY/Desktop/S10P22A209/catkin_ws/install/ssafy_msgs/include/ssafy_msgs/msg
[7.906s] -- Up-to-date: C:/Users/SSAFY/Desktop/S10P22A209/catkin_ws/install/ssafy_msgs/include/ssafy_msgs/msg/b_box__rosidl_typesupport_introspection_cpp.hpp
[7.906s] -- Up-to-date: C:/Users/SSAFY/Desktop/S10P22A209/catkin_ws/install/ssafy_msgs/include/ssafy_msgs/msg/b_box__type_support.cpp
[7.906s] -- Up-to-date: C:/Users/SSAFY/Desktop/S10P22A209/catkin_ws/install/ssafy_msgs/include/ssafy_msgs/msg/custom_object_info__rosidl_typesupport_introspection_cpp.hpp
[7.922s] -- Up-to-date: C:/Users/SSAFY/Desktop/S10P22A209/catkin_ws/install/ssafy_msgs/include/ssafy_msgs/msg/custom_object_info__type_support.cpp
[7.922s] -- Up-to-date: C:/Users/SSAFY/Desktop/S10P22A209/catkin_ws/install/ssafy_msgs/include/ssafy_msgs/msg/enviroment_status__rosidl_typesupport_introspection_cpp.hpp
[7.922s] -- Up-to-date: C:/Users/SSAFY/Desktop/S10P22A209/catkin_ws/install/ssafy_msgs/include/ssafy_msgs/msg/enviroment_status__type_support.cpp
[7.922s] -- Up-to-date: C:/Users/SSAFY/Desktop/S10P22A209/catkin_ws/install/ssafy_msgs/include/ssafy_msgs/msg/hand_control__rosidl_typesupport_introspection_cpp.hpp
[7.938s] -- Up-to-date: C:/Users/SSAFY/Desktop/S10P22A209/catkin_ws/install/ssafy_msgs/include/ssafy_msgs/msg/hand_control__type_support.cpp
[7.938s] -- Up-to-date: C:/Users/SSAFY/Desktop/S10P22A209/catkin_ws/install/ssafy_msgs/include/ssafy_msgs/msg/num__rosidl_typesupport_introspection_cpp.hpp
[7.938s] -- Up-to-date: C:/Users/SSAFY/Desktop/S10P22A209/catkin_ws/install/ssafy_msgs/include/ssafy_msgs/msg/num__type_support.cpp
[7.938s] -- Up-to-date: C:/Users/SSAFY/Desktop/S10P22A209/catkin_ws/install/ssafy_msgs/include/ssafy_msgs/msg/object_info__rosidl_typesupport_introspection_cpp.hpp
[7.953s] -- Up-to-date: C:/Users/SSAFY/Desktop/S10P22A209/catkin_ws/install/ssafy_msgs/include/ssafy_msgs/msg/object_info__type_support.cpp
[7.953s] -- Up-to-date: C:/Users/SSAFY/Desktop/S10P22A209/catkin_ws/install/ssafy_msgs/include/ssafy_msgs/msg/turtlebot_status__rosidl_typesupport_introspection_cpp.hpp
[7.953s] -- Up-to-date: C:/Users/SSAFY/Desktop/S10P22A209/catkin_ws/install/ssafy_msgs/include/ssafy_msgs/msg/turtlebot_status__type_support.cpp
[7.953s] -- Up-to-date: C:/Users/SSAFY/Desktop/S10P22A209/catkin_ws/install/ssafy_msgs/lib/ssafy_msgs__rosidl_typesupport_introspection_cpp.lib
[7.984s] -- Up-to-date: C:/Users/SSAFY/Desktop/S10P22A209/catkin_ws/install/ssafy_msgs/bin/ssafy_msgs__rosidl_typesupport_introspection_cpp.dll
[7.984s] -- Up-to-date: C:/Users/SSAFY/Desktop/S10P22A209/catkin_ws/install/ssafy_msgs/share/ssafy_msgs/environment/pythonpath.bat
[7.984s] -- Up-to-date: C:/Users/SSAFY/Desktop/S10P22A209/catkin_ws/install/ssafy_msgs/share/ssafy_msgs/environment/pythonpath.dsv
[7.984s] -- Up-to-date: C:/Users/SSAFY/Desktop/S10P22A209/catkin_ws/install/ssafy_msgs/Lib/site-packages/ssafy_msgs/__init__.py
[8.063s] -- Up-to-date: C:/Users/SSAFY/Desktop/S10P22A209/catkin_ws/install/ssafy_msgs/Lib/site-packages/ssafy_msgs/msg
[8.063s] -- Up-to-date: C:/Users/SSAFY/Desktop/S10P22A209/catkin_ws/install/ssafy_msgs/Lib/site-packages/ssafy_msgs/msg/_b_box.py
[8.063s] -- Up-to-date: C:/Users/SSAFY/Desktop/S10P22A209/catkin_ws/install/ssafy_msgs/Lib/site-packages/ssafy_msgs/msg/_b_box_s.c
[8.063s] -- Up-to-date: C:/Users/SSAFY/Desktop/S10P22A209/catkin_ws/install/ssafy_msgs/Lib/site-packages/ssafy_msgs/msg/_custom_object_info.py
[8.078s] -- Up-to-date: C:/Users/SSAFY/Desktop/S10P22A209/catkin_ws/install/ssafy_msgs/Lib/site-packages/ssafy_msgs/msg/_custom_object_info_s.c
[8.078s] -- Up-to-date: C:/Users/SSAFY/Desktop/S10P22A209/catkin_ws/install/ssafy_msgs/Lib/site-packages/ssafy_msgs/msg/_enviroment_status.py
[8.078s] -- Up-to-date: C:/Users/SSAFY/Desktop/S10P22A209/catkin_ws/install/ssafy_msgs/Lib/site-packages/ssafy_msgs/msg/_enviroment_status_s.c
[8.094s] -- Up-to-date: C:/Users/SSAFY/Desktop/S10P22A209/catkin_ws/install/ssafy_msgs/Lib/site-packages/ssafy_msgs/msg/_hand_control.py
[8.094s] -- Up-to-date: C:/Users/SSAFY/Desktop/S10P22A209/catkin_ws/install/ssafy_msgs/Lib/site-packages/ssafy_msgs/msg/_hand_control_s.c
[8.094s] -- Up-to-date: C:/Users/SSAFY/Desktop/S10P22A209/catkin_ws/install/ssafy_msgs/Lib/site-packages/ssafy_msgs/msg/_num.py
[8.094s] -- Up-to-date: C:/Users/SSAFY/Desktop/S10P22A209/catkin_ws/install/ssafy_msgs/Lib/site-packages/ssafy_msgs/msg/_num_s.c
[8.094s] -- Up-to-date: C:/Users/SSAFY/Desktop/S10P22A209/catkin_ws/install/ssafy_msgs/Lib/site-packages/ssafy_msgs/msg/_object_info.py
[8.109s] -- Up-to-date: C:/Users/SSAFY/Desktop/S10P22A209/catkin_ws/install/ssafy_msgs/Lib/site-packages/ssafy_msgs/msg/_object_info_s.c
[8.109s] -- Up-to-date: C:/Users/SSAFY/Desktop/S10P22A209/catkin_ws/install/ssafy_msgs/Lib/site-packages/ssafy_msgs/msg/_turtlebot_status.py
[8.125s] -- Up-to-date: C:/Users/SSAFY/Desktop/S10P22A209/catkin_ws/install/ssafy_msgs/Lib/site-packages/ssafy_msgs/msg/_turtlebot_status_s.c
[8.125s] -- Up-to-date: C:/Users/SSAFY/Desktop/S10P22A209/catkin_ws/install/ssafy_msgs/Lib/site-packages/ssafy_msgs/msg/__init__.py
[8.125s] -- Up-to-date: C:/Users/SSAFY/Desktop/S10P22A209/catkin_ws/install/ssafy_msgs/Lib/site-packages/ssafy_msgs/ssafy_msgs_s__rosidl_typesupport_c.lib
[8.141s] -- Up-to-date: C:/Users/SSAFY/Desktop/S10P22A209/catkin_ws/install/ssafy_msgs/Lib/site-packages/ssafy_msgs/ssafy_msgs_s__rosidl_typesupport_c.pyd
[8.141s] -- Up-to-date: C:/Users/SSAFY/Desktop/S10P22A209/catkin_ws/install/ssafy_msgs/Lib/site-packages/ssafy_msgs/ssafy_msgs_s__rosidl_typesupport_connext_c.lib
[8.172s] -- Up-to-date: C:/Users/SSAFY/Desktop/S10P22A209/catkin_ws/install/ssafy_msgs/Lib/site-packages/ssafy_msgs/ssafy_msgs_s__rosidl_typesupport_connext_c.pyd
[8.172s] -- Up-to-date: C:/Users/SSAFY/Desktop/S10P22A209/catkin_ws/install/ssafy_msgs/Lib/site-packages/ssafy_msgs/ssafy_msgs_s__rosidl_typesupport_introspection_c.lib
[8.203s] -- Up-to-date: C:/Users/SSAFY/Desktop/S10P22A209/catkin_ws/install/ssafy_msgs/Lib/site-packages/ssafy_msgs/ssafy_msgs_s__rosidl_typesupport_introspection_c.pyd
[8.203s] -- Up-to-date: C:/Users/SSAFY/Desktop/S10P22A209/catkin_ws/install/ssafy_msgs/Lib/site-packages/ssafy_msgs/ssafy_msgs_s__rosidl_typesupport_fastrtps_c.lib
[8.219s] -- Up-to-date: C:/Users/SSAFY/Desktop/S10P22A209/catkin_ws/install/ssafy_msgs/Lib/site-packages/ssafy_msgs/ssafy_msgs_s__rosidl_typesupport_fastrtps_c.pyd
[8.219s] -- Up-to-date: C:/Users/SSAFY/Desktop/S10P22A209/catkin_ws/install/ssafy_msgs/Lib/site-packages/ssafy_msgs/ssafy_msgs_s__rosidl_typesupport_opensplice_c.lib
[8.250s] -- Up-to-date: C:/Users/SSAFY/Desktop/S10P22A209/catkin_ws/install/ssafy_msgs/Lib/site-packages/ssafy_msgs/ssafy_msgs_s__rosidl_typesupport_opensplice_c.pyd
[8.250s] -- Up-to-date: C:/Users/SSAFY/Desktop/S10P22A209/catkin_ws/install/ssafy_msgs/lib/ssafy_msgs__python.lib
[8.281s] -- Up-to-date: C:/Users/SSAFY/Desktop/S10P22A209/catkin_ws/install/ssafy_msgs/bin/ssafy_msgs__python.dll
[8.281s] -- Up-to-date: C:/Users/SSAFY/Desktop/S10P22A209/catkin_ws/install/ssafy_msgs/share/ssafy_msgs/msg/Num.idl
[8.281s] -- Up-to-date: C:/Users/SSAFY/Desktop/S10P22A209/catkin_ws/install/ssafy_msgs/share/ssafy_msgs/msg/EnviromentStatus.idl
[8.281s] -- Up-to-date: C:/Users/SSAFY/Desktop/S10P22A209/catkin_ws/install/ssafy_msgs/share/ssafy_msgs/msg/TurtlebotStatus.idl
[8.281s] -- Up-to-date: C:/Users/SSAFY/Desktop/S10P22A209/catkin_ws/install/ssafy_msgs/share/ssafy_msgs/msg/BBox.idl
[8.281s] -- Up-to-date: C:/Users/SSAFY/Desktop/S10P22A209/catkin_ws/install/ssafy_msgs/share/ssafy_msgs/msg/ObjectInfo.idl
[8.281s] -- Up-to-date: C:/Users/SSAFY/Desktop/S10P22A209/catkin_ws/install/ssafy_msgs/share/ssafy_msgs/msg/HandControl.idl
[8.281s] -- Up-to-date: C:/Users/SSAFY/Desktop/S10P22A209/catkin_ws/install/ssafy_msgs/share/ssafy_msgs/msg/CustomObjectInfo.idl
[8.281s] -- Up-to-date: C:/Users/SSAFY/Desktop/S10P22A209/catkin_ws/install/ssafy_msgs/share/ssafy_msgs/msg/Num.msg
[8.281s] -- Up-to-date: C:/Users/SSAFY/Desktop/S10P22A209/catkin_ws/install/ssafy_msgs/share/ssafy_msgs/msg/EnviromentStatus.msg
[8.281s] -- Up-to-date: C:/Users/SSAFY/Desktop/S10P22A209/catkin_ws/install/ssafy_msgs/share/ssafy_msgs/msg/TurtlebotStatus.msg
[8.297s] -- Up-to-date: C:/Users/SSAFY/Desktop/S10P22A209/catkin_ws/install/ssafy_msgs/share/ssafy_msgs/msg/BBox.msg
[8.297s] -- Up-to-date: C:/Users/SSAFY/Desktop/S10P22A209/catkin_ws/install/ssafy_msgs/share/ssafy_msgs/msg/ObjectInfo.msg
[8.297s] -- Up-to-date: C:/Users/SSAFY/Desktop/S10P22A209/catkin_ws/install/ssafy_msgs/share/ssafy_msgs/msg/HandControl.msg
[8.297s] -- Up-to-date: C:/Users/SSAFY/Desktop/S10P22A209/catkin_ws/install/ssafy_msgs/share/ssafy_msgs/msg/CustomObjectInfo.msg
[8.297s] -- Up-to-date: C:/Users/SSAFY/Desktop/S10P22A209/catkin_ws/install/ssafy_msgs/share/ament_index/resource_index/package_run_dependencies/ssafy_msgs
[8.297s] -- Up-to-date: C:/Users/SSAFY/Desktop/S10P22A209/catkin_ws/install/ssafy_msgs/share/ament_index/resource_index/parent_prefix_path/ssafy_msgs
[8.297s] -- Up-to-date: C:/Users/SSAFY/Desktop/S10P22A209/catkin_ws/install/ssafy_msgs/share/ssafy_msgs/environment/ament_prefix_path.bat
[8.297s] -- Up-to-date: C:/Users/SSAFY/Desktop/S10P22A209/catkin_ws/install/ssafy_msgs/share/ssafy_msgs/environment/ament_prefix_path.dsv
[8.313s] -- Up-to-date: C:/Users/SSAFY/Desktop/S10P22A209/catkin_ws/install/ssafy_msgs/share/ssafy_msgs/environment/path.bat
[8.313s] -- Up-to-date: C:/Users/SSAFY/Desktop/S10P22A209/catkin_ws/install/ssafy_msgs/share/ssafy_msgs/environment/path.dsv
[8.313s] -- Up-to-date: C:/Users/SSAFY/Desktop/S10P22A209/catkin_ws/install/ssafy_msgs/share/ssafy_msgs/local_setup.bat
[8.313s] -- Up-to-date: C:/Users/SSAFY/Desktop/S10P22A209/catkin_ws/install/ssafy_msgs/share/ssafy_msgs/local_setup.dsv
[8.313s] -- Installing: C:/Users/SSAFY/Desktop/S10P22A209/catkin_ws/install/ssafy_msgs/share/ssafy_msgs/package.dsv
[8.313s] -- Up-to-date: C:/Users/SSAFY/Desktop/S10P22A209/catkin_ws/install/ssafy_msgs/share/ament_index/resource_index/packages/ssafy_msgs
[8.328s] -- Up-to-date: C:/Users/SSAFY/Desktop/S10P22A209/catkin_ws/install/ssafy_msgs/share/ssafy_msgs/cmake/rosidl_cmake-extras.cmake
[8.328s] -- Up-to-date: C:/Users/SSAFY/Desktop/S10P22A209/catkin_ws/install/ssafy_msgs/share/ssafy_msgs/cmake/ament_cmake_export_dependencies-extras.cmake
[8.328s] -- Up-to-date: C:/Users/SSAFY/Desktop/S10P22A209/catkin_ws/install/ssafy_msgs/share/ssafy_msgs/cmake/ament_cmake_export_libraries-extras.cmake
[8.328s] -- Up-to-date: C:/Users/SSAFY/Desktop/S10P22A209/catkin_ws/install/ssafy_msgs/share/ssafy_msgs/cmake/ament_cmake_export_include_directories-extras.cmake
[8.344s] -- Up-to-date: C:/Users/SSAFY/Desktop/S10P22A209/catkin_ws/install/ssafy_msgs/share/ssafy_msgs/cmake/rosidl_cmake_export_typesupport_libraries-extras.cmake
[8.344s] -- Up-to-date: C:/Users/SSAFY/Desktop/S10P22A209/catkin_ws/install/ssafy_msgs/share/ssafy_msgs/cmake/ssafy_msgsConfig.cmake
[8.344s] -- Up-to-date: C:/Users/SSAFY/Desktop/S10P22A209/catkin_ws/install/ssafy_msgs/share/ssafy_msgs/cmake/ssafy_msgsConfig-version.cmake
[8.344s] -- Up-to-date: C:/Users/SSAFY/Desktop/S10P22A209/catkin_ws/install/ssafy_msgs/share/ssafy_msgs/package.xml
[8.344s] Invoked command in 'C:\Users\SSAFY\Desktop\S10P22A209\catkin_ws\build\ssafy_msgs' returned '0': CMAKE_PREFIX_PATH=%CMAKE_PREFIX_PATH%;C:\Users\SSAFY\Desktop\S10P22A209\catkin_ws\install\yolo_package;C:\Users\SSAFY\Desktop\S10P22A209\catkin_ws\install\test_209;C:\Users\SSAFY\Desktop\S10P22A209\catkin_ws\install\ssafy_bridge;C:\Users\SSAFY\Desktop\S10P22A209\catkin_ws\install\my_package installDir=%installDir%
IntelliJ IDEA=C:\Program Files\JetBrains\IntelliJ IDEA 2023.3.3\bin; C:\Program Files\Microsoft Visual Studio\2022\Community\Common7\IDE\CommonExtensions\Microsoft\CMake\CMake\bin\cmake.EXE --install C:\Users\SSAFY\Desktop\S10P22A209\catkin_ws\build\ssafy_msgs --config Release
