[3.140s] Invoking command in 'C:\Users\SSAFY\Desktop\S10P22A209\catkin_ws\build\ssafy_msgs': CL=/MP CMAKE_PREFIX_PATH=%CMAKE_PREFIX_PATH%;C:\Users\SSAFY\Desktop\S10P22A209\catkin_ws\install\yolo_package;C:\Users\SSAFY\Desktop\S10P22A209\catkin_ws\install\test_209;C:\Users\SSAFY\Desktop\S10P22A209\catkin_ws\install\ssafy_bridge;C:\Users\SSAFY\Desktop\S10P22A209\catkin_ws\install\my_package installDir=%installDir%
IntelliJ IDEA=C:\Program Files\JetBrains\IntelliJ IDEA 2023.3.3\bin; C:\Program Files\Microsoft Visual Studio\2022\Community\Common7\IDE\CommonExtensions\Microsoft\CMake\CMake\bin\cmake.EXE --build C:\Users\SSAFY\Desktop\S10P22A209\catkin_ws\build\ssafy_msgs --config Release
[3.953s] msbuild ¹öÀü 17.8.3+195e7f5a3(.NET Framework¿ë)
[3.968s] 
[3.968s]   1>Checking Build System
[3.968s]   Building Custom Rule C:/Users/SSAFY/Desktop/S10P22A209/catkin_ws/src/ssafy_msgs/CMakeLists.txt
[4.000s]   Building Custom Rule C:/Users/SSAFY/Desktop/S10P22A209/catkin_ws/src/ssafy_msgs/CMakeLists.txt
[4.156s]   ssafy_msgs__rosidl_generator_c.vcxproj -> C:\Users\SSAFY\Desktop\S10P22A209\catkin_ws\build\ssafy_msgs\Release\ssafy_msgs__rosidl_generator_c.dll
[4.265s]   Building Custom Rule C:/Users/SSAFY/Desktop/S10P22A209/catkin_ws/src/ssafy_msgs/CMakeLists.txt
[4.343s]   ssafy_msgs__rosidl_typesupport_c.vcxproj -> C:\Users\SSAFY\Desktop\S10P22A209\catkin_ws\build\ssafy_msgs\Release\ssafy_msgs__rosidl_typesupport_c.dll
[4.484s]   Building Custom Rule C:/Users/SSAFY/Desktop/S10P22A209/catkin_ws/src/ssafy_msgs/CMakeLists.txt
[4.640s]   Building Custom Rule C:/Users/SSAFY/Desktop/S10P22A209/catkin_ws/src/ssafy_msgs/CMakeLists.txt
[4.765s]   ssafy_msgs__rosidl_typesupport_connext_cpp.vcxproj -> C:\Users\SSAFY\Desktop\S10P22A209\catkin_ws\build\ssafy_msgs\Release\ssafy_msgs__rosidl_typesupport_connext_cpp.dll
[4.859s]   Generating C type support for RTI Connext
[5.828s]   Building Custom Rule C:/Users/SSAFY/Desktop/S10P22A209/catkin_ws/src/ssafy_msgs/CMakeLists.txt
[5.828s]   ssafy_msgs__rosidl_typesupport_connext_c.vcxproj -> C:\Users\SSAFY\Desktop\S10P22A209\catkin_ws\build\ssafy_msgs\Release\ssafy_msgs__rosidl_typesupport_connext_c.dll
[5.828s]   Building Custom Rule C:/Users/SSAFY/Desktop/S10P22A209/catkin_ws/src/ssafy_msgs/CMakeLists.txt
[5.828s]   ssafy_msgs__rosidl_typesupport_cpp.vcxproj -> C:\Users\SSAFY\Desktop\S10P22A209\catkin_ws\build\ssafy_msgs\Release\ssafy_msgs__rosidl_typesupport_cpp.dll
[5.953s]   Building Custom Rule C:/Users/SSAFY/Desktop/S10P22A209/catkin_ws/src/ssafy_msgs/CMakeLists.txt
[6.015s]   ssafy_msgs__rosidl_typesupport_fastrtps_cpp.vcxproj -> C:\Users\SSAFY\Desktop\S10P22A209\catkin_ws\build\ssafy_msgs\Release\ssafy_msgs__rosidl_typesupport_fastrtps_cpp.dll
[6.078s]   Building Custom Rule C:/Users/SSAFY/Desktop/S10P22A209/catkin_ws/src/ssafy_msgs/CMakeLists.txt
[6.140s]   ssafy_msgs__rosidl_typesupport_fastrtps_c.vcxproj -> C:\Users\SSAFY\Desktop\S10P22A209\catkin_ws\build\ssafy_msgs\Release\ssafy_msgs__rosidl_typesupport_fastrtps_c.dll
[6.218s]   Building Custom Rule C:/Users/SSAFY/Desktop/S10P22A209/catkin_ws/src/ssafy_msgs/CMakeLists.txt
[6.281s]   ssafy_msgs__rosidl_typesupport_introspection_c.vcxproj -> C:\Users\SSAFY\Desktop\S10P22A209\catkin_ws\build\ssafy_msgs\Release\ssafy_msgs__rosidl_typesupport_introspection_c.dll
[6.375s]   Building Custom Rule C:/Users/SSAFY/Desktop/S10P22A209/catkin_ws/src/ssafy_msgs/CMakeLists.txt
[6.437s]   ssafy_msgs__rosidl_typesupport_introspection_cpp.vcxproj -> C:\Users\SSAFY\Desktop\S10P22A209\catkin_ws\build\ssafy_msgs\Release\ssafy_msgs__rosidl_typesupport_introspection_cpp.dll
[6.593s]   Building Custom Rule C:/Users/SSAFY/Desktop/S10P22A209/catkin_ws/src/ssafy_msgs/CMakeLists.txt
[6.718s]   Building Custom Rule C:/Users/SSAFY/Desktop/S10P22A209/catkin_ws/src/ssafy_msgs/CMakeLists.txt
[6.812s]   ssafy_msgs__rosidl_typesupport_opensplice_cpp.vcxproj -> C:\Users\SSAFY\Desktop\S10P22A209\catkin_ws\build\ssafy_msgs\Release\ssafy_msgs__rosidl_typesupport_opensplice_cpp.dll
[6.875s]   Building Custom Rule C:/Users/SSAFY/Desktop/S10P22A209/catkin_ws/src/ssafy_msgs/CMakeLists.txt
[6.984s]   ssafy_msgs__rosidl_typesupport_opensplice_c.vcxproj -> C:\Users\SSAFY\Desktop\S10P22A209\catkin_ws\build\ssafy_msgs\Release\ssafy_msgs__rosidl_typesupport_opensplice_c.dll
[7.062s]   Building Custom Rule C:/Users/SSAFY/Desktop/S10P22A209/catkin_ws/src/ssafy_msgs/CMakeLists.txt
[7.312s]   Building Custom Rule C:/Users/SSAFY/Desktop/S10P22A209/catkin_ws/src/ssafy_msgs/CMakeLists.txt
[7.375s]   ssafy_msgs__python.vcxproj -> C:\Users\SSAFY\Desktop\S10P22A209\catkin_ws\build\ssafy_msgs\rosidl_generator_py\ssafy_msgs\ssafy_msgs__python.dll
[7.468s]   Building Custom Rule C:/Users/SSAFY/Desktop/S10P22A209/catkin_ws/src/ssafy_msgs/CMakeLists.txt
[7.531s]   ssafy_msgs__rosidl_typesupport_c__pyext.vcxproj -> C:\Users\SSAFY\Desktop\S10P22A209\catkin_ws\build\ssafy_msgs\rosidl_generator_py\ssafy_msgs\ssafy_msgs_s__rosidl_typesupport_c.pyd
[7.609s]   Building Custom Rule C:/Users/SSAFY/Desktop/S10P22A209/catkin_ws/src/ssafy_msgs/CMakeLists.txt
[7.671s]   ssafy_msgs__rosidl_typesupport_connext_c__pyext.vcxproj -> C:\Users\SSAFY\Desktop\S10P22A209\catkin_ws\build\ssafy_msgs\rosidl_generator_py\ssafy_msgs\ssafy_msgs_s__rosidl_typesupport_connext_c.pyd
[7.750s]   Building Custom Rule C:/Users/SSAFY/Desktop/S10P22A209/catkin_ws/src/ssafy_msgs/CMakeLists.txt
[7.812s]   ssafy_msgs__rosidl_typesupport_fastrtps_c__pyext.vcxproj -> C:\Users\SSAFY\Desktop\S10P22A209\catkin_ws\build\ssafy_msgs\rosidl_generator_py\ssafy_msgs\ssafy_msgs_s__rosidl_typesupport_fastrtps_c.pyd
[7.890s]   Building Custom Rule C:/Users/SSAFY/Desktop/S10P22A209/catkin_ws/src/ssafy_msgs/CMakeLists.txt
[7.953s]   ssafy_msgs__rosidl_typesupport_introspection_c__pyext.vcxproj -> C:\Users\SSAFY\Desktop\S10P22A209\catkin_ws\build\ssafy_msgs\rosidl_generator_py\ssafy_msgs\ssafy_msgs_s__rosidl_typesupport_introspection_c.pyd
[8.031s]   Building Custom Rule C:/Users/SSAFY/Desktop/S10P22A209/catkin_ws/src/ssafy_msgs/CMakeLists.txt
[8.093s]   ssafy_msgs__rosidl_typesupport_opensplice_c__pyext.vcxproj -> C:\Users\SSAFY\Desktop\S10P22A209\catkin_ws\build\ssafy_msgs\rosidl_generator_py\ssafy_msgs\ssafy_msgs_s__rosidl_typesupport_opensplice_c.pyd
[8.156s]   Building Custom Rule C:/Users/SSAFY/Desktop/S10P22A209/catkin_ws/src/ssafy_msgs/CMakeLists.txt
[8.250s] Invoked command in 'C:\Users\SSAFY\Desktop\S10P22A209\catkin_ws\build\ssafy_msgs' returned '0': CL=/MP CMAKE_PREFIX_PATH=%CMAKE_PREFIX_PATH%;C:\Users\SSAFY\Desktop\S10P22A209\catkin_ws\install\yolo_package;C:\Users\SSAFY\Desktop\S10P22A209\catkin_ws\install\test_209;C:\Users\SSAFY\Desktop\S10P22A209\catkin_ws\install\ssafy_bridge;C:\Users\SSAFY\Desktop\S10P22A209\catkin_ws\install\my_package installDir=%installDir%
IntelliJ IDEA=C:\Program Files\JetBrains\IntelliJ IDEA 2023.3.3\bin; C:\Program Files\Microsoft Visual Studio\2022\Community\Common7\IDE\CommonExtensions\Microsoft\CMake\CMake\bin\cmake.EXE --build C:\Users\SSAFY\Desktop\S10P22A209\catkin_ws\build\ssafy_msgs --config Release
[8.265s] Invoking command in 'C:\Users\SSAFY\Desktop\S10P22A209\catkin_ws\build\ssafy_msgs': CMAKE_PREFIX_PATH=%CMAKE_PREFIX_PATH%;C:\Users\SSAFY\Desktop\S10P22A209\catkin_ws\install\yolo_package;C:\Users\SSAFY\Desktop\S10P22A209\catkin_ws\install\test_209;C:\Users\SSAFY\Desktop\S10P22A209\catkin_ws\install\ssafy_bridge;C:\Users\SSAFY\Desktop\S10P22A209\catkin_ws\install\my_package installDir=%installDir%
IntelliJ IDEA=C:\Program Files\JetBrains\IntelliJ IDEA 2023.3.3\bin; C:\Program Files\Microsoft Visual Studio\2022\Community\Common7\IDE\CommonExtensions\Microsoft\CMake\CMake\bin\cmake.EXE --install C:\Users\SSAFY\Desktop\S10P22A209\catkin_ws\build\ssafy_msgs --config Release
[8.296s] -- Up-to-date: C:/Users/SSAFY/Desktop/S10P22A209/catkin_ws/install/ssafy_msgs/share/ament_index/resource_index/rosidl_interfaces/ssafy_msgs
[8.296s] -- Up-to-date: C:/Users/SSAFY/Desktop/S10P22A209/catkin_ws/install/ssafy_msgs/lib/ssafy_msgs__rosidl_typesupport_c.lib
[8.296s] -- Up-to-date: C:/Users/SSAFY/Desktop/S10P22A209/catkin_ws/install/ssafy_msgs/bin/ssafy_msgs__rosidl_typesupport_c.dll
[8.296s] -- Up-to-date: C:/Users/SSAFY/Desktop/S10P22A209/catkin_ws/install/ssafy_msgs/lib/ssafy_msgs__rosidl_typesupport_cpp.lib
[8.296s] -- Up-to-date: C:/Users/SSAFY/Desktop/S10P22A209/catkin_ws/install/ssafy_msgs/bin/ssafy_msgs__rosidl_typesupport_cpp.dll
[8.296s] -- Up-to-date: C:/Users/SSAFY/Desktop/S10P22A209/catkin_ws/install/ssafy_msgs/include/ssafy_msgs
[8.296s] -- Up-to-date: C:/Users/SSAFY/Desktop/S10P22A209/catkin_ws/install/ssafy_msgs/include/ssafy_msgs/msg
[8.296s] -- Up-to-date: C:/Users/SSAFY/Desktop/S10P22A209/catkin_ws/install/ssafy_msgs/include/ssafy_msgs/msg/b_box__rosidl_typesupport_connext_c.h
[8.296s] -- Up-to-date: C:/Users/SSAFY/Desktop/S10P22A209/catkin_ws/install/ssafy_msgs/include/ssafy_msgs/msg/custom_object_info__rosidl_typesupport_connext_c.h
[8.296s] -- Up-to-date: C:/Users/SSAFY/Desktop/S10P22A209/catkin_ws/install/ssafy_msgs/include/ssafy_msgs/msg/dds_connext
[8.296s] -- Up-to-date: C:/Users/SSAFY/Desktop/S10P22A209/catkin_ws/install/ssafy_msgs/include/ssafy_msgs/msg/enviroment_status__rosidl_typesupport_connext_c.h
[8.296s] -- Up-to-date: C:/Users/SSAFY/Desktop/S10P22A209/catkin_ws/install/ssafy_msgs/include/ssafy_msgs/msg/hand_control__rosidl_typesupport_connext_c.h
[8.296s] -- Up-to-date: C:/Users/SSAFY/Desktop/S10P22A209/catkin_ws/install/ssafy_msgs/include/ssafy_msgs/msg/num__rosidl_typesupport_connext_c.h
[8.296s] -- Up-to-date: C:/Users/SSAFY/Desktop/S10P22A209/catkin_ws/install/ssafy_msgs/include/ssafy_msgs/msg/object_info__rosidl_typesupport_connext_c.h
[8.296s] -- Up-to-date: C:/Users/SSAFY/Desktop/S10P22A209/catkin_ws/install/ssafy_msgs/include/ssafy_msgs/msg/rosidl_typesupport_connext_c__visibility_control.h
[8.296s] -- Up-to-date: C:/Users/SSAFY/Desktop/S10P22A209/catkin_ws/install/ssafy_msgs/include/ssafy_msgs/msg/turtlebot_status__rosidl_typesupport_connext_c.h
[8.296s] -- Up-to-date: C:/Users/SSAFY/Desktop/S10P22A209/catkin_ws/install/ssafy_msgs/lib/ssafy_msgs__rosidl_typesupport_connext_c.lib
[8.296s] -- Up-to-date: C:/Users/SSAFY/Desktop/S10P22A209/catkin_ws/install/ssafy_msgs/bin/ssafy_msgs__rosidl_typesupport_connext_c.dll
[8.296s] -- Up-to-date: C:/Users/SSAFY/Desktop/S10P22A209/catkin_ws/install/ssafy_msgs/include/ssafy_msgs
[8.296s] -- Up-to-date: C:/Users/SSAFY/Desktop/S10P22A209/catkin_ws/install/ssafy_msgs/include/ssafy_msgs/msg
[8.296s] -- Up-to-date: C:/Users/SSAFY/Desktop/S10P22A209/catkin_ws/install/ssafy_msgs/include/ssafy_msgs/msg/b_box.h
[8.296s] -- Up-to-date: C:/Users/SSAFY/Desktop/S10P22A209/catkin_ws/install/ssafy_msgs/include/ssafy_msgs/msg/b_box__functions.c
[8.296s] -- Up-to-date: C:/Users/SSAFY/Desktop/S10P22A209/catkin_ws/install/ssafy_msgs/include/ssafy_msgs/msg/b_box__functions.h
[8.296s] -- Up-to-date: C:/Users/SSAFY/Desktop/S10P22A209/catkin_ws/install/ssafy_msgs/include/ssafy_msgs/msg/b_box__struct.h
[8.296s] -- Up-to-date: C:/Users/SSAFY/Desktop/S10P22A209/catkin_ws/install/ssafy_msgs/include/ssafy_msgs/msg/b_box__type_support.h
[8.296s] -- Up-to-date: C:/Users/SSAFY/Desktop/S10P22A209/catkin_ws/install/ssafy_msgs/include/ssafy_msgs/msg/custom_object_info.h
[8.296s] -- Up-to-date: C:/Users/SSAFY/Desktop/S10P22A209/catkin_ws/install/ssafy_msgs/include/ssafy_msgs/msg/custom_object_info__functions.c
[8.296s] -- Up-to-date: C:/Users/SSAFY/Desktop/S10P22A209/catkin_ws/install/ssafy_msgs/include/ssafy_msgs/msg/custom_object_info__functions.h
[8.296s] -- Up-to-date: C:/Users/SSAFY/Desktop/S10P22A209/catkin_ws/install/ssafy_msgs/include/ssafy_msgs/msg/custom_object_info__struct.h
[8.296s] -- Up-to-date: C:/Users/SSAFY/Desktop/S10P22A209/catkin_ws/install/ssafy_msgs/include/ssafy_msgs/msg/custom_object_info__type_support.h
[8.296s] -- Up-to-date: C:/Users/SSAFY/Desktop/S10P22A209/catkin_ws/install/ssafy_msgs/include/ssafy_msgs/msg/enviroment_status.h
[8.312s] -- Up-to-date: C:/Users/SSAFY/Desktop/S10P22A209/catkin_ws/install/ssafy_msgs/include/ssafy_msgs/msg/enviroment_status__functions.c
[8.312s] -- Up-to-date: C:/Users/SSAFY/Desktop/S10P22A209/catkin_ws/install/ssafy_msgs/include/ssafy_msgs/msg/enviroment_status__functions.h
[8.312s] -- Up-to-date: C:/Users/SSAFY/Desktop/S10P22A209/catkin_ws/install/ssafy_msgs/include/ssafy_msgs/msg/enviroment_status__struct.h
[8.312s] -- Up-to-date: C:/Users/SSAFY/Desktop/S10P22A209/catkin_ws/install/ssafy_msgs/include/ssafy_msgs/msg/enviroment_status__type_support.h
[8.312s] -- Up-to-date: C:/Users/SSAFY/Desktop/S10P22A209/catkin_ws/install/ssafy_msgs/include/ssafy_msgs/msg/hand_control.h
[8.312s] -- Up-to-date: C:/Users/SSAFY/Desktop/S10P22A209/catkin_ws/install/ssafy_msgs/include/ssafy_msgs/msg/hand_control__functions.c
[8.312s] -- Up-to-date: C:/Users/SSAFY/Desktop/S10P22A209/catkin_ws/install/ssafy_msgs/include/ssafy_msgs/msg/hand_control__functions.h
[8.312s] -- Up-to-date: C:/Users/SSAFY/Desktop/S10P22A209/catkin_ws/install/ssafy_msgs/include/ssafy_msgs/msg/hand_control__struct.h
[8.312s] -- Up-to-date: C:/Users/SSAFY/Desktop/S10P22A209/catkin_ws/install/ssafy_msgs/include/ssafy_msgs/msg/hand_control__type_support.h
[8.312s] -- Up-to-date: C:/Users/SSAFY/Desktop/S10P22A209/catkin_ws/install/ssafy_msgs/include/ssafy_msgs/msg/num.h
[8.312s] -- Up-to-date: C:/Users/SSAFY/Desktop/S10P22A209/catkin_ws/install/ssafy_msgs/include/ssafy_msgs/msg/num__functions.c
[8.312s] -- Up-to-date: C:/Users/SSAFY/Desktop/S10P22A209/catkin_ws/install/ssafy_msgs/include/ssafy_msgs/msg/num__functions.h
[8.312s] -- Up-to-date: C:/Users/SSAFY/Desktop/S10P22A209/catkin_ws/install/ssafy_msgs/include/ssafy_msgs/msg/num__struct.h
[8.312s] -- Up-to-date: C:/Users/SSAFY/Desktop/S10P22A209/catkin_ws/install/ssafy_msgs/include/ssafy_msgs/msg/num__type_support.h
[8.312s] -- Up-to-date: C:/Users/SSAFY/Desktop/S10P22A209/catkin_ws/install/ssafy_msgs/include/ssafy_msgs/msg/object_info.h
[8.312s] -- Up-to-date: C:/Users/SSAFY/Desktop/S10P22A209/catkin_ws/install/ssafy_msgs/include/ssafy_msgs/msg/object_info__functions.c
[8.312s] -- Up-to-date: C:/Users/SSAFY/Desktop/S10P22A209/catkin_ws/install/ssafy_msgs/include/ssafy_msgs/msg/object_info__functions.h
[8.312s] -- Up-to-date: C:/Users/SSAFY/Desktop/S10P22A209/catkin_ws/install/ssafy_msgs/include/ssafy_msgs/msg/object_info__struct.h
[8.312s] -- Up-to-date: C:/Users/SSAFY/Desktop/S10P22A209/catkin_ws/install/ssafy_msgs/include/ssafy_msgs/msg/object_info__type_support.h
[8.312s] -- Up-to-date: C:/Users/SSAFY/Desktop/S10P22A209/catkin_ws/install/ssafy_msgs/include/ssafy_msgs/msg/rosidl_generator_c__visibility_control.h
[8.312s] -- Up-to-date: C:/Users/SSAFY/Desktop/S10P22A209/catkin_ws/install/ssafy_msgs/include/ssafy_msgs/msg/turtlebot_status.h
[8.312s] -- Up-to-date: C:/Users/SSAFY/Desktop/S10P22A209/catkin_ws/install/ssafy_msgs/include/ssafy_msgs/msg/turtlebot_status__functions.c
[8.312s] -- Up-to-date: C:/Users/SSAFY/Desktop/S10P22A209/catkin_ws/install/ssafy_msgs/include/ssafy_msgs/msg/turtlebot_status__functions.h
[8.312s] -- Up-to-date: C:/Users/SSAFY/Desktop/S10P22A209/catkin_ws/install/ssafy_msgs/include/ssafy_msgs/msg/turtlebot_status__struct.h
[8.312s] -- Up-to-date: C:/Users/SSAFY/Desktop/S10P22A209/catkin_ws/install/ssafy_msgs/include/ssafy_msgs/msg/turtlebot_status__type_support.h
[8.312s] -- Up-to-date: C:/Users/SSAFY/Desktop/S10P22A209/catkin_ws/install/ssafy_msgs/lib/ssafy_msgs__rosidl_generator_c.lib
[8.312s] -- Up-to-date: C:/Users/SSAFY/Desktop/S10P22A209/catkin_ws/install/ssafy_msgs/bin/ssafy_msgs__rosidl_generator_c.dll
[8.312s] -- Up-to-date: C:/Users/SSAFY/Desktop/S10P22A209/catkin_ws/install/ssafy_msgs/share/ssafy_msgs/msg/dds_connext
[8.312s] -- Up-to-date: C:/Users/SSAFY/Desktop/S10P22A209/catkin_ws/install/ssafy_msgs/share/ssafy_msgs/msg/dds_connext/BBox_.idl
[8.312s] -- Up-to-date: C:/Users/SSAFY/Desktop/S10P22A209/catkin_ws/install/ssafy_msgs/share/ssafy_msgs/msg/dds_connext/CustomObjectInfo_.idl
[8.312s] -- Up-to-date: C:/Users/SSAFY/Desktop/S10P22A209/catkin_ws/install/ssafy_msgs/share/ssafy_msgs/msg/dds_connext/EnviromentStatus_.idl
[8.312s] -- Up-to-date: C:/Users/SSAFY/Desktop/S10P22A209/catkin_ws/install/ssafy_msgs/share/ssafy_msgs/msg/dds_connext/HandControl_.idl
[8.312s] -- Up-to-date: C:/Users/SSAFY/Desktop/S10P22A209/catkin_ws/install/ssafy_msgs/share/ssafy_msgs/msg/dds_connext/Num_.idl
[8.312s] -- Up-to-date: C:/Users/SSAFY/Desktop/S10P22A209/catkin_ws/install/ssafy_msgs/share/ssafy_msgs/msg/dds_connext/ObjectInfo_.idl
[8.312s] -- Up-to-date: C:/Users/SSAFY/Desktop/S10P22A209/catkin_ws/install/ssafy_msgs/share/ssafy_msgs/msg/dds_connext/TurtlebotStatus_.idl
[8.312s] -- Up-to-date: C:/Users/SSAFY/Desktop/S10P22A209/catkin_ws/install/ssafy_msgs/include/ssafy_msgs
[8.312s] -- Up-to-date: C:/Users/SSAFY/Desktop/S10P22A209/catkin_ws/install/ssafy_msgs/include/ssafy_msgs/msg
[8.312s] -- Up-to-date: C:/Users/SSAFY/Desktop/S10P22A209/catkin_ws/install/ssafy_msgs/include/ssafy_msgs/msg/b_box__rosidl_typesupport_connext_cpp.hpp
[8.312s] -- Up-to-date: C:/Users/SSAFY/Desktop/S10P22A209/catkin_ws/install/ssafy_msgs/include/ssafy_msgs/msg/custom_object_info__rosidl_typesupport_connext_cpp.hpp
[8.312s] -- Up-to-date: C:/Users/SSAFY/Desktop/S10P22A209/catkin_ws/install/ssafy_msgs/include/ssafy_msgs/msg/dds_connext
[8.312s] -- Up-to-date: C:/Users/SSAFY/Desktop/S10P22A209/catkin_ws/install/ssafy_msgs/include/ssafy_msgs/msg/dds_connext/BBox_.cxx
[8.312s] -- Up-to-date: C:/Users/SSAFY/Desktop/S10P22A209/catkin_ws/install/ssafy_msgs/include/ssafy_msgs/msg/dds_connext/BBox_.h
[8.312s] -- Up-to-date: C:/Users/SSAFY/Desktop/S10P22A209/catkin_ws/install/ssafy_msgs/include/ssafy_msgs/msg/dds_connext/BBox_Plugin.cxx
[8.312s] -- Up-to-date: C:/Users/SSAFY/Desktop/S10P22A209/catkin_ws/install/ssafy_msgs/include/ssafy_msgs/msg/dds_connext/BBox_Plugin.h
[8.312s] -- Up-to-date: C:/Users/SSAFY/Desktop/S10P22A209/catkin_ws/install/ssafy_msgs/include/ssafy_msgs/msg/dds_connext/BBox_Support.cxx
[8.312s] -- Up-to-date: C:/Users/SSAFY/Desktop/S10P22A209/catkin_ws/install/ssafy_msgs/include/ssafy_msgs/msg/dds_connext/BBox_Support.h
[8.328s] -- Up-to-date: C:/Users/SSAFY/Desktop/S10P22A209/catkin_ws/install/ssafy_msgs/include/ssafy_msgs/msg/dds_connext/CustomObjectInfo_.cxx
[8.328s] -- Up-to-date: C:/Users/SSAFY/Desktop/S10P22A209/catkin_ws/install/ssafy_msgs/include/ssafy_msgs/msg/dds_connext/CustomObjectInfo_.h
[8.328s] -- Up-to-date: C:/Users/SSAFY/Desktop/S10P22A209/catkin_ws/install/ssafy_msgs/include/ssafy_msgs/msg/dds_connext/CustomObjectInfo_Plugin.cxx
[8.328s] -- Up-to-date: C:/Users/SSAFY/Desktop/S10P22A209/catkin_ws/install/ssafy_msgs/include/ssafy_msgs/msg/dds_connext/CustomObjectInfo_Plugin.h
[8.328s] -- Up-to-date: C:/Users/SSAFY/Desktop/S10P22A209/catkin_ws/install/ssafy_msgs/include/ssafy_msgs/msg/dds_connext/CustomObjectInfo_Support.cxx
[8.328s] -- Up-to-date: C:/Users/SSAFY/Desktop/S10P22A209/catkin_ws/install/ssafy_msgs/include/ssafy_msgs/msg/dds_connext/CustomObjectInfo_Support.h
[8.328s] -- Up-to-date: C:/Users/SSAFY/Desktop/S10P22A209/catkin_ws/install/ssafy_msgs/include/ssafy_msgs/msg/dds_connext/EnviromentStatus_.cxx
[8.328s] -- Up-to-date: C:/Users/SSAFY/Desktop/S10P22A209/catkin_ws/install/ssafy_msgs/include/ssafy_msgs/msg/dds_connext/EnviromentStatus_.h
[8.328s] -- Up-to-date: C:/Users/SSAFY/Desktop/S10P22A209/catkin_ws/install/ssafy_msgs/include/ssafy_msgs/msg/dds_connext/EnviromentStatus_Plugin.cxx
[8.328s] -- Up-to-date: C:/Users/SSAFY/Desktop/S10P22A209/catkin_ws/install/ssafy_msgs/include/ssafy_msgs/msg/dds_connext/EnviromentStatus_Plugin.h
[8.328s] -- Up-to-date: C:/Users/SSAFY/Desktop/S10P22A209/catkin_ws/install/ssafy_msgs/include/ssafy_msgs/msg/dds_connext/EnviromentStatus_Support.cxx
[8.328s] -- Up-to-date: C:/Users/SSAFY/Desktop/S10P22A209/catkin_ws/install/ssafy_msgs/include/ssafy_msgs/msg/dds_connext/EnviromentStatus_Support.h
[8.328s] -- Up-to-date: C:/Users/SSAFY/Desktop/S10P22A209/catkin_ws/install/ssafy_msgs/include/ssafy_msgs/msg/dds_connext/HandControl_.cxx
[8.328s] -- Up-to-date: C:/Users/SSAFY/Desktop/S10P22A209/catkin_ws/install/ssafy_msgs/include/ssafy_msgs/msg/dds_connext/HandControl_.h
[8.328s] -- Up-to-date: C:/Users/SSAFY/Desktop/S10P22A209/catkin_ws/install/ssafy_msgs/include/ssafy_msgs/msg/dds_connext/HandControl_Plugin.cxx
[8.328s] -- Up-to-date: C:/Users/SSAFY/Desktop/S10P22A209/catkin_ws/install/ssafy_msgs/include/ssafy_msgs/msg/dds_connext/HandControl_Plugin.h
[8.328s] -- Up-to-date: C:/Users/SSAFY/Desktop/S10P22A209/catkin_ws/install/ssafy_msgs/include/ssafy_msgs/msg/dds_connext/HandControl_Support.cxx
[8.328s] -- Up-to-date: C:/Users/SSAFY/Desktop/S10P22A209/catkin_ws/install/ssafy_msgs/include/ssafy_msgs/msg/dds_connext/HandControl_Support.h
[8.328s] -- Up-to-date: C:/Users/SSAFY/Desktop/S10P22A209/catkin_ws/install/ssafy_msgs/include/ssafy_msgs/msg/dds_connext/Num_.cxx
[8.328s] -- Up-to-date: C:/Users/SSAFY/Desktop/S10P22A209/catkin_ws/install/ssafy_msgs/include/ssafy_msgs/msg/dds_connext/Num_.h
[8.328s] -- Up-to-date: C:/Users/SSAFY/Desktop/S10P22A209/catkin_ws/install/ssafy_msgs/include/ssafy_msgs/msg/dds_connext/Num_Plugin.cxx
[8.328s] -- Up-to-date: C:/Users/SSAFY/Desktop/S10P22A209/catkin_ws/install/ssafy_msgs/include/ssafy_msgs/msg/dds_connext/Num_Plugin.h
[8.328s] -- Up-to-date: C:/Users/SSAFY/Desktop/S10P22A209/catkin_ws/install/ssafy_msgs/include/ssafy_msgs/msg/dds_connext/Num_Support.cxx
[8.328s] -- Up-to-date: C:/Users/SSAFY/Desktop/S10P22A209/catkin_ws/install/ssafy_msgs/include/ssafy_msgs/msg/dds_connext/Num_Support.h
[8.328s] -- Up-to-date: C:/Users/SSAFY/Desktop/S10P22A209/catkin_ws/install/ssafy_msgs/include/ssafy_msgs/msg/dds_connext/ObjectInfo_.cxx
[8.328s] -- Up-to-date: C:/Users/SSAFY/Desktop/S10P22A209/catkin_ws/install/ssafy_msgs/include/ssafy_msgs/msg/dds_connext/ObjectInfo_.h
[8.328s] -- Up-to-date: C:/Users/SSAFY/Desktop/S10P22A209/catkin_ws/install/ssafy_msgs/include/ssafy_msgs/msg/dds_connext/ObjectInfo_Plugin.cxx
[8.328s] -- Up-to-date: C:/Users/SSAFY/Desktop/S10P22A209/catkin_ws/install/ssafy_msgs/include/ssafy_msgs/msg/dds_connext/ObjectInfo_Plugin.h
[8.328s] -- Up-to-date: C:/Users/SSAFY/Desktop/S10P22A209/catkin_ws/install/ssafy_msgs/include/ssafy_msgs/msg/dds_connext/ObjectInfo_Support.cxx
[8.328s] -- Up-to-date: C:/Users/SSAFY/Desktop/S10P22A209/catkin_ws/install/ssafy_msgs/include/ssafy_msgs/msg/dds_connext/ObjectInfo_Support.h
[8.328s] -- Up-to-date: C:/Users/SSAFY/Desktop/S10P22A209/catkin_ws/install/ssafy_msgs/include/ssafy_msgs/msg/dds_connext/TurtlebotStatus_.cxx
[8.328s] -- Up-to-date: C:/Users/SSAFY/Desktop/S10P22A209/catkin_ws/install/ssafy_msgs/include/ssafy_msgs/msg/dds_connext/TurtlebotStatus_.h
[8.328s] -- Up-to-date: C:/Users/SSAFY/Desktop/S10P22A209/catkin_ws/install/ssafy_msgs/include/ssafy_msgs/msg/dds_connext/TurtlebotStatus_Plugin.cxx
[8.328s] -- Up-to-date: C:/Users/SSAFY/Desktop/S10P22A209/catkin_ws/install/ssafy_msgs/include/ssafy_msgs/msg/dds_connext/TurtlebotStatus_Plugin.h
[8.328s] -- Up-to-date: C:/Users/SSAFY/Desktop/S10P22A209/catkin_ws/install/ssafy_msgs/include/ssafy_msgs/msg/dds_connext/TurtlebotStatus_Support.cxx
[8.328s] -- Up-to-date: C:/Users/SSAFY/Desktop/S10P22A209/catkin_ws/install/ssafy_msgs/include/ssafy_msgs/msg/dds_connext/TurtlebotStatus_Support.h
[8.328s] -- Up-to-date: C:/Users/SSAFY/Desktop/S10P22A209/catkin_ws/install/ssafy_msgs/include/ssafy_msgs/msg/enviroment_status__rosidl_typesupport_connext_cpp.hpp
[8.328s] -- Up-to-date: C:/Users/SSAFY/Desktop/S10P22A209/catkin_ws/install/ssafy_msgs/include/ssafy_msgs/msg/hand_control__rosidl_typesupport_connext_cpp.hpp
[8.328s] -- Up-to-date: C:/Users/SSAFY/Desktop/S10P22A209/catkin_ws/install/ssafy_msgs/include/ssafy_msgs/msg/num__rosidl_typesupport_connext_cpp.hpp
[8.328s] -- Up-to-date: C:/Users/SSAFY/Desktop/S10P22A209/catkin_ws/install/ssafy_msgs/include/ssafy_msgs/msg/object_info__rosidl_typesupport_connext_cpp.hpp
[8.328s] -- Up-to-date: C:/Users/SSAFY/Desktop/S10P22A209/catkin_ws/install/ssafy_msgs/include/ssafy_msgs/msg/rosidl_typesupport_connext_cpp__visibility_control.h
[8.343s] -- Up-to-date: C:/Users/SSAFY/Desktop/S10P22A209/catkin_ws/install/ssafy_msgs/include/ssafy_msgs/msg/turtlebot_status__rosidl_typesupport_connext_cpp.hpp
[8.343s] -- Up-to-date: C:/Users/SSAFY/Desktop/S10P22A209/catkin_ws/install/ssafy_msgs/lib/ssafy_msgs__rosidl_typesupport_connext_cpp.lib
[8.343s] -- Up-to-date: C:/Users/SSAFY/Desktop/S10P22A209/catkin_ws/install/ssafy_msgs/bin/ssafy_msgs__rosidl_typesupport_connext_cpp.dll
[8.343s] -- Up-to-date: C:/Users/SSAFY/Desktop/S10P22A209/catkin_ws/install/ssafy_msgs/include/ssafy_msgs
[8.343s] -- Up-to-date: C:/Users/SSAFY/Desktop/S10P22A209/catkin_ws/install/ssafy_msgs/include/ssafy_msgs/msg
[8.343s] -- Up-to-date: C:/Users/SSAFY/Desktop/S10P22A209/catkin_ws/install/ssafy_msgs/include/ssafy_msgs/msg/b_box.hpp
[8.343s] -- Up-to-date: C:/Users/SSAFY/Desktop/S10P22A209/catkin_ws/install/ssafy_msgs/include/ssafy_msgs/msg/b_box__struct.hpp
[8.343s] -- Up-to-date: C:/Users/SSAFY/Desktop/S10P22A209/catkin_ws/install/ssafy_msgs/include/ssafy_msgs/msg/b_box__traits.hpp
[8.343s] -- Up-to-date: C:/Users/SSAFY/Desktop/S10P22A209/catkin_ws/install/ssafy_msgs/include/ssafy_msgs/msg/custom_object_info.hpp
[8.343s] -- Up-to-date: C:/Users/SSAFY/Desktop/S10P22A209/catkin_ws/install/ssafy_msgs/include/ssafy_msgs/msg/custom_object_info__struct.hpp
[8.343s] -- Up-to-date: C:/Users/SSAFY/Desktop/S10P22A209/catkin_ws/install/ssafy_msgs/include/ssafy_msgs/msg/custom_object_info__traits.hpp
[8.343s] -- Up-to-date: C:/Users/SSAFY/Desktop/S10P22A209/catkin_ws/install/ssafy_msgs/include/ssafy_msgs/msg/enviroment_status.hpp
[8.343s] -- Up-to-date: C:/Users/SSAFY/Desktop/S10P22A209/catkin_ws/install/ssafy_msgs/include/ssafy_msgs/msg/enviroment_status__struct.hpp
[8.343s] -- Up-to-date: C:/Users/SSAFY/Desktop/S10P22A209/catkin_ws/install/ssafy_msgs/include/ssafy_msgs/msg/enviroment_status__traits.hpp
[8.343s] -- Up-to-date: C:/Users/SSAFY/Desktop/S10P22A209/catkin_ws/install/ssafy_msgs/include/ssafy_msgs/msg/hand_control.hpp
[8.343s] -- Up-to-date: C:/Users/SSAFY/Desktop/S10P22A209/catkin_ws/install/ssafy_msgs/include/ssafy_msgs/msg/hand_control__struct.hpp
[8.343s] -- Up-to-date: C:/Users/SSAFY/Desktop/S10P22A209/catkin_ws/install/ssafy_msgs/include/ssafy_msgs/msg/hand_control__traits.hpp
[8.343s] -- Up-to-date: C:/Users/SSAFY/Desktop/S10P22A209/catkin_ws/install/ssafy_msgs/include/ssafy_msgs/msg/num.hpp
[8.343s] -- Up-to-date: C:/Users/SSAFY/Desktop/S10P22A209/catkin_ws/install/ssafy_msgs/include/ssafy_msgs/msg/num__struct.hpp
[8.343s] -- Up-to-date: C:/Users/SSAFY/Desktop/S10P22A209/catkin_ws/install/ssafy_msgs/include/ssafy_msgs/msg/num__traits.hpp
[8.343s] -- Up-to-date: C:/Users/SSAFY/Desktop/S10P22A209/catkin_ws/install/ssafy_msgs/include/ssafy_msgs/msg/object_info.hpp
[8.343s] -- Up-to-date: C:/Users/SSAFY/Desktop/S10P22A209/catkin_ws/install/ssafy_msgs/include/ssafy_msgs/msg/object_info__struct.hpp
[8.343s] -- Up-to-date: C:/Users/SSAFY/Desktop/S10P22A209/catkin_ws/install/ssafy_msgs/include/ssafy_msgs/msg/object_info__traits.hpp
[8.343s] -- Up-to-date: C:/Users/SSAFY/Desktop/S10P22A209/catkin_ws/install/ssafy_msgs/include/ssafy_msgs/msg/turtlebot_status.hpp
[8.343s] -- Up-to-date: C:/Users/SSAFY/Desktop/S10P22A209/catkin_ws/install/ssafy_msgs/include/ssafy_msgs/msg/turtlebot_status__struct.hpp
[8.343s] -- Up-to-date: C:/Users/SSAFY/Desktop/S10P22A209/catkin_ws/install/ssafy_msgs/include/ssafy_msgs/msg/turtlebot_status__traits.hpp
[8.343s] -- Up-to-date: C:/Users/SSAFY/Desktop/S10P22A209/catkin_ws/install/ssafy_msgs/include/ssafy_msgs
[8.343s] -- Up-to-date: C:/Users/SSAFY/Desktop/S10P22A209/catkin_ws/install/ssafy_msgs/include/ssafy_msgs/msg
[8.343s] -- Up-to-date: C:/Users/SSAFY/Desktop/S10P22A209/catkin_ws/install/ssafy_msgs/include/ssafy_msgs/msg/b_box__rosidl_typesupport_fastrtps_c.h
[8.343s] -- Up-to-date: C:/Users/SSAFY/Desktop/S10P22A209/catkin_ws/install/ssafy_msgs/include/ssafy_msgs/msg/custom_object_info__rosidl_typesupport_fastrtps_c.h
[8.343s] -- Up-to-date: C:/Users/SSAFY/Desktop/S10P22A209/catkin_ws/install/ssafy_msgs/include/ssafy_msgs/msg/enviroment_status__rosidl_typesupport_fastrtps_c.h
[8.343s] -- Up-to-date: C:/Users/SSAFY/Desktop/S10P22A209/catkin_ws/install/ssafy_msgs/include/ssafy_msgs/msg/hand_control__rosidl_typesupport_fastrtps_c.h
[8.343s] -- Up-to-date: C:/Users/SSAFY/Desktop/S10P22A209/catkin_ws/install/ssafy_msgs/include/ssafy_msgs/msg/num__rosidl_typesupport_fastrtps_c.h
[8.343s] -- Up-to-date: C:/Users/SSAFY/Desktop/S10P22A209/catkin_ws/install/ssafy_msgs/include/ssafy_msgs/msg/object_info__rosidl_typesupport_fastrtps_c.h
[8.343s] -- Up-to-date: C:/Users/SSAFY/Desktop/S10P22A209/catkin_ws/install/ssafy_msgs/include/ssafy_msgs/msg/rosidl_typesupport_fastrtps_c__visibility_control.h
[8.343s] -- Up-to-date: C:/Users/SSAFY/Desktop/S10P22A209/catkin_ws/install/ssafy_msgs/include/ssafy_msgs/msg/turtlebot_status__rosidl_typesupport_fastrtps_c.h
[8.343s] -- Up-to-date: C:/Users/SSAFY/Desktop/S10P22A209/catkin_ws/install/ssafy_msgs/lib/ssafy_msgs__rosidl_typesupport_fastrtps_c.lib
[8.343s] -- Up-to-date: C:/Users/SSAFY/Desktop/S10P22A209/catkin_ws/install/ssafy_msgs/bin/ssafy_msgs__rosidl_typesupport_fastrtps_c.dll
[8.343s] -- Up-to-date: C:/Users/SSAFY/Desktop/S10P22A209/catkin_ws/install/ssafy_msgs/include/ssafy_msgs
[8.343s] -- Up-to-date: C:/Users/SSAFY/Desktop/S10P22A209/catkin_ws/install/ssafy_msgs/include/ssafy_msgs/msg
[8.343s] -- Up-to-date: C:/Users/SSAFY/Desktop/S10P22A209/catkin_ws/install/ssafy_msgs/include/ssafy_msgs/msg/b_box__rosidl_typesupport_fastrtps_cpp.hpp
[8.359s] -- Up-to-date: C:/Users/SSAFY/Desktop/S10P22A209/catkin_ws/install/ssafy_msgs/include/ssafy_msgs/msg/custom_object_info__rosidl_typesupport_fastrtps_cpp.hpp
[8.359s] -- Up-to-date: C:/Users/SSAFY/Desktop/S10P22A209/catkin_ws/install/ssafy_msgs/include/ssafy_msgs/msg/dds_fastrtps
[8.359s] -- Up-to-date: C:/Users/SSAFY/Desktop/S10P22A209/catkin_ws/install/ssafy_msgs/include/ssafy_msgs/msg/enviroment_status__rosidl_typesupport_fastrtps_cpp.hpp
[8.359s] -- Up-to-date: C:/Users/SSAFY/Desktop/S10P22A209/catkin_ws/install/ssafy_msgs/include/ssafy_msgs/msg/hand_control__rosidl_typesupport_fastrtps_cpp.hpp
[8.359s] -- Up-to-date: C:/Users/SSAFY/Desktop/S10P22A209/catkin_ws/install/ssafy_msgs/include/ssafy_msgs/msg/num__rosidl_typesupport_fastrtps_cpp.hpp
[8.359s] -- Up-to-date: C:/Users/SSAFY/Desktop/S10P22A209/catkin_ws/install/ssafy_msgs/include/ssafy_msgs/msg/object_info__rosidl_typesupport_fastrtps_cpp.hpp
[8.359s] -- Up-to-date: C:/Users/SSAFY/Desktop/S10P22A209/catkin_ws/install/ssafy_msgs/include/ssafy_msgs/msg/rosidl_typesupport_fastrtps_cpp__visibility_control.h
[8.359s] -- Up-to-date: C:/Users/SSAFY/Desktop/S10P22A209/catkin_ws/install/ssafy_msgs/include/ssafy_msgs/msg/turtlebot_status__rosidl_typesupport_fastrtps_cpp.hpp
[8.359s] -- Up-to-date: C:/Users/SSAFY/Desktop/S10P22A209/catkin_ws/install/ssafy_msgs/lib/ssafy_msgs__rosidl_typesupport_fastrtps_cpp.lib
[8.359s] -- Up-to-date: C:/Users/SSAFY/Desktop/S10P22A209/catkin_ws/install/ssafy_msgs/bin/ssafy_msgs__rosidl_typesupport_fastrtps_cpp.dll
[8.359s] -- Up-to-date: C:/Users/SSAFY/Desktop/S10P22A209/catkin_ws/install/ssafy_msgs/include/ssafy_msgs
[8.359s] -- Up-to-date: C:/Users/SSAFY/Desktop/S10P22A209/catkin_ws/install/ssafy_msgs/include/ssafy_msgs/msg
[8.359s] -- Up-to-date: C:/Users/SSAFY/Desktop/S10P22A209/catkin_ws/install/ssafy_msgs/include/ssafy_msgs/msg/b_box__rosidl_typesupport_introspection_c.h
[8.359s] -- Up-to-date: C:/Users/SSAFY/Desktop/S10P22A209/catkin_ws/install/ssafy_msgs/include/ssafy_msgs/msg/b_box__type_support.c
[8.359s] -- Up-to-date: C:/Users/SSAFY/Desktop/S10P22A209/catkin_ws/install/ssafy_msgs/include/ssafy_msgs/msg/custom_object_info__rosidl_typesupport_introspection_c.h
[8.359s] -- Up-to-date: C:/Users/SSAFY/Desktop/S10P22A209/catkin_ws/install/ssafy_msgs/include/ssafy_msgs/msg/custom_object_info__type_support.c
[8.359s] -- Up-to-date: C:/Users/SSAFY/Desktop/S10P22A209/catkin_ws/install/ssafy_msgs/include/ssafy_msgs/msg/enviroment_status__rosidl_typesupport_introspection_c.h
[8.359s] -- Up-to-date: C:/Users/SSAFY/Desktop/S10P22A209/catkin_ws/install/ssafy_msgs/include/ssafy_msgs/msg/enviroment_status__type_support.c
[8.359s] -- Up-to-date: C:/Users/SSAFY/Desktop/S10P22A209/catkin_ws/install/ssafy_msgs/include/ssafy_msgs/msg/hand_control__rosidl_typesupport_introspection_c.h
[8.359s] -- Up-to-date: C:/Users/SSAFY/Desktop/S10P22A209/catkin_ws/install/ssafy_msgs/include/ssafy_msgs/msg/hand_control__type_support.c
[8.359s] -- Up-to-date: C:/Users/SSAFY/Desktop/S10P22A209/catkin_ws/install/ssafy_msgs/include/ssafy_msgs/msg/num__rosidl_typesupport_introspection_c.h
[8.359s] -- Up-to-date: C:/Users/SSAFY/Desktop/S10P22A209/catkin_ws/install/ssafy_msgs/include/ssafy_msgs/msg/num__type_support.c
[8.359s] -- Up-to-date: C:/Users/SSAFY/Desktop/S10P22A209/catkin_ws/install/ssafy_msgs/include/ssafy_msgs/msg/object_info__rosidl_typesupport_introspection_c.h
[8.359s] -- Up-to-date: C:/Users/SSAFY/Desktop/S10P22A209/catkin_ws/install/ssafy_msgs/include/ssafy_msgs/msg/object_info__type_support.c
[8.359s] -- Up-to-date: C:/Users/SSAFY/Desktop/S10P22A209/catkin_ws/install/ssafy_msgs/include/ssafy_msgs/msg/rosidl_typesupport_introspection_c__visibility_control.h
[8.359s] -- Up-to-date: C:/Users/SSAFY/Desktop/S10P22A209/catkin_ws/install/ssafy_msgs/include/ssafy_msgs/msg/turtlebot_status__rosidl_typesupport_introspection_c.h
[8.359s] -- Up-to-date: C:/Users/SSAFY/Desktop/S10P22A209/catkin_ws/install/ssafy_msgs/include/ssafy_msgs/msg/turtlebot_status__type_support.c
[8.359s] -- Up-to-date: C:/Users/SSAFY/Desktop/S10P22A209/catkin_ws/install/ssafy_msgs/lib/ssafy_msgs__rosidl_typesupport_introspection_c.lib
[8.359s] -- Up-to-date: C:/Users/SSAFY/Desktop/S10P22A209/catkin_ws/install/ssafy_msgs/bin/ssafy_msgs__rosidl_typesupport_introspection_c.dll
[8.359s] -- Up-to-date: C:/Users/SSAFY/Desktop/S10P22A209/catkin_ws/install/ssafy_msgs/include/ssafy_msgs
[8.359s] -- Up-to-date: C:/Users/SSAFY/Desktop/S10P22A209/catkin_ws/install/ssafy_msgs/include/ssafy_msgs/msg
[8.359s] -- Up-to-date: C:/Users/SSAFY/Desktop/S10P22A209/catkin_ws/install/ssafy_msgs/include/ssafy_msgs/msg/b_box__rosidl_typesupport_opensplice_c.h
[8.359s] -- Up-to-date: C:/Users/SSAFY/Desktop/S10P22A209/catkin_ws/install/ssafy_msgs/include/ssafy_msgs/msg/custom_object_info__rosidl_typesupport_opensplice_c.h
[8.359s] -- Up-to-date: C:/Users/SSAFY/Desktop/S10P22A209/catkin_ws/install/ssafy_msgs/include/ssafy_msgs/msg/dds_opensplice_c
[8.359s] -- Up-to-date: C:/Users/SSAFY/Desktop/S10P22A209/catkin_ws/install/ssafy_msgs/include/ssafy_msgs/msg/enviroment_status__rosidl_typesupport_opensplice_c.h
[8.359s] -- Up-to-date: C:/Users/SSAFY/Desktop/S10P22A209/catkin_ws/install/ssafy_msgs/include/ssafy_msgs/msg/hand_control__rosidl_typesupport_opensplice_c.h
[8.359s] -- Up-to-date: C:/Users/SSAFY/Desktop/S10P22A209/catkin_ws/install/ssafy_msgs/include/ssafy_msgs/msg/num__rosidl_typesupport_opensplice_c.h
[8.359s] -- Up-to-date: C:/Users/SSAFY/Desktop/S10P22A209/catkin_ws/install/ssafy_msgs/include/ssafy_msgs/msg/object_info__rosidl_typesupport_opensplice_c.h
[8.359s] -- Up-to-date: C:/Users/SSAFY/Desktop/S10P22A209/catkin_ws/install/ssafy_msgs/include/ssafy_msgs/msg/rosidl_typesupport_opensplice_c__visibility_control.h
[8.359s] -- Up-to-date: C:/Users/SSAFY/Desktop/S10P22A209/catkin_ws/install/ssafy_msgs/include/ssafy_msgs/msg/turtlebot_status__rosidl_typesupport_opensplice_c.h
[8.359s] -- Up-to-date: C:/Users/SSAFY/Desktop/S10P22A209/catkin_ws/install/ssafy_msgs/lib/ssafy_msgs__rosidl_typesupport_opensplice_c.lib
[8.359s] -- Up-to-date: C:/Users/SSAFY/Desktop/S10P22A209/catkin_ws/install/ssafy_msgs/bin/ssafy_msgs__rosidl_typesupport_opensplice_c.dll
[8.375s] -- Up-to-date: C:/Users/SSAFY/Desktop/S10P22A209/catkin_ws/install/ssafy_msgs/share/ssafy_msgs/msg/dds_opensplice
[8.375s] -- Up-to-date: C:/Users/SSAFY/Desktop/S10P22A209/catkin_ws/install/ssafy_msgs/share/ssafy_msgs/msg/dds_opensplice/BBox_.idl
[8.375s] -- Up-to-date: C:/Users/SSAFY/Desktop/S10P22A209/catkin_ws/install/ssafy_msgs/share/ssafy_msgs/msg/dds_opensplice/CustomObjectInfo_.idl
[8.375s] -- Up-to-date: C:/Users/SSAFY/Desktop/S10P22A209/catkin_ws/install/ssafy_msgs/share/ssafy_msgs/msg/dds_opensplice/EnviromentStatus_.idl
[8.375s] -- Up-to-date: C:/Users/SSAFY/Desktop/S10P22A209/catkin_ws/install/ssafy_msgs/share/ssafy_msgs/msg/dds_opensplice/HandControl_.idl
[8.375s] -- Up-to-date: C:/Users/SSAFY/Desktop/S10P22A209/catkin_ws/install/ssafy_msgs/share/ssafy_msgs/msg/dds_opensplice/Num_.idl
[8.375s] -- Up-to-date: C:/Users/SSAFY/Desktop/S10P22A209/catkin_ws/install/ssafy_msgs/share/ssafy_msgs/msg/dds_opensplice/ObjectInfo_.idl
[8.375s] -- Up-to-date: C:/Users/SSAFY/Desktop/S10P22A209/catkin_ws/install/ssafy_msgs/share/ssafy_msgs/msg/dds_opensplice/TurtlebotStatus_.idl
[8.375s] -- Up-to-date: C:/Users/SSAFY/Desktop/S10P22A209/catkin_ws/install/ssafy_msgs/include/ssafy_msgs
[8.375s] -- Up-to-date: C:/Users/SSAFY/Desktop/S10P22A209/catkin_ws/install/ssafy_msgs/include/ssafy_msgs/msg
[8.375s] -- Up-to-date: C:/Users/SSAFY/Desktop/S10P22A209/catkin_ws/install/ssafy_msgs/include/ssafy_msgs/msg/b_box__rosidl_typesupport_opensplice_cpp.hpp
[8.375s] -- Up-to-date: C:/Users/SSAFY/Desktop/S10P22A209/catkin_ws/install/ssafy_msgs/include/ssafy_msgs/msg/custom_object_info__rosidl_typesupport_opensplice_cpp.hpp
[8.375s] -- Up-to-date: C:/Users/SSAFY/Desktop/S10P22A209/catkin_ws/install/ssafy_msgs/include/ssafy_msgs/msg/dds_opensplice
[8.375s] -- Up-to-date: C:/Users/SSAFY/Desktop/S10P22A209/catkin_ws/install/ssafy_msgs/include/ssafy_msgs/msg/dds_opensplice/BBox_.h
[8.375s] -- Up-to-date: C:/Users/SSAFY/Desktop/S10P22A209/catkin_ws/install/ssafy_msgs/include/ssafy_msgs/msg/dds_opensplice/BBox_Dcps.h
[8.375s] -- Up-to-date: C:/Users/SSAFY/Desktop/S10P22A209/catkin_ws/install/ssafy_msgs/include/ssafy_msgs/msg/dds_opensplice/BBox_Dcps_impl.h
[8.375s] -- Up-to-date: C:/Users/SSAFY/Desktop/S10P22A209/catkin_ws/install/ssafy_msgs/include/ssafy_msgs/msg/dds_opensplice/BBox_SplDcps.h
[8.375s] -- Up-to-date: C:/Users/SSAFY/Desktop/S10P22A209/catkin_ws/install/ssafy_msgs/include/ssafy_msgs/msg/dds_opensplice/ccpp_BBox_.h
[8.375s] -- Up-to-date: C:/Users/SSAFY/Desktop/S10P22A209/catkin_ws/install/ssafy_msgs/include/ssafy_msgs/msg/dds_opensplice/ccpp_CustomObjectInfo_.h
[8.375s] -- Up-to-date: C:/Users/SSAFY/Desktop/S10P22A209/catkin_ws/install/ssafy_msgs/include/ssafy_msgs/msg/dds_opensplice/ccpp_EnviromentStatus_.h
[8.375s] -- Up-to-date: C:/Users/SSAFY/Desktop/S10P22A209/catkin_ws/install/ssafy_msgs/include/ssafy_msgs/msg/dds_opensplice/ccpp_HandControl_.h
[8.375s] -- Up-to-date: C:/Users/SSAFY/Desktop/S10P22A209/catkin_ws/install/ssafy_msgs/include/ssafy_msgs/msg/dds_opensplice/ccpp_Num_.h
[8.375s] -- Up-to-date: C:/Users/SSAFY/Desktop/S10P22A209/catkin_ws/install/ssafy_msgs/include/ssafy_msgs/msg/dds_opensplice/ccpp_ObjectInfo_.h
[8.375s] -- Up-to-date: C:/Users/SSAFY/Desktop/S10P22A209/catkin_ws/install/ssafy_msgs/include/ssafy_msgs/msg/dds_opensplice/ccpp_TurtlebotStatus_.h
[8.375s] -- Up-to-date: C:/Users/SSAFY/Desktop/S10P22A209/catkin_ws/install/ssafy_msgs/include/ssafy_msgs/msg/dds_opensplice/CustomObjectInfo_.h
[8.375s] -- Up-to-date: C:/Users/SSAFY/Desktop/S10P22A209/catkin_ws/install/ssafy_msgs/include/ssafy_msgs/msg/dds_opensplice/CustomObjectInfo_Dcps.h
[8.375s] -- Up-to-date: C:/Users/SSAFY/Desktop/S10P22A209/catkin_ws/install/ssafy_msgs/include/ssafy_msgs/msg/dds_opensplice/CustomObjectInfo_Dcps_impl.h
[8.375s] -- Up-to-date: C:/Users/SSAFY/Desktop/S10P22A209/catkin_ws/install/ssafy_msgs/include/ssafy_msgs/msg/dds_opensplice/CustomObjectInfo_SplDcps.h
[8.375s] -- Up-to-date: C:/Users/SSAFY/Desktop/S10P22A209/catkin_ws/install/ssafy_msgs/include/ssafy_msgs/msg/dds_opensplice/EnviromentStatus_.h
[8.375s] -- Up-to-date: C:/Users/SSAFY/Desktop/S10P22A209/catkin_ws/install/ssafy_msgs/include/ssafy_msgs/msg/dds_opensplice/EnviromentStatus_Dcps.h
[8.375s] -- Up-to-date: C:/Users/SSAFY/Desktop/S10P22A209/catkin_ws/install/ssafy_msgs/include/ssafy_msgs/msg/dds_opensplice/EnviromentStatus_Dcps_impl.h
[8.375s] -- Up-to-date: C:/Users/SSAFY/Desktop/S10P22A209/catkin_ws/install/ssafy_msgs/include/ssafy_msgs/msg/dds_opensplice/EnviromentStatus_SplDcps.h
[8.375s] -- Up-to-date: C:/Users/SSAFY/Desktop/S10P22A209/catkin_ws/install/ssafy_msgs/include/ssafy_msgs/msg/dds_opensplice/HandControl_.h
[8.375s] -- Up-to-date: C:/Users/SSAFY/Desktop/S10P22A209/catkin_ws/install/ssafy_msgs/include/ssafy_msgs/msg/dds_opensplice/HandControl_Dcps.h
[8.375s] -- Up-to-date: C:/Users/SSAFY/Desktop/S10P22A209/catkin_ws/install/ssafy_msgs/include/ssafy_msgs/msg/dds_opensplice/HandControl_Dcps_impl.h
[8.375s] -- Up-to-date: C:/Users/SSAFY/Desktop/S10P22A209/catkin_ws/install/ssafy_msgs/include/ssafy_msgs/msg/dds_opensplice/HandControl_SplDcps.h
[8.375s] -- Up-to-date: C:/Users/SSAFY/Desktop/S10P22A209/catkin_ws/install/ssafy_msgs/include/ssafy_msgs/msg/dds_opensplice/Num_.h
[8.375s] -- Up-to-date: C:/Users/SSAFY/Desktop/S10P22A209/catkin_ws/install/ssafy_msgs/include/ssafy_msgs/msg/dds_opensplice/Num_Dcps.h
[8.375s] -- Up-to-date: C:/Users/SSAFY/Desktop/S10P22A209/catkin_ws/install/ssafy_msgs/include/ssafy_msgs/msg/dds_opensplice/Num_Dcps_impl.h
[8.375s] -- Up-to-date: C:/Users/SSAFY/Desktop/S10P22A209/catkin_ws/install/ssafy_msgs/include/ssafy_msgs/msg/dds_opensplice/Num_SplDcps.h
[8.375s] -- Up-to-date: C:/Users/SSAFY/Desktop/S10P22A209/catkin_ws/install/ssafy_msgs/include/ssafy_msgs/msg/dds_opensplice/ObjectInfo_.h
[8.375s] -- Up-to-date: C:/Users/SSAFY/Desktop/S10P22A209/catkin_ws/install/ssafy_msgs/include/ssafy_msgs/msg/dds_opensplice/ObjectInfo_Dcps.h
[8.390s] -- Up-to-date: C:/Users/SSAFY/Desktop/S10P22A209/catkin_ws/install/ssafy_msgs/include/ssafy_msgs/msg/dds_opensplice/ObjectInfo_Dcps_impl.h
[8.390s] -- Up-to-date: C:/Users/SSAFY/Desktop/S10P22A209/catkin_ws/install/ssafy_msgs/include/ssafy_msgs/msg/dds_opensplice/ObjectInfo_SplDcps.h
[8.390s] -- Up-to-date: C:/Users/SSAFY/Desktop/S10P22A209/catkin_ws/install/ssafy_msgs/include/ssafy_msgs/msg/dds_opensplice/TurtlebotStatus_.h
[8.390s] -- Up-to-date: C:/Users/SSAFY/Desktop/S10P22A209/catkin_ws/install/ssafy_msgs/include/ssafy_msgs/msg/dds_opensplice/TurtlebotStatus_Dcps.h
[8.390s] -- Up-to-date: C:/Users/SSAFY/Desktop/S10P22A209/catkin_ws/install/ssafy_msgs/include/ssafy_msgs/msg/dds_opensplice/TurtlebotStatus_Dcps_impl.h
[8.390s] -- Up-to-date: C:/Users/SSAFY/Desktop/S10P22A209/catkin_ws/install/ssafy_msgs/include/ssafy_msgs/msg/dds_opensplice/TurtlebotStatus_SplDcps.h
[8.390s] -- Up-to-date: C:/Users/SSAFY/Desktop/S10P22A209/catkin_ws/install/ssafy_msgs/include/ssafy_msgs/msg/enviroment_status__rosidl_typesupport_opensplice_cpp.hpp
[8.390s] -- Up-to-date: C:/Users/SSAFY/Desktop/S10P22A209/catkin_ws/install/ssafy_msgs/include/ssafy_msgs/msg/hand_control__rosidl_typesupport_opensplice_cpp.hpp
[8.390s] -- Up-to-date: C:/Users/SSAFY/Desktop/S10P22A209/catkin_ws/install/ssafy_msgs/include/ssafy_msgs/msg/num__rosidl_typesupport_opensplice_cpp.hpp
[8.390s] -- Up-to-date: C:/Users/SSAFY/Desktop/S10P22A209/catkin_ws/install/ssafy_msgs/include/ssafy_msgs/msg/object_info__rosidl_typesupport_opensplice_cpp.hpp
[8.390s] -- Up-to-date: C:/Users/SSAFY/Desktop/S10P22A209/catkin_ws/install/ssafy_msgs/include/ssafy_msgs/msg/rosidl_typesupport_opensplice_cpp__visibility_control.h
[8.390s] -- Up-to-date: C:/Users/SSAFY/Desktop/S10P22A209/catkin_ws/install/ssafy_msgs/include/ssafy_msgs/msg/turtlebot_status__rosidl_typesupport_opensplice_cpp.hpp
[8.390s] -- Up-to-date: C:/Users/SSAFY/Desktop/S10P22A209/catkin_ws/install/ssafy_msgs/lib/ssafy_msgs__rosidl_typesupport_opensplice_cpp.lib
[8.390s] -- Up-to-date: C:/Users/SSAFY/Desktop/S10P22A209/catkin_ws/install/ssafy_msgs/bin/ssafy_msgs__rosidl_typesupport_opensplice_cpp.dll
[8.390s] -- Up-to-date: C:/Users/SSAFY/Desktop/S10P22A209/catkin_ws/install/ssafy_msgs/include/ssafy_msgs
[8.390s] -- Up-to-date: C:/Users/SSAFY/Desktop/S10P22A209/catkin_ws/install/ssafy_msgs/include/ssafy_msgs/msg
[8.390s] -- Up-to-date: C:/Users/SSAFY/Desktop/S10P22A209/catkin_ws/install/ssafy_msgs/include/ssafy_msgs/msg/b_box__rosidl_typesupport_introspection_cpp.hpp
[8.390s] -- Up-to-date: C:/Users/SSAFY/Desktop/S10P22A209/catkin_ws/install/ssafy_msgs/include/ssafy_msgs/msg/b_box__type_support.cpp
[8.390s] -- Up-to-date: C:/Users/SSAFY/Desktop/S10P22A209/catkin_ws/install/ssafy_msgs/include/ssafy_msgs/msg/custom_object_info__rosidl_typesupport_introspection_cpp.hpp
[8.390s] -- Up-to-date: C:/Users/SSAFY/Desktop/S10P22A209/catkin_ws/install/ssafy_msgs/include/ssafy_msgs/msg/custom_object_info__type_support.cpp
[8.390s] -- Up-to-date: C:/Users/SSAFY/Desktop/S10P22A209/catkin_ws/install/ssafy_msgs/include/ssafy_msgs/msg/enviroment_status__rosidl_typesupport_introspection_cpp.hpp
[8.390s] -- Up-to-date: C:/Users/SSAFY/Desktop/S10P22A209/catkin_ws/install/ssafy_msgs/include/ssafy_msgs/msg/enviroment_status__type_support.cpp
[8.390s] -- Up-to-date: C:/Users/SSAFY/Desktop/S10P22A209/catkin_ws/install/ssafy_msgs/include/ssafy_msgs/msg/hand_control__rosidl_typesupport_introspection_cpp.hpp
[8.390s] -- Up-to-date: C:/Users/SSAFY/Desktop/S10P22A209/catkin_ws/install/ssafy_msgs/include/ssafy_msgs/msg/hand_control__type_support.cpp
[8.390s] -- Up-to-date: C:/Users/SSAFY/Desktop/S10P22A209/catkin_ws/install/ssafy_msgs/include/ssafy_msgs/msg/num__rosidl_typesupport_introspection_cpp.hpp
[8.390s] -- Up-to-date: C:/Users/SSAFY/Desktop/S10P22A209/catkin_ws/install/ssafy_msgs/include/ssafy_msgs/msg/num__type_support.cpp
[8.390s] -- Up-to-date: C:/Users/SSAFY/Desktop/S10P22A209/catkin_ws/install/ssafy_msgs/include/ssafy_msgs/msg/object_info__rosidl_typesupport_introspection_cpp.hpp
[8.390s] -- Up-to-date: C:/Users/SSAFY/Desktop/S10P22A209/catkin_ws/install/ssafy_msgs/include/ssafy_msgs/msg/object_info__type_support.cpp
[8.390s] -- Up-to-date: C:/Users/SSAFY/Desktop/S10P22A209/catkin_ws/install/ssafy_msgs/include/ssafy_msgs/msg/turtlebot_status__rosidl_typesupport_introspection_cpp.hpp
[8.390s] -- Up-to-date: C:/Users/SSAFY/Desktop/S10P22A209/catkin_ws/install/ssafy_msgs/include/ssafy_msgs/msg/turtlebot_status__type_support.cpp
[8.390s] -- Up-to-date: C:/Users/SSAFY/Desktop/S10P22A209/catkin_ws/install/ssafy_msgs/lib/ssafy_msgs__rosidl_typesupport_introspection_cpp.lib
[8.390s] -- Up-to-date: C:/Users/SSAFY/Desktop/S10P22A209/catkin_ws/install/ssafy_msgs/bin/ssafy_msgs__rosidl_typesupport_introspection_cpp.dll
[8.390s] -- Up-to-date: C:/Users/SSAFY/Desktop/S10P22A209/catkin_ws/install/ssafy_msgs/share/ssafy_msgs/environment/pythonpath.bat
[8.390s] -- Up-to-date: C:/Users/SSAFY/Desktop/S10P22A209/catkin_ws/install/ssafy_msgs/share/ssafy_msgs/environment/pythonpath.dsv
[8.390s] -- Up-to-date: C:/Users/SSAFY/Desktop/S10P22A209/catkin_ws/install/ssafy_msgs/Lib/site-packages/ssafy_msgs/__init__.py
[8.468s] -- Up-to-date: C:/Users/SSAFY/Desktop/S10P22A209/catkin_ws/install/ssafy_msgs/Lib/site-packages/ssafy_msgs/msg
[8.468s] -- Up-to-date: C:/Users/SSAFY/Desktop/S10P22A209/catkin_ws/install/ssafy_msgs/Lib/site-packages/ssafy_msgs/msg/_b_box.py
[8.468s] -- Up-to-date: C:/Users/SSAFY/Desktop/S10P22A209/catkin_ws/install/ssafy_msgs/Lib/site-packages/ssafy_msgs/msg/_b_box_s.c
[8.468s] -- Up-to-date: C:/Users/SSAFY/Desktop/S10P22A209/catkin_ws/install/ssafy_msgs/Lib/site-packages/ssafy_msgs/msg/_custom_object_info.py
[8.468s] -- Up-to-date: C:/Users/SSAFY/Desktop/S10P22A209/catkin_ws/install/ssafy_msgs/Lib/site-packages/ssafy_msgs/msg/_custom_object_info_s.c
[8.468s] -- Up-to-date: C:/Users/SSAFY/Desktop/S10P22A209/catkin_ws/install/ssafy_msgs/Lib/site-packages/ssafy_msgs/msg/_enviroment_status.py
[8.468s] -- Up-to-date: C:/Users/SSAFY/Desktop/S10P22A209/catkin_ws/install/ssafy_msgs/Lib/site-packages/ssafy_msgs/msg/_enviroment_status_s.c
[8.468s] -- Up-to-date: C:/Users/SSAFY/Desktop/S10P22A209/catkin_ws/install/ssafy_msgs/Lib/site-packages/ssafy_msgs/msg/_hand_control.py
[8.468s] -- Up-to-date: C:/Users/SSAFY/Desktop/S10P22A209/catkin_ws/install/ssafy_msgs/Lib/site-packages/ssafy_msgs/msg/_hand_control_s.c
[8.484s] -- Up-to-date: C:/Users/SSAFY/Desktop/S10P22A209/catkin_ws/install/ssafy_msgs/Lib/site-packages/ssafy_msgs/msg/_num.py
[8.484s] -- Up-to-date: C:/Users/SSAFY/Desktop/S10P22A209/catkin_ws/install/ssafy_msgs/Lib/site-packages/ssafy_msgs/msg/_num_s.c
[8.484s] -- Up-to-date: C:/Users/SSAFY/Desktop/S10P22A209/catkin_ws/install/ssafy_msgs/Lib/site-packages/ssafy_msgs/msg/_object_info.py
[8.484s] -- Up-to-date: C:/Users/SSAFY/Desktop/S10P22A209/catkin_ws/install/ssafy_msgs/Lib/site-packages/ssafy_msgs/msg/_object_info_s.c
[8.484s] -- Up-to-date: C:/Users/SSAFY/Desktop/S10P22A209/catkin_ws/install/ssafy_msgs/Lib/site-packages/ssafy_msgs/msg/_turtlebot_status.py
[8.484s] -- Up-to-date: C:/Users/SSAFY/Desktop/S10P22A209/catkin_ws/install/ssafy_msgs/Lib/site-packages/ssafy_msgs/msg/_turtlebot_status_s.c
[8.484s] -- Up-to-date: C:/Users/SSAFY/Desktop/S10P22A209/catkin_ws/install/ssafy_msgs/Lib/site-packages/ssafy_msgs/msg/__init__.py
[8.484s] -- Up-to-date: C:/Users/SSAFY/Desktop/S10P22A209/catkin_ws/install/ssafy_msgs/Lib/site-packages/ssafy_msgs/ssafy_msgs_s__rosidl_typesupport_c.lib
[8.484s] -- Up-to-date: C:/Users/SSAFY/Desktop/S10P22A209/catkin_ws/install/ssafy_msgs/Lib/site-packages/ssafy_msgs/ssafy_msgs_s__rosidl_typesupport_c.pyd
[8.484s] -- Up-to-date: C:/Users/SSAFY/Desktop/S10P22A209/catkin_ws/install/ssafy_msgs/Lib/site-packages/ssafy_msgs/ssafy_msgs_s__rosidl_typesupport_connext_c.lib
[8.484s] -- Up-to-date: C:/Users/SSAFY/Desktop/S10P22A209/catkin_ws/install/ssafy_msgs/Lib/site-packages/ssafy_msgs/ssafy_msgs_s__rosidl_typesupport_connext_c.pyd
[8.484s] -- Up-to-date: C:/Users/SSAFY/Desktop/S10P22A209/catkin_ws/install/ssafy_msgs/Lib/site-packages/ssafy_msgs/ssafy_msgs_s__rosidl_typesupport_introspection_c.lib
[8.484s] -- Up-to-date: C:/Users/SSAFY/Desktop/S10P22A209/catkin_ws/install/ssafy_msgs/Lib/site-packages/ssafy_msgs/ssafy_msgs_s__rosidl_typesupport_introspection_c.pyd
[8.484s] -- Up-to-date: C:/Users/SSAFY/Desktop/S10P22A209/catkin_ws/install/ssafy_msgs/Lib/site-packages/ssafy_msgs/ssafy_msgs_s__rosidl_typesupport_fastrtps_c.lib
[8.484s] -- Up-to-date: C:/Users/SSAFY/Desktop/S10P22A209/catkin_ws/install/ssafy_msgs/Lib/site-packages/ssafy_msgs/ssafy_msgs_s__rosidl_typesupport_fastrtps_c.pyd
[8.484s] -- Up-to-date: C:/Users/SSAFY/Desktop/S10P22A209/catkin_ws/install/ssafy_msgs/Lib/site-packages/ssafy_msgs/ssafy_msgs_s__rosidl_typesupport_opensplice_c.lib
[8.484s] -- Up-to-date: C:/Users/SSAFY/Desktop/S10P22A209/catkin_ws/install/ssafy_msgs/Lib/site-packages/ssafy_msgs/ssafy_msgs_s__rosidl_typesupport_opensplice_c.pyd
[8.484s] -- Up-to-date: C:/Users/SSAFY/Desktop/S10P22A209/catkin_ws/install/ssafy_msgs/lib/ssafy_msgs__python.lib
[8.484s] -- Up-to-date: C:/Users/SSAFY/Desktop/S10P22A209/catkin_ws/install/ssafy_msgs/bin/ssafy_msgs__python.dll
[8.484s] -- Up-to-date: C:/Users/SSAFY/Desktop/S10P22A209/catkin_ws/install/ssafy_msgs/share/ssafy_msgs/msg/Num.idl
[8.484s] -- Up-to-date: C:/Users/SSAFY/Desktop/S10P22A209/catkin_ws/install/ssafy_msgs/share/ssafy_msgs/msg/EnviromentStatus.idl
[8.484s] -- Up-to-date: C:/Users/SSAFY/Desktop/S10P22A209/catkin_ws/install/ssafy_msgs/share/ssafy_msgs/msg/TurtlebotStatus.idl
[8.484s] -- Up-to-date: C:/Users/SSAFY/Desktop/S10P22A209/catkin_ws/install/ssafy_msgs/share/ssafy_msgs/msg/BBox.idl
[8.484s] -- Up-to-date: C:/Users/SSAFY/Desktop/S10P22A209/catkin_ws/install/ssafy_msgs/share/ssafy_msgs/msg/ObjectInfo.idl
[8.484s] -- Up-to-date: C:/Users/SSAFY/Desktop/S10P22A209/catkin_ws/install/ssafy_msgs/share/ssafy_msgs/msg/HandControl.idl
[8.484s] -- Up-to-date: C:/Users/SSAFY/Desktop/S10P22A209/catkin_ws/install/ssafy_msgs/share/ssafy_msgs/msg/CustomObjectInfo.idl
[8.484s] -- Up-to-date: C:/Users/SSAFY/Desktop/S10P22A209/catkin_ws/install/ssafy_msgs/share/ssafy_msgs/msg/Num.msg
[8.484s] -- Up-to-date: C:/Users/SSAFY/Desktop/S10P22A209/catkin_ws/install/ssafy_msgs/share/ssafy_msgs/msg/EnviromentStatus.msg
[8.484s] -- Up-to-date: C:/Users/SSAFY/Desktop/S10P22A209/catkin_ws/install/ssafy_msgs/share/ssafy_msgs/msg/TurtlebotStatus.msg
[8.484s] -- Up-to-date: C:/Users/SSAFY/Desktop/S10P22A209/catkin_ws/install/ssafy_msgs/share/ssafy_msgs/msg/BBox.msg
[8.484s] -- Up-to-date: C:/Users/SSAFY/Desktop/S10P22A209/catkin_ws/install/ssafy_msgs/share/ssafy_msgs/msg/ObjectInfo.msg
[8.484s] -- Up-to-date: C:/Users/SSAFY/Desktop/S10P22A209/catkin_ws/install/ssafy_msgs/share/ssafy_msgs/msg/HandControl.msg
[8.484s] -- Up-to-date: C:/Users/SSAFY/Desktop/S10P22A209/catkin_ws/install/ssafy_msgs/share/ssafy_msgs/msg/CustomObjectInfo.msg
[8.500s] -- Up-to-date: C:/Users/SSAFY/Desktop/S10P22A209/catkin_ws/install/ssafy_msgs/share/ament_index/resource_index/package_run_dependencies/ssafy_msgs
[8.500s] -- Up-to-date: C:/Users/SSAFY/Desktop/S10P22A209/catkin_ws/install/ssafy_msgs/share/ament_index/resource_index/parent_prefix_path/ssafy_msgs
[8.500s] -- Up-to-date: C:/Users/SSAFY/Desktop/S10P22A209/catkin_ws/install/ssafy_msgs/share/ssafy_msgs/environment/ament_prefix_path.bat
[8.500s] -- Up-to-date: C:/Users/SSAFY/Desktop/S10P22A209/catkin_ws/install/ssafy_msgs/share/ssafy_msgs/environment/ament_prefix_path.dsv
[8.500s] -- Up-to-date: C:/Users/SSAFY/Desktop/S10P22A209/catkin_ws/install/ssafy_msgs/share/ssafy_msgs/environment/path.bat
[8.500s] -- Up-to-date: C:/Users/SSAFY/Desktop/S10P22A209/catkin_ws/install/ssafy_msgs/share/ssafy_msgs/environment/path.dsv
[8.500s] -- Up-to-date: C:/Users/SSAFY/Desktop/S10P22A209/catkin_ws/install/ssafy_msgs/share/ssafy_msgs/local_setup.bat
[8.500s] -- Up-to-date: C:/Users/SSAFY/Desktop/S10P22A209/catkin_ws/install/ssafy_msgs/share/ssafy_msgs/local_setup.dsv
[8.500s] -- Installing: C:/Users/SSAFY/Desktop/S10P22A209/catkin_ws/install/ssafy_msgs/share/ssafy_msgs/package.dsv
[8.500s] -- Up-to-date: C:/Users/SSAFY/Desktop/S10P22A209/catkin_ws/install/ssafy_msgs/share/ament_index/resource_index/packages/ssafy_msgs
[8.500s] -- Up-to-date: C:/Users/SSAFY/Desktop/S10P22A209/catkin_ws/install/ssafy_msgs/share/ssafy_msgs/cmake/rosidl_cmake-extras.cmake
[8.500s] -- Up-to-date: C:/Users/SSAFY/Desktop/S10P22A209/catkin_ws/install/ssafy_msgs/share/ssafy_msgs/cmake/ament_cmake_export_dependencies-extras.cmake
[8.500s] -- Up-to-date: C:/Users/SSAFY/Desktop/S10P22A209/catkin_ws/install/ssafy_msgs/share/ssafy_msgs/cmake/ament_cmake_export_libraries-extras.cmake
[8.500s] -- Up-to-date: C:/Users/SSAFY/Desktop/S10P22A209/catkin_ws/install/ssafy_msgs/share/ssafy_msgs/cmake/ament_cmake_export_include_directories-extras.cmake
[8.500s] -- Up-to-date: C:/Users/SSAFY/Desktop/S10P22A209/catkin_ws/install/ssafy_msgs/share/ssafy_msgs/cmake/rosidl_cmake_export_typesupport_libraries-extras.cmake
[8.500s] -- Up-to-date: C:/Users/SSAFY/Desktop/S10P22A209/catkin_ws/install/ssafy_msgs/share/ssafy_msgs/cmake/ssafy_msgsConfig.cmake
[8.500s] -- Up-to-date: C:/Users/SSAFY/Desktop/S10P22A209/catkin_ws/install/ssafy_msgs/share/ssafy_msgs/cmake/ssafy_msgsConfig-version.cmake
[8.500s] -- Up-to-date: C:/Users/SSAFY/Desktop/S10P22A209/catkin_ws/install/ssafy_msgs/share/ssafy_msgs/package.xml
[8.500s] Invoked command in 'C:\Users\SSAFY\Desktop\S10P22A209\catkin_ws\build\ssafy_msgs' returned '0': CMAKE_PREFIX_PATH=%CMAKE_PREFIX_PATH%;C:\Users\SSAFY\Desktop\S10P22A209\catkin_ws\install\yolo_package;C:\Users\SSAFY\Desktop\S10P22A209\catkin_ws\install\test_209;C:\Users\SSAFY\Desktop\S10P22A209\catkin_ws\install\ssafy_bridge;C:\Users\SSAFY\Desktop\S10P22A209\catkin_ws\install\my_package installDir=%installDir%
IntelliJ IDEA=C:\Program Files\JetBrains\IntelliJ IDEA 2023.3.3\bin; C:\Program Files\Microsoft Visual Studio\2022\Community\Common7\IDE\CommonExtensions\Microsoft\CMake\CMake\bin\cmake.EXE --install C:\Users\SSAFY\Desktop\S10P22A209\catkin_ws\build\ssafy_msgs --config Release
